[
  {
    "timestamp": "2025-09-11T21:44:57.511914",
    "dataset": "tpch_sf1",
    "query_type": "AP",
    "query_index": 2,
    "query_text": "SELECT AVG(\"lineitem\".\"l_suppkey\") FROM \"lineitem\" WHERE \"lineitem\".\"l_returnflag\" LIKE '%u%' OR \"lineitem\".\"l_returnflag\" IS NULL AND \"lineitem\".\"l_shipmode\" LIKE '%a%' OR \"lineitem\".\"l_shipmode\" LIKE '%o%' OR \"lineitem\".\"l_extendedprice\" != 2142.1986737398383 GROUP BY \"lineitem\".\"l_shipinstruct\", \"lineitem\".\"l_linestatus\" ORDER BY COUNT(*) ASC;",
    "postgres_time_ms": 1479.7434729989618,
    "duckdb_time_ms": 1918.663166987244,
    "log_time_difference": -0.2597599326409193,
    "postgres_plan": {
      "Plan": {
        "Node Type": "Sort",
        "Parallel Aware": false,
        "Async Capable": false,
        "Startup Cost": 188578.85,
        "Total Cost": 188578.87,
        "Plan Rows": 8,
        "Plan Width": 68,
        "Sort Key": [
          "(count(*))"
        ],
        "Plans": [
          {
            "Node Type": "Aggregate",
            "Strategy": "Sorted",
            "Partial Mode": "Finalize",
            "Parent Relationship": "Outer",
            "Parallel Aware": false,
            "Async Capable": false,
            "Startup Cost": 188576.6,
            "Total Cost": 188578.73,
            "Plan Rows": 8,
            "Plan Width": 68,
            "Group Key": [
              "l_shipinstruct",
              "l_linestatus"
            ],
            "Plans": [
              {
                "Node Type": "Gather Merge",
                "Parent Relationship": "Outer",
                "Parallel Aware": false,
                "Async Capable": false,
                "Startup Cost": 188576.6,
                "Total Cost": 188578.47,
                "Plan Rows": 16,
                "Plan Width": 68,
                "Workers Planned": 2,
                "Plans": [
                  {
                    "Node Type": "Sort",
                    "Parent Relationship": "Outer",
                    "Parallel Aware": false,
                    "Async Capable": false,
                    "Startup Cost": 187576.57,
                    "Total Cost": 187576.59,
                    "Plan Rows": 8,
                    "Plan Width": 68,
                    "Sort Key": [
                      "l_shipinstruct",
                      "l_linestatus"
                    ],
                    "Plans": [
                      {
                        "Node Type": "Aggregate",
                        "Strategy": "Hashed",
                        "Partial Mode": "Partial",
                        "Parent Relationship": "Outer",
                        "Parallel Aware": false,
                        "Async Capable": false,
                        "Startup Cost": 187576.37,
                        "Total Cost": 187576.45,
                        "Plan Rows": 8,
                        "Plan Width": 68,
                        "Group Key": [
                          "l_shipinstruct",
                          "l_linestatus"
                        ],
                        "Planned Partitions": 0,
                        "Plans": [
                          {
                            "Node Type": "Seq Scan",
                            "Parent Relationship": "Outer",
                            "Parallel Aware": true,
                            "Async Capable": false,
                            "Relation Name": "lineitem",
                            "Alias": "lineitem",
                            "Startup Cost": 0.0,
                            "Total Cost": 162572.27,
                            "Plan Rows": 2500410,
                            "Plan Width": 32,
                            "Filter": "((l_returnflag ~~ '%u%'::text) OR ((l_returnflag IS NULL) AND (l_shipmode ~~ '%a%'::text)) OR (l_shipmode ~~ '%o%'::text) OR (l_extendedprice <> 2142.1986737398383))"
                          }
                        ]
                      }
                    ]
                  }
                ]
              }
            ]
          }
        ]
      }
    },
    "optimal_engine": "postgres",
    "speedup_ratio": 1.296618773454519
  },
  {
    "timestamp": "2025-09-11T21:46:27.636908",
    "dataset": "tpch_sf1",
    "query_type": "AP",
    "query_index": 9,
    "query_text": "SELECT MAX(\"supplier\".\"s_suppkey\"), MAX(\"partsupp\".\"ps_availqty\"), AVG(\"partsupp\".\"ps_suppkey\") FROM \"partsupp\" CROSS JOIN \"nation\" INNER JOIN \"lineitem\" ON \"partsupp\".\"ps_partkey\" = \"lineitem\".\"l_partkey\" JOIN \"supplier\" ON \"partsupp\".\"ps_suppkey\" = \"supplier\".\"s_suppkey\" WHERE \"supplier\".\"s_acctbal\" <= -72.03961414052606 AND \"supplier\".\"s_acctbal\" IS NULL GROUP BY \"partsupp\".\"ps_comment\", \"partsupp\".\"ps_comment\", \"nation\".\"n_name\" ORDER BY \"partsupp\".\"ps_comment\", \"partsupp\".\"ps_comment\", \"nation\".\"n_name\" DESC;",
    "postgres_time_ms": 36.9366190279834,
    "duckdb_time_ms": 34.98829301679507,
    "log_time_difference": 0.054189924237326076,
    "postgres_plan": {
      "Plan": {
        "Node Type": "Custom Scan",
        "Custom Plan Provider": "DuckDBScan",
        "Parallel Aware": false,
        "Async Capable": false,
        "Startup Cost": 0.0,
        "Total Cost": 0.0,
        "Plan Rows": 0,
        "Plan Width": 0,
        "DuckDB Execution Plan": [
          {
            "name": "ORDER_BY",
            "children": [
              {
                "name": "PROJECTION",
                "children": [
                  {
                    "name": "HASH_GROUP_BY",
                    "children": [
                      {
                        "name": "PROJECTION",
                        "children": [
                          {
                            "name": "HASH_JOIN",
                            "children": [
                              {
                                "name": "PGDUCKDB_POSTGRES_SCAN ",
                                "children": [],
                                "extra_info": {
                                  "Table": "lineitem",
                                  "Projections": "l_partkey",
                                  "Estimated Cardinality": "6000993"
                                }
                              },
                              {
                                "name": "CROSS_PRODUCT",
                                "children": [
                                  {
                                    "name": "HASH_JOIN",
                                    "children": [
                                      {
                                        "name": "PGDUCKDB_POSTGRES_SCAN ",
                                        "children": [],
                                        "extra_info": {
                                          "Table": "partsupp",
                                          "Projections": [
                                            "ps_partkey",
                                            "ps_suppkey",
                                            "ps_comment",
                                            "ps_availqty"
                                          ],
                                          "Estimated Cardinality": "800000"
                                        }
                                      },
                                      {
                                        "name": "PGDUCKDB_POSTGRES_SCAN ",
                                        "children": [],
                                        "extra_info": {
                                          "Table": "supplier",
                                          "Projections": "s_suppkey",
                                          "Filters": "s_acctbal<=-72.04 AND (s_acctbal IS NULL)",
                                          "Estimated Cardinality": "2000"
                                        }
                                      }
                                    ],
                                    "extra_info": {
                                      "Join Type": "INNER",
                                      "Conditions": "ps_suppkey = s_suppkey",
                                      "Estimated Cardinality": "160000"
                                    }
                                  },
                                  {
                                    "name": "PGDUCKDB_POSTGRES_SCAN ",
                                    "children": [],
                                    "extra_info": {
                                      "Table": "nation",
                                      "Projections": "n_name",
                                      "Estimated Cardinality": "170"
                                    }
                                  }
                                ],
                                "extra_info": {}
                              }
                            ],
                            "extra_info": {
                              "Join Type": "INNER",
                              "Conditions": "l_partkey = ps_partkey",
                              "Estimated Cardinality": "1200198"
                            }
                          }
                        ],
                        "extra_info": {
                          "Projections": [
                            "ps_comment",
                            "n_name",
                            "s_suppkey",
                            "ps_availqty",
                            "ps_suppkey"
                          ],
                          "Estimated Cardinality": "1200198"
                        }
                      }
                    ],
                    "extra_info": {
                      "Groups": [
                        "#0",
                        "#1"
                      ],
                      "Aggregates": [
                        "max(#2)",
                        "max(#3)",
                        "avg(#4)"
                      ],
                      "Estimated Cardinality": "1200196"
                    }
                  }
                ],
                "extra_info": {
                  "Projections": [
                    "max",
                    "max",
                    "avg",
                    "ps_comment",
                    "n_name"
                  ],
                  "Estimated Cardinality": "1200196"
                }
              }
            ],
            "extra_info": {
              "Order By": [
                "#3 ASC",
                "#4 DESC"
              ]
            }
          }
        ]
      }
    },
    "optimal_engine": "duckdb",
    "speedup_ratio": 1.0556850833006655
  },
  {
    "timestamp": "2025-09-11T21:46:27.641851",
    "dataset": "tpch_sf1",
    "query_type": "TP",
    "query_index": 2,
    "query_text": "SELECT \"part\".\"p_size\", \"part\".\"p_mfgr\", \"part\".\"p_brand\", \"partsupp\".\"ps_availqty\" FROM \"part\" INNER JOIN \"partsupp\" ON \"part\".\"p_partkey\" = \"partsupp\".\"ps_partkey\" WHERE \"part\".\"p_partkey\" = 200000 AND \"partsupp\".\"ps_partkey\" = 1 AND \"partsupp\".\"ps_availqty\" <= 9528 ORDER BY \"part\".\"p_name\" DESC LIMIT 100;",
    "postgres_time_ms": 0.3880899748764932,
    "duckdb_time_ms": 2.0441999658942223,
    "log_time_difference": -1.6615245704592134,
    "postgres_plan": {
      "Plan": {
        "Node Type": "Limit",
        "Parallel Aware": false,
        "Async Capable": false,
        "Startup Cost": 0.01,
        "Total Cost": 0.02,
        "Plan Rows": 1,
        "Plan Width": 78,
        "Plans": [
          {
            "Node Type": "Sort",
            "Parent Relationship": "Outer",
            "Parallel Aware": false,
            "Async Capable": false,
            "Startup Cost": 0.01,
            "Total Cost": 0.02,
            "Plan Rows": 0,
            "Plan Width": 78,
            "Sort Key": [
              "part.p_name DESC"
            ],
            "Plans": [
              {
                "Node Type": "Result",
                "Parent Relationship": "Outer",
                "Parallel Aware": false,
                "Async Capable": false,
                "Startup Cost": 0.0,
                "Total Cost": 0.0,
                "Plan Rows": 0,
                "Plan Width": 78,
                "One-Time Filter": "false"
              }
            ]
          }
        ]
      }
    },
    "optimal_engine": "postgres",
    "speedup_ratio": 5.267335149651247
  },
  {
    "timestamp": "2025-09-11T21:46:27.644727",
    "dataset": "tpch_sf1",
    "query_type": "TP",
    "query_index": 3,
    "query_text": "SELECT \"part\".\"p_mfgr\", \"part\".\"p_brand\", \"part\".\"p_size\", \"partsupp\".\"ps_suppkey\" FROM \"part\" INNER JOIN \"partsupp\" ON \"part\".\"p_partkey\" = \"partsupp\".\"ps_partkey\" WHERE \"part\".\"p_partkey\" = 13022 AND \"partsupp\".\"ps_partkey\" = 74469 AND \"part\".\"p_partkey\" > 8496 LIMIT 10;",
    "postgres_time_ms": 0.3371870261617005,
    "duckdb_time_ms": 1.4661370078101754,
    "log_time_difference": -1.4697485847912475,
    "postgres_plan": {
      "Plan": {
        "Node Type": "Limit",
        "Parallel Aware": false,
        "Async Capable": false,
        "Startup Cost": 0.0,
        "Total Cost": 0.0,
        "Plan Rows": 1,
        "Plan Width": 45,
        "Plans": [
          {
            "Node Type": "Result",
            "Parent Relationship": "Outer",
            "Parallel Aware": false,
            "Async Capable": false,
            "Startup Cost": 0.0,
            "Total Cost": 0.0,
            "Plan Rows": 0,
            "Plan Width": 45,
            "One-Time Filter": "false"
          }
        ]
      }
    },
    "optimal_engine": "postgres",
    "speedup_ratio": 4.3481418146470405
  },
  {
    "timestamp": "2025-09-11T21:46:27.659331",
    "dataset": "tpch_sf1",
    "query_type": "TP",
    "query_index": 4,
    "query_text": "SELECT \"orders\".\"o_orderdate\", \"orders\".\"o_comment\" FROM \"orders\" WHERE \"orders\".\"o_shippriority\" = 0 LIMIT 1;",
    "postgres_time_ms": 0.2975109964609146,
    "duckdb_time_ms": 13.132968975696713,
    "log_time_difference": -3.7874298760694125,
    "postgres_plan": {
      "Plan": {
        "Node Type": "Limit",
        "Parallel Aware": false,
        "Async Capable": false,
        "Startup Cost": 0.0,
        "Total Cost": 0.03,
        "Plan Rows": 1,
        "Plan Width": 53,
        "Plans": [
          {
            "Node Type": "Seq Scan",
            "Parent Relationship": "Outer",
            "Parallel Aware": false,
            "Async Capable": false,
            "Relation Name": "orders",
            "Alias": "orders",
            "Startup Cost": 0.0,
            "Total Cost": 44886.0,
            "Plan Rows": 1500000,
            "Plan Width": 53,
            "Filter": "(o_shippriority = 0)"
          }
        ]
      }
    },
    "optimal_engine": "postgres",
    "speedup_ratio": 44.14280188605416
  },
  {
    "timestamp": "2025-09-11T21:46:27.671063",
    "dataset": "tpch_sf1",
    "query_type": "TP",
    "query_index": 5,
    "query_text": "SELECT \"customer\".\"c_custkey\", \"customer\".\"c_name\", \"customer\".\"c_mktsegment\" FROM \"customer\" WHERE \"customer\".\"c_custkey\" = 64301 ORDER BY \"customer\".\"c_comment\" DESC LIMIT 10;",
    "postgres_time_ms": 0.4121169913560152,
    "duckdb_time_ms": 10.062954970635474,
    "log_time_difference": -3.195308866535158,
    "postgres_plan": {
      "Plan": {
        "Node Type": "Limit",
        "Parallel Aware": false,
        "Async Capable": false,
        "Startup Cost": 8.45,
        "Total Cost": 8.45,
        "Plan Rows": 1,
        "Plan Width": 107,
        "Plans": [
          {
            "Node Type": "Sort",
            "Parent Relationship": "Outer",
            "Parallel Aware": false,
            "Async Capable": false,
            "Startup Cost": 8.45,
            "Total Cost": 8.45,
            "Plan Rows": 1,
            "Plan Width": 107,
            "Sort Key": [
              "c_comment DESC"
            ],
            "Plans": [
              {
                "Node Type": "Index Scan",
                "Parent Relationship": "Outer",
                "Parallel Aware": false,
                "Async Capable": false,
                "Scan Direction": "Forward",
                "Index Name": "customer_pkey",
                "Relation Name": "customer",
                "Alias": "customer",
                "Startup Cost": 0.42,
                "Total Cost": 8.44,
                "Plan Rows": 1,
                "Plan Width": 107,
                "Index Cond": "(c_custkey = 64301)"
              }
            ]
          }
        ]
      }
    },
    "optimal_engine": "postgres",
    "speedup_ratio": 24.417714342533372
  },
  {
    "timestamp": "2025-09-11T21:46:27.690901",
    "dataset": "tpch_sf1",
    "query_type": "TP",
    "query_index": 8,
    "query_text": "SELECT \"lineitem\".\"l_shipmode\", \"lineitem\".\"l_extendedprice\", \"lineitem\".\"l_linenumber\" FROM \"lineitem\" WHERE \"lineitem\".\"l_discount\" = 0.1 LIMIT 1;",
    "postgres_time_ms": 0.32777199521660805,
    "duckdb_time_ms": 17.239621025510132,
    "log_time_difference": -3.9626473315670894,
    "postgres_plan": {
      "Plan": {
        "Node Type": "Limit",
        "Parallel Aware": false,
        "Async Capable": false,
        "Startup Cost": 0.0,
        "Total Cost": 0.34,
        "Plan Rows": 1,
        "Plan Width": 23,
        "Plans": [
          {
            "Node Type": "Seq Scan",
            "Parent Relationship": "Outer",
            "Parallel Aware": false,
            "Async Capable": false,
            "Relation Name": "lineitem",
            "Alias": "lineitem",
            "Startup Cost": 0.0,
            "Total Cost": 187576.41,
            "Plan Rows": 546490,
            "Plan Width": 23,
            "Filter": "(l_discount = 0.1)"
          }
        ]
      }
    },
    "optimal_engine": "postgres",
    "speedup_ratio": 52.59638186635601
  },
  {
    "timestamp": "2025-09-12T09:37:40.264885",
    "dataset": "tpch_sf1",
    "query_type": "AP",
    "query_index": 1,
    "query_text": "SELECT MAX(\"orders\".\"o_custkey\") FROM \"orders\" CROSS JOIN \"part\" WHERE \"part\".\"p_size\" != 14 AND \"orders\".\"o_orderstatus\" != 'F' AND \"orders\".\"o_orderstatus\" IS NULL GROUP BY \"part\".\"p_name\", \"part\".\"p_comment\" ORDER BY \"part\".\"p_name\", \"part\".\"p_comment\" DESC;",
    "postgres_time_ms": 0.44420501217246056,
    "duckdb_time_ms": 85.74173698434606,
    "log_time_difference": -5.2628088036958305,
    "postgres_plan": {
      "Plan": {
        "Node Type": "Aggregate",
        "Strategy": "Sorted",
        "Partial Mode": "Simple",
        "Parallel Aware": false,
        "Async Capable": false,
        "Startup Cost": 0.01,
        "Total Cost": 0.03,
        "Plan Rows": 1,
        "Plan Width": 51,
        "Group Key": [
          "part.p_name",
          "part.p_comment"
        ],
        "Plans": [
          {
            "Node Type": "Sort",
            "Parent Relationship": "Outer",
            "Parallel Aware": false,
            "Async Capable": false,
            "Startup Cost": 0.01,
            "Total Cost": 0.02,
            "Plan Rows": 0,
            "Plan Width": 51,
            "Sort Key": [
              "part.p_name",
              "part.p_comment DESC"
            ],
            "Plans": [
              {
                "Node Type": "Result",
                "Parent Relationship": "Outer",
                "Parallel Aware": false,
                "Async Capable": false,
                "Startup Cost": 0.0,
                "Total Cost": 0.0,
                "Plan Rows": 0,
                "Plan Width": 51,
                "One-Time Filter": "false"
              }
            ]
          }
        ]
      }
    },
    "optimal_engine": "postgres",
    "speedup_ratio": 193.0228940124098
  },
  {
    "timestamp": "2025-09-12T09:37:40.301870",
    "dataset": "tpch_sf1",
    "query_type": "AP",
    "query_index": 2,
    "query_text": "SELECT AVG(\"supplier\".\"s_nationkey\"), COUNT(*), STDDEV(\"supplier\".\"s_nationkey\"), AVG(\"partsupp\".\"ps_partkey\") FROM \"partsupp\" LEFT JOIN \"supplier\" ON \"partsupp\".\"ps_suppkey\" = \"supplier\".\"s_suppkey\" WHERE \"supplier\".\"s_phone\" LIKE '%e%' GROUP BY \"supplier\".\"s_name\", \"supplier\".\"s_phone\", \"supplier\".\"s_name\" HAVING AVG(1) >= 77 ORDER BY \"supplier\".\"s_name\", \"supplier\".\"s_phone\", \"supplier\".\"s_name\";",
    "postgres_time_ms": 2.7234050212427974,
    "duckdb_time_ms": 31.644977047108114,
    "log_time_difference": -2.4526964894554575,
    "postgres_plan": {
      "Plan": {
        "Node Type": "Aggregate",
        "Strategy": "Sorted",
        "Partial Mode": "Simple",
        "Parallel Aware": false,
        "Async Capable": false,
        "Startup Cost": 661.17,
        "Total Cost": 662.8,
        "Plan Rows": 1,
        "Plan Width": 146,
        "Group Key": [
          "supplier.s_name",
          "supplier.s_phone"
        ],
        "Filter": "(avg(1) >= '77'::numeric)",
        "Plans": [
          {
            "Node Type": "Sort",
            "Parent Relationship": "Outer",
            "Parallel Aware": false,
            "Async Capable": false,
            "Startup Cost": 661.17,
            "Total Cost": 661.37,
            "Plan Rows": 80,
            "Plan Width": 50,
            "Sort Key": [
              "supplier.s_name",
              "supplier.s_phone"
            ],
            "Plans": [
              {
                "Node Type": "Nested Loop",
                "Parent Relationship": "Outer",
                "Parallel Aware": false,
                "Async Capable": false,
                "Join Type": "Inner",
                "Startup Cost": 5.04,
                "Total Cost": 658.65,
                "Plan Rows": 80,
                "Plan Width": 50,
                "Inner Unique": false,
                "Plans": [
                  {
                    "Node Type": "Seq Scan",
                    "Parent Relationship": "Outer",
                    "Parallel Aware": false,
                    "Async Capable": false,
                    "Relation Name": "supplier",
                    "Alias": "supplier",
                    "Startup Cost": 0.0,
                    "Total Cost": 348.0,
                    "Plan Rows": 1,
                    "Plan Width": 50,
                    "Filter": "(s_phone ~~ '%e%'::text)"
                  },
                  {
                    "Node Type": "Bitmap Heap Scan",
                    "Parent Relationship": "Inner",
                    "Parallel Aware": false,
                    "Async Capable": false,
                    "Relation Name": "partsupp",
                    "Alias": "partsupp",
                    "Startup Cost": 5.04,
                    "Total Cost": 309.85,
                    "Plan Rows": 80,
                    "Plan Width": 8,
                    "Recheck Cond": "(ps_suppkey = supplier.s_suppkey)",
                    "Plans": [
                      {
                        "Node Type": "Bitmap Index Scan",
                        "Parent Relationship": "Outer",
                        "Parallel Aware": false,
                        "Async Capable": false,
                        "Index Name": "idx_partsupp_supp",
                        "Startup Cost": 0.0,
                        "Total Cost": 5.02,
                        "Plan Rows": 80,
                        "Plan Width": 0,
                        "Index Cond": "(ps_suppkey = supplier.s_suppkey)"
                      }
                    ]
                  }
                ]
              }
            ]
          }
        ]
      }
    },
    "optimal_engine": "postgres",
    "speedup_ratio": 11.61963674160638
  },
  {
    "timestamp": "2025-09-12T09:38:43.031321",
    "dataset": "tpch_sf1",
    "query_type": "AP",
    "query_index": 4,
    "query_text": "SELECT MIN(\"part\".\"p_size\"), STDDEV(\"part\".\"p_size\"), COUNT(*) FROM \"part\" WHERE \"part\".\"p_type\" != 'ECONOMY BRUSHED STEEL' AND \"part\".\"p_retailprice\" >= 2098.99 AND \"part\".\"p_size\" != 50;",
    "postgres_time_ms": 91.64994297316298,
    "duckdb_time_ms": 86.98589802952483,
    "log_time_difference": 0.052230338159778456,
    "postgres_plan": {
      "Plan": {
        "Node Type": "Custom Scan",
        "Custom Plan Provider": "DuckDBScan",
        "Parallel Aware": false,
        "Async Capable": false,
        "Startup Cost": 0.0,
        "Total Cost": 0.0,
        "Plan Rows": 0,
        "Plan Width": 0,
        "DuckDB Execution Plan": [
          {
            "name": "UNGROUPED_AGGREGATE",
            "children": [
              {
                "name": "PROJECTION",
                "children": [
                  {
                    "name": "PGDUCKDB_POSTGRES_SCAN ",
                    "children": [],
                    "extra_info": {
                      "Table": "part",
                      "Projections": "p_size",
                      "Filters": [
                        "p_type!='ECONOMY BRUSHED STEEL'",
                        "p_retailprice>=2098.99",
                        "p_size!=50"
                      ],
                      "Estimated Cardinality": "40000"
                    }
                  }
                ],
                "extra_info": {
                  "Projections": [
                    "p_size",
                    "CAST(p_size AS DOUBLE)"
                  ],
                  "Estimated Cardinality": "40000"
                }
              }
            ],
            "extra_info": {
              "Aggregates": [
                "min(#0)",
                "stddev(#1)",
                "count_star()"
              ]
            }
          }
        ]
      }
    },
    "optimal_engine": "duckdb",
    "speedup_ratio": 1.053618403089373
  },
  {
    "timestamp": "2025-09-12T09:39:08.821170",
    "dataset": "tpch_sf1",
    "query_type": "AP",
    "query_index": 5,
    "query_text": "SELECT AVG(\"lineitem\".\"l_linenumber\"), STDDEV(\"part\".\"p_retailprice\"), MAX(\"part\".\"p_retailprice\"), AVG(\"lineitem\".\"l_suppkey\"), COUNT(*) FROM \"partsupp\" LEFT JOIN \"lineitem\" ON \"partsupp\".\"ps_partkey\" = \"lineitem\".\"l_partkey\" CROSS JOIN \"region\" LEFT JOIN \"part\" ON \"partsupp\".\"ps_partkey\" = \"part\".\"p_partkey\" INNER JOIN \"orders\" ON \"lineitem\".\"l_orderkey\" = \"orders\".\"o_orderkey\" WHERE \"region\".\"r_comment\" != 'uickly special accounts cajole carefully blithely close requests. carefully final asymptotes haggle furiousl' ORDER BY COUNT(*) ASC;",
    "postgres_time_ms": 20850.11692304397,
    "duckdb_time_ms": 4935.935376037378,
    "log_time_difference": 1.440817361906484,
    "postgres_plan": {
      "Plan": {
        "Node Type": "Sort",
        "Parallel Aware": false,
        "Async Capable": false,
        "Startup Cost": 43681582.0,
        "Total Cost": 43681582.0,
        "Plan Rows": 1,
        "Plan Width": 136,
        "Sort Key": [
          "(count(*))"
        ],
        "Plans": [
          {
            "Node Type": "Aggregate",
            "Strategy": "Plain",
            "Partial Mode": "Finalize",
            "Parent Relationship": "Outer",
            "Parallel Aware": false,
            "Async Capable": false,
            "Startup Cost": 43681581.98,
            "Total Cost": 43681581.99,
            "Plan Rows": 1,
            "Plan Width": 136,
            "Plans": [
              {
                "Node Type": "Gather",
                "Parent Relationship": "Outer",
                "Parallel Aware": false,
                "Async Capable": false,
                "Startup Cost": 43681581.73,
                "Total Cost": 43681581.94,
                "Plan Rows": 2,
                "Plan Width": 136,
                "Workers Planned": 2,
                "Single Copy": false,
                "Plans": [
                  {
                    "Node Type": "Aggregate",
                    "Strategy": "Plain",
                    "Partial Mode": "Partial",
                    "Parent Relationship": "Outer",
                    "Parallel Aware": false,
                    "Async Capable": false,
                    "Startup Cost": 43680581.73,
                    "Total Cost": 43680581.74,
                    "Plan Rows": 1,
                    "Plan Width": 136,
                    "Plans": [
                      {
                        "Node Type": "Hash Join",
                        "Parent Relationship": "Outer",
                        "Parallel Aware": true,
                        "Async Capable": false,
                        "Join Type": "Inner",
                        "Startup Cost": 25221.9,
                        "Total Cost": 22938408.1,
                        "Plan Rows": 1659373890,
                        "Plan Width": 14,
                        "Inner Unique": false,
                        "Hash Cond": "(lineitem.l_partkey = partsupp.ps_partkey)",
                        "Plans": [
                          {
                            "Node Type": "Merge Join",
                            "Parent Relationship": "Outer",
                            "Parallel Aware": false,
                            "Async Capable": false,
                            "Join Type": "Inner",
                            "Startup Cost": 323.46,
                            "Total Cost": 9758321.21,
                            "Plan Rows": 422569924,
                            "Plan Width": 12,
                            "Inner Unique": false,
                            "Merge Cond": "(lineitem.l_orderkey = orders.o_orderkey)",
                            "Plans": [
                              {
                                "Node Type": "Index Scan",
                                "Parent Relationship": "Outer",
                                "Parallel Aware": true,
                                "Async Capable": false,
                                "Scan Direction": "Forward",
                                "Index Name": "idx_lineitem_order",
                                "Relation Name": "lineitem",
                                "Alias": "lineitem",
                                "Startup Cost": 0.43,
                                "Total Cost": 205796.54,
                                "Plan Rows": 2500414,
                                "Plan Width": 16
                              },
                              {
                                "Node Type": "Materialize",
                                "Parent Relationship": "Inner",
                                "Parallel Aware": false,
                                "Async Capable": false,
                                "Startup Cost": 0.43,
                                "Total Cost": 3841487.98,
                                "Plan Rows": 253500000,
                                "Plan Width": 4,
                                "Plans": [
                                  {
                                    "Node Type": "Nested Loop",
                                    "Parent Relationship": "Outer",
                                    "Parallel Aware": false,
                                    "Async Capable": false,
                                    "Join Type": "Inner",
                                    "Startup Cost": 0.43,
                                    "Total Cost": 3207737.98,
                                    "Plan Rows": 253500000,
                                    "Plan Width": 4,
                                    "Inner Unique": false,
                                    "Plans": [
                                      {
                                        "Node Type": "Index Only Scan",
                                        "Parent Relationship": "Outer",
                                        "Parallel Aware": false,
                                        "Async Capable": false,
                                        "Scan Direction": "Forward",
                                        "Index Name": "orders_pkey",
                                        "Relation Name": "orders",
                                        "Alias": "orders",
                                        "Startup Cost": 0.43,
                                        "Total Cost": 38975.43,
                                        "Plan Rows": 1500000,
                                        "Plan Width": 4
                                      },
                                      {
                                        "Node Type": "Materialize",
                                        "Parent Relationship": "Inner",
                                        "Parallel Aware": false,
                                        "Async Capable": false,
                                        "Startup Cost": 0.0,
                                        "Total Cost": 12.97,
                                        "Plan Rows": 169,
                                        "Plan Width": 0,
                                        "Plans": [
                                          {
                                            "Node Type": "Seq Scan",
                                            "Parent Relationship": "Outer",
                                            "Parallel Aware": false,
                                            "Async Capable": false,
                                            "Relation Name": "region",
                                            "Alias": "region",
                                            "Startup Cost": 0.0,
                                            "Total Cost": 12.12,
                                            "Plan Rows": 169,
                                            "Plan Width": 0,
                                            "Filter": "((r_comment)::text <> 'uickly special accounts cajole carefully blithely close requests. carefully final asymptotes haggle furiousl'::text)"
                                          }
                                        ]
                                      }
                                    ]
                                  }
                                ]
                              }
                            ]
                          },
                          {
                            "Node Type": "Hash",
                            "Parent Relationship": "Inner",
                            "Parallel Aware": true,
                            "Async Capable": false,
                            "Startup Cost": 19103.78,
                            "Total Cost": 19103.78,
                            "Plan Rows": 333333,
                            "Plan Width": 10,
                            "Plans": [
                              {
                                "Node Type": "Hash Join",
                                "Parent Relationship": "Outer",
                                "Parallel Aware": true,
                                "Async Capable": false,
                                "Join Type": "Left",
                                "Startup Cost": 6003.42,
                                "Total Cost": 19103.78,
                                "Plan Rows": 333333,
                                "Plan Width": 10,
                                "Inner Unique": true,
                                "Hash Cond": "(partsupp.ps_partkey = part.p_partkey)",
                                "Plans": [
                                  {
                                    "Node Type": "Index Only Scan",
                                    "Parent Relationship": "Outer",
                                    "Parallel Aware": true,
                                    "Async Capable": false,
                                    "Scan Direction": "Forward",
                                    "Index Name": "idx_partsupp_part",
                                    "Relation Name": "partsupp",
                                    "Alias": "partsupp",
                                    "Startup Cost": 0.42,
                                    "Total Cost": 12225.76,
                                    "Plan Rows": 333333,
                                    "Plan Width": 4
                                  },
                                  {
                                    "Node Type": "Hash",
                                    "Parent Relationship": "Inner",
                                    "Parallel Aware": true,
                                    "Async Capable": false,
                                    "Startup Cost": 4961.33,
                                    "Total Cost": 4961.33,
                                    "Plan Rows": 83333,
                                    "Plan Width": 10,
                                    "Plans": [
                                      {
                                        "Node Type": "Seq Scan",
                                        "Parent Relationship": "Outer",
                                        "Parallel Aware": true,
                                        "Async Capable": false,
                                        "Relation Name": "part",
                                        "Alias": "part",
                                        "Startup Cost": 0.0,
                                        "Total Cost": 4961.33,
                                        "Plan Rows": 83333,
                                        "Plan Width": 10
                                      }
                                    ]
                                  }
                                ]
                              }
                            ]
                          }
                        ]
                      }
                    ]
                  }
                ]
              }
            ]
          }
        ]
      }
    },
    "optimal_engine": "duckdb",
    "speedup_ratio": 4.224147063242685
  },
  {
    "timestamp": "2025-09-12T09:39:08.836135",
    "dataset": "tpch_sf1",
    "query_type": "AP",
    "query_index": 7,
    "query_text": "SELECT MAX(\"region\".\"r_regionkey\"), SUM(\"region\".\"r_regionkey\"), AVG(\"region\".\"r_regionkey\"), COUNT(*) FROM \"region\" WHERE \"region\".\"r_comment\" LIKE '%e%' GROUP BY \"region\".\"r_name\" LIMIT 1000;",
    "postgres_time_ms": 0.4042480140924454,
    "duckdb_time_ms": 12.216222006827593,
    "log_time_difference": -3.408491434307906,
    "postgres_plan": {
      "Plan": {
        "Node Type": "Limit",
        "Parallel Aware": false,
        "Async Capable": false,
        "Startup Cost": 14.25,
        "Total Cost": 16.38,
        "Plan Rows": 170,
        "Plan Width": 156,
        "Plans": [
          {
            "Node Type": "Aggregate",
            "Strategy": "Hashed",
            "Partial Mode": "Simple",
            "Parent Relationship": "Outer",
            "Parallel Aware": false,
            "Async Capable": false,
            "Startup Cost": 14.25,
            "Total Cost": 16.38,
            "Plan Rows": 170,
            "Plan Width": 156,
            "Group Key": [
              "r_name"
            ],
            "Planned Partitions": 0,
            "Plans": [
              {
                "Node Type": "Seq Scan",
                "Parent Relationship": "Outer",
                "Parallel Aware": false,
                "Async Capable": false,
                "Relation Name": "region",
                "Alias": "region",
                "Startup Cost": 0.0,
                "Total Cost": 12.12,
                "Plan Rows": 170,
                "Plan Width": 108,
                "Filter": "((r_comment)::text ~~ '%e%'::text)"
              }
            ]
          }
        ]
      }
    },
    "optimal_engine": "postgres",
    "speedup_ratio": 30.219621571310746
  },
  {
    "timestamp": "2025-09-12T09:39:10.292633",
    "dataset": "tpch_sf1",
    "query_type": "AP",
    "query_index": 8,
    "query_text": "SELECT MAX(\"customer\".\"c_nationkey\"), SUM(\"customer\".\"c_nationkey\"), COUNT(*), STDDEV(\"customer\".\"c_acctbal\") FROM \"customer\" GROUP BY \"customer\".\"c_comment\", \"customer\".\"c_comment\", \"customer\".\"c_mktsegment\" ORDER BY \"customer\".\"c_comment\", \"customer\".\"c_comment\", \"customer\".\"c_mktsegment\";",
    "postgres_time_ms": 1038.255003048107,
    "duckdb_time_ms": 400.6622480228543,
    "log_time_difference": 0.9521779030937924,
    "postgres_plan": {
      "Plan": {
        "Node Type": "Aggregate",
        "Strategy": "Sorted",
        "Partial Mode": "Simple",
        "Parallel Aware": false,
        "Async Capable": false,
        "Startup Cost": 25688.95,
        "Total Cost": 30187.26,
        "Plan Rows": 149865,
        "Plan Width": 136,
        "Group Key": [
          "c_comment",
          "c_mktsegment"
        ],
        "Plans": [
          {
            "Node Type": "Sort",
            "Parent Relationship": "Outer",
            "Parallel Aware": false,
            "Async Capable": false,
            "Startup Cost": 25688.95,
            "Total Cost": 26063.95,
            "Plan Rows": 150000,
            "Plan Width": 94,
            "Sort Key": [
              "c_comment",
              "c_mktsegment"
            ],
            "Plans": [
              {
                "Node Type": "Seq Scan",
                "Parent Relationship": "Outer",
                "Parallel Aware": false,
                "Async Capable": false,
                "Relation Name": "customer",
                "Alias": "customer",
                "Startup Cost": 0.0,
                "Total Cost": 5100.0,
                "Plan Rows": 150000,
                "Plan Width": 94
              }
            ]
          }
        ]
      }
    },
    "optimal_engine": "duckdb",
    "speedup_ratio": 2.591347221185869
  },
  {
    "timestamp": "2025-09-12T09:40:34.348293",
    "dataset": "tpch_sf1",
    "query_type": "AP",
    "query_index": 11,
    "query_text": "SELECT VARIANCE(\"supplier\".\"s_acctbal\"), COUNT(*), MAX(\"supplier\".\"s_suppkey\"), MAX(\"supplier\".\"s_suppkey\") FROM \"customer\" CROSS JOIN \"supplier\" CROSS JOIN \"region\" WHERE \"region\".\"r_name\" LIKE '%a%' OR \"region\".\"r_name\" IS NOT NULL AND \"supplier\".\"s_nationkey\" > 24 AND \"supplier\".\"s_nationkey\" IS NOT NULL AND \"region\".\"r_regionkey\" > 0 AND \"customer\".\"c_phone\" != '10-100-581-8579' GROUP BY \"customer\".\"c_comment\";",
    "postgres_time_ms": 12128.145666967612,
    "duckdb_time_ms": 11897.462262015324,
    "log_time_difference": 0.019203717544156913,
    "postgres_plan": {
      "Plan": {
        "Node Type": "Custom Scan",
        "Custom Plan Provider": "DuckDBScan",
        "Parallel Aware": false,
        "Async Capable": false,
        "Startup Cost": 0.0,
        "Total Cost": 0.0,
        "Plan Rows": 0,
        "Plan Width": 0,
        "DuckDB Execution Plan": [
          {
            "name": "PROJECTION",
            "children": [
              {
                "name": "HASH_GROUP_BY",
                "children": [
                  {
                    "name": "PROJECTION",
                    "children": [
                      {
                        "name": "BLOCKWISE_NL_JOIN",
                        "children": [
                          {
                            "name": "CROSS_PRODUCT",
                            "children": [
                              {
                                "name": "PGDUCKDB_POSTGRES_SCAN ",
                                "children": [],
                                "extra_info": {
                                  "Table": "customer",
                                  "Projections": [
                                    "c_phone",
                                    "c_comment"
                                  ],
                                  "Estimated Cardinality": "150000"
                                }
                              },
                              {
                                "name": "PGDUCKDB_POSTGRES_SCAN ",
                                "children": [],
                                "extra_info": {
                                  "Table": "supplier",
                                  "Projections": [
                                    "s_nationkey",
                                    "s_acctbal",
                                    "s_suppkey"
                                  ],
                                  "Estimated Cardinality": "10000"
                                }
                              }
                            ],
                            "extra_info": {}
                          },
                          {
                            "name": "FILTER",
                            "children": [
                              {
                                "name": "PGDUCKDB_POSTGRES_SCAN ",
                                "children": [],
                                "extra_info": {
                                  "Table": "region",
                                  "Projections": [
                                    "r_name",
                                    "r_regionkey"
                                  ],
                                  "Estimated Cardinality": "170"
                                }
                              }
                            ],
                            "extra_info": {
                              "Expression": "(((r_regionkey > 0) AND (r_name IS NOT NULL)) OR like_escape(r_name, '%a%', '\\'))",
                              "Estimated Cardinality": "34"
                            }
                          }
                        ],
                        "extra_info": {
                          "Join Type": "INNER",
                          "Condition": "(((s_nationkey IS NOT NULL) AND (s_nationkey > 24) AND (r_regionkey > 0) AND (r_name IS NOT NULL) AND (c_phone != '10-100-581-8579')) OR like_escape(r_name, '%a%', '\\'))"
                        }
                      }
                    ],
                    "extra_info": {
                      "Projections": [
                        "c_comment",
                        "CAST(s_acctbal AS DOUBLE)",
                        "s_suppkey"
                      ],
                      "Estimated Cardinality": "1500000000"
                    }
                  }
                ],
                "extra_info": {
                  "Groups": "#0",
                  "Aggregates": [
                    "variance(#1)",
                    "count_star()",
                    "max(#2)"
                  ],
                  "Estimated Cardinality": "150000"
                }
              }
            ],
            "extra_info": {
              "Projections": [
                "variance",
                "count",
                "max",
                "max"
              ],
              "Estimated Cardinality": "150000"
            }
          }
        ]
      }
    },
    "optimal_engine": "duckdb",
    "speedup_ratio": 1.0193892949497965
  },
  {
    "timestamp": "2025-09-12T09:40:34.385062",
    "dataset": "tpch_sf1",
    "query_type": "AP",
    "query_index": 12,
    "query_text": "SELECT MAX(\"nation\".\"n_nationkey\"), COUNT(*), COUNT(*), COUNT(*) FROM \"nation\" JOIN \"supplier\" ON \"nation\".\"n_nationkey\" = \"supplier\".\"s_nationkey\" WHERE \"supplier\".\"s_name\" != 'Supplier#000007387       ' OR \"supplier\".\"s_name\" IS NOT NULL AND \"nation\".\"n_name\" != 'CANADA                   ' AND \"nation\".\"n_name\" != 'INDONESIA                ' ORDER BY COUNT(*) DESC;",
    "postgres_time_ms": 3.9593190304003656,
    "duckdb_time_ms": 30.986897996626794,
    "log_time_difference": -2.057492421416241,
    "postgres_plan": {
      "Plan": {
        "Node Type": "Sort",
        "Parallel Aware": false,
        "Async Capable": false,
        "Startup Cost": 414.19,
        "Total Cost": 414.2,
        "Plan Rows": 1,
        "Plan Width": 28,
        "Sort Key": [
          "(count(*)) DESC"
        ],
        "Plans": [
          {
            "Node Type": "Aggregate",
            "Strategy": "Plain",
            "Partial Mode": "Simple",
            "Parent Relationship": "Outer",
            "Parallel Aware": false,
            "Async Capable": false,
            "Startup Cost": 414.17,
            "Total Cost": 414.18,
            "Plan Rows": 1,
            "Plan Width": 28,
            "Plans": [
              {
                "Node Type": "Hash Join",
                "Parent Relationship": "Outer",
                "Parallel Aware": false,
                "Async Capable": false,
                "Join Type": "Inner",
                "Startup Cost": 13.82,
                "Total Cost": 364.17,
                "Plan Rows": 10000,
                "Plan Width": 4,
                "Inner Unique": true,
                "Hash Cond": "(supplier.s_nationkey = nation.n_nationkey)",
                "Join Filter": "((supplier.s_name <> 'Supplier#000007387       '::bpchar) OR ((supplier.s_name IS NOT NULL) AND (nation.n_name <> 'CANADA                   '::bpchar) AND (nation.n_name <> 'INDONESIA                '::bpchar)))",
                "Plans": [
                  {
                    "Node Type": "Seq Scan",
                    "Parent Relationship": "Outer",
                    "Parallel Aware": false,
                    "Async Capable": false,
                    "Relation Name": "supplier",
                    "Alias": "supplier",
                    "Startup Cost": 0.0,
                    "Total Cost": 323.0,
                    "Plan Rows": 10000,
                    "Plan Width": 30
                  },
                  {
                    "Node Type": "Hash",
                    "Parent Relationship": "Inner",
                    "Parallel Aware": false,
                    "Async Capable": false,
                    "Startup Cost": 11.7,
                    "Total Cost": 11.7,
                    "Plan Rows": 170,
                    "Plan Width": 108,
                    "Plans": [
                      {
                        "Node Type": "Seq Scan",
                        "Parent Relationship": "Outer",
                        "Parallel Aware": false,
                        "Async Capable": false,
                        "Relation Name": "nation",
                        "Alias": "nation",
                        "Startup Cost": 0.0,
                        "Total Cost": 11.7,
                        "Plan Rows": 170,
                        "Plan Width": 108
                      }
                    ]
                  }
                ]
              }
            ]
          }
        ]
      }
    },
    "optimal_engine": "postgres",
    "speedup_ratio": 7.8263200713819225
  },
  {
    "timestamp": "2025-09-12T09:40:34.421428",
    "dataset": "tpch_sf1",
    "query_type": "AP",
    "query_index": 13,
    "query_text": "SELECT STDDEV(\"customer\".\"c_custkey\"), MAX(\"customer\".\"c_acctbal\"), SUM(\"supplier\".\"s_acctbal\"), STDDEV(\"supplier\".\"s_nationkey\"), VARIANCE(\"supplier\".\"s_acctbal\") FROM \"supplier\" CROSS JOIN \"customer\" WHERE \"supplier\".\"s_acctbal\" = 5978.569060103182 GROUP BY \"supplier\".\"s_comment\" ORDER BY COUNT(*) DESC;",
    "postgres_time_ms": 3.115087980404496,
    "duckdb_time_ms": 30.62721696915105,
    "log_time_difference": -2.285631661123072,
    "postgres_plan": {
      "Plan": {
        "Node Type": "Sort",
        "Parallel Aware": false,
        "Async Capable": false,
        "Startup Cost": 9573.03,
        "Total Cost": 9573.03,
        "Plan Rows": 1,
        "Plan Width": 231,
        "Sort Key": [
          "(count(*)) DESC"
        ],
        "Plans": [
          {
            "Node Type": "Aggregate",
            "Strategy": "Hashed",
            "Partial Mode": "Simple",
            "Parent Relationship": "Outer",
            "Parallel Aware": false,
            "Async Capable": false,
            "Startup Cost": 9573.0,
            "Total Cost": 9573.02,
            "Plan Rows": 1,
            "Plan Width": 231,
            "Group Key": [
              "supplier.s_comment"
            ],
            "Planned Partitions": 0,
            "Plans": [
              {
                "Node Type": "Nested Loop",
                "Parent Relationship": "Outer",
                "Parallel Aware": false,
                "Async Capable": false,
                "Join Type": "Inner",
                "Startup Cost": 0.0,
                "Total Cost": 6948.0,
                "Plan Rows": 150000,
                "Plan Width": 83,
                "Inner Unique": false,
                "Plans": [
                  {
                    "Node Type": "Seq Scan",
                    "Parent Relationship": "Outer",
                    "Parallel Aware": false,
                    "Async Capable": false,
                    "Relation Name": "supplier",
                    "Alias": "supplier",
                    "Startup Cost": 0.0,
                    "Total Cost": 348.0,
                    "Plan Rows": 1,
                    "Plan Width": 73,
                    "Filter": "(s_acctbal = 5978.569060103182)"
                  },
                  {
                    "Node Type": "Seq Scan",
                    "Parent Relationship": "Inner",
                    "Parallel Aware": false,
                    "Async Capable": false,
                    "Relation Name": "customer",
                    "Alias": "customer",
                    "Startup Cost": 0.0,
                    "Total Cost": 5100.0,
                    "Plan Rows": 150000,
                    "Plan Width": 10
                  }
                ]
              }
            ]
          }
        ]
      }
    },
    "optimal_engine": "postgres",
    "speedup_ratio": 9.831894688629015
  },
  {
    "timestamp": "2025-09-12T09:40:34.688710",
    "dataset": "tpch_sf1",
    "query_type": "AP",
    "query_index": 14,
    "query_text": "SELECT SUM(\"partsupp\".\"ps_availqty\"), VARIANCE(\"partsupp\".\"ps_supplycost\"), MIN(\"partsupp\".\"ps_suppkey\") FROM \"partsupp\" WHERE \"partsupp\".\"ps_supplycost\" = 464.2436443857917 OR \"partsupp\".\"ps_supplycost\" IS NOT NULL OR \"partsupp\".\"ps_suppkey\" >= 10000 ORDER BY COUNT(*) ASC;",
    "postgres_time_ms": 105.86608503945172,
    "duckdb_time_ms": 159.63971702149138,
    "log_time_difference": -0.41074456084498395,
    "postgres_plan": {
      "Plan": {
        "Node Type": "Sort",
        "Parallel Aware": false,
        "Async Capable": false,
        "Startup Cost": 25226.92,
        "Total Cost": 25226.93,
        "Plan Rows": 1,
        "Plan Width": 52,
        "Sort Key": [
          "(count(*))"
        ],
        "Plans": [
          {
            "Node Type": "Aggregate",
            "Strategy": "Plain",
            "Partial Mode": "Finalize",
            "Parent Relationship": "Outer",
            "Parallel Aware": false,
            "Async Capable": false,
            "Startup Cost": 25226.9,
            "Total Cost": 25226.91,
            "Plan Rows": 1,
            "Plan Width": 52,
            "Plans": [
              {
                "Node Type": "Gather",
                "Parent Relationship": "Outer",
                "Parallel Aware": false,
                "Async Capable": false,
                "Startup Cost": 25226.67,
                "Total Cost": 25226.88,
                "Plan Rows": 2,
                "Plan Width": 52,
                "Workers Planned": 2,
                "Single Copy": false,
                "Plans": [
                  {
                    "Node Type": "Aggregate",
                    "Strategy": "Plain",
                    "Partial Mode": "Partial",
                    "Parent Relationship": "Outer",
                    "Parallel Aware": false,
                    "Async Capable": false,
                    "Startup Cost": 24226.67,
                    "Total Cost": 24226.68,
                    "Plan Rows": 1,
                    "Plan Width": 52,
                    "Plans": [
                      {
                        "Node Type": "Seq Scan",
                        "Parent Relationship": "Outer",
                        "Parallel Aware": true,
                        "Async Capable": false,
                        "Relation Name": "partsupp",
                        "Alias": "partsupp",
                        "Startup Cost": 0.0,
                        "Total Cost": 20893.33,
                        "Plan Rows": 333333,
                        "Plan Width": 14
                      }
                    ]
                  }
                ]
              }
            ]
          }
        ]
      }
    },
    "optimal_engine": "postgres",
    "speedup_ratio": 1.5079401204077827
  },
  {
    "timestamp": "2025-09-12T09:40:34.772556",
    "dataset": "tpch_sf1",
    "query_type": "AP",
    "query_index": 16,
    "query_text": "SELECT MIN(\"part\".\"p_partkey\"), SUM(\"partsupp\".\"ps_supplycost\"), SUM(\"part\".\"p_partkey\"), SUM(\"part\".\"p_retailprice\"), VARIANCE(\"part\".\"p_size\") FROM \"part\" INNER JOIN \"partsupp\" ON \"part\".\"p_partkey\" = \"partsupp\".\"ps_partkey\" WHERE \"partsupp\".\"ps_comment\" LIKE '%a%' AND \"part\".\"p_name\" = 'almond antique khaki frosted deep';",
    "postgres_time_ms": 22.994238010142,
    "duckdb_time_ms": 54.187602014280856,
    "log_time_difference": -0.8572084739102015,
    "postgres_plan": {
      "Plan": {
        "Node Type": "Aggregate",
        "Strategy": "Plain",
        "Partial Mode": "Simple",
        "Parallel Aware": false,
        "Async Capable": false,
        "Startup Cost": 6178.37,
        "Total Cost": 6178.38,
        "Plan Rows": 1,
        "Plan Width": 108,
        "Plans": [
          {
            "Node Type": "Nested Loop",
            "Parent Relationship": "Outer",
            "Parallel Aware": false,
            "Async Capable": false,
            "Join Type": "Inner",
            "Startup Cost": 1000.42,
            "Total Cost": 6178.31,
            "Plan Rows": 4,
            "Plan Width": 20,
            "Inner Unique": false,
            "Plans": [
              {
                "Node Type": "Gather",
                "Parent Relationship": "Outer",
                "Parallel Aware": false,
                "Async Capable": false,
                "Startup Cost": 1000.0,
                "Total Cost": 6169.77,
                "Plan Rows": 1,
                "Plan Width": 14,
                "Workers Planned": 2,
                "Single Copy": false,
                "Plans": [
                  {
                    "Node Type": "Seq Scan",
                    "Parent Relationship": "Outer",
                    "Parallel Aware": true,
                    "Async Capable": false,
                    "Relation Name": "part",
                    "Alias": "part",
                    "Startup Cost": 0.0,
                    "Total Cost": 5169.67,
                    "Plan Rows": 1,
                    "Plan Width": 14,
                    "Filter": "((p_name)::text = 'almond antique khaki frosted deep'::text)"
                  }
                ]
              },
              {
                "Node Type": "Index Scan",
                "Parent Relationship": "Inner",
                "Parallel Aware": false,
                "Async Capable": false,
                "Scan Direction": "Forward",
                "Index Name": "idx_partsupp_part",
                "Relation Name": "partsupp",
                "Alias": "partsupp",
                "Startup Cost": 0.42,
                "Total Cost": 8.51,
                "Plan Rows": 4,
                "Plan Width": 10,
                "Index Cond": "(ps_partkey = part.p_partkey)",
                "Filter": "((ps_comment)::text ~~ '%a%'::text)"
              }
            ]
          }
        ]
      }
    },
    "optimal_engine": "postgres",
    "speedup_ratio": 2.356573068017322
  },
  {
    "timestamp": "2025-09-12T09:40:34.787681",
    "dataset": "tpch_sf1",
    "query_type": "AP",
    "query_index": 18,
    "query_text": "SELECT MIN(\"region\".\"r_regionkey\"), MAX(\"region\".\"r_regionkey\"), MIN(\"region\".\"r_regionkey\") FROM \"region\" WHERE \"region\".\"r_comment\" LIKE '%a%' OR \"region\".\"r_name\" = 'MIDDLE EAST              ' AND \"region\".\"r_name\" IS NULL OR \"region\".\"r_comment\" LIKE '%i%' AND \"region\".\"r_comment\" IS NOT NULL ORDER BY COUNT(*) ASC LIMIT 100;",
    "postgres_time_ms": 0.5324429948814213,
    "duckdb_time_ms": 12.33871397562325,
    "log_time_difference": -3.143021236127441,
    "postgres_plan": {
      "Plan": {
        "Node Type": "Limit",
        "Parallel Aware": false,
        "Async Capable": false,
        "Startup Cost": 14.27,
        "Total Cost": 14.28,
        "Plan Rows": 1,
        "Plan Width": 20,
        "Plans": [
          {
            "Node Type": "Sort",
            "Parent Relationship": "Outer",
            "Parallel Aware": false,
            "Async Capable": false,
            "Startup Cost": 14.27,
            "Total Cost": 14.28,
            "Plan Rows": 1,
            "Plan Width": 20,
            "Sort Key": [
              "(count(*))"
            ],
            "Plans": [
              {
                "Node Type": "Aggregate",
                "Strategy": "Plain",
                "Partial Mode": "Simple",
                "Parent Relationship": "Outer",
                "Parallel Aware": false,
                "Async Capable": false,
                "Startup Cost": 14.25,
                "Total Cost": 14.26,
                "Plan Rows": 1,
                "Plan Width": 20,
                "Plans": [
                  {
                    "Node Type": "Seq Scan",
                    "Parent Relationship": "Outer",
                    "Parallel Aware": false,
                    "Async Capable": false,
                    "Relation Name": "region",
                    "Alias": "region",
                    "Startup Cost": 0.0,
                    "Total Cost": 12.97,
                    "Plan Rows": 170,
                    "Plan Width": 4,
                    "Filter": "(((r_comment)::text ~~ '%a%'::text) OR ((r_name = 'MIDDLE EAST              '::bpchar) AND (r_name IS NULL)) OR (((r_comment)::text ~~ '%i%'::text) AND (r_comment IS NOT NULL)))"
                  }
                ]
              }
            ]
          }
        ]
      }
    },
    "optimal_engine": "postgres",
    "speedup_ratio": 23.173774646750992
  },
  {
    "timestamp": "2025-09-12T09:40:36.740337",
    "dataset": "tpch_sf1",
    "query_type": "AP",
    "query_index": 19,
    "query_text": "SELECT MAX(\"partsupp\".\"ps_suppkey\"), AVG(\"partsupp\".\"ps_suppkey\"), VARIANCE(\"customer\".\"c_nationkey\"), COUNT(*), MIN(\"partsupp\".\"ps_availqty\") FROM \"partsupp\" CROSS JOIN \"customer\" INNER JOIN \"lineitem\" ON \"partsupp\".\"ps_partkey\" = \"lineitem\".\"l_partkey\" WHERE \"lineitem\".\"l_linestatus\" LIKE '%e%' AND \"customer\".\"c_address\" LIKE '%o%' GROUP BY \"customer\".\"c_address\", \"customer\".\"c_address\" ORDER BY COUNT(*) DESC;",
    "postgres_time_ms": 492.8376330062747,
    "duckdb_time_ms": 1457.478606957011,
    "log_time_difference": -1.0842834652324433,
    "postgres_plan": {
      "Plan": {
        "Node Type": "Sort",
        "Parallel Aware": false,
        "Async Capable": false,
        "Startup Cost": 171853.35,
        "Total Cost": 171985.93,
        "Plan Rows": 53030,
        "Plan Width": 106,
        "Sort Key": [
          "(count(*)) DESC"
        ],
        "Plans": [
          {
            "Node Type": "Aggregate",
            "Strategy": "Sorted",
            "Partial Mode": "Simple",
            "Parent Relationship": "Outer",
            "Parallel Aware": false,
            "Async Capable": false,
            "Startup Cost": 7976.09,
            "Total Cost": 164608.45,
            "Plan Rows": 53030,
            "Plan Width": 106,
            "Group Key": [
              "customer.c_address"
            ],
            "Plans": [
              {
                "Node Type": "Nested Loop",
                "Parent Relationship": "Outer",
                "Parallel Aware": false,
                "Async Capable": false,
                "Join Type": "Inner",
                "Startup Cost": 7976.09,
                "Total Cost": 160631.2,
                "Plan Rows": 212120,
                "Plan Width": 38,
                "Inner Unique": false,
                "Plans": [
                  {
                    "Node Type": "Gather Merge",
                    "Parent Relationship": "Outer",
                    "Parallel Aware": false,
                    "Async Capable": false,
                    "Startup Cost": 6975.67,
                    "Total Cost": 13151.88,
                    "Plan Rows": 53030,
                    "Plan Width": 30,
                    "Workers Planned": 2,
                    "Plans": [
                      {
                        "Node Type": "Sort",
                        "Parent Relationship": "Outer",
                        "Parallel Aware": false,
                        "Async Capable": false,
                        "Startup Cost": 5975.64,
                        "Total Cost": 6030.88,
                        "Plan Rows": 22096,
                        "Plan Width": 30,
                        "Sort Key": [
                          "customer.c_address"
                        ],
                        "Plans": [
                          {
                            "Node Type": "Seq Scan",
                            "Parent Relationship": "Outer",
                            "Parallel Aware": true,
                            "Async Capable": false,
                            "Relation Name": "customer",
                            "Alias": "customer",
                            "Startup Cost": 0.0,
                            "Total Cost": 4381.25,
                            "Plan Rows": 22096,
                            "Plan Width": 30,
                            "Filter": "((c_address)::text ~~ '%o%'::text)"
                          }
                        ]
                      }
                    ]
                  },
                  {
                    "Node Type": "Materialize",
                    "Parent Relationship": "Inner",
                    "Parallel Aware": false,
                    "Async Capable": false,
                    "Startup Cost": 1000.42,
                    "Total Cost": 144827.83,
                    "Plan Rows": 4,
                    "Plan Width": 8,
                    "Plans": [
                      {
                        "Node Type": "Nested Loop",
                        "Parent Relationship": "Outer",
                        "Parallel Aware": false,
                        "Async Capable": false,
                        "Join Type": "Inner",
                        "Startup Cost": 1000.42,
                        "Total Cost": 144827.81,
                        "Plan Rows": 4,
                        "Plan Width": 8,
                        "Inner Unique": false,
                        "Plans": [
                          {
                            "Node Type": "Gather",
                            "Parent Relationship": "Outer",
                            "Parallel Aware": false,
                            "Async Capable": false,
                            "Startup Cost": 1000.0,
                            "Total Cost": 144819.27,
                            "Plan Rows": 1,
                            "Plan Width": 4,
                            "Workers Planned": 2,
                            "Single Copy": false,
                            "Plans": [
                              {
                                "Node Type": "Seq Scan",
                                "Parent Relationship": "Outer",
                                "Parallel Aware": true,
                                "Async Capable": false,
                                "Relation Name": "lineitem",
                                "Alias": "lineitem",
                                "Startup Cost": 0.0,
                                "Total Cost": 143819.17,
                                "Plan Rows": 1,
                                "Plan Width": 4,
                                "Filter": "(l_linestatus ~~ '%e%'::text)"
                              }
                            ]
                          },
                          {
                            "Node Type": "Index Scan",
                            "Parent Relationship": "Inner",
                            "Parallel Aware": false,
                            "Async Capable": false,
                            "Scan Direction": "Forward",
                            "Index Name": "idx_partsupp_part",
                            "Relation Name": "partsupp",
                            "Alias": "partsupp",
                            "Startup Cost": 0.42,
                            "Total Cost": 8.5,
                            "Plan Rows": 4,
                            "Plan Width": 12,
                            "Index Cond": "(ps_partkey = lineitem.l_partkey)"
                          }
                        ]
                      }
                    ]
                  }
                ]
              }
            ]
          }
        ]
      }
    },
    "optimal_engine": "postgres",
    "speedup_ratio": 2.9573200367563137
  },
  {
    "timestamp": "2025-09-12T09:40:36.770443",
    "dataset": "tpch_sf1",
    "query_type": "AP",
    "query_index": 20,
    "query_text": "SELECT STDDEV(\"orders\".\"o_shippriority\"), SUM(\"orders\".\"o_custkey\"), VARIANCE(\"customer\".\"c_acctbal\"), SUM(\"lineitem\".\"l_tax\") FROM \"partsupp\" CROSS JOIN \"orders\" CROSS JOIN \"region\" LEFT JOIN \"lineitem\" ON \"partsupp\".\"ps_partkey\" = \"lineitem\".\"l_partkey\" LEFT JOIN \"customer\" ON \"orders\".\"o_custkey\" = \"customer\".\"c_custkey\" WHERE \"lineitem\".\"l_discount\" = 0.03772290178217921 AND \"lineitem\".\"l_linestatus\" = 'F' AND \"lineitem\".\"l_linestatus\" IS NULL AND \"orders\".\"o_custkey\" = 7501 AND \"orders\".\"o_custkey\" IS NULL AND \"orders\".\"o_comment\" LIKE '%o%' AND \"orders\".\"o_comment\" IS NOT NULL GROUP BY \"customer\".\"c_address\" HAVING AVG(1) > 43;",
    "postgres_time_ms": 0.7339749718084931,
    "duckdb_time_ms": 27.330084005370736,
    "log_time_difference": -3.617268422979856,
    "postgres_plan": {
      "Plan": {
        "Node Type": "Aggregate",
        "Strategy": "Hashed",
        "Partial Mode": "Simple",
        "Parallel Aware": false,
        "Async Capable": false,
        "Startup Cost": 0.0,
        "Total Cost": 0.02,
        "Plan Rows": 1,
        "Plan Width": 130,
        "Group Key": [
          "customer.c_address"
        ],
        "Filter": "(avg(1) > '43'::numeric)",
        "Planned Partitions": 0,
        "Plans": [
          {
            "Node Type": "Result",
            "Parent Relationship": "Outer",
            "Parallel Aware": false,
            "Async Capable": false,
            "Startup Cost": 0.0,
            "Total Cost": 0.0,
            "Plan Rows": 0,
            "Plan Width": 58,
            "One-Time Filter": "false"
          }
        ]
      }
    },
    "optimal_engine": "postgres",
    "speedup_ratio": 37.23571655042978
  },
  {
    "timestamp": "2025-09-12T09:40:38.649997",
    "dataset": "tpch_sf1",
    "query_type": "AP",
    "query_index": 22,
    "query_text": "SELECT STDDEV(\"orders\".\"o_custkey\"), COUNT(*), SUM(\"partsupp\".\"ps_partkey\"), MIN(\"lineitem\".\"l_discount\"), STDDEV(\"orders\".\"o_shippriority\") FROM \"lineitem\" INNER JOIN \"partsupp\" ON \"lineitem\".\"l_partkey\" = \"partsupp\".\"ps_partkey\" JOIN \"supplier\" ON \"partsupp\".\"ps_suppkey\" = \"supplier\".\"s_suppkey\" JOIN \"orders\" ON \"lineitem\".\"l_orderkey\" = \"orders\".\"o_orderkey\" WHERE \"partsupp\".\"ps_comment\" LIKE '%o%' AND \"lineitem\".\"l_shipdate\" IS NOT NULL AND \"orders\".\"o_clerk\" != 'Clerk#000000002' AND \"lineitem\".\"l_linestatus\" LIKE '%i%' GROUP BY \"orders\".\"o_orderstatus\" LIMIT 10;",
    "postgres_time_ms": 390.6350709730759,
    "duckdb_time_ms": 1485.5052190250717,
    "log_time_difference": -1.3357364063591568,
    "postgres_plan": {
      "Plan": {
        "Node Type": "Limit",
        "Parallel Aware": false,
        "Async Capable": false,
        "Startup Cost": 144837.21,
        "Total Cost": 144837.33,
        "Plan Rows": 3,
        "Plan Width": 114,
        "Plans": [
          {
            "Node Type": "Aggregate",
            "Strategy": "Sorted",
            "Partial Mode": "Simple",
            "Parent Relationship": "Outer",
            "Parallel Aware": false,
            "Async Capable": false,
            "Startup Cost": 144837.21,
            "Total Cost": 144837.33,
            "Plan Rows": 3,
            "Plan Width": 114,
            "Group Key": [
              "orders.o_orderstatus"
            ],
            "Plans": [
              {
                "Node Type": "Sort",
                "Parent Relationship": "Outer",
                "Parallel Aware": false,
                "Async Capable": false,
                "Startup Cost": 144837.21,
                "Total Cost": 144837.22,
                "Plan Rows": 4,
                "Plan Width": 18,
                "Sort Key": [
                  "orders.o_orderstatus"
                ],
                "Plans": [
                  {
                    "Node Type": "Gather",
                    "Parent Relationship": "Outer",
                    "Parallel Aware": false,
                    "Async Capable": false,
                    "Startup Cost": 1001.14,
                    "Total Cost": 144837.17,
                    "Plan Rows": 4,
                    "Plan Width": 18,
                    "Workers Planned": 2,
                    "Single Copy": false,
                    "Plans": [
                      {
                        "Node Type": "Nested Loop",
                        "Parent Relationship": "Outer",
                        "Parallel Aware": false,
                        "Async Capable": false,
                        "Join Type": "Inner",
                        "Startup Cost": 1.14,
                        "Total Cost": 143836.77,
                        "Plan Rows": 2,
                        "Plan Width": 18,
                        "Inner Unique": true,
                        "Plans": [
                          {
                            "Node Type": "Nested Loop",
                            "Parent Relationship": "Outer",
                            "Parallel Aware": false,
                            "Async Capable": false,
                            "Join Type": "Inner",
                            "Startup Cost": 0.85,
                            "Total Cost": 143836.16,
                            "Plan Rows": 2,
                            "Plan Width": 22,
                            "Inner Unique": false,
                            "Plans": [
                              {
                                "Node Type": "Nested Loop",
                                "Parent Relationship": "Outer",
                                "Parallel Aware": false,
                                "Async Capable": false,
                                "Join Type": "Inner",
                                "Startup Cost": 0.43,
                                "Total Cost": 143827.62,
                                "Plan Rows": 1,
                                "Plan Width": 18,
                                "Inner Unique": true,
                                "Plans": [
                                  {
                                    "Node Type": "Seq Scan",
                                    "Parent Relationship": "Outer",
                                    "Parallel Aware": true,
                                    "Async Capable": false,
                                    "Relation Name": "lineitem",
                                    "Alias": "lineitem",
                                    "Startup Cost": 0.0,
                                    "Total Cost": 143819.17,
                                    "Plan Rows": 1,
                                    "Plan Width": 12,
                                    "Filter": "(l_linestatus ~~ '%i%'::text)"
                                  },
                                  {
                                    "Node Type": "Index Scan",
                                    "Parent Relationship": "Inner",
                                    "Parallel Aware": false,
                                    "Async Capable": false,
                                    "Scan Direction": "Forward",
                                    "Index Name": "orders_pkey",
                                    "Relation Name": "orders",
                                    "Alias": "orders",
                                    "Startup Cost": 0.43,
                                    "Total Cost": 8.45,
                                    "Plan Rows": 1,
                                    "Plan Width": 14,
                                    "Index Cond": "(o_orderkey = lineitem.l_orderkey)",
                                    "Filter": "(o_clerk <> 'Clerk#000000002'::bpchar)"
                                  }
                                ]
                              },
                              {
                                "Node Type": "Index Scan",
                                "Parent Relationship": "Inner",
                                "Parallel Aware": false,
                                "Async Capable": false,
                                "Scan Direction": "Forward",
                                "Index Name": "idx_partsupp_part",
                                "Relation Name": "partsupp",
                                "Alias": "partsupp",
                                "Startup Cost": 0.42,
                                "Total Cost": 8.51,
                                "Plan Rows": 4,
                                "Plan Width": 8,
                                "Index Cond": "(ps_partkey = lineitem.l_partkey)",
                                "Filter": "((ps_comment)::text ~~ '%o%'::text)"
                              }
                            ]
                          },
                          {
                            "Node Type": "Index Only Scan",
                            "Parent Relationship": "Inner",
                            "Parallel Aware": false,
                            "Async Capable": false,
                            "Scan Direction": "Forward",
                            "Index Name": "supplier_pkey",
                            "Relation Name": "supplier",
                            "Alias": "supplier",
                            "Startup Cost": 0.29,
                            "Total Cost": 0.3,
                            "Plan Rows": 1,
                            "Plan Width": 4,
                            "Index Cond": "(s_suppkey = partsupp.ps_suppkey)"
                          }
                        ]
                      }
                    ]
                  }
                ]
              }
            ]
          }
        ]
      }
    },
    "optimal_engine": "postgres",
    "speedup_ratio": 3.8027953182100704
  },
  {
    "timestamp": "2025-09-12T09:40:38.752431",
    "dataset": "tpch_sf1",
    "query_type": "AP",
    "query_index": 29,
    "query_text": "SELECT SUM(\"supplier\".\"s_suppkey\") FROM \"supplier\" CROSS JOIN \"part\" WHERE \"part\".\"p_container\" LIKE '%o%' GROUP BY \"part\".\"p_mfgr\", \"part\".\"p_brand\", \"part\".\"p_mfgr\";",
    "postgres_time_ms": 31.223361031152308,
    "duckdb_time_ms": 67.65527802053839,
    "log_time_difference": -0.7732588054538618,
    "postgres_plan": {
      "Plan": {
        "Node Type": "Aggregate",
        "Strategy": "Sorted",
        "Partial Mode": "Simple",
        "Parallel Aware": false,
        "Async Capable": false,
        "Startup Cost": 6169.99,
        "Total Cost": 6615.12,
        "Plan Rows": 1,
        "Plan Width": 45,
        "Group Key": [
          "part.p_mfgr",
          "part.p_brand"
        ],
        "Plans": [
          {
            "Node Type": "Nested Loop",
            "Parent Relationship": "Outer",
            "Parallel Aware": false,
            "Async Capable": false,
            "Join Type": "Inner",
            "Startup Cost": 6169.99,
            "Total Cost": 6540.11,
            "Plan Rows": 10000,
            "Plan Width": 41,
            "Inner Unique": false,
            "Plans": [
              {
                "Node Type": "Gather Merge",
                "Parent Relationship": "Outer",
                "Parallel Aware": false,
                "Async Capable": false,
                "Startup Cost": 6169.7,
                "Total Cost": 6169.82,
                "Plan Rows": 1,
                "Plan Width": 37,
                "Workers Planned": 2,
                "Plans": [
                  {
                    "Node Type": "Sort",
                    "Parent Relationship": "Outer",
                    "Parallel Aware": false,
                    "Async Capable": false,
                    "Startup Cost": 5169.68,
                    "Total Cost": 5169.68,
                    "Plan Rows": 1,
                    "Plan Width": 37,
                    "Sort Key": [
                      "part.p_mfgr",
                      "part.p_brand"
                    ],
                    "Plans": [
                      {
                        "Node Type": "Seq Scan",
                        "Parent Relationship": "Outer",
                        "Parallel Aware": true,
                        "Async Capable": false,
                        "Relation Name": "part",
                        "Alias": "part",
                        "Startup Cost": 0.0,
                        "Total Cost": 5169.67,
                        "Plan Rows": 1,
                        "Plan Width": 37,
                        "Filter": "(p_container ~~ '%o%'::text)"
                      }
                    ]
                  }
                ]
              },
              {
                "Node Type": "Index Only Scan",
                "Parent Relationship": "Inner",
                "Parallel Aware": false,
                "Async Capable": false,
                "Scan Direction": "Forward",
                "Index Name": "supplier_pkey",
                "Relation Name": "supplier",
                "Alias": "supplier",
                "Startup Cost": 0.29,
                "Total Cost": 270.29,
                "Plan Rows": 10000,
                "Plan Width": 4
              }
            ]
          }
        ]
      }
    },
    "optimal_engine": "postgres",
    "speedup_ratio": 2.1668159924563235
  },
  {
    "timestamp": "2025-09-12T09:41:08.839138",
    "dataset": "tpch_sf1",
    "query_type": "AP",
    "query_index": 30,
    "query_text": "SELECT COUNT(*), AVG(\"nation\".\"n_nationkey\"), MAX(\"part\".\"p_partkey\"), MAX(\"part\".\"p_retailprice\") FROM \"region\" CROSS JOIN \"orders\" LEFT JOIN \"nation\" ON \"region\".\"r_regionkey\" = \"nation\".\"n_regionkey\" CROSS JOIN \"part\" WHERE \"region\".\"r_name\" LIKE '%i%' GROUP BY \"orders\".\"o_orderstatus\", \"orders\".\"o_orderstatus\", \"orders\".\"o_orderpriority\" LIMIT 100;",
    "postgres_time_ms": 30000,
    "duckdb_time_ms": 80.59810701524839,
    "log_time_difference": 5.919477497570686,
    "postgres_plan": null,
    "optimal_engine": "duckdb",
    "speedup_ratio": 372.2171786779594
  },
  {
    "timestamp": "2025-09-12T09:41:08.895845",
    "dataset": "tpch_sf1",
    "query_type": "AP",
    "query_index": 31,
    "query_text": "SELECT COUNT(*), SUM(\"supplier\".\"s_nationkey\"), SUM(\"supplier\".\"s_suppkey\") FROM \"supplier\" CROSS JOIN \"region\" GROUP BY \"supplier\".\"s_address\", \"supplier\".\"s_phone\" HAVING SUM(1) >= 70;",
    "postgres_time_ms": 25.385599990841,
    "duckdb_time_ms": 29.503450030460954,
    "log_time_difference": -0.1503251229279997,
    "postgres_plan": {
      "Plan": {
        "Node Type": "Aggregate",
        "Strategy": "Hashed",
        "Partial Mode": "Simple",
        "Parallel Aware": false,
        "Async Capable": false,
        "Startup Cost": 47085.12,
        "Total Cost": 47210.12,
        "Plan Rows": 3333,
        "Plan Width": 65,
        "Group Key": [
          "supplier.s_address",
          "supplier.s_phone"
        ],
        "Filter": "(sum(1) >= 70)",
        "Planned Partitions": 0,
        "Plans": [
          {
            "Node Type": "Nested Loop",
            "Parent Relationship": "Outer",
            "Parallel Aware": false,
            "Async Capable": false,
            "Join Type": "Inner",
            "Startup Cost": 0.0,
            "Total Cost": 21585.12,
            "Plan Rows": 1700000,
            "Plan Width": 49,
            "Inner Unique": false,
            "Plans": [
              {
                "Node Type": "Seq Scan",
                "Parent Relationship": "Outer",
                "Parallel Aware": false,
                "Async Capable": false,
                "Relation Name": "supplier",
                "Alias": "supplier",
                "Startup Cost": 0.0,
                "Total Cost": 323.0,
                "Plan Rows": 10000,
                "Plan Width": 49
              },
              {
                "Node Type": "Materialize",
                "Parent Relationship": "Inner",
                "Parallel Aware": false,
                "Async Capable": false,
                "Startup Cost": 0.0,
                "Total Cost": 12.55,
                "Plan Rows": 170,
                "Plan Width": 0,
                "Plans": [
                  {
                    "Node Type": "Seq Scan",
                    "Parent Relationship": "Outer",
                    "Parallel Aware": false,
                    "Async Capable": false,
                    "Relation Name": "region",
                    "Alias": "region",
                    "Startup Cost": 0.0,
                    "Total Cost": 11.7,
                    "Plan Rows": 170,
                    "Plan Width": 0
                  }
                ]
              }
            ]
          }
        ]
      }
    },
    "optimal_engine": "postgres",
    "speedup_ratio": 1.1622120430915814
  },
  {
    "timestamp": "2025-09-12T09:41:13.368553",
    "dataset": "tpch_sf1",
    "query_type": "AP",
    "query_index": 32,
    "query_text": "SELECT VARIANCE(\"orders\".\"o_totalprice\"), COUNT(*) FROM \"orders\" LEFT JOIN \"customer\" ON \"orders\".\"o_custkey\" = \"customer\".\"c_custkey\" GROUP BY \"customer\".\"c_address\", \"orders\".\"o_orderstatus\", \"customer\".\"c_phone\";",
    "postgres_time_ms": 3598.287566972431,
    "duckdb_time_ms": 848.1281519634649,
    "log_time_difference": 1.4451815884611086,
    "postgres_plan": {
      "Plan": {
        "Node Type": "Aggregate",
        "Strategy": "Sorted",
        "Partial Mode": "Finalize",
        "Parallel Aware": false,
        "Async Capable": false,
        "Startup Cost": 121564.12,
        "Total Cost": 259571.45,
        "Plan Rows": 450000,
        "Plan Width": 84,
        "Group Key": [
          "customer.c_address",
          "orders.o_orderstatus",
          "customer.c_phone"
        ],
        "Plans": [
          {
            "Node Type": "Gather Merge",
            "Parent Relationship": "Outer",
            "Parallel Aware": false,
            "Async Capable": false,
            "Startup Cost": 121564.12,
            "Total Cost": 240446.45,
            "Plan Rows": 900000,
            "Plan Width": 84,
            "Workers Planned": 2,
            "Plans": [
              {
                "Node Type": "Aggregate",
                "Strategy": "Sorted",
                "Partial Mode": "Partial",
                "Parent Relationship": "Outer",
                "Parallel Aware": false,
                "Async Capable": false,
                "Startup Cost": 120564.1,
                "Total Cost": 135564.1,
                "Plan Rows": 450000,
                "Plan Width": 84,
                "Group Key": [
                  "customer.c_address",
                  "orders.o_orderstatus",
                  "customer.c_phone"
                ],
                "Plans": [
                  {
                    "Node Type": "Sort",
                    "Parent Relationship": "Outer",
                    "Parallel Aware": false,
                    "Async Capable": false,
                    "Startup Cost": 120564.1,
                    "Total Cost": 122126.6,
                    "Plan Rows": 625000,
                    "Plan Width": 52,
                    "Sort Key": [
                      "customer.c_address",
                      "orders.o_orderstatus",
                      "customer.c_phone"
                    ],
                    "Plans": [
                      {
                        "Node Type": "Hash Join",
                        "Parent Relationship": "Outer",
                        "Parallel Aware": true,
                        "Async Capable": false,
                        "Join Type": "Left",
                        "Startup Cost": 5006.25,
                        "Total Cost": 39032.92,
                        "Plan Rows": 625000,
                        "Plan Width": 52,
                        "Inner Unique": true,
                        "Hash Cond": "(orders.o_custkey = customer.c_custkey)",
                        "Plans": [
                          {
                            "Node Type": "Seq Scan",
                            "Parent Relationship": "Outer",
                            "Parallel Aware": true,
                            "Async Capable": false,
                            "Relation Name": "orders",
                            "Alias": "orders",
                            "Startup Cost": 0.0,
                            "Total Cost": 32386.0,
                            "Plan Rows": 625000,
                            "Plan Width": 14
                          },
                          {
                            "Node Type": "Hash",
                            "Parent Relationship": "Inner",
                            "Parallel Aware": true,
                            "Async Capable": false,
                            "Startup Cost": 4225.0,
                            "Total Cost": 4225.0,
                            "Plan Rows": 62500,
                            "Plan Width": 46,
                            "Plans": [
                              {
                                "Node Type": "Seq Scan",
                                "Parent Relationship": "Outer",
                                "Parallel Aware": true,
                                "Async Capable": false,
                                "Relation Name": "customer",
                                "Alias": "customer",
                                "Startup Cost": 0.0,
                                "Total Cost": 4225.0,
                                "Plan Rows": 62500,
                                "Plan Width": 46
                              }
                            ]
                          }
                        ]
                      }
                    ]
                  }
                ]
              }
            ]
          }
        ]
      }
    },
    "optimal_engine": "duckdb",
    "speedup_ratio": 4.242622484163732
  },
  {
    "timestamp": "2025-09-12T09:42:15.996760",
    "dataset": "tpch_sf1",
    "query_type": "AP",
    "query_index": 36,
    "query_text": "SELECT STDDEV(\"part\".\"p_retailprice\"), AVG(\"part\".\"p_retailprice\"), AVG(\"nation\".\"n_regionkey\") FROM \"part\" CROSS JOIN \"nation\" WHERE \"nation\".\"n_regionkey\" != 2 GROUP BY \"part\".\"p_container\", \"nation\".\"n_comment\", \"part\".\"p_type\" ORDER BY COUNT(*) DESC;",
    "postgres_time_ms": 1284.0623640222475,
    "duckdb_time_ms": 1304.885566001758,
    "log_time_difference": -0.016086573843155205,
    "postgres_plan": {
      "Plan": {
        "Node Type": "Custom Scan",
        "Custom Plan Provider": "DuckDBScan",
        "Parallel Aware": false,
        "Async Capable": false,
        "Startup Cost": 0.0,
        "Total Cost": 0.0,
        "Plan Rows": 0,
        "Plan Width": 0,
        "DuckDB Execution Plan": [
          {
            "name": "ORDER_BY",
            "children": [
              {
                "name": "PROJECTION",
                "children": [
                  {
                    "name": "HASH_GROUP_BY",
                    "children": [
                      {
                        "name": "PROJECTION",
                        "children": [
                          {
                            "name": "CROSS_PRODUCT",
                            "children": [
                              {
                                "name": "PGDUCKDB_POSTGRES_SCAN ",
                                "children": [],
                                "extra_info": {
                                  "Table": "part",
                                  "Projections": [
                                    "p_container",
                                    "p_type",
                                    "p_retailprice"
                                  ],
                                  "Estimated Cardinality": "200000"
                                }
                              },
                              {
                                "name": "PGDUCKDB_POSTGRES_SCAN ",
                                "children": [],
                                "extra_info": {
                                  "Table": "nation",
                                  "Projections": [
                                    "n_regionkey",
                                    "n_comment"
                                  ],
                                  "Filters": "n_regionkey!=2",
                                  "Estimated Cardinality": "34"
                                }
                              }
                            ],
                            "extra_info": {}
                          }
                        ],
                        "extra_info": {
                          "Projections": [
                            "p_container",
                            "n_comment",
                            "p_type",
                            "CAST(p_retailprice AS DOUBLE)",
                            "p_retailprice",
                            "n_regionkey"
                          ],
                          "Estimated Cardinality": "6800000"
                        }
                      }
                    ],
                    "extra_info": {
                      "Groups": [
                        "#0",
                        "#1",
                        "#2"
                      ],
                      "Aggregates": [
                        "stddev(#3)",
                        "avg(#4)",
                        "avg(#5)",
                        "count_star()"
                      ],
                      "Estimated Cardinality": "6800000"
                    }
                  }
                ],
                "extra_info": {
                  "Projections": [
                    "stddev",
                    "avg",
                    "avg",
                    "count_star()"
                  ],
                  "Estimated Cardinality": "6800000"
                }
              }
            ],
            "extra_info": {
              "Order By": "#3 DESC"
            }
          }
        ]
      }
    },
    "optimal_engine": "postgres",
    "speedup_ratio": 1.0162166593795983
  },
  {
    "timestamp": "2025-09-12T09:43:19.079268",
    "dataset": "tpch_sf1",
    "query_type": "AP",
    "query_index": 48,
    "query_text": "SELECT AVG(\"supplier\".\"s_nationkey\"), AVG(\"supplier\".\"s_suppkey\"), SUM(\"supplier\".\"s_nationkey\"), MAX(\"region\".\"r_regionkey\"), COUNT(*) FROM \"region\" CROSS JOIN \"supplier\" WHERE \"supplier\".\"s_comment\" LIKE '%i%' AND \"supplier\".\"s_comment\" IS NULL AND \"region\".\"r_regionkey\" > 4 AND \"supplier\".\"s_nationkey\" <= 1 AND \"supplier\".\"s_nationkey\" IS NULL AND \"supplier\".\"s_phone\" LIKE '%e%' ORDER BY COUNT(*) ASC LIMIT 100;",
    "postgres_time_ms": 14.65820602606982,
    "duckdb_time_ms": 13.05504800984636,
    "log_time_difference": 0.1158254372917046,
    "postgres_plan": {
      "Plan": {
        "Node Type": "Custom Scan",
        "Custom Plan Provider": "DuckDBScan",
        "Parallel Aware": false,
        "Async Capable": false,
        "Startup Cost": 0.0,
        "Total Cost": 0.0,
        "Plan Rows": 0,
        "Plan Width": 0,
        "DuckDB Execution Plan": [
          {
            "name": "TOP_N",
            "children": [
              {
                "name": "UNGROUPED_AGGREGATE",
                "children": [
                  {
                    "name": "PROJECTION",
                    "children": [
                      {
                        "name": "CROSS_PRODUCT",
                        "children": [
                          {
                            "name": "PGDUCKDB_POSTGRES_SCAN ",
                            "children": [],
                            "extra_info": {
                              "Table": "supplier",
                              "Projections": [
                                "s_nationkey",
                                "s_suppkey"
                              ],
                              "Filters": [
                                "like_escape(s_comment, '%i%', '\\') AND (s_comment IS NULL)",
                                "s_nationkey<=1 AND (s_nationkey IS NULL)",
                                "like_escape(s_phone, '%e%', '\\')"
                              ],
                              "Estimated Cardinality": "2000"
                            }
                          },
                          {
                            "name": "PGDUCKDB_POSTGRES_SCAN ",
                            "children": [],
                            "extra_info": {
                              "Table": "region",
                              "Projections": "r_regionkey",
                              "Filters": "r_regionkey>4",
                              "Estimated Cardinality": "34"
                            }
                          }
                        ],
                        "extra_info": {}
                      }
                    ],
                    "extra_info": {
                      "Projections": [
                        "s_nationkey",
                        "s_suppkey",
                        "s_nationkey",
                        "r_regionkey"
                      ],
                      "Estimated Cardinality": "68000"
                    }
                  }
                ],
                "extra_info": {
                  "Aggregates": [
                    "avg(#0)",
                    "avg(#1)",
                    "sum(#2)",
                    "max(#3)",
                    "count_star()"
                  ]
                }
              }
            ],
            "extra_info": {
              "Top": "100",
              "Order By": "count_star() ASC"
            }
          }
        ]
      }
    },
    "optimal_engine": "duckdb",
    "speedup_ratio": 1.1227998560414583
  },
  {
    "timestamp": "2025-09-12T09:43:19.140277",
    "dataset": "tpch_sf1",
    "query_type": "AP",
    "query_index": 49,
    "query_text": "SELECT AVG(\"part\".\"p_partkey\"), AVG(\"part\".\"p_retailprice\"), COUNT(*) FROM \"part\" CROSS JOIN \"customer\" WHERE \"customer\".\"c_address\" LIKE '%u%' AND \"part\".\"p_mfgr\" LIKE '%o%' AND \"part\".\"p_partkey\" > 187640 AND \"customer\".\"c_mktsegment\" = 'FURNITURE ' LIMIT 10;",
    "postgres_time_ms": 6.131854024715722,
    "duckdb_time_ms": 53.32301597809419,
    "log_time_difference": -2.162870902208023,
    "postgres_plan": {
      "Plan": {
        "Node Type": "Limit",
        "Parallel Aware": false,
        "Async Capable": false,
        "Startup Cost": 6650.12,
        "Total Cost": 6650.13,
        "Plan Rows": 1,
        "Plan Width": 72,
        "Plans": [
          {
            "Node Type": "Aggregate",
            "Strategy": "Plain",
            "Partial Mode": "Simple",
            "Parent Relationship": "Outer",
            "Parallel Aware": false,
            "Async Capable": false,
            "Startup Cost": 6650.12,
            "Total Cost": 6650.13,
            "Plan Rows": 1,
            "Plan Width": 72,
            "Plans": [
              {
                "Node Type": "Nested Loop",
                "Parent Relationship": "Outer",
                "Parallel Aware": false,
                "Async Capable": false,
                "Join Type": "Inner",
                "Startup Cost": 0.42,
                "Total Cost": 6586.78,
                "Plan Rows": 8445,
                "Plan Width": 10,
                "Inner Unique": false,
                "Plans": [
                  {
                    "Node Type": "Index Scan",
                    "Parent Relationship": "Outer",
                    "Parallel Aware": false,
                    "Async Capable": false,
                    "Scan Direction": "Forward",
                    "Index Name": "part_pkey",
                    "Relation Name": "part",
                    "Alias": "part",
                    "Startup Cost": 0.42,
                    "Total Cost": 652.33,
                    "Plan Rows": 1,
                    "Plan Width": 10,
                    "Index Cond": "(p_partkey > 187640)",
                    "Filter": "(p_mfgr ~~ '%o%'::text)"
                  },
                  {
                    "Node Type": "Seq Scan",
                    "Parent Relationship": "Inner",
                    "Parallel Aware": false,
                    "Async Capable": false,
                    "Relation Name": "customer",
                    "Alias": "customer",
                    "Startup Cost": 0.0,
                    "Total Cost": 5850.0,
                    "Plan Rows": 8445,
                    "Plan Width": 0,
                    "Filter": "(((c_address)::text ~~ '%u%'::text) AND (c_mktsegment = 'FURNITURE '::bpchar))"
                  }
                ]
              }
            ]
          }
        ]
      }
    },
    "optimal_engine": "postgres",
    "speedup_ratio": 8.696067415037053
  },
  {
    "timestamp": "2025-09-12T09:43:19.228351",
    "dataset": "tpch_sf1",
    "query_type": "AP",
    "query_index": 51,
    "query_text": "SELECT SUM(\"orders\".\"o_shippriority\"), COUNT(*), STDDEV(\"orders\".\"o_orderkey\"), MIN(\"partsupp\".\"ps_availqty\"), MAX(\"customer\".\"c_acctbal\") FROM \"partsupp\" CROSS JOIN \"orders\" INNER JOIN \"customer\" ON \"orders\".\"o_custkey\" = \"customer\".\"c_custkey\" LEFT JOIN \"supplier\" ON \"partsupp\".\"ps_suppkey\" = \"supplier\".\"s_suppkey\" WHERE \"partsupp\".\"ps_availqty\" != 1 AND \"orders\".\"o_orderstatus\" LIKE '%u%' AND \"orders\".\"o_custkey\" = 1 ORDER BY COUNT(*) DESC LIMIT 100;",
    "postgres_time_ms": 0.6611659773625433,
    "duckdb_time_ms": 85.241328983102,
    "log_time_difference": -4.859236768436028,
    "postgres_plan": {
      "Plan": {
        "Node Type": "Limit",
        "Parallel Aware": false,
        "Async Capable": false,
        "Startup Cost": 45639.44,
        "Total Cost": 45639.44,
        "Plan Rows": 1,
        "Plan Width": 84,
        "Plans": [
          {
            "Node Type": "Sort",
            "Parent Relationship": "Outer",
            "Parallel Aware": false,
            "Async Capable": false,
            "Startup Cost": 45639.44,
            "Total Cost": 45639.44,
            "Plan Rows": 1,
            "Plan Width": 84,
            "Sort Key": [
              "(count(*)) DESC"
            ],
            "Plans": [
              {
                "Node Type": "Aggregate",
                "Strategy": "Plain",
                "Partial Mode": "Simple",
                "Parent Relationship": "Outer",
                "Parallel Aware": false,
                "Async Capable": false,
                "Startup Cost": 45639.42,
                "Total Cost": 45639.43,
                "Plan Rows": 1,
                "Plan Width": 84,
                "Plans": [
                  {
                    "Node Type": "Nested Loop",
                    "Parent Relationship": "Outer",
                    "Parallel Aware": false,
                    "Async Capable": false,
                    "Join Type": "Inner",
                    "Startup Cost": 0.85,
                    "Total Cost": 35640.41,
                    "Plan Rows": 799920,
                    "Plan Width": 18,
                    "Inner Unique": false,
                    "Plans": [
                      {
                        "Node Type": "Nested Loop",
                        "Parent Relationship": "Outer",
                        "Parallel Aware": false,
                        "Async Capable": false,
                        "Join Type": "Inner",
                        "Startup Cost": 0.85,
                        "Total Cost": 81.21,
                        "Plan Rows": 1,
                        "Plan Width": 14,
                        "Inner Unique": false,
                        "Plans": [
                          {
                            "Node Type": "Index Scan",
                            "Parent Relationship": "Outer",
                            "Parallel Aware": false,
                            "Async Capable": false,
                            "Scan Direction": "Forward",
                            "Index Name": "idx_orders_cust",
                            "Relation Name": "orders",
                            "Alias": "orders",
                            "Startup Cost": 0.43,
                            "Total Cost": 72.77,
                            "Plan Rows": 1,
                            "Plan Width": 12,
                            "Index Cond": "(o_custkey = 1)",
                            "Filter": "(o_orderstatus ~~ '%u%'::text)"
                          },
                          {
                            "Node Type": "Index Scan",
                            "Parent Relationship": "Inner",
                            "Parallel Aware": false,
                            "Async Capable": false,
                            "Scan Direction": "Forward",
                            "Index Name": "customer_pkey",
                            "Relation Name": "customer",
                            "Alias": "customer",
                            "Startup Cost": 0.42,
                            "Total Cost": 8.44,
                            "Plan Rows": 1,
                            "Plan Width": 10,
                            "Index Cond": "(c_custkey = 1)"
                          }
                        ]
                      },
                      {
                        "Node Type": "Seq Scan",
                        "Parent Relationship": "Inner",
                        "Parallel Aware": false,
                        "Async Capable": false,
                        "Relation Name": "partsupp",
                        "Alias": "partsupp",
                        "Startup Cost": 0.0,
                        "Total Cost": 27560.0,
                        "Plan Rows": 799920,
                        "Plan Width": 8,
                        "Filter": "(ps_availqty <> 1)"
                      }
                    ]
                  }
                ]
              }
            ]
          }
        ]
      }
    },
    "optimal_engine": "postgres",
    "speedup_ratio": 128.92576433399992
  },
  {
    "timestamp": "2025-09-12T09:44:24.997264",
    "dataset": "tpch_sf1",
    "query_type": "AP",
    "query_index": 59,
    "query_text": "SELECT STDDEV(\"orders\".\"o_orderkey\") FROM \"orders\" WHERE \"orders\".\"o_orderstatus\" = 'O' AND \"orders\".\"o_comment\" != ' about the accounts' AND \"orders\".\"o_shippriority\" <= 0 GROUP BY \"orders\".\"o_orderstatus\", \"orders\".\"o_comment\" ORDER BY COUNT(*) ASC;",
    "postgres_time_ms": 769.8999919812195,
    "duckdb_time_ms": 626.1106499587186,
    "log_time_difference": 0.20673351326569797,
    "postgres_plan": {
      "Plan": {
        "Node Type": "Custom Scan",
        "Custom Plan Provider": "DuckDBScan",
        "Parallel Aware": false,
        "Async Capable": false,
        "Startup Cost": 0.0,
        "Total Cost": 0.0,
        "Plan Rows": 0,
        "Plan Width": 0,
        "DuckDB Execution Plan": [
          {
            "name": "ORDER_BY",
            "children": [
              {
                "name": "PROJECTION",
                "children": [
                  {
                    "name": "HASH_GROUP_BY",
                    "children": [
                      {
                        "name": "PROJECTION",
                        "children": [
                          {
                            "name": "PGDUCKDB_POSTGRES_SCAN ",
                            "children": [],
                            "extra_info": {
                              "Table": "orders",
                              "Projections": [
                                "o_orderstatus",
                                "o_comment",
                                "o_orderkey"
                              ],
                              "Filters": [
                                "o_orderstatus='O'",
                                "o_comment!=' about the accounts'",
                                "o_shippriority<=0"
                              ],
                              "Estimated Cardinality": "300000"
                            }
                          }
                        ],
                        "extra_info": {
                          "Projections": [
                            "o_orderstatus",
                            "o_comment",
                            "CAST(o_orderkey AS DOUBLE)"
                          ],
                          "Estimated Cardinality": "300000"
                        }
                      }
                    ],
                    "extra_info": {
                      "Groups": [
                        "#0",
                        "#1"
                      ],
                      "Aggregates": [
                        "stddev(#2)",
                        "count_star()"
                      ],
                      "Estimated Cardinality": "299999"
                    }
                  }
                ],
                "extra_info": {
                  "Projections": [
                    "stddev",
                    "count_star()"
                  ],
                  "Estimated Cardinality": "299999"
                }
              }
            ],
            "extra_info": {
              "Order By": "#1 ASC"
            }
          }
        ]
      }
    },
    "optimal_engine": "duckdb",
    "speedup_ratio": 1.2296548414117878
  },
  {
    "timestamp": "2025-09-12T09:44:25.004785",
    "dataset": "tpch_sf1",
    "query_type": "AP",
    "query_index": 62,
    "query_text": "SELECT VARIANCE(\"region\".\"r_regionkey\"), AVG(\"partsupp\".\"ps_suppkey\"), SUM(\"part\".\"p_size\") FROM \"partsupp\" LEFT JOIN \"part\" ON \"partsupp\".\"ps_partkey\" = \"part\".\"p_partkey\" CROSS JOIN \"region\" WHERE \"partsupp\".\"ps_comment\" != 'about the accounts. careful platelets are across the furiously bold packages. quickly ironic packages wake. instructions believe slyly careful requests. fluffily final p' AND \"partsupp\".\"ps_partkey\" = 200000 AND \"part\".\"p_partkey\" < 81539 AND \"partsupp\".\"ps_supplycost\" >= 145.3547972217465 AND \"partsupp\".\"ps_suppkey\" < 4003 ORDER BY COUNT(*) DESC LIMIT 10;",
    "postgres_time_ms": 0.6132529815658927,
    "duckdb_time_ms": 3.8885819958522916,
    "log_time_difference": -1.84702229963298,
    "postgres_plan": {
      "Plan": {
        "Node Type": "Limit",
        "Parallel Aware": false,
        "Async Capable": false,
        "Startup Cost": 32.1,
        "Total Cost": 32.11,
        "Plan Rows": 1,
        "Plan Width": 80,
        "Plans": [
          {
            "Node Type": "Sort",
            "Parent Relationship": "Outer",
            "Parallel Aware": false,
            "Async Capable": false,
            "Startup Cost": 32.1,
            "Total Cost": 32.11,
            "Plan Rows": 1,
            "Plan Width": 80,
            "Sort Key": [
              "(count(*)) DESC"
            ],
            "Plans": [
              {
                "Node Type": "Aggregate",
                "Strategy": "Plain",
                "Partial Mode": "Simple",
                "Parent Relationship": "Outer",
                "Parallel Aware": false,
                "Async Capable": false,
                "Startup Cost": 32.08,
                "Total Cost": 32.09,
                "Plan Rows": 1,
                "Plan Width": 80,
                "Plans": [
                  {
                    "Node Type": "Nested Loop",
                    "Parent Relationship": "Outer",
                    "Parallel Aware": false,
                    "Async Capable": false,
                    "Join Type": "Inner",
                    "Startup Cost": 0.84,
                    "Total Cost": 30.38,
                    "Plan Rows": 170,
                    "Plan Width": 12,
                    "Inner Unique": false,
                    "Plans": [
                      {
                        "Node Type": "Nested Loop",
                        "Parent Relationship": "Outer",
                        "Parallel Aware": false,
                        "Async Capable": false,
                        "Join Type": "Inner",
                        "Startup Cost": 0.84,
                        "Total Cost": 16.98,
                        "Plan Rows": 1,
                        "Plan Width": 8,
                        "Inner Unique": false,
                        "Plans": [
                          {
                            "Node Type": "Index Scan",
                            "Parent Relationship": "Outer",
                            "Parallel Aware": false,
                            "Async Capable": false,
                            "Scan Direction": "Forward",
                            "Index Name": "idx_partsupp_part",
                            "Relation Name": "partsupp",
                            "Alias": "partsupp",
                            "Startup Cost": 0.42,
                            "Total Cost": 8.53,
                            "Plan Rows": 1,
                            "Plan Width": 8,
                            "Index Cond": "(ps_partkey = 200000)",
                            "Filter": "(((ps_comment)::text <> 'about the accounts. careful platelets are across the furiously bold packages. quickly ironic packages wake. instructions believe slyly careful requests. fluffily final p'::text) AND (ps_supplycost >= 145.3547972217465) AND (ps_suppkey < 4003))"
                          },
                          {
                            "Node Type": "Index Scan",
                            "Parent Relationship": "Inner",
                            "Parallel Aware": false,
                            "Async Capable": false,
                            "Scan Direction": "Forward",
                            "Index Name": "part_pkey",
                            "Relation Name": "part",
                            "Alias": "part",
                            "Startup Cost": 0.42,
                            "Total Cost": 8.44,
                            "Plan Rows": 1,
                            "Plan Width": 8,
                            "Index Cond": "((p_partkey < 81539) AND (p_partkey = 200000))"
                          }
                        ]
                      },
                      {
                        "Node Type": "Seq Scan",
                        "Parent Relationship": "Inner",
                        "Parallel Aware": false,
                        "Async Capable": false,
                        "Relation Name": "region",
                        "Alias": "region",
                        "Startup Cost": 0.0,
                        "Total Cost": 11.7,
                        "Plan Rows": 170,
                        "Plan Width": 4
                      }
                    ]
                  }
                ]
              }
            ]
          }
        ]
      }
    },
    "optimal_engine": "postgres",
    "speedup_ratio": 6.340910053014511
  },
  {
    "timestamp": "2025-09-12T09:46:45.626612",
    "dataset": "tpch_sf1",
    "query_type": "AP",
    "query_index": 68,
    "query_text": "SELECT SUM(\"partsupp\".\"ps_availqty\"), MAX(\"partsupp\".\"ps_partkey\"), VARIANCE(\"partsupp\".\"ps_partkey\"), VARIANCE(\"partsupp\".\"ps_supplycost\"), MIN(\"supplier\".\"s_acctbal\") FROM \"supplier\" JOIN \"partsupp\" ON \"supplier\".\"s_suppkey\" = \"partsupp\".\"ps_suppkey\" WHERE \"partsupp\".\"ps_partkey\" >= 80036 AND \"partsupp\".\"ps_partkey\" IS NOT NULL AND \"supplier\".\"s_address\" LIKE '%o%' AND \"supplier\".\"s_name\" != 'Supplier#000008133       ' AND \"supplier\".\"s_comment\" LIKE '%u%' ORDER BY COUNT(*) DESC;",
    "postgres_time_ms": 204.05106397811323,
    "duckdb_time_ms": 172.3142840201035,
    "log_time_difference": 0.16905023400954994,
    "postgres_plan": {
      "Plan": {
        "Node Type": "Custom Scan",
        "Custom Plan Provider": "DuckDBScan",
        "Parallel Aware": false,
        "Async Capable": false,
        "Startup Cost": 0.0,
        "Total Cost": 0.0,
        "Plan Rows": 0,
        "Plan Width": 0,
        "DuckDB Execution Plan": [
          {
            "name": "ORDER_BY",
            "children": [
              {
                "name": "UNGROUPED_AGGREGATE",
                "children": [
                  {
                    "name": "PROJECTION",
                    "children": [
                      {
                        "name": "HASH_JOIN",
                        "children": [
                          {
                            "name": "PGDUCKDB_POSTGRES_SCAN ",
                            "children": [],
                            "extra_info": {
                              "Table": "partsupp",
                              "Projections": [
                                "ps_suppkey",
                                "ps_partkey",
                                "ps_availqty",
                                "ps_supplycost"
                              ],
                              "Filters": "ps_partkey>=80036 AND (ps_partkey IS NOT NULL)",
                              "Estimated Cardinality": "160000"
                            }
                          },
                          {
                            "name": "PGDUCKDB_POSTGRES_SCAN ",
                            "children": [],
                            "extra_info": {
                              "Table": "supplier",
                              "Projections": [
                                "s_suppkey",
                                "s_acctbal"
                              ],
                              "Filters": [
                                "like_escape(s_address, '%o%', '\\')",
                                "s_name!='Supplier#000008133       '",
                                "like_escape(s_comment, '%u%', '\\')"
                              ],
                              "Estimated Cardinality": "2000"
                            }
                          }
                        ],
                        "extra_info": {
                          "Join Type": "INNER",
                          "Conditions": "ps_suppkey = s_suppkey",
                          "Estimated Cardinality": "32000"
                        }
                      }
                    ],
                    "extra_info": {
                      "Projections": [
                        "ps_availqty",
                        "ps_partkey",
                        "CAST(ps_partkey AS DOUBLE)",
                        "CAST(ps_supplycost AS DOUBLE)",
                        "s_acctbal"
                      ],
                      "Estimated Cardinality": "32000"
                    }
                  }
                ],
                "extra_info": {
                  "Aggregates": [
                    "sum(#0)",
                    "max(#1)",
                    "variance(#2)",
                    "variance(#3)",
                    "min(#4)",
                    "count_star()"
                  ]
                }
              }
            ],
            "extra_info": {
              "Order By": "#5 DESC"
            }
          }
        ]
      }
    },
    "optimal_engine": "duckdb",
    "speedup_ratio": 1.1841796235203987
  },
  {
    "timestamp": "2025-09-12T09:47:46.539567",
    "dataset": "tpch_sf1",
    "query_type": "AP",
    "query_index": 75,
    "query_text": "SELECT COUNT(*), COUNT(*), AVG(\"customer\".\"c_custkey\") FROM \"orders\" CROSS JOIN \"region\" INNER JOIN \"customer\" ON \"orders\".\"o_custkey\" = \"customer\".\"c_custkey\" INNER JOIN \"nation\" ON \"region\".\"r_regionkey\" = \"nation\".\"n_regionkey\" WHERE \"nation\".\"n_comment\" LIKE '%i%' AND \"nation\".\"n_name\" = 'INDONESIA                ';",
    "postgres_time_ms": 283.1827100017108,
    "duckdb_time_ms": 255.1935079973191,
    "log_time_difference": 0.10407019543687152,
    "postgres_plan": {
      "Plan": {
        "Node Type": "Custom Scan",
        "Custom Plan Provider": "DuckDBScan",
        "Parallel Aware": false,
        "Async Capable": false,
        "Startup Cost": 0.0,
        "Total Cost": 0.0,
        "Plan Rows": 0,
        "Plan Width": 0,
        "DuckDB Execution Plan": [
          {
            "name": "PROJECTION",
            "children": [
              {
                "name": "UNGROUPED_AGGREGATE",
                "children": [
                  {
                    "name": "PROJECTION",
                    "children": [
                      {
                        "name": "HASH_JOIN",
                        "children": [
                          {
                            "name": "PGDUCKDB_POSTGRES_SCAN ",
                            "children": [],
                            "extra_info": {
                              "Table": "orders",
                              "Projections": "o_custkey",
                              "Estimated Cardinality": "1500000"
                            }
                          },
                          {
                            "name": "CROSS_PRODUCT",
                            "children": [
                              {
                                "name": "PGDUCKDB_POSTGRES_SCAN ",
                                "children": [],
                                "extra_info": {
                                  "Table": "customer",
                                  "Projections": "c_custkey",
                                  "Estimated Cardinality": "150000"
                                }
                              },
                              {
                                "name": "HASH_JOIN",
                                "children": [
                                  {
                                    "name": "PGDUCKDB_POSTGRES_SCAN ",
                                    "children": [],
                                    "extra_info": {
                                      "Table": "region",
                                      "Projections": "r_regionkey",
                                      "Estimated Cardinality": "170"
                                    }
                                  },
                                  {
                                    "name": "PGDUCKDB_POSTGRES_SCAN ",
                                    "children": [],
                                    "extra_info": {
                                      "Table": "nation",
                                      "Projections": "n_regionkey",
                                      "Filters": [
                                        "like_escape(n_comment, '%i%', '\\')",
                                        "n_name='INDONESIA                '"
                                      ],
                                      "Estimated Cardinality": "34"
                                    }
                                  }
                                ],
                                "extra_info": {
                                  "Join Type": "INNER",
                                  "Conditions": "r_regionkey = n_regionkey",
                                  "Estimated Cardinality": "34"
                                }
                              }
                            ],
                            "extra_info": {}
                          }
                        ],
                        "extra_info": {
                          "Join Type": "INNER",
                          "Conditions": "o_custkey = c_custkey",
                          "Estimated Cardinality": "1500000"
                        }
                      }
                    ],
                    "extra_info": {
                      "Projections": "c_custkey",
                      "Estimated Cardinality": "1500000"
                    }
                  }
                ],
                "extra_info": {
                  "Aggregates": [
                    "count_star()",
                    "avg(#0)"
                  ]
                }
              }
            ],
            "extra_info": {
              "Projections": [
                "count",
                "count",
                "avg"
              ],
              "Estimated Cardinality": "1"
            }
          }
        ]
      }
    },
    "optimal_engine": "duckdb",
    "speedup_ratio": 1.1096783465380544
  },
  {
    "timestamp": "2025-09-12T09:47:46.887880",
    "dataset": "tpch_sf1",
    "query_type": "AP",
    "query_index": 77,
    "query_text": "SELECT STDDEV(\"supplier\".\"s_nationkey\") FROM \"supplier\" LEFT JOIN \"partsupp\" ON \"supplier\".\"s_suppkey\" = \"partsupp\".\"ps_suppkey\" WHERE \"partsupp\".\"ps_supplycost\" != 1.0;",
    "postgres_time_ms": 136.99102000100538,
    "duckdb_time_ms": 209.039505047258,
    "log_time_difference": -0.4226078772258916,
    "postgres_plan": {
      "Plan": {
        "Node Type": "Aggregate",
        "Strategy": "Plain",
        "Partial Mode": "Finalize",
        "Parallel Aware": false,
        "Async Capable": false,
        "Startup Cost": 24883.58,
        "Total Cost": 24883.59,
        "Plan Rows": 1,
        "Plan Width": 32,
        "Plans": [
          {
            "Node Type": "Gather",
            "Parent Relationship": "Outer",
            "Parallel Aware": false,
            "Async Capable": false,
            "Startup Cost": 24883.35,
            "Total Cost": 24883.56,
            "Plan Rows": 2,
            "Plan Width": 32,
            "Workers Planned": 2,
            "Single Copy": false,
            "Plans": [
              {
                "Node Type": "Aggregate",
                "Strategy": "Plain",
                "Partial Mode": "Partial",
                "Parent Relationship": "Outer",
                "Parallel Aware": false,
                "Async Capable": false,
                "Startup Cost": 23883.35,
                "Total Cost": 23883.36,
                "Plan Rows": 1,
                "Plan Width": 32,
                "Plans": [
                  {
                    "Node Type": "Hash Join",
                    "Parent Relationship": "Outer",
                    "Parallel Aware": false,
                    "Async Capable": false,
                    "Join Type": "Inner",
                    "Startup Cost": 448.0,
                    "Total Cost": 23050.03,
                    "Plan Rows": 333330,
                    "Plan Width": 4,
                    "Inner Unique": true,
                    "Hash Cond": "(partsupp.ps_suppkey = supplier.s_suppkey)",
                    "Plans": [
                      {
                        "Node Type": "Seq Scan",
                        "Parent Relationship": "Outer",
                        "Parallel Aware": true,
                        "Async Capable": false,
                        "Relation Name": "partsupp",
                        "Alias": "partsupp",
                        "Startup Cost": 0.0,
                        "Total Cost": 21726.67,
                        "Plan Rows": 333330,
                        "Plan Width": 4,
                        "Filter": "(ps_supplycost <> 1.0)"
                      },
                      {
                        "Node Type": "Hash",
                        "Parent Relationship": "Inner",
                        "Parallel Aware": false,
                        "Async Capable": false,
                        "Startup Cost": 323.0,
                        "Total Cost": 323.0,
                        "Plan Rows": 10000,
                        "Plan Width": 8,
                        "Plans": [
                          {
                            "Node Type": "Seq Scan",
                            "Parent Relationship": "Outer",
                            "Parallel Aware": false,
                            "Async Capable": false,
                            "Relation Name": "supplier",
                            "Alias": "supplier",
                            "Startup Cost": 0.0,
                            "Total Cost": 323.0,
                            "Plan Rows": 10000,
                            "Plan Width": 8
                          }
                        ]
                      }
                    ]
                  }
                ]
              }
            ]
          }
        ]
      }
    },
    "optimal_engine": "postgres",
    "speedup_ratio": 1.5259358244483752
  },
  {
    "timestamp": "2025-09-12T09:48:41.911674",
    "dataset": "tpch_sf1",
    "query_type": "AP",
    "query_index": 78,
    "query_text": "SELECT MAX(\"lineitem\".\"l_extendedprice\"), SUM(\"lineitem\".\"l_orderkey\") FROM \"partsupp\" CROSS JOIN \"nation\" JOIN \"part\" ON \"partsupp\".\"ps_partkey\" = \"part\".\"p_partkey\" LEFT JOIN \"lineitem\" ON \"partsupp\".\"ps_partkey\" = \"lineitem\".\"l_partkey\" INNER JOIN \"orders\" ON \"lineitem\".\"l_orderkey\" = \"orders\".\"o_orderkey\";",
    "postgres_time_ms": 30000,
    "duckdb_time_ms": 24717.624012962915,
    "log_time_difference": 0.19368086967256679,
    "postgres_plan": null,
    "optimal_engine": "duckdb",
    "speedup_ratio": 1.2137088898296533
  },
  {
    "timestamp": "2025-09-12T09:48:42.651400",
    "dataset": "tpch_sf1",
    "query_type": "AP",
    "query_index": 79,
    "query_text": "SELECT STDDEV(\"nation\".\"n_regionkey\"), STDDEV(\"orders\".\"o_shippriority\"), \"nation\".\"n_nationkey\", \"nation\".\"n_comment\" FROM \"orders\" CROSS JOIN \"nation\" WHERE \"nation\".\"n_comment\" = 'ts. silent requests haggle. closely express packages sleep across the blithely' GROUP BY \"nation\".\"n_nationkey\";",
    "postgres_time_ms": 380.551234993618,
    "duckdb_time_ms": 357.4434189940803,
    "log_time_difference": 0.0626437389339684,
    "postgres_plan": {
      "Plan": {
        "Node Type": "Aggregate",
        "Strategy": "Sorted",
        "Partial Mode": "Simple",
        "Parallel Aware": false,
        "Async Capable": false,
        "Startup Cost": 0.14,
        "Total Cost": 67437.13,
        "Plan Rows": 1,
        "Plan Width": 390,
        "Group Key": [
          "nation.n_nationkey"
        ],
        "Plans": [
          {
            "Node Type": "Nested Loop",
            "Parent Relationship": "Outer",
            "Parallel Aware": false,
            "Async Capable": false,
            "Join Type": "Inner",
            "Startup Cost": 0.14,
            "Total Cost": 56187.12,
            "Plan Rows": 1500000,
            "Plan Width": 334,
            "Inner Unique": false,
            "Plans": [
              {
                "Node Type": "Index Scan",
                "Parent Relationship": "Outer",
                "Parallel Aware": false,
                "Async Capable": false,
                "Scan Direction": "Forward",
                "Index Name": "nation_pkey",
                "Relation Name": "nation",
                "Alias": "nation",
                "Startup Cost": 0.14,
                "Total Cost": 51.12,
                "Plan Rows": 1,
                "Plan Width": 330,
                "Filter": "((n_comment)::text = 'ts. silent requests haggle. closely express packages sleep across the blithely'::text)"
              },
              {
                "Node Type": "Seq Scan",
                "Parent Relationship": "Inner",
                "Parallel Aware": false,
                "Async Capable": false,
                "Relation Name": "orders",
                "Alias": "orders",
                "Startup Cost": 0.0,
                "Total Cost": 41136.0,
                "Plan Rows": 1500000,
                "Plan Width": 4
              }
            ]
          }
        ]
      }
    },
    "optimal_engine": "duckdb",
    "speedup_ratio": 1.0646474792138232
  },
  {
    "timestamp": "2025-09-12T09:48:42.688490",
    "dataset": "tpch_sf1",
    "query_type": "AP",
    "query_index": 83,
    "query_text": "SELECT MAX(\"region\".\"r_regionkey\"), VARIANCE(\"customer\".\"c_custkey\"), VARIANCE(\"customer\".\"c_custkey\"), SUM(\"region\".\"r_regionkey\") FROM \"customer\" CROSS JOIN \"region\" WHERE \"region\".\"r_name\" LIKE '%i%' AND \"customer\".\"c_acctbal\" != 9999.99 AND \"region\".\"r_regionkey\" = 0 AND \"region\".\"r_comment\" LIKE '%e%' AND \"region\".\"r_comment\" IS NOT NULL AND \"region\".\"r_comment\" LIKE '%o%' GROUP BY \"region\".\"r_comment\" HAVING AVG(1) >= 47;",
    "postgres_time_ms": 0.46922999899834394,
    "duckdb_time_ms": 24.848842003848404,
    "log_time_difference": -3.9694733797766872,
    "postgres_plan": {
      "Plan": {
        "Node Type": "Aggregate",
        "Strategy": "Hashed",
        "Partial Mode": "Simple",
        "Parallel Aware": false,
        "Async Capable": false,
        "Startup Cost": 8858.15,
        "Total Cost": 8858.16,
        "Plan Rows": 1,
        "Plan Width": 398,
        "Group Key": [
          "region.r_comment"
        ],
        "Filter": "(avg(1) >= '47'::numeric)",
        "Planned Partitions": 0,
        "Plans": [
          {
            "Node Type": "Nested Loop",
            "Parent Relationship": "Outer",
            "Parallel Aware": false,
            "Async Capable": false,
            "Join Type": "Inner",
            "Startup Cost": 0.14,
            "Total Cost": 6983.16,
            "Plan Rows": 149999,
            "Plan Width": 330,
            "Inner Unique": false,
            "Plans": [
              {
                "Node Type": "Index Scan",
                "Parent Relationship": "Outer",
                "Parallel Aware": false,
                "Async Capable": false,
                "Scan Direction": "Forward",
                "Index Name": "region_pkey",
                "Relation Name": "region",
                "Alias": "region",
                "Startup Cost": 0.14,
                "Total Cost": 8.17,
                "Plan Rows": 1,
                "Plan Width": 326,
                "Index Cond": "(r_regionkey = 0)",
                "Filter": "((r_comment IS NOT NULL) AND (r_name ~~ '%i%'::text) AND ((r_comment)::text ~~ '%e%'::text) AND ((r_comment)::text ~~ '%o%'::text))"
              },
              {
                "Node Type": "Seq Scan",
                "Parent Relationship": "Inner",
                "Parallel Aware": false,
                "Async Capable": false,
                "Relation Name": "customer",
                "Alias": "customer",
                "Startup Cost": 0.0,
                "Total Cost": 5475.0,
                "Plan Rows": 149999,
                "Plan Width": 4,
                "Filter": "(c_acctbal <> 9999.99)"
              }
            ]
          }
        ]
      }
    },
    "optimal_engine": "postgres",
    "speedup_ratio": 52.95663545999348
  },
  {
    "timestamp": "2025-09-12T09:49:42.752095",
    "dataset": "tpch_sf1",
    "query_type": "AP",
    "query_index": 85,
    "query_text": "SELECT AVG(\"orders\".\"o_custkey\") FROM \"region\" CROSS JOIN \"orders\" WHERE \"region\".\"r_comment\" LIKE '%e%' AND \"region\".\"r_regionkey\" = 0 AND \"region\".\"r_regionkey\" < 4 AND \"region\".\"r_name\" LIKE '%u%';",
    "postgres_time_ms": 26.503742032218724,
    "duckdb_time_ms": 24.34690698282793,
    "log_time_difference": 0.08488111361815867,
    "postgres_plan": {
      "Plan": {
        "Node Type": "Custom Scan",
        "Custom Plan Provider": "DuckDBScan",
        "Parallel Aware": false,
        "Async Capable": false,
        "Startup Cost": 0.0,
        "Total Cost": 0.0,
        "Plan Rows": 0,
        "Plan Width": 0,
        "DuckDB Execution Plan": [
          {
            "name": "UNGROUPED_AGGREGATE",
            "children": [
              {
                "name": "PROJECTION",
                "children": [
                  {
                    "name": "CROSS_PRODUCT",
                    "children": [
                      {
                        "name": "PGDUCKDB_POSTGRES_SCAN ",
                        "children": [],
                        "extra_info": {
                          "Table": "orders",
                          "Projections": "o_custkey",
                          "Estimated Cardinality": "1500000"
                        }
                      },
                      {
                        "name": "PGDUCKDB_POSTGRES_SCAN ",
                        "children": [],
                        "extra_info": {
                          "Table": "region",
                          "Projections": "",
                          "Filters": [
                            "like_escape(r_comment, '%e%', '\\')",
                            "r_regionkey=0",
                            "like_escape(r_name, '%u%', '\\')"
                          ],
                          "Estimated Cardinality": "34"
                        }
                      }
                    ],
                    "extra_info": {}
                  }
                ],
                "extra_info": {
                  "Projections": "o_custkey",
                  "Estimated Cardinality": "51000000"
                }
              }
            ],
            "extra_info": {
              "Aggregates": "avg(#0)"
            }
          }
        ]
      }
    },
    "optimal_engine": "duckdb",
    "speedup_ratio": 1.0885876407591333
  },
  {
    "timestamp": "2025-09-12T09:49:43.720395",
    "dataset": "tpch_sf1",
    "query_type": "AP",
    "query_index": 87,
    "query_text": "SELECT STDDEV(\"partsupp\".\"ps_suppkey\"), SUM(\"customer\".\"c_acctbal\"), VARIANCE(\"part\".\"p_size\") FROM \"orders\" LEFT JOIN \"customer\" ON \"orders\".\"o_custkey\" = \"customer\".\"c_custkey\" CROSS JOIN \"partsupp\" JOIN \"part\" ON \"partsupp\".\"ps_partkey\" = \"part\".\"p_partkey\" LEFT JOIN \"nation\" ON \"customer\".\"c_nationkey\" = \"nation\".\"n_nationkey\" WHERE \"partsupp\".\"ps_availqty\" != 9999 AND \"partsupp\".\"ps_partkey\" <= 103865 AND \"orders\".\"o_totalprice\" = 857.71 ORDER BY COUNT(*) ASC LIMIT 100;",
    "postgres_time_ms": 336.4221890224144,
    "duckdb_time_ms": 628.379022993613,
    "log_time_difference": -0.6247766380534387,
    "postgres_plan": {
      "Plan": {
        "Node Type": "Limit",
        "Parallel Aware": false,
        "Async Capable": false,
        "Startup Cost": 64155.52,
        "Total Cost": 64155.53,
        "Plan Rows": 1,
        "Plan Width": 104,
        "Plans": [
          {
            "Node Type": "Sort",
            "Parent Relationship": "Outer",
            "Parallel Aware": false,
            "Async Capable": false,
            "Startup Cost": 64155.52,
            "Total Cost": 64155.53,
            "Plan Rows": 1,
            "Plan Width": 104,
            "Sort Key": [
              "(count(*))"
            ],
            "Plans": [
              {
                "Node Type": "Aggregate",
                "Strategy": "Plain",
                "Partial Mode": "Finalize",
                "Parent Relationship": "Outer",
                "Parallel Aware": false,
                "Async Capable": false,
                "Startup Cost": 64155.5,
                "Total Cost": 64155.51,
                "Plan Rows": 1,
                "Plan Width": 104,
                "Plans": [
                  {
                    "Node Type": "Gather",
                    "Parent Relationship": "Outer",
                    "Parallel Aware": false,
                    "Async Capable": false,
                    "Startup Cost": 64155.25,
                    "Total Cost": 64155.46,
                    "Plan Rows": 2,
                    "Plan Width": 104,
                    "Workers Planned": 2,
                    "Single Copy": false,
                    "Plans": [
                      {
                        "Node Type": "Aggregate",
                        "Strategy": "Plain",
                        "Partial Mode": "Partial",
                        "Parent Relationship": "Outer",
                        "Parallel Aware": false,
                        "Async Capable": false,
                        "Startup Cost": 63155.25,
                        "Total Cost": 63155.26,
                        "Plan Rows": 1,
                        "Plan Width": 104,
                        "Plans": [
                          {
                            "Node Type": "Hash Join",
                            "Parent Relationship": "Outer",
                            "Parallel Aware": true,
                            "Async Capable": false,
                            "Join Type": "Inner",
                            "Startup Cost": 43127.03,
                            "Total Cost": 61422.74,
                            "Plan Rows": 173250,
                            "Plan Width": 14,
                            "Inner Unique": false,
                            "Hash Cond": "(partsupp.ps_partkey = part.p_partkey)",
                            "Plans": [
                              {
                                "Node Type": "Index Scan",
                                "Parent Relationship": "Outer",
                                "Parallel Aware": true,
                                "Async Capable": false,
                                "Scan Direction": "Forward",
                                "Index Name": "idx_partsupp_part",
                                "Relation Name": "partsupp",
                                "Alias": "partsupp",
                                "Startup Cost": 0.42,
                                "Total Cost": 16937.78,
                                "Plan Rows": 173250,
                                "Plan Width": 8,
                                "Index Cond": "(ps_partkey <= 103865)",
                                "Filter": "(ps_availqty <> 9999)"
                              },
                              {
                                "Node Type": "Hash",
                                "Parent Relationship": "Inner",
                                "Parallel Aware": true,
                                "Async Capable": false,
                                "Startup Cost": 42084.94,
                                "Total Cost": 42084.94,
                                "Plan Rows": 83333,
                                "Plan Width": 14,
                                "Plans": [
                                  {
                                    "Node Type": "Nested Loop",
                                    "Parent Relationship": "Outer",
                                    "Parallel Aware": false,
                                    "Async Capable": false,
                                    "Join Type": "Inner",
                                    "Startup Cost": 0.42,
                                    "Total Cost": 42084.94,
                                    "Plan Rows": 83333,
                                    "Plan Width": 14,
                                    "Inner Unique": false,
                                    "Plans": [
                                      {
                                        "Node Type": "Nested Loop",
                                        "Parent Relationship": "Outer",
                                        "Parallel Aware": false,
                                        "Async Capable": false,
                                        "Join Type": "Left",
                                        "Startup Cost": 0.42,
                                        "Total Cost": 33956.94,
                                        "Plan Rows": 1,
                                        "Plan Width": 6,
                                        "Inner Unique": true,
                                        "Plans": [
                                          {
                                            "Node Type": "Seq Scan",
                                            "Parent Relationship": "Outer",
                                            "Parallel Aware": true,
                                            "Async Capable": false,
                                            "Relation Name": "orders",
                                            "Alias": "orders",
                                            "Startup Cost": 0.0,
                                            "Total Cost": 33948.5,
                                            "Plan Rows": 1,
                                            "Plan Width": 4,
                                            "Filter": "(o_totalprice = 857.71)"
                                          },
                                          {
                                            "Node Type": "Index Scan",
                                            "Parent Relationship": "Inner",
                                            "Parallel Aware": false,
                                            "Async Capable": false,
                                            "Scan Direction": "Forward",
                                            "Index Name": "customer_pkey",
                                            "Relation Name": "customer",
                                            "Alias": "customer",
                                            "Startup Cost": 0.42,
                                            "Total Cost": 8.44,
                                            "Plan Rows": 1,
                                            "Plan Width": 14,
                                            "Index Cond": "(c_custkey = orders.o_custkey)"
                                          }
                                        ]
                                      },
                                      {
                                        "Node Type": "Seq Scan",
                                        "Parent Relationship": "Inner",
                                        "Parallel Aware": false,
                                        "Async Capable": false,
                                        "Relation Name": "part",
                                        "Alias": "part",
                                        "Startup Cost": 0.0,
                                        "Total Cost": 6128.0,
                                        "Plan Rows": 200000,
                                        "Plan Width": 8
                                      }
                                    ]
                                  }
                                ]
                              }
                            ]
                          }
                        ]
                      }
                    ]
                  }
                ]
              }
            ]
          }
        ]
      }
    },
    "optimal_engine": "postgres",
    "speedup_ratio": 1.8678287089789634
  },
  {
    "timestamp": "2025-09-12T09:49:50.424643",
    "dataset": "tpch_sf1",
    "query_type": "AP",
    "query_index": 88,
    "query_text": "SELECT MAX(\"orders\".\"o_orderkey\"), VARIANCE(\"orders\".\"o_orderkey\"), MAX(\"orders\".\"o_shippriority\") FROM \"orders\" GROUP BY \"orders\".\"o_comment\" ORDER BY COUNT(*) DESC;",
    "postgres_time_ms": 4896.641266997904,
    "duckdb_time_ms": 1662.916901987046,
    "log_time_difference": 1.0799762841463767,
    "postgres_plan": {
      "Plan": {
        "Node Type": "Sort",
        "Parallel Aware": false,
        "Async Capable": false,
        "Startup Cost": 574475.43,
        "Total Cost": 578082.53,
        "Plan Rows": 1442841,
        "Plan Width": 97,
        "Sort Key": [
          "(count(*)) DESC"
        ],
        "Plans": [
          {
            "Node Type": "Aggregate",
            "Strategy": "Hashed",
            "Partial Mode": "Simple",
            "Parent Relationship": "Outer",
            "Parallel Aware": false,
            "Async Capable": false,
            "Startup Cost": 218792.25,
            "Total Cost": 269054.33,
            "Plan Rows": 1442841,
            "Plan Width": 97,
            "Group Key": [
              "o_comment"
            ],
            "Planned Partitions": 64,
            "Plans": [
              {
                "Node Type": "Seq Scan",
                "Parent Relationship": "Outer",
                "Parallel Aware": false,
                "Async Capable": false,
                "Relation Name": "orders",
                "Alias": "orders",
                "Startup Cost": 0.0,
                "Total Cost": 41136.0,
                "Plan Rows": 1500000,
                "Plan Width": 57
              }
            ]
          }
        ]
      }
    },
    "optimal_engine": "duckdb",
    "speedup_ratio": 2.944609716304422
  },
  {
    "timestamp": "2025-09-12T09:49:50.614828",
    "dataset": "tpch_sf1",
    "query_type": "AP",
    "query_index": 90,
    "query_text": "SELECT MIN(\"partsupp\".\"ps_partkey\"), MIN(\"part\".\"p_retailprice\"), AVG(\"lineitem\".\"l_quantity\"), MIN(\"lineitem\".\"l_partkey\") FROM \"nation\" CROSS JOIN \"part\" JOIN \"partsupp\" ON \"part\".\"p_partkey\" = \"partsupp\".\"ps_partkey\" JOIN \"lineitem\" ON \"partsupp\".\"ps_partkey\" = \"lineitem\".\"l_partkey\" LEFT JOIN \"customer\" ON \"nation\".\"n_nationkey\" = \"customer\".\"c_nationkey\" WHERE \"partsupp\".\"ps_partkey\" < 23349 AND \"customer\".\"c_custkey\" = 150000 AND \"part\".\"p_size\" < 1 AND \"customer\".\"c_phone\" LIKE '%i%' ORDER BY COUNT(*) DESC LIMIT 10;",
    "postgres_time_ms": 21.736359980423003,
    "duckdb_time_ms": 164.3040820490569,
    "log_time_difference": -2.0227324363580554,
    "postgres_plan": {
      "Plan": {
        "Node Type": "Limit",
        "Parallel Aware": false,
        "Async Capable": false,
        "Startup Cost": 6201.97,
        "Total Cost": 6201.97,
        "Plan Rows": 1,
        "Plan Width": 80,
        "Plans": [
          {
            "Node Type": "Sort",
            "Parent Relationship": "Outer",
            "Parallel Aware": false,
            "Async Capable": false,
            "Startup Cost": 6201.97,
            "Total Cost": 6201.97,
            "Plan Rows": 1,
            "Plan Width": 80,
            "Sort Key": [
              "(count(*)) DESC"
            ],
            "Plans": [
              {
                "Node Type": "Aggregate",
                "Strategy": "Plain",
                "Partial Mode": "Finalize",
                "Parent Relationship": "Outer",
                "Parallel Aware": false,
                "Async Capable": false,
                "Startup Cost": 6201.95,
                "Total Cost": 6201.96,
                "Plan Rows": 1,
                "Plan Width": 80,
                "Plans": [
                  {
                    "Node Type": "Gather",
                    "Parent Relationship": "Outer",
                    "Parallel Aware": false,
                    "Async Capable": false,
                    "Startup Cost": 6201.7,
                    "Total Cost": 6201.91,
                    "Plan Rows": 2,
                    "Plan Width": 80,
                    "Workers Planned": 2,
                    "Single Copy": false,
                    "Plans": [
                      {
                        "Node Type": "Aggregate",
                        "Strategy": "Plain",
                        "Partial Mode": "Partial",
                        "Parent Relationship": "Outer",
                        "Parallel Aware": false,
                        "Async Capable": false,
                        "Startup Cost": 5201.7,
                        "Total Cost": 5201.71,
                        "Plan Rows": 1,
                        "Plan Width": 80,
                        "Plans": [
                          {
                            "Node Type": "Nested Loop",
                            "Parent Relationship": "Outer",
                            "Parallel Aware": false,
                            "Async Capable": false,
                            "Join Type": "Inner",
                            "Startup Cost": 1.42,
                            "Total Cost": 5201.55,
                            "Plan Rows": 12,
                            "Plan Width": 19,
                            "Inner Unique": false,
                            "Join Filter": "(part.p_partkey = lineitem.l_partkey)",
                            "Plans": [
                              {
                                "Node Type": "Nested Loop",
                                "Parent Relationship": "Outer",
                                "Parallel Aware": false,
                                "Async Capable": false,
                                "Join Type": "Inner",
                                "Startup Cost": 0.99,
                                "Total Cost": 5194.83,
                                "Plan Rows": 1,
                                "Plan Width": 14,
                                "Inner Unique": false,
                                "Plans": [
                                  {
                                    "Node Type": "Nested Loop",
                                    "Parent Relationship": "Outer",
                                    "Parallel Aware": false,
                                    "Async Capable": false,
                                    "Join Type": "Inner",
                                    "Startup Cost": 0.56,
                                    "Total Cost": 5186.37,
                                    "Plan Rows": 1,
                                    "Plan Width": 10,
                                    "Inner Unique": false,
                                    "Plans": [
                                      {
                                        "Node Type": "Seq Scan",
                                        "Parent Relationship": "Outer",
                                        "Parallel Aware": true,
                                        "Async Capable": false,
                                        "Relation Name": "part",
                                        "Alias": "part",
                                        "Startup Cost": 0.0,
                                        "Total Cost": 5169.67,
                                        "Plan Rows": 1,
                                        "Plan Width": 10,
                                        "Filter": "(p_size < 1)"
                                      },
                                      {
                                        "Node Type": "Nested Loop",
                                        "Parent Relationship": "Inner",
                                        "Parallel Aware": false,
                                        "Async Capable": false,
                                        "Join Type": "Inner",
                                        "Startup Cost": 0.56,
                                        "Total Cost": 16.7,
                                        "Plan Rows": 1,
                                        "Plan Width": 0,
                                        "Inner Unique": true,
                                        "Plans": [
                                          {
                                            "Node Type": "Index Scan",
                                            "Parent Relationship": "Outer",
                                            "Parallel Aware": false,
                                            "Async Capable": false,
                                            "Scan Direction": "Forward",
                                            "Index Name": "customer_pkey",
                                            "Relation Name": "customer",
                                            "Alias": "customer",
                                            "Startup Cost": 0.42,
                                            "Total Cost": 8.44,
                                            "Plan Rows": 1,
                                            "Plan Width": 4,
                                            "Index Cond": "(c_custkey = 150000)",
                                            "Filter": "(c_phone ~~ '%i%'::text)"
                                          },
                                          {
                                            "Node Type": "Index Only Scan",
                                            "Parent Relationship": "Inner",
                                            "Parallel Aware": false,
                                            "Async Capable": false,
                                            "Scan Direction": "Forward",
                                            "Index Name": "nation_pkey",
                                            "Relation Name": "nation",
                                            "Alias": "nation",
                                            "Startup Cost": 0.14,
                                            "Total Cost": 8.16,
                                            "Plan Rows": 1,
                                            "Plan Width": 4,
                                            "Index Cond": "(n_nationkey = customer.c_nationkey)"
                                          }
                                        ]
                                      }
                                    ]
                                  },
                                  {
                                    "Node Type": "Index Only Scan",
                                    "Parent Relationship": "Inner",
                                    "Parallel Aware": false,
                                    "Async Capable": false,
                                    "Scan Direction": "Forward",
                                    "Index Name": "idx_partsupp_part",
                                    "Relation Name": "partsupp",
                                    "Alias": "partsupp",
                                    "Startup Cost": 0.42,
                                    "Total Cost": 8.45,
                                    "Plan Rows": 1,
                                    "Plan Width": 4,
                                    "Index Cond": "((ps_partkey = part.p_partkey) AND (ps_partkey < 23349))"
                                  }
                                ]
                              },
                              {
                                "Node Type": "Index Scan",
                                "Parent Relationship": "Inner",
                                "Parallel Aware": false,
                                "Async Capable": false,
                                "Scan Direction": "Forward",
                                "Index Name": "idx_lineitem_part_supp",
                                "Relation Name": "lineitem",
                                "Alias": "lineitem",
                                "Startup Cost": 0.43,
                                "Total Cost": 6.34,
                                "Plan Rows": 31,
                                "Plan Width": 9,
                                "Index Cond": "(l_partkey = partsupp.ps_partkey)"
                              }
                            ]
                          }
                        ]
                      }
                    ]
                  }
                ]
              }
            ]
          }
        ]
      }
    },
    "optimal_engine": "postgres",
    "speedup_ratio": 7.558951093791161
  },
  {
    "timestamp": "2025-09-12T09:49:50.711938",
    "dataset": "tpch_sf1",
    "query_type": "AP",
    "query_index": 91,
    "query_text": "SELECT MIN(\"lineitem\".\"l_tax\"), SUM(\"lineitem\".\"l_orderkey\"), MAX(\"partsupp\".\"ps_supplycost\"), VARIANCE(\"lineitem\".\"l_tax\"), STDDEV(\"supplier\".\"s_suppkey\") FROM \"partsupp\" JOIN \"lineitem\" ON \"partsupp\".\"ps_partkey\" = \"lineitem\".\"l_partkey\" JOIN \"supplier\" ON \"partsupp\".\"ps_suppkey\" = \"supplier\".\"s_suppkey\" WHERE \"lineitem\".\"l_partkey\" >= 194787 AND \"partsupp\".\"ps_partkey\" <= 182936 AND \"partsupp\".\"ps_supplycost\" <= 1.0;",
    "postgres_time_ms": 90.06702399346977,
    "duckdb_time_ms": 4.209508013445884,
    "log_time_difference": 3.063208324757963,
    "postgres_plan": {
      "Plan": {
        "Node Type": "Aggregate",
        "Strategy": "Plain",
        "Partial Mode": "Finalize",
        "Parallel Aware": false,
        "Async Capable": false,
        "Startup Cost": 23859.18,
        "Total Cost": 23859.19,
        "Plan Rows": 1,
        "Plan Width": 136,
        "Plans": [
          {
            "Node Type": "Gather",
            "Parent Relationship": "Outer",
            "Parallel Aware": false,
            "Async Capable": false,
            "Startup Cost": 23858.93,
            "Total Cost": 23859.14,
            "Plan Rows": 2,
            "Plan Width": 136,
            "Workers Planned": 2,
            "Single Copy": false,
            "Plans": [
              {
                "Node Type": "Aggregate",
                "Strategy": "Plain",
                "Partial Mode": "Partial",
                "Parent Relationship": "Outer",
                "Parallel Aware": false,
                "Async Capable": false,
                "Startup Cost": 22858.93,
                "Total Cost": 22858.94,
                "Plan Rows": 1,
                "Plan Width": 136,
                "Plans": [
                  {
                    "Node Type": "Nested Loop",
                    "Parent Relationship": "Outer",
                    "Parallel Aware": false,
                    "Async Capable": false,
                    "Join Type": "Inner",
                    "Startup Cost": 0.72,
                    "Total Cost": 22858.64,
                    "Plan Rows": 23,
                    "Plan Width": 18,
                    "Inner Unique": true,
                    "Plans": [
                      {
                        "Node Type": "Nested Loop",
                        "Parent Relationship": "Outer",
                        "Parallel Aware": false,
                        "Async Capable": false,
                        "Join Type": "Inner",
                        "Startup Cost": 0.43,
                        "Total Cost": 22813.88,
                        "Plan Rows": 23,
                        "Plan Width": 18,
                        "Inner Unique": false,
                        "Plans": [
                          {
                            "Node Type": "Seq Scan",
                            "Parent Relationship": "Outer",
                            "Parallel Aware": true,
                            "Async Capable": false,
                            "Relation Name": "partsupp",
                            "Alias": "partsupp",
                            "Startup Cost": 0.0,
                            "Total Cost": 22560.0,
                            "Plan Rows": 30,
                            "Plan Width": 14,
                            "Filter": "((ps_partkey <= 182936) AND (ps_supplycost <= 1.0))"
                          },
                          {
                            "Node Type": "Index Scan",
                            "Parent Relationship": "Inner",
                            "Parallel Aware": false,
                            "Async Capable": false,
                            "Scan Direction": "Forward",
                            "Index Name": "idx_lineitem_part_supp",
                            "Relation Name": "lineitem",
                            "Alias": "lineitem",
                            "Startup Cost": 0.43,
                            "Total Cost": 8.45,
                            "Plan Rows": 1,
                            "Plan Width": 12,
                            "Index Cond": "((l_partkey = partsupp.ps_partkey) AND (l_partkey >= 194787))"
                          }
                        ]
                      },
                      {
                        "Node Type": "Index Only Scan",
                        "Parent Relationship": "Inner",
                        "Parallel Aware": false,
                        "Async Capable": false,
                        "Scan Direction": "Forward",
                        "Index Name": "supplier_pkey",
                        "Relation Name": "supplier",
                        "Alias": "supplier",
                        "Startup Cost": 0.29,
                        "Total Cost": 1.95,
                        "Plan Rows": 1,
                        "Plan Width": 4,
                        "Index Cond": "(s_suppkey = partsupp.ps_suppkey)"
                      }
                    ]
                  }
                ]
              }
            ]
          }
        ]
      }
    },
    "optimal_engine": "duckdb",
    "speedup_ratio": 21.396092775160515
  },
  {
    "timestamp": "2025-09-12T09:49:51.541442",
    "dataset": "tpch_sf1",
    "query_type": "AP",
    "query_index": 93,
    "query_text": "SELECT SUM(\"orders\".\"o_totalprice\") FROM \"region\" CROSS JOIN \"orders\" JOIN \"nation\" ON \"region\".\"r_regionkey\" = \"nation\".\"n_regionkey\" WHERE \"orders\".\"o_comment\" LIKE '%u%' AND \"nation\".\"n_nationkey\" >= 24 AND \"orders\".\"o_orderpriority\" = '3-MEDIUM       ' LIMIT 100;",
    "postgres_time_ms": 517.9838729673065,
    "duckdb_time_ms": 308.97552298847586,
    "log_time_difference": 0.5166820483764325,
    "postgres_plan": {
      "Plan": {
        "Node Type": "Limit",
        "Parallel Aware": false,
        "Async Capable": false,
        "Startup Cost": 295078.02,
        "Total Cost": 295078.03,
        "Plan Rows": 1,
        "Plan Width": 32,
        "Plans": [
          {
            "Node Type": "Aggregate",
            "Strategy": "Plain",
            "Partial Mode": "Simple",
            "Parent Relationship": "Outer",
            "Parallel Aware": false,
            "Async Capable": false,
            "Startup Cost": 295078.02,
            "Total Cost": 295078.03,
            "Plan Rows": 1,
            "Plan Width": 32,
            "Plans": [
              {
                "Node Type": "Nested Loop",
                "Parent Relationship": "Outer",
                "Parallel Aware": false,
                "Async Capable": false,
                "Join Type": "Inner",
                "Startup Cost": 12.84,
                "Total Cost": 254008.66,
                "Plan Rows": 16427742,
                "Plan Width": 8,
                "Inner Unique": false,
                "Plans": [
                  {
                    "Node Type": "Seq Scan",
                    "Parent Relationship": "Outer",
                    "Parallel Aware": false,
                    "Async Capable": false,
                    "Relation Name": "orders",
                    "Alias": "orders",
                    "Startup Cost": 0.0,
                    "Total Cost": 48636.0,
                    "Plan Rows": 288206,
                    "Plan Width": 8,
                    "Filter": "(((o_comment)::text ~~ '%u%'::text) AND (o_orderpriority = '3-MEDIUM       '::bpchar))"
                  },
                  {
                    "Node Type": "Materialize",
                    "Parent Relationship": "Inner",
                    "Parallel Aware": false,
                    "Async Capable": false,
                    "Startup Cost": 12.84,
                    "Total Cost": 26.03,
                    "Plan Rows": 57,
                    "Plan Width": 0,
                    "Plans": [
                      {
                        "Node Type": "Hash Join",
                        "Parent Relationship": "Outer",
                        "Parallel Aware": false,
                        "Async Capable": false,
                        "Join Type": "Inner",
                        "Startup Cost": 12.84,
                        "Total Cost": 25.75,
                        "Plan Rows": 57,
                        "Plan Width": 0,
                        "Inner Unique": false,
                        "Hash Cond": "(region.r_regionkey = nation.n_regionkey)",
                        "Plans": [
                          {
                            "Node Type": "Seq Scan",
                            "Parent Relationship": "Outer",
                            "Parallel Aware": false,
                            "Async Capable": false,
                            "Relation Name": "region",
                            "Alias": "region",
                            "Startup Cost": 0.0,
                            "Total Cost": 11.7,
                            "Plan Rows": 170,
                            "Plan Width": 4
                          },
                          {
                            "Node Type": "Hash",
                            "Parent Relationship": "Inner",
                            "Parallel Aware": false,
                            "Async Capable": false,
                            "Startup Cost": 12.12,
                            "Total Cost": 12.12,
                            "Plan Rows": 57,
                            "Plan Width": 4,
                            "Plans": [
                              {
                                "Node Type": "Seq Scan",
                                "Parent Relationship": "Outer",
                                "Parallel Aware": false,
                                "Async Capable": false,
                                "Relation Name": "nation",
                                "Alias": "nation",
                                "Startup Cost": 0.0,
                                "Total Cost": 12.12,
                                "Plan Rows": 57,
                                "Plan Width": 4,
                                "Filter": "(n_nationkey >= 24)"
                              }
                            ]
                          }
                        ]
                      }
                    ]
                  }
                ]
              }
            ]
          }
        ]
      }
    },
    "optimal_engine": "duckdb",
    "speedup_ratio": 1.6764560116518559
  },
  {
    "timestamp": "2025-09-12T09:49:51.627046",
    "dataset": "tpch_sf1",
    "query_type": "AP",
    "query_index": 94,
    "query_text": "SELECT VARIANCE(\"customer\".\"c_acctbal\"), VARIANCE(\"customer\".\"c_acctbal\"), MAX(\"customer\".\"c_custkey\"), STDDEV(\"customer\".\"c_acctbal\"), MAX(\"customer\".\"c_nationkey\") FROM \"customer\" WHERE \"customer\".\"c_acctbal\" < -999.99 AND \"customer\".\"c_acctbal\" IS NOT NULL GROUP BY \"customer\".\"c_comment\", \"customer\".\"c_comment\", \"customer\".\"c_name\";",
    "postgres_time_ms": 25.62821301398799,
    "duckdb_time_ms": 58.21814696537331,
    "log_time_difference": -0.8205032941553829,
    "postgres_plan": {
      "Plan": {
        "Node Type": "Aggregate",
        "Strategy": "Sorted",
        "Partial Mode": "Finalize",
        "Parallel Aware": false,
        "Async Capable": false,
        "Startup Cost": 5381.35,
        "Total Cost": 5383.31,
        "Plan Rows": 15,
        "Plan Width": 196,
        "Group Key": [
          "c_comment",
          "c_name"
        ],
        "Plans": [
          {
            "Node Type": "Gather Merge",
            "Parent Relationship": "Outer",
            "Parallel Aware": false,
            "Async Capable": false,
            "Startup Cost": 5381.35,
            "Total Cost": 5382.9,
            "Plan Rows": 12,
            "Plan Width": 164,
            "Workers Planned": 2,
            "Plans": [
              {
                "Node Type": "Aggregate",
                "Strategy": "Sorted",
                "Partial Mode": "Partial",
                "Parent Relationship": "Outer",
                "Parallel Aware": false,
                "Async Capable": false,
                "Startup Cost": 4381.33,
                "Total Cost": 4381.49,
                "Plan Rows": 6,
                "Plan Width": 164,
                "Group Key": [
                  "c_comment",
                  "c_name"
                ],
                "Plans": [
                  {
                    "Node Type": "Sort",
                    "Parent Relationship": "Outer",
                    "Parallel Aware": false,
                    "Async Capable": false,
                    "Startup Cost": 4381.33,
                    "Total Cost": 4381.34,
                    "Plan Rows": 6,
                    "Plan Width": 106,
                    "Sort Key": [
                      "c_comment",
                      "c_name"
                    ],
                    "Plans": [
                      {
                        "Node Type": "Seq Scan",
                        "Parent Relationship": "Outer",
                        "Parallel Aware": true,
                        "Async Capable": false,
                        "Relation Name": "customer",
                        "Alias": "customer",
                        "Startup Cost": 0.0,
                        "Total Cost": 4381.25,
                        "Plan Rows": 6,
                        "Plan Width": 106,
                        "Filter": "(c_acctbal < '-999.99'::numeric)"
                      }
                    ]
                  }
                ]
              }
            ]
          }
        ]
      }
    },
    "optimal_engine": "postgres",
    "speedup_ratio": 2.2716428544431713
  },
  {
    "timestamp": "2025-09-12T09:50:32.483535",
    "dataset": "tpch_sf1",
    "query_type": "AP",
    "query_index": 99,
    "query_text": "SELECT MAX(\"customer\".\"c_nationkey\") FROM \"orders\" CROSS JOIN \"partsupp\" LEFT JOIN \"customer\" ON \"orders\".\"o_custkey\" = \"customer\".\"c_custkey\" JOIN \"supplier\" ON \"partsupp\".\"ps_suppkey\" = \"supplier\".\"s_suppkey\" LEFT JOIN \"lineitem\" ON \"partsupp\".\"ps_partkey\" = \"lineitem\".\"l_partkey\" WHERE \"supplier\".\"s_suppkey\" >= 10000 AND \"orders\".\"o_totalprice\" != 237042.07089800964 AND \"lineitem\".\"l_tax\" <= 0.07137729065057896 AND \"lineitem\".\"l_shipinstruct\" = 'DELIVER IN PERSON        ';",
    "postgres_time_ms": 30000,
    "duckdb_time_ms": 9752.492008032277,
    "log_time_difference": 1.123674538742691,
    "postgres_plan": null,
    "optimal_engine": "duckdb",
    "speedup_ratio": 3.0761368453613307
  },
  {
    "timestamp": "2025-09-12T09:52:38.462881",
    "dataset": "tpch_sf1",
    "query_type": "AP",
    "query_index": 101,
    "query_text": "SELECT VARIANCE(\"part\".\"p_retailprice\"), SUM(\"orders\".\"o_custkey\"), COUNT(*), MAX(\"part\".\"p_partkey\"), \"region\".\"r_comment\" FROM \"part\" CROSS JOIN \"region\" CROSS JOIN \"orders\" WHERE \"region\".\"r_regionkey\" < 4 GROUP BY \"region\".\"r_regionkey\", \"part\".\"p_brand\" ORDER BY COUNT(*) ASC LIMIT 10;",
    "postgres_time_ms": 30000,
    "duckdb_time_ms": 30000,
    "log_time_difference": 0.0,
    "postgres_plan": null,
    "optimal_engine": "postgres",
    "speedup_ratio": 1.0
  },
  {
    "timestamp": "2025-09-12T09:52:40.667812",
    "dataset": "tpch_sf1",
    "query_type": "AP",
    "query_index": 102,
    "query_text": "SELECT STDDEV(\"lineitem\".\"l_suppkey\"), MAX(\"lineitem\".\"l_orderkey\") FROM \"lineitem\" CROSS JOIN \"region\" WHERE \"lineitem\".\"l_linenumber\" = 7 AND \"lineitem\".\"l_shipinstruct\" = 'TAKE BACK RETURN         ' AND \"lineitem\".\"l_quantity\" >= 17.26475339120409 AND \"lineitem\".\"l_quantity\" IS NOT NULL AND \"region\".\"r_regionkey\" = 4 GROUP BY \"lineitem\".\"l_shipinstruct\", \"lineitem\".\"l_returnflag\" HAVING COUNT(*) >= 45;",
    "postgres_time_ms": 1094.3795149796642,
    "duckdb_time_ms": 1093.7857119715773,
    "log_time_difference": 0.0005427405712781027,
    "postgres_plan": {
      "Plan": {
        "Node Type": "Custom Scan",
        "Custom Plan Provider": "DuckDBScan",
        "Parallel Aware": false,
        "Async Capable": false,
        "Startup Cost": 0.0,
        "Total Cost": 0.0,
        "Plan Rows": 0,
        "Plan Width": 0,
        "DuckDB Execution Plan": [
          {
            "name": "PROJECTION",
            "children": [
              {
                "name": "FILTER",
                "children": [
                  {
                    "name": "HASH_GROUP_BY",
                    "children": [
                      {
                        "name": "PROJECTION",
                        "children": [
                          {
                            "name": "CROSS_PRODUCT",
                            "children": [
                              {
                                "name": "PROJECTION",
                                "children": [
                                  {
                                    "name": "FILTER",
                                    "children": [
                                      {
                                        "name": "PGDUCKDB_POSTGRES_SCAN ",
                                        "children": [],
                                        "extra_info": {
                                          "Table": "lineitem",
                                          "Projections": [
                                            "l_shipinstruct",
                                            "l_quantity",
                                            "l_returnflag",
                                            "l_suppkey",
                                            "l_orderkey"
                                          ],
                                          "Filters": [
                                            "l_linenumber=7",
                                            "l_shipinstruct='TAKE BACK RETURN         '",
                                            "(l_quantity IS NOT NULL)"
                                          ],
                                          "Estimated Cardinality": "1200198"
                                        }
                                      }
                                    ],
                                    "extra_info": {
                                      "Expression": "(CAST(l_quantity AS DECIMAL(27,14)) >= 17.26475339120409)",
                                      "Estimated Cardinality": "240039"
                                    }
                                  }
                                ],
                                "extra_info": {
                                  "Projections": [
                                    "#0",
                                    "#2",
                                    "#3",
                                    "#4"
                                  ],
                                  "Estimated Cardinality": "240039"
                                }
                              },
                              {
                                "name": "PGDUCKDB_POSTGRES_SCAN ",
                                "children": [],
                                "extra_info": {
                                  "Table": "region",
                                  "Projections": "",
                                  "Filters": "r_regionkey=4",
                                  "Estimated Cardinality": "34"
                                }
                              }
                            ],
                            "extra_info": {}
                          }
                        ],
                        "extra_info": {
                          "Projections": [
                            "l_shipinstruct",
                            "l_returnflag",
                            "CAST(l_suppkey AS DOUBLE)",
                            "l_orderkey"
                          ],
                          "Estimated Cardinality": "8161326"
                        }
                      }
                    ],
                    "extra_info": {
                      "Groups": [
                        "#0",
                        "#1"
                      ],
                      "Aggregates": [
                        "count_star()",
                        "stddev(#2)",
                        "max(#3)"
                      ],
                      "Estimated Cardinality": "8161325"
                    }
                  }
                ],
                "extra_info": {
                  "Expression": "(count_star() >= 45)",
                  "Estimated Cardinality": "1632265"
                }
              }
            ],
            "extra_info": {
              "Projections": [
                "#3",
                "#4"
              ],
              "Estimated Cardinality": "1632265"
            }
          }
        ]
      }
    },
    "optimal_engine": "duckdb",
    "speedup_ratio": 1.0005428878815912
  },
  {
    "timestamp": "2025-09-12T09:52:40.777801",
    "dataset": "tpch_sf1",
    "query_type": "AP",
    "query_index": 103,
    "query_text": "SELECT MAX(\"part\".\"p_partkey\"), MAX(\"part\".\"p_retailprice\") FROM \"part\" WHERE \"part\".\"p_comment\" LIKE '%u%' AND \"part\".\"p_container\" != 'JUMBO JAR ' AND \"part\".\"p_retailprice\" > 2098.99 ORDER BY COUNT(*) ASC LIMIT 100;",
    "postgres_time_ms": 33.44819199992344,
    "duckdb_time_ms": 74.73216397920623,
    "log_time_difference": -0.8039128405362882,
    "postgres_plan": {
      "Plan": {
        "Node Type": "Limit",
        "Parallel Aware": false,
        "Async Capable": false,
        "Startup Cost": 6586.61,
        "Total Cost": 6586.61,
        "Plan Rows": 1,
        "Plan Width": 44,
        "Plans": [
          {
            "Node Type": "Sort",
            "Parent Relationship": "Outer",
            "Parallel Aware": false,
            "Async Capable": false,
            "Startup Cost": 6586.61,
            "Total Cost": 6586.61,
            "Plan Rows": 1,
            "Plan Width": 44,
            "Sort Key": [
              "(count(*))"
            ],
            "Plans": [
              {
                "Node Type": "Aggregate",
                "Strategy": "Plain",
                "Partial Mode": "Finalize",
                "Parent Relationship": "Outer",
                "Parallel Aware": false,
                "Async Capable": false,
                "Startup Cost": 6586.59,
                "Total Cost": 6586.6,
                "Plan Rows": 1,
                "Plan Width": 44,
                "Plans": [
                  {
                    "Node Type": "Gather",
                    "Parent Relationship": "Outer",
                    "Parallel Aware": false,
                    "Async Capable": false,
                    "Startup Cost": 6586.36,
                    "Total Cost": 6586.57,
                    "Plan Rows": 2,
                    "Plan Width": 44,
                    "Workers Planned": 2,
                    "Single Copy": false,
                    "Plans": [
                      {
                        "Node Type": "Aggregate",
                        "Strategy": "Plain",
                        "Partial Mode": "Partial",
                        "Parent Relationship": "Outer",
                        "Parallel Aware": false,
                        "Async Capable": false,
                        "Startup Cost": 5586.36,
                        "Total Cost": 5586.37,
                        "Plan Rows": 1,
                        "Plan Width": 44,
                        "Plans": [
                          {
                            "Node Type": "Seq Scan",
                            "Parent Relationship": "Outer",
                            "Parallel Aware": true,
                            "Async Capable": false,
                            "Relation Name": "part",
                            "Alias": "part",
                            "Startup Cost": 0.0,
                            "Total Cost": 5586.33,
                            "Plan Rows": 4,
                            "Plan Width": 10,
                            "Filter": "(((p_comment)::text ~~ '%u%'::text) AND (p_container <> 'JUMBO JAR '::bpchar) AND (p_retailprice > 2098.99))"
                          }
                        ]
                      }
                    ]
                  }
                ]
              }
            ]
          }
        ]
      }
    },
    "optimal_engine": "postgres",
    "speedup_ratio": 2.2342661743683276
  },
  {
    "timestamp": "2025-09-12T09:53:41.676286",
    "dataset": "tpch_sf1",
    "query_type": "AP",
    "query_index": 109,
    "query_text": "SELECT MAX(\"lineitem\".\"l_discount\"), SUM(\"region\".\"r_regionkey\"), SUM(\"lineitem\".\"l_suppkey\"), MAX(\"lineitem\".\"l_quantity\") FROM \"lineitem\" CROSS JOIN \"region\" INNER JOIN \"partsupp\" ON \"lineitem\".\"l_partkey\" = \"partsupp\".\"ps_partkey\" WHERE \"partsupp\".\"ps_comment\" = 'about the accounts integrate quickly silently regular theodolites. slyly final d' AND \"partsupp\".\"ps_supplycost\" != 833.4388803961325 AND \"lineitem\".\"l_shipmode\" = 'SHIP      ' GROUP BY \"lineitem\".\"l_shipmode\", \"region\".\"r_comment\";",
    "postgres_time_ms": 164.37980299815536,
    "duckdb_time_ms": 265.99093701224774,
    "log_time_difference": -0.481282614552948,
    "postgres_plan": {
      "Plan": {
        "Node Type": "Custom Scan",
        "Custom Plan Provider": "DuckDBScan",
        "Parallel Aware": false,
        "Async Capable": false,
        "Startup Cost": 0.0,
        "Total Cost": 0.0,
        "Plan Rows": 0,
        "Plan Width": 0,
        "DuckDB Execution Plan": [
          {
            "name": "PROJECTION",
            "children": [
              {
                "name": "HASH_GROUP_BY",
                "children": [
                  {
                    "name": "PROJECTION",
                    "children": [
                      {
                        "name": "CROSS_PRODUCT",
                        "children": [
                          {
                            "name": "HASH_JOIN",
                            "children": [
                              {
                                "name": "PGDUCKDB_POSTGRES_SCAN ",
                                "children": [],
                                "extra_info": {
                                  "Table": "lineitem",
                                  "Projections": [
                                    "l_partkey",
                                    "l_shipmode",
                                    "l_discount",
                                    "l_suppkey",
                                    "l_quantity"
                                  ],
                                  "Filters": "l_shipmode='SHIP      '",
                                  "Estimated Cardinality": "1200198"
                                }
                              },
                              {
                                "name": "PROJECTION",
                                "children": [
                                  {
                                    "name": "FILTER",
                                    "children": [
                                      {
                                        "name": "PGDUCKDB_POSTGRES_SCAN ",
                                        "children": [],
                                        "extra_info": {
                                          "Table": "partsupp",
                                          "Projections": [
                                            "ps_partkey",
                                            "ps_supplycost"
                                          ],
                                          "Filters": "ps_comment='about the accounts integrate quickly silently regular theodolites. slyly final d'",
                                          "Estimated Cardinality": "160000"
                                        }
                                      }
                                    ],
                                    "extra_info": {
                                      "Expression": "(CAST(ps_supplycost AS DECIMAL(26,13)) != 833.4388803961325)",
                                      "Estimated Cardinality": "32000"
                                    }
                                  }
                                ],
                                "extra_info": {
                                  "Projections": "#0",
                                  "Estimated Cardinality": "32000"
                                }
                              }
                            ],
                            "extra_info": {
                              "Join Type": "INNER",
                              "Conditions": "l_partkey = ps_partkey",
                              "Estimated Cardinality": "48007"
                            }
                          },
                          {
                            "name": "PGDUCKDB_POSTGRES_SCAN ",
                            "children": [],
                            "extra_info": {
                              "Table": "region",
                              "Projections": [
                                "r_comment",
                                "r_regionkey"
                              ],
                              "Estimated Cardinality": "170"
                            }
                          }
                        ],
                        "extra_info": {}
                      }
                    ],
                    "extra_info": {
                      "Projections": [
                        "l_shipmode",
                        "r_comment",
                        "l_discount",
                        "r_regionkey",
                        "l_suppkey",
                        "l_quantity"
                      ],
                      "Estimated Cardinality": "48007"
                    }
                  }
                ],
                "extra_info": {
                  "Groups": [
                    "#0",
                    "#1"
                  ],
                  "Aggregates": [
                    "max(#2)",
                    "sum(#3)",
                    "sum(#4)",
                    "max(#5)"
                  ],
                  "Estimated Cardinality": "48007"
                }
              }
            ],
            "extra_info": {
              "Projections": [
                "max",
                "sum",
                "sum",
                "max"
              ],
              "Estimated Cardinality": "48007"
            }
          }
        ]
      }
    },
    "optimal_engine": "postgres",
    "speedup_ratio": 1.6181485326103757
  },
  {
    "timestamp": "2025-09-12T09:53:42.007367",
    "dataset": "tpch_sf1",
    "query_type": "AP",
    "query_index": 112,
    "query_text": "SELECT MIN(\"part\".\"p_size\"), SUM(\"part\".\"p_retailprice\") FROM \"part\" GROUP BY \"part\".\"p_type\", \"part\".\"p_brand\" ORDER BY \"part\".\"p_type\", \"part\".\"p_brand\" DESC;",
    "postgres_time_ms": 91.58357500564307,
    "duckdb_time_ms": 236.50706699118018,
    "log_time_difference": -0.9487261456187471,
    "postgres_plan": {
      "Plan": {
        "Node Type": "Sort",
        "Parallel Aware": false,
        "Async Capable": false,
        "Startup Cost": 7954.78,
        "Total Cost": 7964.15,
        "Plan Rows": 3750,
        "Plan Width": 68,
        "Sort Key": [
          "p_type",
          "p_brand DESC"
        ],
        "Plans": [
          {
            "Node Type": "Aggregate",
            "Strategy": "Hashed",
            "Partial Mode": "Finalize",
            "Parent Relationship": "Outer",
            "Parallel Aware": false,
            "Async Capable": false,
            "Startup Cost": 7685.29,
            "Total Cost": 7732.16,
            "Plan Rows": 3750,
            "Plan Width": 68,
            "Group Key": [
              "p_type",
              "p_brand"
            ],
            "Planned Partitions": 0,
            "Plans": [
              {
                "Node Type": "Gather",
                "Parent Relationship": "Outer",
                "Parallel Aware": false,
                "Async Capable": false,
                "Startup Cost": 6794.66,
                "Total Cost": 7591.54,
                "Plan Rows": 7500,
                "Plan Width": 68,
                "Workers Planned": 2,
                "Single Copy": false,
                "Plans": [
                  {
                    "Node Type": "Aggregate",
                    "Strategy": "Hashed",
                    "Partial Mode": "Partial",
                    "Parent Relationship": "Outer",
                    "Parallel Aware": false,
                    "Async Capable": false,
                    "Startup Cost": 5794.66,
                    "Total Cost": 5841.54,
                    "Plan Rows": 3750,
                    "Plan Width": 68,
                    "Group Key": [
                      "p_type",
                      "p_brand"
                    ],
                    "Planned Partitions": 0,
                    "Plans": [
                      {
                        "Node Type": "Seq Scan",
                        "Parent Relationship": "Outer",
                        "Parallel Aware": true,
                        "Async Capable": false,
                        "Relation Name": "part",
                        "Alias": "part",
                        "Startup Cost": 0.0,
                        "Total Cost": 4961.33,
                        "Plan Rows": 83333,
                        "Plan Width": 42
                      }
                    ]
                  }
                ]
              }
            ]
          }
        ]
      }
    },
    "optimal_engine": "postgres",
    "speedup_ratio": 2.5824179387691233
  },
  {
    "timestamp": "2025-09-12T09:53:42.026793",
    "dataset": "tpch_sf1",
    "query_type": "AP",
    "query_index": 114,
    "query_text": "SELECT AVG(\"supplier\".\"s_suppkey\"), COUNT(*) FROM \"supplier\" INNER JOIN \"partsupp\" ON \"supplier\".\"s_suppkey\" = \"partsupp\".\"ps_suppkey\" WHERE \"partsupp\".\"ps_suppkey\" = 1 AND \"partsupp\".\"ps_suppkey\" IS NULL AND \"supplier\".\"s_acctbal\" < -998.22 AND \"partsupp\".\"ps_comment\" LIKE '%e%' AND \"partsupp\".\"ps_comment\" LIKE '%i%' GROUP BY \"partsupp\".\"ps_comment\", \"supplier\".\"s_comment\" HAVING SUM(1) >= 88 LIMIT 10;",
    "postgres_time_ms": 0.6055120029486716,
    "duckdb_time_ms": 16.227115993387997,
    "log_time_difference": -3.2883645626876077,
    "postgres_plan": {
      "Plan": {
        "Node Type": "Limit",
        "Parallel Aware": false,
        "Async Capable": false,
        "Startup Cost": 0.0,
        "Total Cost": 0.02,
        "Plan Rows": 1,
        "Plan Width": 519,
        "Plans": [
          {
            "Node Type": "Aggregate",
            "Strategy": "Hashed",
            "Partial Mode": "Simple",
            "Parent Relationship": "Outer",
            "Parallel Aware": false,
            "Async Capable": false,
            "Startup Cost": 0.0,
            "Total Cost": 0.02,
            "Plan Rows": 1,
            "Plan Width": 519,
            "Group Key": [
              "partsupp.ps_comment",
              "supplier.s_comment"
            ],
            "Filter": "(sum(1) >= 88)",
            "Planned Partitions": 0,
            "Plans": [
              {
                "Node Type": "Result",
                "Parent Relationship": "Outer",
                "Parallel Aware": false,
                "Async Capable": false,
                "Startup Cost": 0.0,
                "Total Cost": 0.0,
                "Plan Rows": 0,
                "Plan Width": 483,
                "One-Time Filter": "false"
              }
            ]
          }
        ]
      }
    },
    "optimal_engine": "postgres",
    "speedup_ratio": 26.798999713245234
  },
  {
    "timestamp": "2025-09-12T09:53:42.032267",
    "dataset": "tpch_sf1",
    "query_type": "AP",
    "query_index": 116,
    "query_text": "SELECT STDDEV(\"region\".\"r_regionkey\"), MIN(\"region\".\"r_regionkey\"), COUNT(*), MAX(\"region\".\"r_regionkey\"), AVG(\"region\".\"r_regionkey\") FROM \"region\" WHERE \"region\".\"r_comment\" = 'ly final courts cajole furiously final excuse' AND \"region\".\"r_comment\" = 'ges. thinly even pinto beans ca' AND \"region\".\"r_comment\" = 'ly final courts cajole furiously final excuse' AND \"region\".\"r_comment\" IS NOT NULL GROUP BY \"region\".\"r_regionkey\", \"region\".\"r_name\", \"region\".\"r_regionkey\" ORDER BY \"region\".\"r_regionkey\", \"region\".\"r_name\", \"region\".\"r_regionkey\" ASC LIMIT 100;",
    "postgres_time_ms": 0.5382210365496576,
    "duckdb_time_ms": 3.053086984436959,
    "log_time_difference": -1.735639159400224,
    "postgres_plan": {
      "Plan": {
        "Node Type": "Limit",
        "Parallel Aware": false,
        "Async Capable": false,
        "Startup Cost": 0.03,
        "Total Cost": 0.03,
        "Plan Rows": 1,
        "Plan Width": 188,
        "Plans": [
          {
            "Node Type": "Sort",
            "Parent Relationship": "Outer",
            "Parallel Aware": false,
            "Async Capable": false,
            "Startup Cost": 0.03,
            "Total Cost": 0.03,
            "Plan Rows": 1,
            "Plan Width": 188,
            "Sort Key": [
              "r_regionkey",
              "r_name"
            ],
            "Plans": [
              {
                "Node Type": "Aggregate",
                "Strategy": "Hashed",
                "Partial Mode": "Simple",
                "Parent Relationship": "Outer",
                "Parallel Aware": false,
                "Async Capable": false,
                "Startup Cost": 0.0,
                "Total Cost": 0.01,
                "Plan Rows": 1,
                "Plan Width": 188,
                "Group Key": [
                  "r_regionkey"
                ],
                "Planned Partitions": 0,
                "Plans": [
                  {
                    "Node Type": "Result",
                    "Parent Relationship": "Outer",
                    "Parallel Aware": false,
                    "Async Capable": false,
                    "Startup Cost": 0.0,
                    "Total Cost": 0.0,
                    "Plan Rows": 0,
                    "Plan Width": 0,
                    "One-Time Filter": "false"
                  }
                ]
              }
            ]
          }
        ]
      }
    },
    "optimal_engine": "postgres",
    "speedup_ratio": 5.672552310495344
  },
  {
    "timestamp": "2025-09-12T09:53:47.724576",
    "dataset": "tpch_sf1",
    "query_type": "AP",
    "query_index": 118,
    "query_text": "SELECT MIN(\"region\".\"r_regionkey\"), MAX(\"lineitem\".\"l_partkey\") FROM \"region\" CROSS JOIN \"lineitem\";",
    "postgres_time_ms": 4456.042471982073,
    "duckdb_time_ms": 1234.1988749685697,
    "log_time_difference": 1.283838958636534,
    "postgres_plan": {
      "Plan": {
        "Node Type": "Aggregate",
        "Strategy": "Plain",
        "Partial Mode": "Simple",
        "Parallel Aware": false,
        "Async Capable": false,
        "Startup Cost": 17980525.63,
        "Total Cost": 17980525.64,
        "Plan Rows": 1,
        "Plan Width": 8,
        "Plans": [
          {
            "Node Type": "Nested Loop",
            "Parent Relationship": "Outer",
            "Parallel Aware": false,
            "Async Capable": false,
            "Join Type": "Inner",
            "Startup Cost": 0.43,
            "Total Cost": 12879681.58,
            "Plan Rows": 1020168810,
            "Plan Width": 8,
            "Inner Unique": false,
            "Plans": [
              {
                "Node Type": "Index Only Scan",
                "Parent Relationship": "Outer",
                "Parallel Aware": false,
                "Async Capable": false,
                "Scan Direction": "Forward",
                "Index Name": "idx_lineitem_part_supp",
                "Relation Name": "lineitem",
                "Alias": "lineitem",
                "Startup Cost": 0.43,
                "Total Cost": 127559.33,
                "Plan Rows": 6000993,
                "Plan Width": 4
              },
              {
                "Node Type": "Materialize",
                "Parent Relationship": "Inner",
                "Parallel Aware": false,
                "Async Capable": false,
                "Startup Cost": 0.0,
                "Total Cost": 12.55,
                "Plan Rows": 170,
                "Plan Width": 4,
                "Plans": [
                  {
                    "Node Type": "Seq Scan",
                    "Parent Relationship": "Outer",
                    "Parallel Aware": false,
                    "Async Capable": false,
                    "Relation Name": "region",
                    "Alias": "region",
                    "Startup Cost": 0.0,
                    "Total Cost": 11.7,
                    "Plan Rows": 170,
                    "Plan Width": 4
                  }
                ]
              }
            ]
          }
        ]
      }
    },
    "optimal_engine": "duckdb",
    "speedup_ratio": 3.610473613578323
  },
  {
    "timestamp": "2025-09-12T09:53:48.666088",
    "dataset": "tpch_sf1",
    "query_type": "AP",
    "query_index": 120,
    "query_text": "SELECT MIN(\"partsupp\".\"ps_partkey\"), COUNT(*), MIN(\"partsupp\".\"ps_supplycost\"), STDDEV(\"partsupp\".\"ps_partkey\") FROM \"partsupp\" INNER JOIN \"part\" ON \"partsupp\".\"ps_partkey\" = \"part\".\"p_partkey\" CROSS JOIN \"orders\" JOIN \"lineitem\" ON \"partsupp\".\"ps_partkey\" = \"lineitem\".\"l_partkey\" WHERE \"lineitem\".\"l_shipmode\" != 'REG AIR   ' AND \"orders\".\"o_clerk\" LIKE '%a%' AND \"partsupp\".\"ps_suppkey\" <= 1972 AND \"lineitem\".\"l_suppkey\" >= 1 AND \"part\".\"p_size\" <= 8 AND \"part\".\"p_size\" IS NOT NULL GROUP BY \"orders\".\"o_clerk\" ORDER BY \"orders\".\"o_clerk\" ASC;",
    "postgres_time_ms": 421.42232198966667,
    "duckdb_time_ms": 516.1991029744968,
    "log_time_difference": -0.2028570785434948,
    "postgres_plan": {
      "Plan": {
        "Node Type": "Aggregate",
        "Strategy": "Sorted",
        "Partial Mode": "Finalize",
        "Parallel Aware": false,
        "Async Capable": false,
        "Startup Cost": 1637117.23,
        "Total Cost": 1637155.3,
        "Plan Rows": 138,
        "Plan Width": 92,
        "Group Key": [
          "orders.o_clerk"
        ],
        "Plans": [
          {
            "Node Type": "Gather Merge",
            "Parent Relationship": "Outer",
            "Parallel Aware": false,
            "Async Capable": false,
            "Startup Cost": 1637117.23,
            "Total Cost": 1637149.44,
            "Plan Rows": 276,
            "Plan Width": 92,
            "Workers Planned": 2,
            "Plans": [
              {
                "Node Type": "Sort",
                "Parent Relationship": "Outer",
                "Parallel Aware": false,
                "Async Capable": false,
                "Startup Cost": 1636117.21,
                "Total Cost": 1636117.56,
                "Plan Rows": 138,
                "Plan Width": 92,
                "Sort Key": [
                  "orders.o_clerk"
                ],
                "Plans": [
                  {
                    "Node Type": "Aggregate",
                    "Strategy": "Hashed",
                    "Partial Mode": "Partial",
                    "Parent Relationship": "Outer",
                    "Parallel Aware": false,
                    "Async Capable": false,
                    "Startup Cost": 1636110.58,
                    "Total Cost": 1636112.31,
                    "Plan Rows": 138,
                    "Plan Width": 92,
                    "Group Key": [
                      "orders.o_clerk"
                    ],
                    "Planned Partitions": 0,
                    "Plans": [
                      {
                        "Node Type": "Hash Join",
                        "Parent Relationship": "Outer",
                        "Parallel Aware": false,
                        "Async Capable": false,
                        "Join Type": "Inner",
                        "Startup Cost": 220148.73,
                        "Total Cost": 1137240.36,
                        "Plan Rows": 39909618,
                        "Plan Width": 26,
                        "Inner Unique": false,
                        "Hash Cond": "(partsupp.ps_partkey = part.p_partkey)",
                        "Plans": [
                          {
                            "Node Type": "Hash Join",
                            "Parent Relationship": "Outer",
                            "Parallel Aware": true,
                            "Async Capable": false,
                            "Join Type": "Inner",
                            "Startup Cost": 21093.11,
                            "Total Cost": 188868.61,
                            "Plan Rows": 1670405,
                            "Plan Width": 14,
                            "Inner Unique": false,
                            "Hash Cond": "(lineitem.l_partkey = partsupp.ps_partkey)",
                            "Plans": [
                              {
                                "Node Type": "Seq Scan",
                                "Parent Relationship": "Outer",
                                "Parallel Aware": true,
                                "Async Capable": false,
                                "Relation Name": "lineitem",
                                "Alias": "lineitem",
                                "Startup Cost": 0.0,
                                "Total Cost": 150070.21,
                                "Plan Rows": 2149058,
                                "Plan Width": 4,
                                "Filter": "((l_shipmode <> 'REG AIR   '::bpchar) AND (l_suppkey >= 1))"
                              },
                              {
                                "Node Type": "Hash",
                                "Parent Relationship": "Inner",
                                "Parallel Aware": true,
                                "Async Capable": false,
                                "Startup Cost": 20268.38,
                                "Total Cost": 20268.38,
                                "Plan Rows": 65979,
                                "Plan Width": 10,
                                "Plans": [
                                  {
                                    "Node Type": "Bitmap Heap Scan",
                                    "Parent Relationship": "Outer",
                                    "Parallel Aware": true,
                                    "Async Capable": false,
                                    "Relation Name": "partsupp",
                                    "Alias": "partsupp",
                                    "Startup Cost": 1883.64,
                                    "Total Cost": 20268.38,
                                    "Plan Rows": 65979,
                                    "Plan Width": 10,
                                    "Recheck Cond": "(ps_suppkey <= 1972)",
                                    "Plans": [
                                      {
                                        "Node Type": "Bitmap Index Scan",
                                        "Parent Relationship": "Outer",
                                        "Parallel Aware": false,
                                        "Async Capable": false,
                                        "Index Name": "idx_partsupp_supp",
                                        "Startup Cost": 0.0,
                                        "Total Cost": 1844.05,
                                        "Plan Rows": 158350,
                                        "Plan Width": 0,
                                        "Index Cond": "(ps_suppkey <= 1972)"
                                      }
                                    ]
                                  }
                                ]
                              }
                            ]
                          },
                          {
                            "Node Type": "Hash",
                            "Parent Relationship": "Inner",
                            "Parallel Aware": false,
                            "Async Capable": false,
                            "Startup Cost": 111325.67,
                            "Total Cost": 111325.67,
                            "Plan Rows": 4778476,
                            "Plan Width": 20,
                            "Plans": [
                              {
                                "Node Type": "Nested Loop",
                                "Parent Relationship": "Outer",
                                "Parallel Aware": false,
                                "Async Capable": false,
                                "Join Type": "Inner",
                                "Startup Cost": 0.0,
                                "Total Cost": 111325.67,
                                "Plan Rows": 4778476,
                                "Plan Width": 20,
                                "Inner Unique": false,
                                "Plans": [
                                  {
                                    "Node Type": "Seq Scan",
                                    "Parent Relationship": "Outer",
                                    "Parallel Aware": false,
                                    "Async Capable": false,
                                    "Relation Name": "orders",
                                    "Alias": "orders",
                                    "Startup Cost": 0.0,
                                    "Total Cost": 44886.0,
                                    "Plan Rows": 148,
                                    "Plan Width": 16,
                                    "Filter": "(o_clerk ~~ '%a%'::text)"
                                  },
                                  {
                                    "Node Type": "Materialize",
                                    "Parent Relationship": "Inner",
                                    "Parallel Aware": false,
                                    "Async Capable": false,
                                    "Startup Cost": 0.0,
                                    "Total Cost": 6789.44,
                                    "Plan Rows": 32287,
                                    "Plan Width": 4,
                                    "Plans": [
                                      {
                                        "Node Type": "Seq Scan",
                                        "Parent Relationship": "Outer",
                                        "Parallel Aware": false,
                                        "Async Capable": false,
                                        "Relation Name": "part",
                                        "Alias": "part",
                                        "Startup Cost": 0.0,
                                        "Total Cost": 6628.0,
                                        "Plan Rows": 32287,
                                        "Plan Width": 4,
                                        "Filter": "(p_size <= 8)"
                                      }
                                    ]
                                  }
                                ]
                              }
                            ]
                          }
                        ]
                      }
                    ]
                  }
                ]
              }
            ]
          }
        ]
      }
    },
    "optimal_engine": "postgres",
    "speedup_ratio": 1.2248973916174142
  },
  {
    "timestamp": "2025-09-12T09:53:48.710853",
    "dataset": "tpch_sf1",
    "query_type": "AP",
    "query_index": 121,
    "query_text": "SELECT COUNT(*), COUNT(*), MAX(\"supplier\".\"s_nationkey\") FROM \"supplier\" WHERE \"supplier\".\"s_nationkey\" != 16 GROUP BY \"supplier\".\"s_address\", \"supplier\".\"s_phone\";",
    "postgres_time_ms": 15.311011986341327,
    "duckdb_time_ms": 27.244287019129843,
    "log_time_difference": -0.57627154127453,
    "postgres_plan": {
      "Plan": {
        "Node Type": "Aggregate",
        "Strategy": "Hashed",
        "Partial Mode": "Simple",
        "Parallel Aware": false,
        "Async Capable": false,
        "Startup Cost": 443.94,
        "Total Cost": 539.88,
        "Plan Rows": 9594,
        "Plan Width": 61,
        "Group Key": [
          "s_address",
          "s_phone"
        ],
        "Planned Partitions": 0,
        "Plans": [
          {
            "Node Type": "Seq Scan",
            "Parent Relationship": "Outer",
            "Parallel Aware": false,
            "Async Capable": false,
            "Relation Name": "supplier",
            "Alias": "supplier",
            "Startup Cost": 0.0,
            "Total Cost": 348.0,
            "Plan Rows": 9594,
            "Plan Width": 45,
            "Filter": "(s_nationkey <> 16)"
          }
        ]
      }
    },
    "optimal_engine": "postgres",
    "speedup_ratio": 1.779391658985962
  },
  {
    "timestamp": "2025-09-12T09:53:48.891435",
    "dataset": "tpch_sf1",
    "query_type": "AP",
    "query_index": 122,
    "query_text": "SELECT COUNT(*), MIN(\"part\".\"p_size\"), MIN(\"orders\".\"o_orderkey\") FROM \"part\" CROSS JOIN \"supplier\" LEFT JOIN \"partsupp\" ON \"supplier\".\"s_suppkey\" = \"partsupp\".\"ps_suppkey\" CROSS JOIN \"orders\" INNER JOIN \"nation\" ON \"supplier\".\"s_nationkey\" = \"nation\".\"n_nationkey\" WHERE \"orders\".\"o_orderstatus\" LIKE '%e%' AND \"orders\".\"o_orderstatus\" IS NULL GROUP BY \"nation\".\"n_comment\", \"orders\".\"o_orderstatus\" HAVING AVG(1) > 8;",
    "postgres_time_ms": 0.8691910188645124,
    "duckdb_time_ms": 177.58454201975837,
    "log_time_difference": -5.319639151891757,
    "postgres_plan": {
      "Plan": {
        "Node Type": "Aggregate",
        "Strategy": "Hashed",
        "Partial Mode": "Simple",
        "Parallel Aware": false,
        "Async Capable": false,
        "Startup Cost": 0.0,
        "Total Cost": 0.02,
        "Plan Rows": 1,
        "Plan Width": 346,
        "Group Key": [
          "nation.n_comment",
          "orders.o_orderstatus"
        ],
        "Filter": "(avg(1) > '8'::numeric)",
        "Planned Partitions": 0,
        "Plans": [
          {
            "Node Type": "Result",
            "Parent Relationship": "Outer",
            "Parallel Aware": false,
            "Async Capable": false,
            "Startup Cost": 0.0,
            "Total Cost": 0.0,
            "Plan Rows": 0,
            "Plan Width": 338,
            "One-Time Filter": "false"
          }
        ]
      }
    },
    "optimal_engine": "postgres",
    "speedup_ratio": 204.31014376074663
  },
  {
    "timestamp": "2025-09-12T09:53:49.325838",
    "dataset": "tpch_sf1",
    "query_type": "AP",
    "query_index": 123,
    "query_text": "SELECT COUNT(*), AVG(\"orders\".\"o_custkey\"), MIN(\"region\".\"r_regionkey\") FROM \"customer\" CROSS JOIN \"partsupp\" CROSS JOIN \"region\" LEFT JOIN \"orders\" ON \"customer\".\"c_custkey\" = \"orders\".\"o_custkey\" WHERE \"partsupp\".\"ps_supplycost\" < 672.9353081788023 AND \"region\".\"r_regionkey\" >= 4 AND \"region\".\"r_regionkey\" IS NOT NULL AND \"customer\".\"c_comment\" LIKE '%e%' AND \"orders\".\"o_shippriority\" < 0 GROUP BY \"partsupp\".\"ps_comment\", \"customer\".\"c_comment\";",
    "postgres_time_ms": 82.15848001418635,
    "duckdb_time_ms": 336.09727496514097,
    "log_time_difference": -1.408750561753453,
    "postgres_plan": {
      "Plan": {
        "Node Type": "Aggregate",
        "Strategy": "Sorted",
        "Partial Mode": "Simple",
        "Parallel Aware": false,
        "Async Capable": false,
        "Startup Cost": 110131.44,
        "Total Cost": 1324988.81,
        "Plan Rows": 30721917,
        "Plan Width": 243,
        "Group Key": [
          "partsupp.ps_comment",
          "customer.c_comment"
        ],
        "Plans": [
          {
            "Node Type": "Nested Loop",
            "Parent Relationship": "Outer",
            "Parallel Aware": false,
            "Async Capable": false,
            "Join Type": "Inner",
            "Startup Cost": 110131.44,
            "Total Cost": 556940.89,
            "Plan Rows": 30721917,
            "Plan Width": 207,
            "Inner Unique": false,
            "Plans": [
              {
                "Node Type": "Gather Merge",
                "Parent Relationship": "Outer",
                "Parallel Aware": false,
                "Async Capable": false,
                "Startup Cost": 110131.44,
                "Total Cost": 172904.66,
                "Plan Rows": 538981,
                "Plan Width": 203,
                "Workers Planned": 2,
                "Plans": [
                  {
                    "Node Type": "Sort",
                    "Parent Relationship": "Outer",
                    "Parallel Aware": false,
                    "Async Capable": false,
                    "Startup Cost": 109131.42,
                    "Total Cost": 109692.85,
                    "Plan Rows": 224575,
                    "Plan Width": 203,
                    "Sort Key": [
                      "partsupp.ps_comment",
                      "customer.c_comment"
                    ],
                    "Plans": [
                      {
                        "Node Type": "Nested Loop",
                        "Parent Relationship": "Outer",
                        "Parallel Aware": false,
                        "Async Capable": false,
                        "Join Type": "Inner",
                        "Startup Cost": 0.42,
                        "Total Cost": 66906.75,
                        "Plan Rows": 224575,
                        "Plan Width": 203,
                        "Inner Unique": false,
                        "Plans": [
                          {
                            "Node Type": "Nested Loop",
                            "Parent Relationship": "Outer",
                            "Parallel Aware": false,
                            "Async Capable": false,
                            "Join Type": "Inner",
                            "Startup Cost": 0.42,
                            "Total Cost": 33956.94,
                            "Plan Rows": 1,
                            "Plan Width": 77,
                            "Inner Unique": true,
                            "Plans": [
                              {
                                "Node Type": "Seq Scan",
                                "Parent Relationship": "Outer",
                                "Parallel Aware": true,
                                "Async Capable": false,
                                "Relation Name": "orders",
                                "Alias": "orders",
                                "Startup Cost": 0.0,
                                "Total Cost": 33948.5,
                                "Plan Rows": 1,
                                "Plan Width": 4,
                                "Filter": "(o_shippriority < 0)"
                              },
                              {
                                "Node Type": "Index Scan",
                                "Parent Relationship": "Inner",
                                "Parallel Aware": false,
                                "Async Capable": false,
                                "Scan Direction": "Forward",
                                "Index Name": "customer_pkey",
                                "Relation Name": "customer",
                                "Alias": "customer",
                                "Startup Cost": 0.42,
                                "Total Cost": 8.44,
                                "Plan Rows": 1,
                                "Plan Width": 77,
                                "Index Cond": "(c_custkey = orders.o_custkey)",
                                "Filter": "((c_comment)::text ~~ '%e%'::text)"
                              }
                            ]
                          },
                          {
                            "Node Type": "Seq Scan",
                            "Parent Relationship": "Inner",
                            "Parallel Aware": false,
                            "Async Capable": false,
                            "Relation Name": "partsupp",
                            "Alias": "partsupp",
                            "Startup Cost": 0.0,
                            "Total Cost": 27560.0,
                            "Plan Rows": 538981,
                            "Plan Width": 126,
                            "Filter": "(ps_supplycost < 672.9353081788023)"
                          }
                        ]
                      }
                    ]
                  }
                ]
              },
              {
                "Node Type": "Materialize",
                "Parent Relationship": "Inner",
                "Parallel Aware": false,
                "Async Capable": false,
                "Startup Cost": 0.0,
                "Total Cost": 12.41,
                "Plan Rows": 57,
                "Plan Width": 4,
                "Plans": [
                  {
                    "Node Type": "Seq Scan",
                    "Parent Relationship": "Outer",
                    "Parallel Aware": false,
                    "Async Capable": false,
                    "Relation Name": "region",
                    "Alias": "region",
                    "Startup Cost": 0.0,
                    "Total Cost": 12.12,
                    "Plan Rows": 57,
                    "Plan Width": 4,
                    "Filter": "(r_regionkey >= 4)"
                  }
                ]
              }
            ]
          }
        ]
      }
    },
    "optimal_engine": "postgres",
    "speedup_ratio": 4.090840956491732
  },
  {
    "timestamp": "2025-09-12T09:53:49.599339",
    "dataset": "tpch_sf1",
    "query_type": "AP",
    "query_index": 125,
    "query_text": "SELECT AVG(\"supplier\".\"s_suppkey\"), AVG(\"partsupp\".\"ps_partkey\"), STDDEV(\"nation\".\"n_nationkey\"), STDDEV(\"partsupp\".\"ps_partkey\"), COUNT(*) FROM \"partsupp\" INNER JOIN \"supplier\" ON \"partsupp\".\"ps_suppkey\" = \"supplier\".\"s_suppkey\" CROSS JOIN \"orders\" INNER JOIN \"nation\" ON \"supplier\".\"s_nationkey\" = \"nation\".\"n_nationkey\" WHERE \"supplier\".\"s_suppkey\" > 617 AND \"supplier\".\"s_suppkey\" = 4204 AND \"supplier\".\"s_suppkey\" IS NOT NULL AND \"nation\".\"n_comment\" = 'y alongside of the pending deposits. carefully special packages are about the ironic forges. slyly special ' AND \"orders\".\"o_shippriority\" != 0 GROUP BY \"nation\".\"n_comment\", \"supplier\".\"s_phone\" ORDER BY COUNT(*) ASC LIMIT 1000;",
    "postgres_time_ms": 0.7909309933893383,
    "duckdb_time_ms": 269.5539180422202,
    "log_time_difference": -5.831312992015496,
    "postgres_plan": {
      "Plan": {
        "Node Type": "Limit",
        "Parallel Aware": false,
        "Async Capable": false,
        "Startup Cost": 35279.76,
        "Total Cost": 35279.76,
        "Plan Rows": 1,
        "Plan Width": 474,
        "Plans": [
          {
            "Node Type": "Sort",
            "Parent Relationship": "Outer",
            "Parallel Aware": false,
            "Async Capable": false,
            "Startup Cost": 35279.76,
            "Total Cost": 35279.76,
            "Plan Rows": 1,
            "Plan Width": 474,
            "Sort Key": [
              "(count(*))"
            ],
            "Plans": [
              {
                "Node Type": "Aggregate",
                "Strategy": "Sorted",
                "Partial Mode": "Simple",
                "Parent Relationship": "Outer",
                "Parallel Aware": false,
                "Async Capable": false,
                "Startup Cost": 35279.71,
                "Total Cost": 35279.75,
                "Plan Rows": 1,
                "Plan Width": 474,
                "Group Key": [
                  "supplier.s_phone"
                ],
                "Plans": [
                  {
                    "Node Type": "Sort",
                    "Parent Relationship": "Outer",
                    "Parallel Aware": false,
                    "Async Capable": false,
                    "Startup Cost": 35279.71,
                    "Total Cost": 35279.71,
                    "Plan Rows": 1,
                    "Plan Width": 350,
                    "Sort Key": [
                      "supplier.s_phone"
                    ],
                    "Plans": [
                      {
                        "Node Type": "Nested Loop",
                        "Parent Relationship": "Outer",
                        "Parallel Aware": false,
                        "Async Capable": false,
                        "Join Type": "Inner",
                        "Startup Cost": 1005.33,
                        "Total Cost": 35279.7,
                        "Plan Rows": 1,
                        "Plan Width": 350,
                        "Inner Unique": false,
                        "Plans": [
                          {
                            "Node Type": "Nested Loop",
                            "Parent Relationship": "Outer",
                            "Parallel Aware": false,
                            "Async Capable": false,
                            "Join Type": "Inner",
                            "Startup Cost": 5.33,
                            "Total Cost": 331.09,
                            "Plan Rows": 1,
                            "Plan Width": 350,
                            "Inner Unique": false,
                            "Plans": [
                              {
                                "Node Type": "Nested Loop",
                                "Parent Relationship": "Outer",
                                "Parallel Aware": false,
                                "Async Capable": false,
                                "Join Type": "Inner",
                                "Startup Cost": 0.29,
                                "Total Cost": 20.44,
                                "Plan Rows": 1,
                                "Plan Width": 346,
                                "Inner Unique": true,
                                "Join Filter": "(supplier.s_nationkey = nation.n_nationkey)",
                                "Plans": [
                                  {
                                    "Node Type": "Index Scan",
                                    "Parent Relationship": "Outer",
                                    "Parallel Aware": false,
                                    "Async Capable": false,
                                    "Scan Direction": "Forward",
                                    "Index Name": "supplier_pkey",
                                    "Relation Name": "supplier",
                                    "Alias": "supplier",
                                    "Startup Cost": 0.29,
                                    "Total Cost": 8.3,
                                    "Plan Rows": 1,
                                    "Plan Width": 24,
                                    "Index Cond": "((s_suppkey > 617) AND (s_suppkey = 4204))"
                                  },
                                  {
                                    "Node Type": "Seq Scan",
                                    "Parent Relationship": "Inner",
                                    "Parallel Aware": false,
                                    "Async Capable": false,
                                    "Relation Name": "nation",
                                    "Alias": "nation",
                                    "Startup Cost": 0.0,
                                    "Total Cost": 12.12,
                                    "Plan Rows": 1,
                                    "Plan Width": 326,
                                    "Filter": "((n_comment)::text = 'y alongside of the pending deposits. carefully special packages are about the ironic forges. slyly special '::text)"
                                  }
                                ]
                              },
                              {
                                "Node Type": "Bitmap Heap Scan",
                                "Parent Relationship": "Inner",
                                "Parallel Aware": false,
                                "Async Capable": false,
                                "Relation Name": "partsupp",
                                "Alias": "partsupp",
                                "Startup Cost": 5.04,
                                "Total Cost": 309.85,
                                "Plan Rows": 80,
                                "Plan Width": 8,
                                "Recheck Cond": "(ps_suppkey = 4204)",
                                "Plans": [
                                  {
                                    "Node Type": "Bitmap Index Scan",
                                    "Parent Relationship": "Outer",
                                    "Parallel Aware": false,
                                    "Async Capable": false,
                                    "Index Name": "idx_partsupp_supp",
                                    "Startup Cost": 0.0,
                                    "Total Cost": 5.02,
                                    "Plan Rows": 80,
                                    "Plan Width": 0,
                                    "Index Cond": "(ps_suppkey = 4204)"
                                  }
                                ]
                              }
                            ]
                          },
                          {
                            "Node Type": "Gather",
                            "Parent Relationship": "Inner",
                            "Parallel Aware": false,
                            "Async Capable": false,
                            "Startup Cost": 1000.0,
                            "Total Cost": 34948.6,
                            "Plan Rows": 1,
                            "Plan Width": 0,
                            "Workers Planned": 2,
                            "Single Copy": false,
                            "Plans": [
                              {
                                "Node Type": "Seq Scan",
                                "Parent Relationship": "Outer",
                                "Parallel Aware": true,
                                "Async Capable": false,
                                "Relation Name": "orders",
                                "Alias": "orders",
                                "Startup Cost": 0.0,
                                "Total Cost": 33948.5,
                                "Plan Rows": 1,
                                "Plan Width": 0,
                                "Filter": "(o_shippriority <> 0)"
                              }
                            ]
                          }
                        ]
                      }
                    ]
                  }
                ]
              }
            ]
          }
        ]
      }
    },
    "optimal_engine": "postgres",
    "speedup_ratio": 340.80586080855653
  },
  {
    "timestamp": "2025-09-12T09:54:38.597405",
    "dataset": "tpch_sf1",
    "query_type": "AP",
    "query_index": 126,
    "query_text": "SELECT MIN(\"lineitem\".\"l_discount\"), VARIANCE(\"lineitem\".\"l_quantity\"), SUM(\"lineitem\".\"l_orderkey\"), MAX(\"lineitem\".\"l_extendedprice\") FROM \"lineitem\" WHERE \"lineitem\".\"l_tax\" <= 0.07992232109017743 GROUP BY \"lineitem\".\"l_comment\" HAVING AVG(1) < 73 ORDER BY COUNT(*) ASC;",
    "postgres_time_ms": 30000,
    "duckdb_time_ms": 18350.573434960097,
    "log_time_difference": 0.4915365577882572,
    "postgres_plan": null,
    "optimal_engine": "duckdb",
    "speedup_ratio": 1.6348262961007156
  },
  {
    "timestamp": "2025-09-12T09:54:38.895088",
    "dataset": "tpch_sf1",
    "query_type": "AP",
    "query_index": 127,
    "query_text": "SELECT SUM(\"lineitem\".\"l_discount\") FROM \"nation\" JOIN \"region\" ON \"nation\".\"n_regionkey\" = \"region\".\"r_regionkey\" CROSS JOIN \"partsupp\" INNER JOIN \"lineitem\" ON \"partsupp\".\"ps_partkey\" = \"lineitem\".\"l_partkey\" LEFT JOIN \"orders\" ON \"lineitem\".\"l_orderkey\" = \"orders\".\"o_orderkey\" WHERE \"nation\".\"n_regionkey\" < 0 AND \"lineitem\".\"l_discount\" <= 0.0 AND \"nation\".\"n_comment\" LIKE '%a%' AND \"nation\".\"n_comment\" IS NULL LIMIT 100;",
    "postgres_time_ms": 13.691717991605401,
    "duckdb_time_ms": 281.05564799625427,
    "log_time_difference": -3.021761561426873,
    "postgres_plan": {
      "Plan": {
        "Node Type": "Limit",
        "Parallel Aware": false,
        "Async Capable": false,
        "Startup Cost": 200903.95,
        "Total Cost": 200903.96,
        "Plan Rows": 1,
        "Plan Width": 32,
        "Plans": [
          {
            "Node Type": "Aggregate",
            "Strategy": "Plain",
            "Partial Mode": "Finalize",
            "Parent Relationship": "Outer",
            "Parallel Aware": false,
            "Async Capable": false,
            "Startup Cost": 200903.95,
            "Total Cost": 200903.96,
            "Plan Rows": 1,
            "Plan Width": 32,
            "Plans": [
              {
                "Node Type": "Gather",
                "Parent Relationship": "Outer",
                "Parallel Aware": false,
                "Async Capable": false,
                "Startup Cost": 200903.73,
                "Total Cost": 200903.94,
                "Plan Rows": 2,
                "Plan Width": 32,
                "Workers Planned": 2,
                "Single Copy": false,
                "Plans": [
                  {
                    "Node Type": "Aggregate",
                    "Strategy": "Plain",
                    "Partial Mode": "Partial",
                    "Parent Relationship": "Outer",
                    "Parallel Aware": false,
                    "Async Capable": false,
                    "Startup Cost": 199903.73,
                    "Total Cost": 199903.74,
                    "Plan Rows": 1,
                    "Plan Width": 32,
                    "Plans": [
                      {
                        "Node Type": "Hash Join",
                        "Parent Relationship": "Outer",
                        "Parallel Aware": false,
                        "Async Capable": false,
                        "Join Type": "Inner",
                        "Startup Cost": 38043.8,
                        "Total Cost": 197696.96,
                        "Plan Rows": 882708,
                        "Plan Width": 4,
                        "Inner Unique": false,
                        "Hash Cond": "(lineitem.l_partkey = partsupp.ps_partkey)",
                        "Plans": [
                          {
                            "Node Type": "Seq Scan",
                            "Parent Relationship": "Outer",
                            "Parallel Aware": true,
                            "Async Capable": false,
                            "Relation Name": "lineitem",
                            "Alias": "lineitem",
                            "Startup Cost": 0.0,
                            "Total Cost": 143819.17,
                            "Plan Rows": 224787,
                            "Plan Width": 12,
                            "Filter": "(l_discount <= 0.0)"
                          },
                          {
                            "Node Type": "Hash",
                            "Parent Relationship": "Inner",
                            "Parallel Aware": false,
                            "Async Capable": false,
                            "Startup Cost": 24918.8,
                            "Total Cost": 24918.8,
                            "Plan Rows": 800000,
                            "Plan Width": 4,
                            "Plans": [
                              {
                                "Node Type": "Nested Loop",
                                "Parent Relationship": "Outer",
                                "Parallel Aware": false,
                                "Async Capable": false,
                                "Join Type": "Inner",
                                "Startup Cost": 0.42,
                                "Total Cost": 24918.8,
                                "Plan Rows": 800000,
                                "Plan Width": 4,
                                "Inner Unique": false,
                                "Plans": [
                                  {
                                    "Node Type": "Nested Loop",
                                    "Parent Relationship": "Outer",
                                    "Parallel Aware": false,
                                    "Async Capable": false,
                                    "Join Type": "Inner",
                                    "Startup Cost": 0.0,
                                    "Total Cost": 26.38,
                                    "Plan Rows": 1,
                                    "Plan Width": 0,
                                    "Inner Unique": true,
                                    "Join Filter": "(nation.n_regionkey = region.r_regionkey)",
                                    "Plans": [
                                      {
                                        "Node Type": "Seq Scan",
                                        "Parent Relationship": "Outer",
                                        "Parallel Aware": false,
                                        "Async Capable": false,
                                        "Relation Name": "nation",
                                        "Alias": "nation",
                                        "Startup Cost": 0.0,
                                        "Total Cost": 12.55,
                                        "Plan Rows": 1,
                                        "Plan Width": 4,
                                        "Filter": "((n_comment IS NULL) AND (n_regionkey < 0) AND ((n_comment)::text ~~ '%a%'::text))"
                                      },
                                      {
                                        "Node Type": "Seq Scan",
                                        "Parent Relationship": "Inner",
                                        "Parallel Aware": false,
                                        "Async Capable": false,
                                        "Relation Name": "region",
                                        "Alias": "region",
                                        "Startup Cost": 0.0,
                                        "Total Cost": 11.7,
                                        "Plan Rows": 170,
                                        "Plan Width": 4
                                      }
                                    ]
                                  },
                                  {
                                    "Node Type": "Index Only Scan",
                                    "Parent Relationship": "Inner",
                                    "Parallel Aware": false,
                                    "Async Capable": false,
                                    "Scan Direction": "Forward",
                                    "Index Name": "idx_partsupp_part",
                                    "Relation Name": "partsupp",
                                    "Alias": "partsupp",
                                    "Startup Cost": 0.42,
                                    "Total Cost": 16892.43,
                                    "Plan Rows": 800000,
                                    "Plan Width": 4
                                  }
                                ]
                              }
                            ]
                          }
                        ]
                      }
                    ]
                  }
                ]
              }
            ]
          }
        ]
      }
    },
    "optimal_engine": "postgres",
    "speedup_ratio": 20.52742016513733
  },
  {
    "timestamp": "2025-09-12T09:54:43.069187",
    "dataset": "tpch_sf1",
    "query_type": "AP",
    "query_index": 128,
    "query_text": "SELECT MIN(\"partsupp\".\"ps_suppkey\") FROM \"partsupp\" WHERE \"partsupp\".\"ps_comment\" LIKE '%a%' GROUP BY \"partsupp\".\"ps_comment\", \"partsupp\".\"ps_comment\";",
    "postgres_time_ms": 3516.26640901668,
    "duckdb_time_ms": 597.69140498247,
    "log_time_difference": 1.772080450843513,
    "postgres_plan": {
      "Plan": {
        "Node Type": "Aggregate",
        "Strategy": "Sorted",
        "Partial Mode": "Finalize",
        "Parallel Aware": false,
        "Async Capable": false,
        "Startup Cost": 76086.07,
        "Total Cost": 170193.2,
        "Plan Rows": 799920,
        "Plan Width": 130,
        "Group Key": [
          "ps_comment"
        ],
        "Plans": [
          {
            "Node Type": "Gather Merge",
            "Parent Relationship": "Outer",
            "Parallel Aware": false,
            "Async Capable": false,
            "Startup Cost": 76086.07,
            "Total Cost": 158861.0,
            "Plan Rows": 666600,
            "Plan Width": 130,
            "Workers Planned": 2,
            "Plans": [
              {
                "Node Type": "Aggregate",
                "Strategy": "Sorted",
                "Partial Mode": "Partial",
                "Parent Relationship": "Outer",
                "Parallel Aware": false,
                "Async Capable": false,
                "Startup Cost": 75086.05,
                "Total Cost": 80918.8,
                "Plan Rows": 333300,
                "Plan Width": 130,
                "Group Key": [
                  "ps_comment"
                ],
                "Plans": [
                  {
                    "Node Type": "Sort",
                    "Parent Relationship": "Outer",
                    "Parallel Aware": false,
                    "Async Capable": false,
                    "Startup Cost": 75086.05,
                    "Total Cost": 75919.3,
                    "Plan Rows": 333300,
                    "Plan Width": 130,
                    "Sort Key": [
                      "ps_comment"
                    ],
                    "Plans": [
                      {
                        "Node Type": "Seq Scan",
                        "Parent Relationship": "Outer",
                        "Parallel Aware": true,
                        "Async Capable": false,
                        "Relation Name": "partsupp",
                        "Alias": "partsupp",
                        "Startup Cost": 0.0,
                        "Total Cost": 21726.67,
                        "Plan Rows": 333300,
                        "Plan Width": 130,
                        "Filter": "((ps_comment)::text ~~ '%a%'::text)"
                      }
                    ]
                  }
                ]
              }
            ]
          }
        ]
      }
    },
    "optimal_engine": "duckdb",
    "speedup_ratio": 5.883080097361966
  },
  {
    "timestamp": "2025-09-12T09:56:16.055702",
    "dataset": "tpch_sf1",
    "query_type": "AP",
    "query_index": 131,
    "query_text": "SELECT MAX(\"partsupp\".\"ps_partkey\") FROM \"orders\" CROSS JOIN \"partsupp\" WHERE \"orders\".\"o_comment\" LIKE '%u%' AND \"partsupp\".\"ps_supplycost\" = 1000.0 AND \"orders\".\"o_comment\" LIKE '%a%' AND \"partsupp\".\"ps_comment\" LIKE '%o%' ORDER BY COUNT(*) DESC;",
    "postgres_time_ms": 672.2163630183786,
    "duckdb_time_ms": 782.3778679594398,
    "log_time_difference": -0.1517575734679334,
    "postgres_plan": {
      "Plan": {
        "Node Type": "Custom Scan",
        "Custom Plan Provider": "DuckDBScan",
        "Parallel Aware": false,
        "Async Capable": false,
        "Startup Cost": 0.0,
        "Total Cost": 0.0,
        "Plan Rows": 0,
        "Plan Width": 0,
        "DuckDB Execution Plan": [
          {
            "name": "ORDER_BY",
            "children": [
              {
                "name": "UNGROUPED_AGGREGATE",
                "children": [
                  {
                    "name": "PROJECTION",
                    "children": [
                      {
                        "name": "CROSS_PRODUCT",
                        "children": [
                          {
                            "name": "PGDUCKDB_POSTGRES_SCAN ",
                            "children": [],
                            "extra_info": {
                              "Table": "orders",
                              "Projections": "",
                              "Filters": "like_escape(o_comment, '%u%', '\\') AND like_escape(o_comment, '%a%', '\\')",
                              "Estimated Cardinality": "300000"
                            }
                          },
                          {
                            "name": "PGDUCKDB_POSTGRES_SCAN ",
                            "children": [],
                            "extra_info": {
                              "Table": "partsupp",
                              "Projections": "ps_partkey",
                              "Filters": [
                                "ps_supplycost=1000.00",
                                "like_escape(ps_comment, '%o%', '\\')"
                              ],
                              "Estimated Cardinality": "160000"
                            }
                          }
                        ],
                        "extra_info": {}
                      }
                    ],
                    "extra_info": {
                      "Projections": "ps_partkey",
                      "Estimated Cardinality": "48000000000"
                    }
                  }
                ],
                "extra_info": {
                  "Aggregates": [
                    "max(#0)",
                    "count_star()"
                  ]
                }
              }
            ],
            "extra_info": {
              "Order By": "#1 DESC"
            }
          }
        ]
      }
    },
    "optimal_engine": "postgres",
    "speedup_ratio": 1.1638780473096715
  },
  {
    "timestamp": "2025-09-12T09:57:16.427847",
    "dataset": "tpch_sf1",
    "query_type": "AP",
    "query_index": 136,
    "query_text": "SELECT SUM(\"customer\".\"c_acctbal\"), SUM(\"customer\".\"c_acctbal\"), COUNT(*), MAX(\"partsupp\".\"ps_supplycost\") FROM \"customer\" CROSS JOIN \"partsupp\" WHERE \"customer\".\"c_phone\" LIKE '%e%' AND \"partsupp\".\"ps_supplycost\" >= 1000.0 AND \"partsupp\".\"ps_supplycost\" IS NOT NULL AND \"customer\".\"c_custkey\" = 1 AND \"partsupp\".\"ps_availqty\" < 2931 AND \"partsupp\".\"ps_availqty\" >= 732 GROUP BY \"customer\".\"c_address\", \"partsupp\".\"ps_comment\" ORDER BY COUNT(*) ASC;",
    "postgres_time_ms": 157.2690400062129,
    "duckdb_time_ms": 155.1562849781476,
    "log_time_difference": 0.013525070253680284,
    "postgres_plan": {
      "Plan": {
        "Node Type": "Custom Scan",
        "Custom Plan Provider": "DuckDBScan",
        "Parallel Aware": false,
        "Async Capable": false,
        "Startup Cost": 0.0,
        "Total Cost": 0.0,
        "Plan Rows": 0,
        "Plan Width": 0,
        "DuckDB Execution Plan": [
          {
            "name": "ORDER_BY",
            "children": [
              {
                "name": "PROJECTION",
                "children": [
                  {
                    "name": "HASH_GROUP_BY",
                    "children": [
                      {
                        "name": "PROJECTION",
                        "children": [
                          {
                            "name": "CROSS_PRODUCT",
                            "children": [
                              {
                                "name": "PGDUCKDB_POSTGRES_SCAN ",
                                "children": [],
                                "extra_info": {
                                  "Table": "partsupp",
                                  "Projections": [
                                    "ps_supplycost",
                                    "ps_comment"
                                  ],
                                  "Filters": [
                                    "ps_supplycost>=1000.00 AND (ps_supplycost IS NOT NULL)",
                                    "ps_availqty>=732 AND ps_availqty<2931"
                                  ],
                                  "Estimated Cardinality": "160000"
                                }
                              },
                              {
                                "name": "PGDUCKDB_POSTGRES_SCAN ",
                                "children": [],
                                "extra_info": {
                                  "Table": "customer",
                                  "Projections": [
                                    "c_address",
                                    "c_acctbal"
                                  ],
                                  "Filters": [
                                    "like_escape(c_phone, '%e%', '\\')",
                                    "c_custkey=1"
                                  ],
                                  "Estimated Cardinality": "30000"
                                }
                              }
                            ],
                            "extra_info": {}
                          }
                        ],
                        "extra_info": {
                          "Projections": [
                            "c_address",
                            "ps_comment",
                            "c_acctbal",
                            "ps_supplycost"
                          ],
                          "Estimated Cardinality": "4800000000"
                        }
                      }
                    ],
                    "extra_info": {
                      "Groups": [
                        "#0",
                        "#1"
                      ],
                      "Aggregates": [
                        "sum(#2)",
                        "count_star()",
                        "max(#3)"
                      ],
                      "Estimated Cardinality": "4299228092"
                    }
                  }
                ],
                "extra_info": {
                  "Projections": [
                    "sum",
                    "sum",
                    "count",
                    "max"
                  ],
                  "Estimated Cardinality": "4299228092"
                }
              }
            ],
            "extra_info": {
              "Order By": "count_star() ASC"
            }
          }
        ]
      }
    },
    "optimal_engine": "duckdb",
    "speedup_ratio": 1.0136169477656858
  },
  {
    "timestamp": "2025-09-12T09:58:26.044996",
    "dataset": "tpch_sf1",
    "query_type": "AP",
    "query_index": 141,
    "query_text": "SELECT AVG(\"customer\".\"c_acctbal\"), AVG(\"customer\".\"c_acctbal\") FROM \"customer\" ORDER BY COUNT(*) ASC;",
    "postgres_time_ms": 48.70160995051265,
    "duckdb_time_ms": 46.72513698460534,
    "log_time_difference": 0.04142980301713045,
    "postgres_plan": {
      "Plan": {
        "Node Type": "Custom Scan",
        "Custom Plan Provider": "DuckDBScan",
        "Parallel Aware": false,
        "Async Capable": false,
        "Startup Cost": 0.0,
        "Total Cost": 0.0,
        "Plan Rows": 0,
        "Plan Width": 0,
        "DuckDB Execution Plan": [
          {
            "name": "ORDER_BY",
            "children": [
              {
                "name": "PROJECTION",
                "children": [
                  {
                    "name": "UNGROUPED_AGGREGATE",
                    "children": [
                      {
                        "name": "PROJECTION",
                        "children": [
                          {
                            "name": "PGDUCKDB_POSTGRES_SCAN ",
                            "children": [],
                            "extra_info": {
                              "Table": "customer",
                              "Projections": "c_acctbal",
                              "Estimated Cardinality": "150000"
                            }
                          }
                        ],
                        "extra_info": {
                          "Projections": "c_acctbal",
                          "Estimated Cardinality": "150000"
                        }
                      }
                    ],
                    "extra_info": {
                      "Aggregates": [
                        "avg(#0)",
                        "count_star()"
                      ]
                    }
                  }
                ],
                "extra_info": {
                  "Projections": [
                    "avg",
                    "avg",
                    "count_star()"
                  ],
                  "Estimated Cardinality": "1"
                }
              }
            ],
            "extra_info": {
              "Order By": "#2 ASC"
            }
          }
        ]
      }
    },
    "optimal_engine": "duckdb",
    "speedup_ratio": 1.0422999929686347
  },
  {
    "timestamp": "2025-09-12T10:00:32.855115",
    "dataset": "tpch_sf1",
    "query_type": "AP",
    "query_index": 148,
    "query_text": "SELECT VARIANCE(\"orders\".\"o_totalprice\"), VARIANCE(\"nation\".\"n_regionkey\"), COUNT(*), COUNT(*) FROM \"region\" CROSS JOIN \"orders\" JOIN \"nation\" ON \"region\".\"r_regionkey\" = \"nation\".\"n_regionkey\" WHERE \"region\".\"r_name\" LIKE '%o%' AND \"region\".\"r_name\" IS NOT NULL AND \"nation\".\"n_name\" LIKE '%o%' AND \"orders\".\"o_custkey\" <= 138632 GROUP BY \"nation\".\"n_nationkey\" HAVING COUNT(*) > 60 ORDER BY COUNT(*) DESC;",
    "postgres_time_ms": 36.56532894819975,
    "duckdb_time_ms": 34.46394897764549,
    "log_time_difference": 0.05918667442192433,
    "postgres_plan": {
      "Plan": {
        "Node Type": "Custom Scan",
        "Custom Plan Provider": "DuckDBScan",
        "Parallel Aware": false,
        "Async Capable": false,
        "Startup Cost": 0.0,
        "Total Cost": 0.0,
        "Plan Rows": 0,
        "Plan Width": 0,
        "DuckDB Execution Plan": [
          {
            "name": "ORDER_BY",
            "children": [
              {
                "name": "PROJECTION",
                "children": [
                  {
                    "name": "PROJECTION",
                    "children": [
                      {
                        "name": "FILTER",
                        "children": [
                          {
                            "name": "HASH_GROUP_BY",
                            "children": [
                              {
                                "name": "PROJECTION",
                                "children": [
                                  {
                                    "name": "CROSS_PRODUCT",
                                    "children": [
                                      {
                                        "name": "PGDUCKDB_POSTGRES_SCAN ",
                                        "children": [],
                                        "extra_info": {
                                          "Table": "orders",
                                          "Projections": "o_totalprice",
                                          "Filters": "o_custkey<=138632",
                                          "Estimated Cardinality": "300000"
                                        }
                                      },
                                      {
                                        "name": "HASH_JOIN",
                                        "children": [
                                          {
                                            "name": "PGDUCKDB_POSTGRES_SCAN ",
                                            "children": [],
                                            "extra_info": {
                                              "Table": "nation",
                                              "Projections": [
                                                "n_regionkey",
                                                "n_nationkey"
                                              ],
                                              "Filters": "like_escape(n_name, '%o%', '\\')",
                                              "Estimated Cardinality": "34"
                                            }
                                          },
                                          {
                                            "name": "PGDUCKDB_POSTGRES_SCAN ",
                                            "children": [],
                                            "extra_info": {
                                              "Table": "region",
                                              "Projections": "r_regionkey",
                                              "Filters": "like_escape(r_name, '%o%', '\\') AND (r_name IS NOT NULL)",
                                              "Estimated Cardinality": "34"
                                            }
                                          }
                                        ],
                                        "extra_info": {
                                          "Join Type": "INNER",
                                          "Conditions": "n_regionkey = r_regionkey",
                                          "Estimated Cardinality": "6"
                                        }
                                      }
                                    ],
                                    "extra_info": {}
                                  }
                                ],
                                "extra_info": {
                                  "Projections": [
                                    "n_nationkey",
                                    "CAST(o_totalprice AS DOUBLE)",
                                    "CAST(n_regionkey AS DOUBLE)"
                                  ],
                                  "Estimated Cardinality": "6"
                                }
                              }
                            ],
                            "extra_info": {
                              "Groups": "#0",
                              "Aggregates": [
                                "count_star()",
                                "variance(#1)",
                                "variance(#2)"
                              ],
                              "Estimated Cardinality": "5"
                            }
                          }
                        ],
                        "extra_info": {
                          "Expression": "(count_star() > 60)",
                          "Estimated Cardinality": "1"
                        }
                      }
                    ],
                    "extra_info": {
                      "Projections": [
                        "#1",
                        "#2",
                        "#3"
                      ],
                      "Estimated Cardinality": "1"
                    }
                  }
                ],
                "extra_info": {
                  "Projections": [
                    "variance",
                    "variance",
                    "count",
                    "count"
                  ],
                  "Estimated Cardinality": "1"
                }
              }
            ],
            "extra_info": {
              "Order By": "count_star() DESC"
            }
          }
        ]
      }
    },
    "optimal_engine": "duckdb",
    "speedup_ratio": 1.0609732788287636
  },
  {
    "timestamp": "2025-09-12T10:01:03.292936",
    "dataset": "tpch_sf1",
    "query_type": "AP",
    "query_index": 149,
    "query_text": "SELECT COUNT(*), COUNT(*), COUNT(*) FROM \"supplier\" CROSS JOIN \"customer\" WHERE \"supplier\".\"s_suppkey\" != 1;",
    "postgres_time_ms": 30000,
    "duckdb_time_ms": 435.37579401163384,
    "log_time_difference": 4.23274310821788,
    "postgres_plan": null,
    "optimal_engine": "duckdb",
    "speedup_ratio": 68.905989751002
  },
  {
    "timestamp": "2025-09-12T10:01:05.483787",
    "dataset": "tpch_sf1",
    "query_type": "AP",
    "query_index": 150,
    "query_text": "SELECT AVG(\"partsupp\".\"ps_availqty\"), COUNT(*) FROM \"lineitem\" INNER JOIN \"orders\" ON \"lineitem\".\"l_orderkey\" = \"orders\".\"o_orderkey\" CROSS JOIN \"nation\" JOIN \"partsupp\" ON \"lineitem\".\"l_partkey\" = \"partsupp\".\"ps_partkey\" JOIN \"part\" ON \"partsupp\".\"ps_partkey\" = \"part\".\"p_partkey\" WHERE \"lineitem\".\"l_shipmode\" LIKE '%e%' AND \"nation\".\"n_name\" = 'CANADA                   ' ORDER BY COUNT(*) DESC;",
    "postgres_time_ms": 468.11695501673967,
    "duckdb_time_ms": 1703.4386320156045,
    "log_time_difference": -1.2916860432273611,
    "postgres_plan": {
      "Plan": {
        "Node Type": "Sort",
        "Parallel Aware": false,
        "Async Capable": false,
        "Startup Cost": 144849.25,
        "Total Cost": 144849.26,
        "Plan Rows": 1,
        "Plan Width": 40,
        "Sort Key": [
          "(count(*)) DESC"
        ],
        "Plans": [
          {
            "Node Type": "Aggregate",
            "Strategy": "Plain",
            "Partial Mode": "Simple",
            "Parent Relationship": "Outer",
            "Parallel Aware": false,
            "Async Capable": false,
            "Startup Cost": 144849.23,
            "Total Cost": 144849.24,
            "Plan Rows": 1,
            "Plan Width": 40,
            "Plans": [
              {
                "Node Type": "Nested Loop",
                "Parent Relationship": "Outer",
                "Parallel Aware": false,
                "Async Capable": false,
                "Join Type": "Inner",
                "Startup Cost": 1001.27,
                "Total Cost": 144849.21,
                "Plan Rows": 4,
                "Plan Width": 4,
                "Inner Unique": false,
                "Join Filter": "(lineitem.l_partkey = partsupp.ps_partkey)",
                "Plans": [
                  {
                    "Node Type": "Nested Loop",
                    "Parent Relationship": "Outer",
                    "Parallel Aware": false,
                    "Async Capable": false,
                    "Join Type": "Inner",
                    "Startup Cost": 1000.85,
                    "Total Cost": 144848.29,
                    "Plan Rows": 1,
                    "Plan Width": 8,
                    "Inner Unique": true,
                    "Plans": [
                      {
                        "Node Type": "Nested Loop",
                        "Parent Relationship": "Outer",
                        "Parallel Aware": false,
                        "Async Capable": false,
                        "Join Type": "Inner",
                        "Startup Cost": 1000.43,
                        "Total Cost": 144839.85,
                        "Plan Rows": 1,
                        "Plan Width": 4,
                        "Inner Unique": true,
                        "Plans": [
                          {
                            "Node Type": "Nested Loop",
                            "Parent Relationship": "Outer",
                            "Parallel Aware": false,
                            "Async Capable": false,
                            "Join Type": "Inner",
                            "Startup Cost": 1000.0,
                            "Total Cost": 144831.41,
                            "Plan Rows": 1,
                            "Plan Width": 8,
                            "Inner Unique": false,
                            "Plans": [
                              {
                                "Node Type": "Seq Scan",
                                "Parent Relationship": "Outer",
                                "Parallel Aware": false,
                                "Async Capable": false,
                                "Relation Name": "nation",
                                "Alias": "nation",
                                "Startup Cost": 0.0,
                                "Total Cost": 12.12,
                                "Plan Rows": 1,
                                "Plan Width": 0,
                                "Filter": "(n_name = 'CANADA                   '::bpchar)"
                              },
                              {
                                "Node Type": "Gather",
                                "Parent Relationship": "Inner",
                                "Parallel Aware": false,
                                "Async Capable": false,
                                "Startup Cost": 1000.0,
                                "Total Cost": 144819.27,
                                "Plan Rows": 1,
                                "Plan Width": 8,
                                "Workers Planned": 2,
                                "Single Copy": false,
                                "Plans": [
                                  {
                                    "Node Type": "Seq Scan",
                                    "Parent Relationship": "Outer",
                                    "Parallel Aware": true,
                                    "Async Capable": false,
                                    "Relation Name": "lineitem",
                                    "Alias": "lineitem",
                                    "Startup Cost": 0.0,
                                    "Total Cost": 143819.17,
                                    "Plan Rows": 1,
                                    "Plan Width": 8,
                                    "Filter": "(l_shipmode ~~ '%e%'::text)"
                                  }
                                ]
                              }
                            ]
                          },
                          {
                            "Node Type": "Index Only Scan",
                            "Parent Relationship": "Inner",
                            "Parallel Aware": false,
                            "Async Capable": false,
                            "Scan Direction": "Forward",
                            "Index Name": "orders_pkey",
                            "Relation Name": "orders",
                            "Alias": "orders",
                            "Startup Cost": 0.43,
                            "Total Cost": 8.45,
                            "Plan Rows": 1,
                            "Plan Width": 4,
                            "Index Cond": "(o_orderkey = lineitem.l_orderkey)"
                          }
                        ]
                      },
                      {
                        "Node Type": "Index Only Scan",
                        "Parent Relationship": "Inner",
                        "Parallel Aware": false,
                        "Async Capable": false,
                        "Scan Direction": "Forward",
                        "Index Name": "part_pkey",
                        "Relation Name": "part",
                        "Alias": "part",
                        "Startup Cost": 0.42,
                        "Total Cost": 8.44,
                        "Plan Rows": 1,
                        "Plan Width": 4,
                        "Index Cond": "(p_partkey = lineitem.l_partkey)"
                      }
                    ]
                  },
                  {
                    "Node Type": "Index Scan",
                    "Parent Relationship": "Inner",
                    "Parallel Aware": false,
                    "Async Capable": false,
                    "Scan Direction": "Forward",
                    "Index Name": "idx_partsupp_part",
                    "Relation Name": "partsupp",
                    "Alias": "partsupp",
                    "Startup Cost": 0.42,
                    "Total Cost": 0.87,
                    "Plan Rows": 4,
                    "Plan Width": 8,
                    "Index Cond": "(ps_partkey = part.p_partkey)"
                  }
                ]
              }
            ]
          }
        ]
      }
    },
    "optimal_engine": "postgres",
    "speedup_ratio": 3.6389167573618226
  },
  {
    "timestamp": "2025-09-12T10:01:05.770965",
    "dataset": "tpch_sf1",
    "query_type": "AP",
    "query_index": 151,
    "query_text": "SELECT MIN(\"nation\".\"n_nationkey\"), MIN(\"nation\".\"n_nationkey\"), MAX(\"nation\".\"n_nationkey\"), AVG(\"partsupp\".\"ps_partkey\") FROM \"nation\" CROSS JOIN \"partsupp\" WHERE \"partsupp\".\"ps_suppkey\" <= 10000 AND \"nation\".\"n_nationkey\" >= 24 AND \"nation\".\"n_comment\" LIKE '%u%' AND \"partsupp\".\"ps_supplycost\" = 645.3741143233176 AND \"partsupp\".\"ps_supplycost\" IS NOT NULL GROUP BY \"partsupp\".\"ps_comment\", \"nation\".\"n_comment\" ORDER BY \"partsupp\".\"ps_comment\", \"nation\".\"n_comment\" DESC LIMIT 1000;",
    "postgres_time_ms": 80.8371480088681,
    "duckdb_time_ms": 204.11925099324435,
    "log_time_difference": -0.9262677742875779,
    "postgres_plan": {
      "Plan": {
        "Node Type": "Limit",
        "Parallel Aware": false,
        "Async Capable": false,
        "Startup Cost": 23602.98,
        "Total Cost": 23617.08,
        "Plan Rows": 513,
        "Plan Width": 492,
        "Plans": [
          {
            "Node Type": "Aggregate",
            "Strategy": "Sorted",
            "Partial Mode": "Simple",
            "Parent Relationship": "Outer",
            "Parallel Aware": false,
            "Async Capable": false,
            "Startup Cost": 23602.98,
            "Total Cost": 23617.08,
            "Plan Rows": 513,
            "Plan Width": 492,
            "Group Key": [
              "partsupp.ps_comment",
              "nation.n_comment"
            ],
            "Plans": [
              {
                "Node Type": "Sort",
                "Parent Relationship": "Outer",
                "Parallel Aware": false,
                "Async Capable": false,
                "Startup Cost": 23602.98,
                "Total Cost": 23604.26,
                "Plan Rows": 513,
                "Plan Width": 456,
                "Sort Key": [
                  "partsupp.ps_comment",
                  "nation.n_comment DESC"
                ],
                "Plans": [
                  {
                    "Node Type": "Nested Loop",
                    "Parent Relationship": "Outer",
                    "Parallel Aware": false,
                    "Async Capable": false,
                    "Join Type": "Inner",
                    "Startup Cost": 1000.0,
                    "Total Cost": 23579.88,
                    "Plan Rows": 513,
                    "Plan Width": 456,
                    "Inner Unique": false,
                    "Plans": [
                      {
                        "Node Type": "Seq Scan",
                        "Parent Relationship": "Outer",
                        "Parallel Aware": false,
                        "Async Capable": false,
                        "Relation Name": "nation",
                        "Alias": "nation",
                        "Startup Cost": 0.0,
                        "Total Cost": 12.55,
                        "Plan Rows": 57,
                        "Plan Width": 326,
                        "Filter": "((n_nationkey >= 24) AND ((n_comment)::text ~~ '%u%'::text))"
                      },
                      {
                        "Node Type": "Materialize",
                        "Parent Relationship": "Inner",
                        "Parallel Aware": false,
                        "Async Capable": false,
                        "Startup Cost": 1000.0,
                        "Total Cost": 23560.94,
                        "Plan Rows": 9,
                        "Plan Width": 130,
                        "Plans": [
                          {
                            "Node Type": "Gather",
                            "Parent Relationship": "Outer",
                            "Parallel Aware": false,
                            "Async Capable": false,
                            "Startup Cost": 1000.0,
                            "Total Cost": 23560.9,
                            "Plan Rows": 9,
                            "Plan Width": 130,
                            "Workers Planned": 2,
                            "Single Copy": false,
                            "Plans": [
                              {
                                "Node Type": "Seq Scan",
                                "Parent Relationship": "Outer",
                                "Parallel Aware": true,
                                "Async Capable": false,
                                "Relation Name": "partsupp",
                                "Alias": "partsupp",
                                "Startup Cost": 0.0,
                                "Total Cost": 22560.0,
                                "Plan Rows": 4,
                                "Plan Width": 130,
                                "Filter": "((ps_suppkey <= 10000) AND (ps_supplycost = 645.3741143233176))"
                              }
                            ]
                          }
                        ]
                      }
                    ]
                  }
                ]
              }
            ]
          }
        ]
      }
    },
    "optimal_engine": "postgres",
    "speedup_ratio": 2.5250674475904544
  },
  {
    "timestamp": "2025-09-12T10:01:05.777323",
    "dataset": "tpch_sf1",
    "query_type": "AP",
    "query_index": 157,
    "query_text": "SELECT AVG(\"customer\".\"c_custkey\"), STDDEV(\"customer\".\"c_nationkey\") FROM \"customer\" WHERE \"customer\".\"c_address\" LIKE '%a%' AND \"customer\".\"c_acctbal\" >= -999.99 AND \"customer\".\"c_comment\" = 'about the accounts. slyly thin requests sleep slyly. brave, final instructions are slyly across th' AND \"customer\".\"c_comment\" IS NULL GROUP BY \"customer\".\"c_mktsegment\" ORDER BY \"customer\".\"c_mktsegment\";",
    "postgres_time_ms": 0.32963597914204,
    "duckdb_time_ms": 2.92860995978117,
    "log_time_difference": -2.184294220886961,
    "postgres_plan": {
      "Plan": {
        "Node Type": "Aggregate",
        "Strategy": "Sorted",
        "Partial Mode": "Simple",
        "Parallel Aware": false,
        "Async Capable": false,
        "Startup Cost": 0.01,
        "Total Cost": 0.03,
        "Plan Rows": 1,
        "Plan Width": 108,
        "Group Key": [
          "c_mktsegment"
        ],
        "Plans": [
          {
            "Node Type": "Sort",
            "Parent Relationship": "Outer",
            "Parallel Aware": false,
            "Async Capable": false,
            "Startup Cost": 0.01,
            "Total Cost": 0.02,
            "Plan Rows": 0,
            "Plan Width": 52,
            "Sort Key": [
              "c_mktsegment"
            ],
            "Plans": [
              {
                "Node Type": "Result",
                "Parent Relationship": "Outer",
                "Parallel Aware": false,
                "Async Capable": false,
                "Startup Cost": 0.0,
                "Total Cost": 0.0,
                "Plan Rows": 0,
                "Plan Width": 52,
                "One-Time Filter": "false"
              }
            ]
          }
        ]
      }
    },
    "optimal_engine": "postgres",
    "speedup_ratio": 8.88437593312359
  },
  {
    "timestamp": "2025-09-12T10:01:07.934620",
    "dataset": "tpch_sf1",
    "query_type": "AP",
    "query_index": 158,
    "query_text": "SELECT MAX(\"lineitem\".\"l_tax\"), MAX(\"lineitem\".\"l_tax\"), COUNT(*), SUM(\"lineitem\".\"l_extendedprice\"), VARIANCE(\"lineitem\".\"l_linenumber\") FROM \"orders\" LEFT JOIN \"customer\" ON \"orders\".\"o_custkey\" = \"customer\".\"c_custkey\" CROSS JOIN \"supplier\" LEFT JOIN \"lineitem\" ON \"orders\".\"o_orderkey\" = \"lineitem\".\"l_orderkey\" WHERE \"lineitem\".\"l_extendedprice\" = 39774.92305614041 AND \"orders\".\"o_orderpriority\" = '3-MEDIUM       ' ORDER BY COUNT(*) DESC;",
    "postgres_time_ms": 506.35511899599805,
    "duckdb_time_ms": 1648.7207069876604,
    "log_time_difference": -1.180516697745916,
    "postgres_plan": {
      "Plan": {
        "Node Type": "Sort",
        "Parallel Aware": false,
        "Async Capable": false,
        "Startup Cost": 145222.4,
        "Total Cost": 145222.4,
        "Plan Rows": 1,
        "Plan Width": 136,
        "Sort Key": [
          "(count(*)) DESC"
        ],
        "Plans": [
          {
            "Node Type": "Aggregate",
            "Strategy": "Plain",
            "Partial Mode": "Finalize",
            "Parent Relationship": "Outer",
            "Parallel Aware": false,
            "Async Capable": false,
            "Startup Cost": 145222.38,
            "Total Cost": 145222.39,
            "Plan Rows": 1,
            "Plan Width": 136,
            "Plans": [
              {
                "Node Type": "Gather",
                "Parent Relationship": "Outer",
                "Parallel Aware": false,
                "Async Capable": false,
                "Startup Cost": 145222.13,
                "Total Cost": 145222.34,
                "Plan Rows": 2,
                "Plan Width": 104,
                "Workers Planned": 2,
                "Single Copy": false,
                "Plans": [
                  {
                    "Node Type": "Aggregate",
                    "Strategy": "Plain",
                    "Partial Mode": "Partial",
                    "Parent Relationship": "Outer",
                    "Parallel Aware": false,
                    "Async Capable": false,
                    "Startup Cost": 144222.13,
                    "Total Cost": 144222.14,
                    "Plan Rows": 1,
                    "Plan Width": 104,
                    "Plans": [
                      {
                        "Node Type": "Nested Loop",
                        "Parent Relationship": "Outer",
                        "Parallel Aware": false,
                        "Async Capable": false,
                        "Join Type": "Inner",
                        "Startup Cost": 0.71,
                        "Total Cost": 144138.8,
                        "Plan Rows": 8333,
                        "Plan Width": 16,
                        "Inner Unique": false,
                        "Plans": [
                          {
                            "Node Type": "Nested Loop",
                            "Parent Relationship": "Outer",
                            "Parallel Aware": false,
                            "Async Capable": false,
                            "Join Type": "Inner",
                            "Startup Cost": 0.43,
                            "Total Cost": 143844.51,
                            "Plan Rows": 1,
                            "Plan Width": 16,
                            "Inner Unique": true,
                            "Plans": [
                              {
                                "Node Type": "Seq Scan",
                                "Parent Relationship": "Outer",
                                "Parallel Aware": true,
                                "Async Capable": false,
                                "Relation Name": "lineitem",
                                "Alias": "lineitem",
                                "Startup Cost": 0.0,
                                "Total Cost": 143819.17,
                                "Plan Rows": 3,
                                "Plan Width": 20,
                                "Filter": "(l_extendedprice = 39774.92305614041)"
                              },
                              {
                                "Node Type": "Index Scan",
                                "Parent Relationship": "Inner",
                                "Parallel Aware": false,
                                "Async Capable": false,
                                "Scan Direction": "Forward",
                                "Index Name": "orders_pkey",
                                "Relation Name": "orders",
                                "Alias": "orders",
                                "Startup Cost": 0.43,
                                "Total Cost": 8.45,
                                "Plan Rows": 1,
                                "Plan Width": 8,
                                "Index Cond": "(o_orderkey = lineitem.l_orderkey)",
                                "Filter": "(o_orderpriority = '3-MEDIUM       '::bpchar)"
                              }
                            ]
                          },
                          {
                            "Node Type": "Index Only Scan",
                            "Parent Relationship": "Inner",
                            "Parallel Aware": false,
                            "Async Capable": false,
                            "Scan Direction": "Forward",
                            "Index Name": "idx_supplier_nation",
                            "Relation Name": "supplier",
                            "Alias": "supplier",
                            "Startup Cost": 0.29,
                            "Total Cost": 194.28,
                            "Plan Rows": 10000,
                            "Plan Width": 0
                          }
                        ]
                      }
                    ]
                  }
                ]
              }
            ]
          }
        ]
      }
    },
    "optimal_engine": "postgres",
    "speedup_ratio": 3.2560561652003184
  },
  {
    "timestamp": "2025-09-12T10:01:10.563511",
    "dataset": "tpch_sf1",
    "query_type": "AP",
    "query_index": 161,
    "query_text": "SELECT MAX(\"lineitem\".\"l_discount\"), MIN(\"lineitem\".\"l_quantity\") FROM \"lineitem\" WHERE \"lineitem\".\"l_shipmode\" != 'TRUCK     ' AND \"lineitem\".\"l_tax\" < 0.05043305053160864 GROUP BY \"lineitem\".\"l_shipinstruct\", \"lineitem\".\"l_linestatus\" ORDER BY COUNT(*) ASC;",
    "postgres_time_ms": 1197.398920019623,
    "duckdb_time_ms": 1428.6115129943937,
    "log_time_difference": -0.17655136507029734,
    "postgres_plan": {
      "Plan": {
        "Node Type": "Sort",
        "Parallel Aware": false,
        "Async Capable": false,
        "Startup Cost": 169000.22,
        "Total Cost": 169000.24,
        "Plan Rows": 8,
        "Plan Width": 100,
        "Sort Key": [
          "(count(*))"
        ],
        "Plans": [
          {
            "Node Type": "Aggregate",
            "Strategy": "Sorted",
            "Partial Mode": "Finalize",
            "Parent Relationship": "Outer",
            "Parallel Aware": false,
            "Async Capable": false,
            "Startup Cost": 168997.96,
            "Total Cost": 169000.1,
            "Plan Rows": 8,
            "Plan Width": 100,
            "Group Key": [
              "l_shipinstruct",
              "l_linestatus"
            ],
            "Plans": [
              {
                "Node Type": "Gather Merge",
                "Parent Relationship": "Outer",
                "Parallel Aware": false,
                "Async Capable": false,
                "Startup Cost": 168997.96,
                "Total Cost": 168999.82,
                "Plan Rows": 16,
                "Plan Width": 100,
                "Workers Planned": 2,
                "Plans": [
                  {
                    "Node Type": "Sort",
                    "Parent Relationship": "Outer",
                    "Parallel Aware": false,
                    "Async Capable": false,
                    "Startup Cost": 167997.93,
                    "Total Cost": 167997.95,
                    "Plan Rows": 8,
                    "Plan Width": 100,
                    "Sort Key": [
                      "l_shipinstruct",
                      "l_linestatus"
                    ],
                    "Plans": [
                      {
                        "Node Type": "Aggregate",
                        "Strategy": "Hashed",
                        "Partial Mode": "Partial",
                        "Parent Relationship": "Outer",
                        "Parallel Aware": false,
                        "Async Capable": false,
                        "Startup Cost": 167997.73,
                        "Total Cost": 167997.81,
                        "Plan Rows": 8,
                        "Plan Width": 100,
                        "Group Key": [
                          "l_shipinstruct",
                          "l_linestatus"
                        ],
                        "Planned Partitions": 0,
                        "Plans": [
                          {
                            "Node Type": "Seq Scan",
                            "Parent Relationship": "Outer",
                            "Parallel Aware": true,
                            "Async Capable": false,
                            "Relation Name": "lineitem",
                            "Alias": "lineitem",
                            "Startup Cost": 0.0,
                            "Total Cost": 150070.21,
                            "Plan Rows": 1434202,
                            "Plan Width": 37,
                            "Filter": "((l_shipmode <> 'TRUCK     '::bpchar) AND (l_tax < 0.05043305053160864))"
                          }
                        ]
                      }
                    ]
                  }
                ]
              }
            ]
          }
        ]
      }
    },
    "optimal_engine": "postgres",
    "speedup_ratio": 1.1930957086306557
  },
  {
    "timestamp": "2025-09-12T10:01:51.678789",
    "dataset": "tpch_sf1",
    "query_type": "AP",
    "query_index": 163,
    "query_text": "SELECT COUNT(*) FROM \"orders\" CROSS JOIN \"nation\" JOIN \"lineitem\" ON \"orders\".\"o_orderkey\" = \"lineitem\".\"l_orderkey\" INNER JOIN \"partsupp\" ON \"lineitem\".\"l_partkey\" = \"partsupp\".\"ps_partkey\" WHERE \"partsupp\".\"ps_supplycost\" > 1000.0 OR \"nation\".\"n_name\" != 'CANADA                   ' OR \"nation\".\"n_name\" IS NULL AND \"nation\".\"n_name\" LIKE '%u%' GROUP BY \"nation\".\"n_name\" HAVING AVG(1) >= 97 ORDER BY \"nation\".\"n_name\" ASC LIMIT 10;",
    "postgres_time_ms": 30000,
    "duckdb_time_ms": 10098.534986027516,
    "log_time_difference": 1.0888070192242036,
    "postgres_plan": null,
    "optimal_engine": "duckdb",
    "speedup_ratio": 2.970727936429239
  },
  {
    "timestamp": "2025-09-12T10:01:54.612006",
    "dataset": "tpch_sf1",
    "query_type": "AP",
    "query_index": 165,
    "query_text": "SELECT SUM(\"supplier\".\"s_suppkey\") FROM \"lineitem\" CROSS JOIN \"supplier\" WHERE \"supplier\".\"s_address\" = 'NvNMxu5S3qtWWRG3gSOCdimN 6s5VxWIj' OR \"supplier\".\"s_address\" IS NULL AND \"supplier\".\"s_comment\" LIKE '%e%' GROUP BY \"lineitem\".\"l_returnflag\", \"lineitem\".\"l_returnflag\" ORDER BY \"lineitem\".\"l_returnflag\", \"lineitem\".\"l_returnflag\" DESC LIMIT 100;",
    "postgres_time_ms": 1964.1245090169832,
    "duckdb_time_ms": 966.7316519771703,
    "log_time_difference": 0.7088809313046649,
    "postgres_plan": {
      "Plan": {
        "Node Type": "Limit",
        "Parallel Aware": false,
        "Async Capable": false,
        "Startup Cost": 262961.88,
        "Total Cost": 262961.89,
        "Plan Rows": 3,
        "Plan Width": 10,
        "Plans": [
          {
            "Node Type": "Sort",
            "Parent Relationship": "Outer",
            "Parallel Aware": false,
            "Async Capable": false,
            "Startup Cost": 262961.88,
            "Total Cost": 262961.89,
            "Plan Rows": 3,
            "Plan Width": 10,
            "Sort Key": [
              "lineitem.l_returnflag"
            ],
            "Plans": [
              {
                "Node Type": "Aggregate",
                "Strategy": "Hashed",
                "Partial Mode": "Simple",
                "Parent Relationship": "Outer",
                "Parallel Aware": false,
                "Async Capable": false,
                "Startup Cost": 262961.83,
                "Total Cost": 262961.86,
                "Plan Rows": 3,
                "Plan Width": 10,
                "Group Key": [
                  "lineitem.l_returnflag"
                ],
                "Planned Partitions": 0,
                "Plans": [
                  {
                    "Node Type": "Nested Loop",
                    "Parent Relationship": "Outer",
                    "Parallel Aware": false,
                    "Async Capable": false,
                    "Join Type": "Inner",
                    "Startup Cost": 0.0,
                    "Total Cost": 232956.86,
                    "Plan Rows": 6000993,
                    "Plan Width": 6,
                    "Inner Unique": false,
                    "Plans": [
                      {
                        "Node Type": "Seq Scan",
                        "Parent Relationship": "Outer",
                        "Parallel Aware": false,
                        "Async Capable": false,
                        "Relation Name": "supplier",
                        "Alias": "supplier",
                        "Startup Cost": 0.0,
                        "Total Cost": 373.0,
                        "Plan Rows": 1,
                        "Plan Width": 4,
                        "Filter": "(((s_address)::text = 'NvNMxu5S3qtWWRG3gSOCdimN 6s5VxWIj'::text) OR ((s_address IS NULL) AND ((s_comment)::text ~~ '%e%'::text)))"
                      },
                      {
                        "Node Type": "Seq Scan",
                        "Parent Relationship": "Inner",
                        "Parallel Aware": false,
                        "Async Capable": false,
                        "Relation Name": "lineitem",
                        "Alias": "lineitem",
                        "Startup Cost": 0.0,
                        "Total Cost": 172573.93,
                        "Plan Rows": 6000993,
                        "Plan Width": 2
                      }
                    ]
                  }
                ]
              }
            ]
          }
        ]
      }
    },
    "optimal_engine": "duckdb",
    "speedup_ratio": 2.0317163558262874
  },
  {
    "timestamp": "2025-09-12T10:01:54.706889",
    "dataset": "tpch_sf1",
    "query_type": "AP",
    "query_index": 166,
    "query_text": "SELECT MIN(\"part\".\"p_size\") FROM \"part\" WHERE \"part\".\"p_container\" LIKE '%u%' OR \"part\".\"p_name\" != 'almond antique lavender dark navajo' OR \"part\".\"p_container\" LIKE '%i%' AND \"part\".\"p_mfgr\" LIKE '%e%' ORDER BY COUNT(*) DESC;",
    "postgres_time_ms": 28.937418945133686,
    "duckdb_time_ms": 63.89407702954486,
    "log_time_difference": -0.7920911350335282,
    "postgres_plan": {
      "Plan": {
        "Node Type": "Sort",
        "Parallel Aware": false,
        "Async Capable": false,
        "Startup Cost": 7211.57,
        "Total Cost": 7211.58,
        "Plan Rows": 1,
        "Plan Width": 12,
        "Sort Key": [
          "(count(*)) DESC"
        ],
        "Plans": [
          {
            "Node Type": "Aggregate",
            "Strategy": "Plain",
            "Partial Mode": "Finalize",
            "Parent Relationship": "Outer",
            "Parallel Aware": false,
            "Async Capable": false,
            "Startup Cost": 7211.55,
            "Total Cost": 7211.56,
            "Plan Rows": 1,
            "Plan Width": 12,
            "Plans": [
              {
                "Node Type": "Gather",
                "Parent Relationship": "Outer",
                "Parallel Aware": false,
                "Async Capable": false,
                "Startup Cost": 7211.33,
                "Total Cost": 7211.54,
                "Plan Rows": 2,
                "Plan Width": 12,
                "Workers Planned": 2,
                "Single Copy": false,
                "Plans": [
                  {
                    "Node Type": "Aggregate",
                    "Strategy": "Plain",
                    "Partial Mode": "Partial",
                    "Parent Relationship": "Outer",
                    "Parallel Aware": false,
                    "Async Capable": false,
                    "Startup Cost": 6211.33,
                    "Total Cost": 6211.34,
                    "Plan Rows": 1,
                    "Plan Width": 12,
                    "Plans": [
                      {
                        "Node Type": "Seq Scan",
                        "Parent Relationship": "Outer",
                        "Parallel Aware": true,
                        "Async Capable": false,
                        "Relation Name": "part",
                        "Alias": "part",
                        "Startup Cost": 0.0,
                        "Total Cost": 5794.67,
                        "Plan Rows": 83333,
                        "Plan Width": 4,
                        "Filter": "((p_container ~~ '%u%'::text) OR ((p_name)::text <> 'almond antique lavender dark navajo'::text) OR ((p_container ~~ '%i%'::text) AND (p_mfgr ~~ '%e%'::text)))"
                      }
                    ]
                  }
                ]
              }
            ]
          }
        ]
      }
    },
    "optimal_engine": "postgres",
    "speedup_ratio": 2.2080088466317664
  },
  {
    "timestamp": "2025-09-12T10:02:28.150208",
    "dataset": "tpch_sf1",
    "query_type": "AP",
    "query_index": 170,
    "query_text": "SELECT COUNT(*), COUNT(*), COUNT(*), AVG(\"lineitem\".\"l_tax\"), VARIANCE(\"lineitem\".\"l_orderkey\") FROM \"partsupp\" LEFT JOIN \"lineitem\" ON \"partsupp\".\"ps_partkey\" = \"lineitem\".\"l_partkey\" CROSS JOIN \"region\" WHERE \"region\".\"r_regionkey\" >= 3 OR \"region\".\"r_regionkey\" IS NULL OR \"lineitem\".\"l_extendedprice\" >= 96865.68021526559 OR \"lineitem\".\"l_extendedprice\" IS NULL AND \"partsupp\".\"ps_supplycost\" = 1.0 ORDER BY COUNT(*) DESC;",
    "postgres_time_ms": 30000,
    "duckdb_time_ms": 3429.071278020274,
    "log_time_difference": 2.1689079215731883,
    "postgres_plan": null,
    "optimal_engine": "duckdb",
    "speedup_ratio": 8.74872452850268
  },
  {
    "timestamp": "2025-09-12T10:02:28.267436",
    "dataset": "tpch_sf1",
    "query_type": "AP",
    "query_index": 171,
    "query_text": "SELECT VARIANCE(\"lineitem\".\"l_quantity\"), SUM(\"lineitem\".\"l_quantity\") FROM \"customer\" CROSS JOIN \"lineitem\" WHERE \"customer\".\"c_phone\" LIKE '%a%' AND \"lineitem\".\"l_suppkey\" > 1 ORDER BY COUNT(*) ASC;",
    "postgres_time_ms": 30.94709903234616,
    "duckdb_time_ms": 84.29099898785353,
    "log_time_difference": -1.001995821777601,
    "postgres_plan": {
      "Plan": {
        "Node Type": "Sort",
        "Parallel Aware": false,
        "Async Capable": false,
        "Startup Cost": 1772131.99,
        "Total Cost": 1772131.99,
        "Plan Rows": 1,
        "Plan Width": 72,
        "Sort Key": [
          "(count(*))"
        ],
        "Plans": [
          {
            "Node Type": "Aggregate",
            "Strategy": "Plain",
            "Partial Mode": "Finalize",
            "Parent Relationship": "Outer",
            "Parallel Aware": false,
            "Async Capable": false,
            "Startup Cost": 1772131.97,
            "Total Cost": 1772131.98,
            "Plan Rows": 1,
            "Plan Width": 72,
            "Plans": [
              {
                "Node Type": "Gather",
                "Parent Relationship": "Outer",
                "Parallel Aware": false,
                "Async Capable": false,
                "Startup Cost": 1772131.73,
                "Total Cost": 1772131.94,
                "Plan Rows": 2,
                "Plan Width": 72,
                "Workers Planned": 2,
                "Single Copy": false,
                "Plans": [
                  {
                    "Node Type": "Aggregate",
                    "Strategy": "Plain",
                    "Partial Mode": "Partial",
                    "Parent Relationship": "Outer",
                    "Parallel Aware": false,
                    "Async Capable": false,
                    "Startup Cost": 1771131.73,
                    "Total Cost": 1771131.74,
                    "Plan Rows": 1,
                    "Plan Width": 72,
                    "Plans": [
                      {
                        "Node Type": "Nested Loop",
                        "Parent Relationship": "Outer",
                        "Parallel Aware": false,
                        "Async Capable": false,
                        "Join Type": "Inner",
                        "Startup Cost": 0.0,
                        "Total Cost": 1489863.31,
                        "Plan Rows": 37502456,
                        "Plan Width": 5,
                        "Inner Unique": false,
                        "Plans": [
                          {
                            "Node Type": "Seq Scan",
                            "Parent Relationship": "Outer",
                            "Parallel Aware": true,
                            "Async Capable": false,
                            "Relation Name": "customer",
                            "Alias": "customer",
                            "Startup Cost": 0.0,
                            "Total Cost": 4381.25,
                            "Plan Rows": 6,
                            "Plan Width": 0,
                            "Filter": "(c_phone ~~ '%a%'::text)"
                          },
                          {
                            "Node Type": "Seq Scan",
                            "Parent Relationship": "Inner",
                            "Parallel Aware": false,
                            "Async Capable": false,
                            "Relation Name": "lineitem",
                            "Alias": "lineitem",
                            "Startup Cost": 0.0,
                            "Total Cost": 187576.41,
                            "Plan Rows": 6000393,
                            "Plan Width": 5,
                            "Filter": "(l_suppkey > 1)"
                          }
                        ]
                      }
                    ]
                  }
                ]
              }
            ]
          }
        ]
      }
    },
    "optimal_engine": "postgres",
    "speedup_ratio": 2.7237124520056595
  },
  {
    "timestamp": "2025-09-12T10:03:34.728531",
    "dataset": "tpch_sf1",
    "query_type": "AP",
    "query_index": 174,
    "query_text": "SELECT MIN(\"partsupp\".\"ps_supplycost\"), AVG(\"supplier\".\"s_acctbal\") FROM \"supplier\" CROSS JOIN \"region\" LEFT JOIN \"nation\" ON \"supplier\".\"s_nationkey\" = \"nation\".\"n_nationkey\" JOIN \"partsupp\" ON \"supplier\".\"s_suppkey\" = \"partsupp\".\"ps_suppkey\" JOIN \"part\" ON \"partsupp\".\"ps_partkey\" = \"part\".\"p_partkey\" WHERE \"nation\".\"n_name\" LIKE '%a%' AND \"supplier\".\"s_comment\" = ' affix fluffily along the excuses. quickly ironic accounts wak' AND \"supplier\".\"s_comment\" IS NULL AND \"partsupp\".\"ps_comment\" != ' about the accounts. final ideas cajole furiously after the ironic deposits. quickly ironi' AND \"part\".\"p_type\" = 'ECONOMY BRUSHED BRASS' GROUP BY \"partsupp\".\"ps_comment\" HAVING COUNT(*) = 21 ORDER BY \"partsupp\".\"ps_comment\" ASC LIMIT 100;",
    "postgres_time_ms": 266.21374499518424,
    "duckdb_time_ms": 93.41173898428679,
    "log_time_difference": 1.047282516325923,
    "postgres_plan": {
      "Plan": {
        "Node Type": "Custom Scan",
        "Custom Plan Provider": "DuckDBScan",
        "Parallel Aware": false,
        "Async Capable": false,
        "Startup Cost": 0.0,
        "Total Cost": 0.0,
        "Plan Rows": 0,
        "Plan Width": 0,
        "DuckDB Execution Plan": [
          {
            "name": "PROJECTION",
            "children": [
              {
                "name": "TOP_N",
                "children": [
                  {
                    "name": "PROJECTION",
                    "children": [
                      {
                        "name": "PROJECTION",
                        "children": [
                          {
                            "name": "FILTER",
                            "children": [
                              {
                                "name": "HASH_GROUP_BY",
                                "children": [
                                  {
                                    "name": "PROJECTION",
                                    "children": [
                                      {
                                        "name": "HASH_JOIN",
                                        "children": [
                                          {
                                            "name": "PGDUCKDB_POSTGRES_SCAN ",
                                            "children": [],
                                            "extra_info": {
                                              "Table": "partsupp",
                                              "Projections": [
                                                "ps_suppkey",
                                                "ps_partkey",
                                                "ps_comment",
                                                "ps_supplycost"
                                              ],
                                              "Filters": "ps_comment!=' about the accounts. final ideas cajole furiously after the ironic deposits. quickly ironi' AND optional: Dynamic Filter (ps_comment)",
                                              "Estimated Cardinality": "160000"
                                            }
                                          },
                                          {
                                            "name": "CROSS_PRODUCT",
                                            "children": [
                                              {
                                                "name": "PGDUCKDB_POSTGRES_SCAN ",
                                                "children": [],
                                                "extra_info": {
                                                  "Table": "part",
                                                  "Projections": "p_partkey",
                                                  "Filters": "p_type='ECONOMY BRUSHED BRASS'",
                                                  "Estimated Cardinality": "40000"
                                                }
                                              },
                                              {
                                                "name": "CROSS_PRODUCT",
                                                "children": [
                                                  {
                                                    "name": "HASH_JOIN",
                                                    "children": [
                                                      {
                                                        "name": "PGDUCKDB_POSTGRES_SCAN ",
                                                        "children": [],
                                                        "extra_info": {
                                                          "Table": "supplier",
                                                          "Projections": [
                                                            "s_nationkey",
                                                            "s_suppkey",
                                                            "s_acctbal"
                                                          ],
                                                          "Filters": "s_comment=' affix fluffily along the excuses. quickly ironic accounts wak' AND (s_comment IS NULL)",
                                                          "Estimated Cardinality": "2000"
                                                        }
                                                      },
                                                      {
                                                        "name": "PGDUCKDB_POSTGRES_SCAN ",
                                                        "children": [],
                                                        "extra_info": {
                                                          "Table": "nation",
                                                          "Projections": "n_nationkey",
                                                          "Filters": "like_escape(n_name, '%a%', '\\')",
                                                          "Estimated Cardinality": "34"
                                                        }
                                                      }
                                                    ],
                                                    "extra_info": {
                                                      "Join Type": "INNER",
                                                      "Conditions": "s_nationkey = n_nationkey",
                                                      "Estimated Cardinality": "400"
                                                    }
                                                  },
                                                  {
                                                    "name": "PGDUCKDB_POSTGRES_SCAN ",
                                                    "children": [],
                                                    "extra_info": {
                                                      "Table": "region",
                                                      "Projections": "",
                                                      "Estimated Cardinality": "170"
                                                    }
                                                  }
                                                ],
                                                "extra_info": {}
                                              }
                                            ],
                                            "extra_info": {}
                                          }
                                        ],
                                        "extra_info": {
                                          "Join Type": "INNER",
                                          "Conditions": [
                                            "ps_suppkey = s_suppkey",
                                            "ps_partkey = p_partkey"
                                          ],
                                          "Estimated Cardinality": "1280"
                                        }
                                      }
                                    ],
                                    "extra_info": {
                                      "Projections": [
                                        "ps_comment",
                                        "ps_supplycost",
                                        "s_acctbal"
                                      ],
                                      "Estimated Cardinality": "1280"
                                    }
                                  }
                                ],
                                "extra_info": {
                                  "Groups": "#0",
                                  "Aggregates": [
                                    "count_star()",
                                    "min(#1)",
                                    "avg(#2)"
                                  ],
                                  "Estimated Cardinality": "1201"
                                }
                              }
                            ],
                            "extra_info": {
                              "Expression": "(count_star() = 21)",
                              "Estimated Cardinality": "240"
                            }
                          }
                        ],
                        "extra_info": {
                          "Projections": [
                            "#0",
                            "#2",
                            "#3"
                          ],
                          "Estimated Cardinality": "240"
                        }
                      }
                    ],
                    "extra_info": {
                      "Projections": [
                        "min",
                        "avg",
                        "ps_comment"
                      ],
                      "Estimated Cardinality": "240"
                    }
                  }
                ],
                "extra_info": {
                  "Top": "100",
                  "Order By": "#2 ASC"
                }
              }
            ],
            "extra_info": {
              "Projections": [
                "#0",
                "#1"
              ],
              "Estimated Cardinality": "100"
            }
          }
        ]
      }
    },
    "optimal_engine": "duckdb",
    "speedup_ratio": 2.8498960397254276
  },
  {
    "timestamp": "2025-09-12T10:03:35.170288",
    "dataset": "tpch_sf1",
    "query_type": "AP",
    "query_index": 175,
    "query_text": "SELECT AVG(\"orders\".\"o_custkey\"), AVG(\"orders\".\"o_custkey\"), STDDEV(\"orders\".\"o_totalprice\"), MAX(\"orders\".\"o_totalprice\") FROM \"orders\" WHERE \"orders\".\"o_clerk\" LIKE '%a%' AND \"orders\".\"o_clerk\" IS NOT NULL GROUP BY \"orders\".\"o_clerk\" LIMIT 10;",
    "postgres_time_ms": 128.56534600723535,
    "duckdb_time_ms": 311.3887130166404,
    "log_time_difference": -0.88460470849328,
    "postgres_plan": {
      "Plan": {
        "Node Type": "Limit",
        "Parallel Aware": false,
        "Async Capable": false,
        "Startup Cost": 34950.37,
        "Total Cost": 34951.78,
        "Plan Rows": 10,
        "Plan Width": 144,
        "Plans": [
          {
            "Node Type": "Aggregate",
            "Strategy": "Sorted",
            "Partial Mode": "Finalize",
            "Parent Relationship": "Outer",
            "Parallel Aware": false,
            "Async Capable": false,
            "Startup Cost": 34950.37,
            "Total Cost": 34969.85,
            "Plan Rows": 138,
            "Plan Width": 144,
            "Group Key": [
              "o_clerk"
            ],
            "Plans": [
              {
                "Node Type": "Gather Merge",
                "Parent Relationship": "Outer",
                "Parallel Aware": false,
                "Async Capable": false,
                "Startup Cost": 34950.37,
                "Total Cost": 34966.23,
                "Plan Rows": 124,
                "Plan Width": 112,
                "Workers Planned": 2,
                "Plans": [
                  {
                    "Node Type": "Aggregate",
                    "Strategy": "Sorted",
                    "Partial Mode": "Partial",
                    "Parent Relationship": "Outer",
                    "Parallel Aware": false,
                    "Async Capable": false,
                    "Startup Cost": 33950.35,
                    "Total Cost": 33951.9,
                    "Plan Rows": 62,
                    "Plan Width": 112,
                    "Group Key": [
                      "o_clerk"
                    ],
                    "Plans": [
                      {
                        "Node Type": "Sort",
                        "Parent Relationship": "Outer",
                        "Parallel Aware": false,
                        "Async Capable": false,
                        "Startup Cost": 33950.35,
                        "Total Cost": 33950.5,
                        "Plan Rows": 62,
                        "Plan Width": 28,
                        "Sort Key": [
                          "o_clerk"
                        ],
                        "Plans": [
                          {
                            "Node Type": "Seq Scan",
                            "Parent Relationship": "Outer",
                            "Parallel Aware": true,
                            "Async Capable": false,
                            "Relation Name": "orders",
                            "Alias": "orders",
                            "Startup Cost": 0.0,
                            "Total Cost": 33948.5,
                            "Plan Rows": 62,
                            "Plan Width": 28,
                            "Filter": "(o_clerk ~~ '%a%'::text)"
                          }
                        ]
                      }
                    ]
                  }
                ]
              }
            ]
          }
        ]
      }
    },
    "optimal_engine": "postgres",
    "speedup_ratio": 2.4220267956119077
  },
  {
    "timestamp": "2025-09-12T10:04:44.361981",
    "dataset": "tpch_sf1",
    "query_type": "AP",
    "query_index": 181,
    "query_text": "SELECT SUM(\"customer\".\"c_custkey\") FROM \"customer\" CROSS JOIN \"supplier\" JOIN \"nation\" ON \"supplier\".\"s_nationkey\" = \"nation\".\"n_nationkey\" CROSS JOIN \"lineitem\" LEFT JOIN \"partsupp\" ON \"supplier\".\"s_suppkey\" = \"partsupp\".\"ps_suppkey\" WHERE \"nation\".\"n_name\" LIKE '%e%' AND \"partsupp\".\"ps_partkey\" <= 200000 AND \"nation\".\"n_regionkey\" = 0 ORDER BY COUNT(*) ASC;",
    "postgres_time_ms": 337.1914679883048,
    "duckdb_time_ms": 354.15394202573225,
    "log_time_difference": -0.049080759805289795,
    "postgres_plan": {
      "Plan": {
        "Node Type": "Custom Scan",
        "Custom Plan Provider": "DuckDBScan",
        "Parallel Aware": false,
        "Async Capable": false,
        "Startup Cost": 0.0,
        "Total Cost": 0.0,
        "Plan Rows": 0,
        "Plan Width": 0,
        "DuckDB Execution Plan": [
          {
            "name": "ORDER_BY",
            "children": [
              {
                "name": "UNGROUPED_AGGREGATE",
                "children": [
                  {
                    "name": "PROJECTION",
                    "children": [
                      {
                        "name": "HASH_JOIN",
                        "children": [
                          {
                            "name": "PGDUCKDB_POSTGRES_SCAN ",
                            "children": [],
                            "extra_info": {
                              "Table": "partsupp",
                              "Projections": "ps_suppkey",
                              "Filters": "ps_partkey<=200000",
                              "Estimated Cardinality": "160000"
                            }
                          },
                          {
                            "name": "CROSS_PRODUCT",
                            "children": [
                              {
                                "name": "PGDUCKDB_POSTGRES_SCAN ",
                                "children": [],
                                "extra_info": {
                                  "Table": "customer",
                                  "Projections": "c_custkey",
                                  "Estimated Cardinality": "150000"
                                }
                              },
                              {
                                "name": "CROSS_PRODUCT",
                                "children": [
                                  {
                                    "name": "PGDUCKDB_POSTGRES_SCAN ",
                                    "children": [],
                                    "extra_info": {
                                      "Table": "lineitem",
                                      "Projections": "",
                                      "Estimated Cardinality": "6000993"
                                    }
                                  },
                                  {
                                    "name": "HASH_JOIN",
                                    "children": [
                                      {
                                        "name": "PGDUCKDB_POSTGRES_SCAN ",
                                        "children": [],
                                        "extra_info": {
                                          "Table": "supplier",
                                          "Projections": [
                                            "s_nationkey",
                                            "s_suppkey"
                                          ],
                                          "Estimated Cardinality": "10000"
                                        }
                                      },
                                      {
                                        "name": "PGDUCKDB_POSTGRES_SCAN ",
                                        "children": [],
                                        "extra_info": {
                                          "Table": "nation",
                                          "Projections": "n_nationkey",
                                          "Filters": [
                                            "like_escape(n_name, '%e%', '\\')",
                                            "n_regionkey=0"
                                          ],
                                          "Estimated Cardinality": "34"
                                        }
                                      }
                                    ],
                                    "extra_info": {
                                      "Join Type": "INNER",
                                      "Conditions": "s_nationkey = n_nationkey",
                                      "Estimated Cardinality": "2000"
                                    }
                                  }
                                ],
                                "extra_info": {}
                              }
                            ],
                            "extra_info": {}
                          }
                        ],
                        "extra_info": {
                          "Join Type": "INNER",
                          "Conditions": "ps_suppkey = s_suppkey",
                          "Estimated Cardinality": "32000"
                        }
                      }
                    ],
                    "extra_info": {
                      "Projections": "c_custkey",
                      "Estimated Cardinality": "32000"
                    }
                  }
                ],
                "extra_info": {
                  "Aggregates": [
                    "sum(#0)",
                    "count_star()"
                  ]
                }
              }
            ],
            "extra_info": {
              "Order By": "#1 ASC"
            }
          }
        ]
      }
    },
    "optimal_engine": "postgres",
    "speedup_ratio": 1.0503051697560029
  },
  {
    "timestamp": "2025-09-12T10:04:44.564071",
    "dataset": "tpch_sf1",
    "query_type": "AP",
    "query_index": 182,
    "query_text": "SELECT STDDEV(\"part\".\"p_size\"), AVG(\"part\".\"p_partkey\"), AVG(\"part\".\"p_size\"), COUNT(*) FROM \"part\" CROSS JOIN \"region\" WHERE \"part\".\"p_mfgr\" != 'Manufacturer#3           ' ORDER BY COUNT(*) DESC LIMIT 100;",
    "postgres_time_ms": 140.80970600480214,
    "duckdb_time_ms": 59.4305110280402,
    "log_time_difference": 0.8626016278768325,
    "postgres_plan": {
      "Plan": {
        "Node Type": "Limit",
        "Parallel Aware": false,
        "Async Capable": false,
        "Startup Cost": 618383.88,
        "Total Cost": 618383.88,
        "Plan Rows": 1,
        "Plan Width": 104,
        "Plans": [
          {
            "Node Type": "Sort",
            "Parent Relationship": "Outer",
            "Parallel Aware": false,
            "Async Capable": false,
            "Startup Cost": 618383.88,
            "Total Cost": 618383.88,
            "Plan Rows": 1,
            "Plan Width": 104,
            "Sort Key": [
              "(count(*)) DESC"
            ],
            "Plans": [
              {
                "Node Type": "Aggregate",
                "Strategy": "Plain",
                "Partial Mode": "Simple",
                "Parent Relationship": "Outer",
                "Parallel Aware": false,
                "Async Capable": false,
                "Startup Cost": 618383.86,
                "Total Cost": 618383.87,
                "Plan Rows": 1,
                "Plan Width": 104,
                "Plans": [
                  {
                    "Node Type": "Nested Loop",
                    "Parent Relationship": "Outer",
                    "Parallel Aware": false,
                    "Async Capable": false,
                    "Join Type": "Inner",
                    "Startup Cost": 0.0,
                    "Total Cost": 346497.75,
                    "Plan Rows": 27188610,
                    "Plan Width": 8,
                    "Inner Unique": false,
                    "Plans": [
                      {
                        "Node Type": "Seq Scan",
                        "Parent Relationship": "Outer",
                        "Parallel Aware": false,
                        "Async Capable": false,
                        "Relation Name": "part",
                        "Alias": "part",
                        "Startup Cost": 0.0,
                        "Total Cost": 6628.0,
                        "Plan Rows": 159933,
                        "Plan Width": 8,
                        "Filter": "(p_mfgr <> 'Manufacturer#3           '::bpchar)"
                      },
                      {
                        "Node Type": "Materialize",
                        "Parent Relationship": "Inner",
                        "Parallel Aware": false,
                        "Async Capable": false,
                        "Startup Cost": 0.0,
                        "Total Cost": 12.55,
                        "Plan Rows": 170,
                        "Plan Width": 0,
                        "Plans": [
                          {
                            "Node Type": "Seq Scan",
                            "Parent Relationship": "Outer",
                            "Parallel Aware": false,
                            "Async Capable": false,
                            "Relation Name": "region",
                            "Alias": "region",
                            "Startup Cost": 0.0,
                            "Total Cost": 11.7,
                            "Plan Rows": 170,
                            "Plan Width": 0
                          }
                        ]
                      }
                    ]
                  }
                ]
              }
            ]
          }
        ]
      }
    },
    "optimal_engine": "duckdb",
    "speedup_ratio": 2.3693167628722898
  },
  {
    "timestamp": "2025-09-12T10:06:53.521650",
    "dataset": "tpch_sf1",
    "query_type": "AP",
    "query_index": 188,
    "query_text": "SELECT STDDEV(\"part\".\"p_partkey\") FROM \"region\" CROSS JOIN \"part\" WHERE \"region\".\"r_name\" != 'EUROPE                   ' AND \"part\".\"p_mfgr\" = 'Manufacturer#1           ' OR \"region\".\"r_comment\" LIKE '%u%' AND \"region\".\"r_regionkey\" = 2 OR \"region\".\"r_regionkey\" > 1;",
    "postgres_time_ms": 55.96580298151821,
    "duckdb_time_ms": 66.9469980057329,
    "log_time_difference": -0.17916038862365052,
    "postgres_plan": {
      "Plan": {
        "Node Type": "Custom Scan",
        "Custom Plan Provider": "DuckDBScan",
        "Parallel Aware": false,
        "Async Capable": false,
        "Startup Cost": 0.0,
        "Total Cost": 0.0,
        "Plan Rows": 0,
        "Plan Width": 0,
        "DuckDB Execution Plan": [
          {
            "name": "UNGROUPED_AGGREGATE",
            "children": [
              {
                "name": "PROJECTION",
                "children": [
                  {
                    "name": "BLOCKWISE_NL_JOIN",
                    "children": [
                      {
                        "name": "PGDUCKDB_POSTGRES_SCAN ",
                        "children": [],
                        "extra_info": {
                          "Table": "part",
                          "Projections": [
                            "p_mfgr",
                            "p_partkey"
                          ],
                          "Estimated Cardinality": "200000"
                        }
                      },
                      {
                        "name": "FILTER",
                        "children": [
                          {
                            "name": "PGDUCKDB_POSTGRES_SCAN ",
                            "children": [],
                            "extra_info": {
                              "Table": "region",
                              "Projections": [
                                "r_name",
                                "r_comment",
                                "r_regionkey"
                              ],
                              "Estimated Cardinality": "170"
                            }
                          }
                        ],
                        "extra_info": {
                          "Expression": "((r_regionkey > 1) OR (r_name != 'EUROPE                   ') OR ((r_regionkey = 2) AND like_escape(r_comment, '%u%', '\\')))",
                          "Estimated Cardinality": "34"
                        }
                      }
                    ],
                    "extra_info": {
                      "Join Type": "INNER",
                      "Condition": "((r_regionkey > 1) OR ((r_name != 'EUROPE                   ') AND (p_mfgr = 'Manufacturer#1           ')) OR ((r_regionkey = 2) AND like_escape(r_comment, '%u%', '\\')))"
                    }
                  }
                ],
                "extra_info": {
                  "Projections": "CAST(p_partkey AS DOUBLE)",
                  "Estimated Cardinality": "200000"
                }
              }
            ],
            "extra_info": {
              "Aggregates": "stddev(#0)"
            }
          }
        ]
      }
    },
    "optimal_engine": "postgres",
    "speedup_ratio": 1.1962125876732448
  },
  {
    "timestamp": "2025-09-12T10:06:53.979352",
    "dataset": "tpch_sf1",
    "query_type": "AP",
    "query_index": 189,
    "query_text": "SELECT COUNT(*) FROM \"nation\" CROSS JOIN \"part\" LEFT JOIN \"region\" ON \"nation\".\"n_regionkey\" = \"region\".\"r_regionkey\" JOIN \"customer\" ON \"nation\".\"n_nationkey\" = \"customer\".\"c_nationkey\" INNER JOIN \"orders\" ON \"customer\".\"c_custkey\" = \"orders\".\"o_custkey\" WHERE \"part\".\"p_container\" = 'JUMBO DRUM' AND \"orders\".\"o_orderstatus\" LIKE '%a%' GROUP BY \"region\".\"r_name\", \"region\".\"r_comment\" ORDER BY \"region\".\"r_name\", \"region\".\"r_comment\" ASC;",
    "postgres_time_ms": 103.26437000185251,
    "duckdb_time_ms": 351.5632749767974,
    "log_time_difference": -1.2250973102785123,
    "postgres_plan": {
      "Plan": {
        "Node Type": "Aggregate",
        "Strategy": "Sorted",
        "Partial Mode": "Simple",
        "Parallel Aware": false,
        "Async Capable": false,
        "Startup Cost": 34957.58,
        "Total Cost": 41675.73,
        "Plan Rows": 170,
        "Plan Width": 434,
        "Group Key": [
          "region.r_name",
          "region.r_comment"
        ],
        "Plans": [
          {
            "Node Type": "Nested Loop",
            "Parent Relationship": "Outer",
            "Parallel Aware": false,
            "Async Capable": false,
            "Join Type": "Inner",
            "Startup Cost": 34957.58,
            "Total Cost": 41636.17,
            "Plan Rows": 5047,
            "Plan Width": 426,
            "Inner Unique": false,
            "Plans": [
              {
                "Node Type": "Gather Merge",
                "Parent Relationship": "Outer",
                "Parallel Aware": false,
                "Async Capable": false,
                "Startup Cost": 34957.58,
                "Total Cost": 34957.7,
                "Plan Rows": 1,
                "Plan Width": 426,
                "Workers Planned": 2,
                "Plans": [
                  {
                    "Node Type": "Sort",
                    "Parent Relationship": "Outer",
                    "Parallel Aware": false,
                    "Async Capable": false,
                    "Startup Cost": 33957.56,
                    "Total Cost": 33957.56,
                    "Plan Rows": 1,
                    "Plan Width": 426,
                    "Sort Key": [
                      "region.r_name",
                      "region.r_comment"
                    ],
                    "Plans": [
                      {
                        "Node Type": "Nested Loop",
                        "Parent Relationship": "Outer",
                        "Parallel Aware": false,
                        "Async Capable": false,
                        "Join Type": "Left",
                        "Startup Cost": 0.71,
                        "Total Cost": 33957.55,
                        "Plan Rows": 1,
                        "Plan Width": 426,
                        "Inner Unique": true,
                        "Plans": [
                          {
                            "Node Type": "Nested Loop",
                            "Parent Relationship": "Outer",
                            "Parallel Aware": false,
                            "Async Capable": false,
                            "Join Type": "Inner",
                            "Startup Cost": 0.56,
                            "Total Cost": 33957.1,
                            "Plan Rows": 1,
                            "Plan Width": 4,
                            "Inner Unique": true,
                            "Plans": [
                              {
                                "Node Type": "Nested Loop",
                                "Parent Relationship": "Outer",
                                "Parallel Aware": false,
                                "Async Capable": false,
                                "Join Type": "Inner",
                                "Startup Cost": 0.42,
                                "Total Cost": 33956.94,
                                "Plan Rows": 1,
                                "Plan Width": 4,
                                "Inner Unique": true,
                                "Plans": [
                                  {
                                    "Node Type": "Seq Scan",
                                    "Parent Relationship": "Outer",
                                    "Parallel Aware": true,
                                    "Async Capable": false,
                                    "Relation Name": "orders",
                                    "Alias": "orders",
                                    "Startup Cost": 0.0,
                                    "Total Cost": 33948.5,
                                    "Plan Rows": 1,
                                    "Plan Width": 4,
                                    "Filter": "(o_orderstatus ~~ '%a%'::text)"
                                  },
                                  {
                                    "Node Type": "Index Scan",
                                    "Parent Relationship": "Inner",
                                    "Parallel Aware": false,
                                    "Async Capable": false,
                                    "Scan Direction": "Forward",
                                    "Index Name": "customer_pkey",
                                    "Relation Name": "customer",
                                    "Alias": "customer",
                                    "Startup Cost": 0.42,
                                    "Total Cost": 8.44,
                                    "Plan Rows": 1,
                                    "Plan Width": 8,
                                    "Index Cond": "(c_custkey = orders.o_custkey)"
                                  }
                                ]
                              },
                              {
                                "Node Type": "Index Scan",
                                "Parent Relationship": "Inner",
                                "Parallel Aware": false,
                                "Async Capable": false,
                                "Scan Direction": "Forward",
                                "Index Name": "nation_pkey",
                                "Relation Name": "nation",
                                "Alias": "nation",
                                "Startup Cost": 0.14,
                                "Total Cost": 0.16,
                                "Plan Rows": 1,
                                "Plan Width": 8,
                                "Index Cond": "(n_nationkey = customer.c_nationkey)"
                              }
                            ]
                          },
                          {
                            "Node Type": "Index Scan",
                            "Parent Relationship": "Inner",
                            "Parallel Aware": false,
                            "Async Capable": false,
                            "Scan Direction": "Forward",
                            "Index Name": "region_pkey",
                            "Relation Name": "region",
                            "Alias": "region",
                            "Startup Cost": 0.14,
                            "Total Cost": 0.44,
                            "Plan Rows": 1,
                            "Plan Width": 430,
                            "Index Cond": "(r_regionkey = nation.n_regionkey)"
                          }
                        ]
                      }
                    ]
                  }
                ]
              },
              {
                "Node Type": "Seq Scan",
                "Parent Relationship": "Inner",
                "Parallel Aware": false,
                "Async Capable": false,
                "Relation Name": "part",
                "Alias": "part",
                "Startup Cost": 0.0,
                "Total Cost": 6628.0,
                "Plan Rows": 5047,
                "Plan Width": 0,
                "Filter": "(p_container = 'JUMBO DRUM'::bpchar)"
              }
            ]
          }
        ]
      }
    },
    "optimal_engine": "postgres",
    "speedup_ratio": 3.404497359258479
  },
  {
    "timestamp": "2025-09-12T10:06:54.014843",
    "dataset": "tpch_sf1",
    "query_type": "AP",
    "query_index": 190,
    "query_text": "SELECT MIN(\"customer\".\"c_acctbal\"), VARIANCE(\"customer\".\"c_acctbal\"), COUNT(*), COUNT(*) FROM \"customer\" CROSS JOIN \"region\" WHERE \"region\".\"r_regionkey\" >= 3 AND \"region\".\"r_name\" LIKE '%u%' AND \"region\".\"r_regionkey\" <= 4 AND \"customer\".\"c_acctbal\" >= -999.99 AND \"customer\".\"c_mktsegment\" = 'BUILDING  ';",
    "postgres_time_ms": 0.5602840101346374,
    "duckdb_time_ms": 33.0838649533689,
    "log_time_difference": -4.07835716275043,
    "postgres_plan": {
      "Plan": {
        "Node Type": "Aggregate",
        "Strategy": "Plain",
        "Partial Mode": "Simple",
        "Parallel Aware": false,
        "Async Capable": false,
        "Startup Cost": 6381.89,
        "Total Cost": 6381.9,
        "Plan Rows": 1,
        "Plan Width": 80,
        "Plans": [
          {
            "Node Type": "Nested Loop",
            "Parent Relationship": "Outer",
            "Parallel Aware": false,
            "Async Capable": false,
            "Join Type": "Inner",
            "Startup Cost": 0.14,
            "Total Cost": 6157.44,
            "Plan Rows": 29927,
            "Plan Width": 6,
            "Inner Unique": false,
            "Plans": [
              {
                "Node Type": "Index Scan",
                "Parent Relationship": "Outer",
                "Parallel Aware": false,
                "Async Capable": false,
                "Scan Direction": "Forward",
                "Index Name": "region_pkey",
                "Relation Name": "region",
                "Alias": "region",
                "Startup Cost": 0.14,
                "Total Cost": 8.17,
                "Plan Rows": 1,
                "Plan Width": 0,
                "Index Cond": "((r_regionkey >= 3) AND (r_regionkey <= 4))",
                "Filter": "(r_name ~~ '%u%'::text)"
              },
              {
                "Node Type": "Seq Scan",
                "Parent Relationship": "Inner",
                "Parallel Aware": false,
                "Async Capable": false,
                "Relation Name": "customer",
                "Alias": "customer",
                "Startup Cost": 0.0,
                "Total Cost": 5850.0,
                "Plan Rows": 29927,
                "Plan Width": 6,
                "Filter": "((c_acctbal >= '-999.99'::numeric) AND (c_mktsegment = 'BUILDING  '::bpchar))"
              }
            ]
          }
        ]
      }
    },
    "optimal_engine": "postgres",
    "speedup_ratio": 59.04838323945526
  },
  {
    "timestamp": "2025-09-12T10:09:04.323332",
    "dataset": "tpch_sf1",
    "query_type": "AP",
    "query_index": 198,
    "query_text": "SELECT MIN(\"lineitem\".\"l_tax\"), SUM(\"lineitem\".\"l_partkey\") FROM \"lineitem\" WHERE \"lineitem\".\"l_shipmode\" LIKE '%i%' AND \"lineitem\".\"l_linestatus\" = 'F' GROUP BY \"lineitem\".\"l_shipinstruct\";",
    "postgres_time_ms": 1340.862519980874,
    "duckdb_time_ms": 1344.9128110078163,
    "log_time_difference": -0.0030161079004904154,
    "postgres_plan": {
      "Plan": {
        "Node Type": "Custom Scan",
        "Custom Plan Provider": "DuckDBScan",
        "Parallel Aware": false,
        "Async Capable": false,
        "Startup Cost": 0.0,
        "Total Cost": 0.0,
        "Plan Rows": 0,
        "Plan Width": 0,
        "DuckDB Execution Plan": [
          {
            "name": "PROJECTION",
            "children": [
              {
                "name": "HASH_GROUP_BY",
                "children": [
                  {
                    "name": "PROJECTION",
                    "children": [
                      {
                        "name": "PGDUCKDB_POSTGRES_SCAN ",
                        "children": [],
                        "extra_info": {
                          "Table": "lineitem",
                          "Projections": [
                            "l_shipinstruct",
                            "l_tax",
                            "l_partkey"
                          ],
                          "Filters": [
                            "like_escape(l_shipmode, '%i%', '\\')",
                            "l_linestatus='F'"
                          ],
                          "Estimated Cardinality": "1200198"
                        }
                      }
                    ],
                    "extra_info": {
                      "Projections": [
                        "l_shipinstruct",
                        "l_tax",
                        "l_partkey"
                      ],
                      "Estimated Cardinality": "1200198"
                    }
                  }
                ],
                "extra_info": {
                  "Groups": "#0",
                  "Aggregates": [
                    "min(#1)",
                    "sum(#2)"
                  ],
                  "Estimated Cardinality": "1087794"
                }
              }
            ],
            "extra_info": {
              "Projections": [
                "min",
                "sum"
              ],
              "Estimated Cardinality": "1087794"
            }
          }
        ]
      }
    },
    "optimal_engine": "postgres",
    "speedup_ratio": 1.0030206609302497
  },
  {
    "timestamp": "2025-09-12T10:09:38.536168",
    "dataset": "tpch_sf1",
    "query_type": "AP",
    "query_index": 200,
    "query_text": "SELECT AVG(\"supplier\".\"s_nationkey\"), COUNT(*) FROM \"supplier\" WHERE \"supplier\".\"s_comment\" != 'ake carefully about the blithely express pinto beans. express packages sleep. packages wake c' AND \"supplier\".\"s_address\" = '8Qv7RjLQSFfyt5JpH8fsTf0' AND \"supplier\".\"s_address\" LIKE '%e%' AND \"supplier\".\"s_acctbal\" <= 3405.9433931251833 GROUP BY \"supplier\".\"s_comment\", \"supplier\".\"s_phone\";",
    "postgres_time_ms": 17.98013102961704,
    "duckdb_time_ms": 15.330637979786843,
    "log_time_difference": 0.1594140080950992,
    "postgres_plan": {
      "Plan": {
        "Node Type": "Custom Scan",
        "Custom Plan Provider": "DuckDBScan",
        "Parallel Aware": false,
        "Async Capable": false,
        "Startup Cost": 0.0,
        "Total Cost": 0.0,
        "Plan Rows": 0,
        "Plan Width": 0,
        "DuckDB Execution Plan": [
          {
            "name": "PROJECTION",
            "children": [
              {
                "name": "HASH_GROUP_BY",
                "children": [
                  {
                    "name": "PROJECTION",
                    "children": [
                      {
                        "name": "PROJECTION",
                        "children": [
                          {
                            "name": "FILTER",
                            "children": [
                              {
                                "name": "PGDUCKDB_POSTGRES_SCAN ",
                                "children": [],
                                "extra_info": {
                                  "Table": "supplier",
                                  "Projections": [
                                    "s_comment",
                                    "s_acctbal",
                                    "s_phone",
                                    "s_nationkey"
                                  ],
                                  "Filters": [
                                    "s_comment!='ake carefully about the blithely express pinto beans. express packages sleep. packages wake c'",
                                    "s_address='8Qv7RjLQSFfyt5JpH8fsTf0' AND like_escape(s_address, '%e%', '\\')"
                                  ],
                                  "Estimated Cardinality": "2000"
                                }
                              }
                            ],
                            "extra_info": {
                              "Expression": "(CAST(s_acctbal AS DECIMAL(26,13)) <= 3405.9433931251833)",
                              "Estimated Cardinality": "400"
                            }
                          }
                        ],
                        "extra_info": {
                          "Projections": [
                            "#0",
                            "#2",
                            "#3"
                          ],
                          "Estimated Cardinality": "400"
                        }
                      }
                    ],
                    "extra_info": {
                      "Projections": [
                        "s_comment",
                        "s_phone",
                        "s_nationkey"
                      ],
                      "Estimated Cardinality": "400"
                    }
                  }
                ],
                "extra_info": {
                  "Groups": [
                    "#0",
                    "#1"
                  ],
                  "Aggregates": [
                    "avg(#2)",
                    "count_star()"
                  ],
                  "Estimated Cardinality": "399"
                }
              }
            ],
            "extra_info": {
              "Projections": [
                "avg",
                "count"
              ],
              "Estimated Cardinality": "399"
            }
          }
        ]
      }
    },
    "optimal_engine": "duckdb",
    "speedup_ratio": 1.1728234045656485
  },
  {
    "timestamp": "2025-09-12T10:09:38.721171",
    "dataset": "tpch_sf1",
    "query_type": "AP",
    "query_index": 201,
    "query_text": "SELECT MIN(\"orders\".\"o_orderkey\"), AVG(\"customer\".\"c_nationkey\"), STDDEV(\"partsupp\".\"ps_suppkey\") FROM \"nation\" CROSS JOIN \"partsupp\" LEFT JOIN \"region\" ON \"nation\".\"n_regionkey\" = \"region\".\"r_regionkey\" CROSS JOIN \"orders\" JOIN \"customer\" ON \"orders\".\"o_custkey\" = \"customer\".\"c_custkey\" WHERE \"orders\".\"o_orderkey\" <= 419079 AND \"partsupp\".\"ps_availqty\" = 1 AND \"region\".\"r_name\" LIKE '%i%';",
    "postgres_time_ms": 15.921910002361983,
    "duckdb_time_ms": 166.5543700219132,
    "log_time_difference": -2.3476256545513463,
    "postgres_plan": {
      "Plan": {
        "Node Type": "Aggregate",
        "Strategy": "Plain",
        "Partial Mode": "Finalize",
        "Parallel Aware": false,
        "Async Capable": false,
        "Startup Cost": 11869834.9,
        "Total Cost": 11869834.91,
        "Plan Rows": 1,
        "Plan Width": 68,
        "Plans": [
          {
            "Node Type": "Gather",
            "Parent Relationship": "Outer",
            "Parallel Aware": false,
            "Async Capable": false,
            "Startup Cost": 11869834.67,
            "Total Cost": 11869834.88,
            "Plan Rows": 2,
            "Plan Width": 68,
            "Workers Planned": 2,
            "Single Copy": false,
            "Plans": [
              {
                "Node Type": "Aggregate",
                "Strategy": "Plain",
                "Partial Mode": "Partial",
                "Parent Relationship": "Outer",
                "Parallel Aware": false,
                "Async Capable": false,
                "Startup Cost": 11868834.67,
                "Total Cost": 11868834.68,
                "Plan Rows": 1,
                "Plan Width": 68,
                "Plans": [
                  {
                    "Node Type": "Hash Join",
                    "Parent Relationship": "Outer",
                    "Parallel Aware": false,
                    "Async Capable": false,
                    "Join Type": "Inner",
                    "Startup Cost": 548404.97,
                    "Total Cost": 7384744.66,
                    "Plan Rows": 597878667,
                    "Plan Width": 12,
                    "Inner Unique": false,
                    "Hash Cond": "(nation.n_regionkey = region.r_regionkey)",
                    "Plans": [
                      {
                        "Node Type": "Nested Loop",
                        "Parent Relationship": "Outer",
                        "Parallel Aware": false,
                        "Async Capable": false,
                        "Join Type": "Inner",
                        "Startup Cost": 0.0,
                        "Total Cost": 22168.87,
                        "Plan Rows": 5667,
                        "Plan Width": 8,
                        "Inner Unique": false,
                        "Plans": [
                          {
                            "Node Type": "Seq Scan",
                            "Parent Relationship": "Outer",
                            "Parallel Aware": true,
                            "Async Capable": false,
                            "Relation Name": "partsupp",
                            "Alias": "partsupp",
                            "Startup Cost": 0.0,
                            "Total Cost": 21726.67,
                            "Plan Rows": 33,
                            "Plan Width": 4,
                            "Filter": "(ps_availqty = 1)"
                          },
                          {
                            "Node Type": "Seq Scan",
                            "Parent Relationship": "Inner",
                            "Parallel Aware": false,
                            "Async Capable": false,
                            "Relation Name": "nation",
                            "Alias": "nation",
                            "Startup Cost": 0.0,
                            "Total Cost": 11.7,
                            "Plan Rows": 170,
                            "Plan Width": 4
                          }
                        ]
                      },
                      {
                        "Node Type": "Hash",
                        "Parent Relationship": "Inner",
                        "Parallel Aware": false,
                        "Async Capable": false,
                        "Startup Cost": 236620.47,
                        "Total Cost": 236620.47,
                        "Plan Rows": 17936360,
                        "Plan Width": 12,
                        "Plans": [
                          {
                            "Node Type": "Nested Loop",
                            "Parent Relationship": "Outer",
                            "Parallel Aware": false,
                            "Async Capable": false,
                            "Join Type": "Inner",
                            "Startup Cost": 6975.57,
                            "Total Cost": 236620.47,
                            "Plan Rows": 17936360,
                            "Plan Width": 12,
                            "Inner Unique": false,
                            "Plans": [
                              {
                                "Node Type": "Index Scan",
                                "Parent Relationship": "Outer",
                                "Parallel Aware": false,
                                "Async Capable": false,
                                "Scan Direction": "Forward",
                                "Index Name": "region_pkey",
                                "Relation Name": "region",
                                "Alias": "region",
                                "Startup Cost": 0.14,
                                "Total Cost": 51.12,
                                "Plan Rows": 170,
                                "Plan Width": 4,
                                "Filter": "(r_name ~~ '%i%'::text)"
                              },
                              {
                                "Node Type": "Materialize",
                                "Parent Relationship": "Inner",
                                "Parallel Aware": false,
                                "Async Capable": false,
                                "Startup Cost": 6975.43,
                                "Total Cost": 12628.62,
                                "Plan Rows": 105508,
                                "Plan Width": 8,
                                "Plans": [
                                  {
                                    "Node Type": "Hash Join",
                                    "Parent Relationship": "Outer",
                                    "Parallel Aware": false,
                                    "Async Capable": false,
                                    "Join Type": "Inner",
                                    "Startup Cost": 6975.43,
                                    "Total Cost": 12101.08,
                                    "Plan Rows": 105508,
                                    "Plan Width": 8,
                                    "Inner Unique": true,
                                    "Hash Cond": "(orders.o_custkey = customer.c_custkey)",
                                    "Plans": [
                                      {
                                        "Node Type": "Index Scan",
                                        "Parent Relationship": "Outer",
                                        "Parallel Aware": false,
                                        "Async Capable": false,
                                        "Scan Direction": "Forward",
                                        "Index Name": "orders_pkey",
                                        "Relation Name": "orders",
                                        "Alias": "orders",
                                        "Startup Cost": 0.43,
                                        "Total Cost": 4849.11,
                                        "Plan Rows": 105508,
                                        "Plan Width": 8,
                                        "Index Cond": "(o_orderkey <= 419079)"
                                      },
                                      {
                                        "Node Type": "Hash",
                                        "Parent Relationship": "Inner",
                                        "Parallel Aware": false,
                                        "Async Capable": false,
                                        "Startup Cost": 5100.0,
                                        "Total Cost": 5100.0,
                                        "Plan Rows": 150000,
                                        "Plan Width": 8,
                                        "Plans": [
                                          {
                                            "Node Type": "Seq Scan",
                                            "Parent Relationship": "Outer",
                                            "Parallel Aware": false,
                                            "Async Capable": false,
                                            "Relation Name": "customer",
                                            "Alias": "customer",
                                            "Startup Cost": 0.0,
                                            "Total Cost": 5100.0,
                                            "Plan Rows": 150000,
                                            "Plan Width": 8
                                          }
                                        ]
                                      }
                                    ]
                                  }
                                ]
                              }
                            ]
                          }
                        ]
                      }
                    ]
                  }
                ]
              }
            ]
          }
        ]
      }
    },
    "optimal_engine": "postgres",
    "speedup_ratio": 10.460702892881896
  },
  {
    "timestamp": "2025-09-12T10:09:38.832957",
    "dataset": "tpch_sf1",
    "query_type": "AP",
    "query_index": 202,
    "query_text": "SELECT COUNT(*), SUM(\"part\".\"p_size\"), SUM(\"partsupp\".\"ps_partkey\"), MAX(\"part\".\"p_size\"), AVG(\"part\".\"p_size\") FROM \"partsupp\" CROSS JOIN \"region\" LEFT JOIN \"part\" ON \"partsupp\".\"ps_partkey\" = \"part\".\"p_partkey\" WHERE \"part\".\"p_name\" LIKE '%u%' AND \"part\".\"p_retailprice\" = 901.0 AND \"partsupp\".\"ps_suppkey\" = 6251 AND \"partsupp\".\"ps_partkey\" < 150426 GROUP BY \"part\".\"p_comment\", \"partsupp\".\"ps_comment\", \"part\".\"p_name\";",
    "postgres_time_ms": 2.2034560097381473,
    "duckdb_time_ms": 85.72940598241985,
    "log_time_difference": -3.661168852444195,
    "postgres_plan": {
      "Plan": {
        "Node Type": "Aggregate",
        "Strategy": "Sorted",
        "Partial Mode": "Simple",
        "Parallel Aware": false,
        "Async Capable": false,
        "Startup Cost": 834.25,
        "Total Cost": 840.2,
        "Plan Rows": 170,
        "Plan Width": 233,
        "Group Key": [
          "part.p_comment",
          "partsupp.ps_comment",
          "part.p_name"
        ],
        "Plans": [
          {
            "Node Type": "Sort",
            "Parent Relationship": "Outer",
            "Parallel Aware": false,
            "Async Capable": false,
            "Startup Cost": 834.25,
            "Total Cost": 834.68,
            "Plan Rows": 170,
            "Plan Width": 181,
            "Sort Key": [
              "part.p_comment",
              "partsupp.ps_comment",
              "part.p_name"
            ],
            "Plans": [
              {
                "Node Type": "Nested Loop",
                "Parent Relationship": "Outer",
                "Parallel Aware": false,
                "Async Capable": false,
                "Join Type": "Inner",
                "Startup Cost": 5.47,
                "Total Cost": 827.95,
                "Plan Rows": 170,
                "Plan Width": 181,
                "Inner Unique": false,
                "Plans": [
                  {
                    "Node Type": "Nested Loop",
                    "Parent Relationship": "Outer",
                    "Parallel Aware": false,
                    "Async Capable": false,
                    "Join Type": "Inner",
                    "Startup Cost": 5.47,
                    "Total Cost": 814.55,
                    "Plan Rows": 1,
                    "Plan Width": 181,
                    "Inner Unique": true,
                    "Plans": [
                      {
                        "Node Type": "Bitmap Heap Scan",
                        "Parent Relationship": "Outer",
                        "Parallel Aware": false,
                        "Async Capable": false,
                        "Relation Name": "partsupp",
                        "Alias": "partsupp",
                        "Startup Cost": 5.04,
                        "Total Cost": 310.04,
                        "Plan Rows": 61,
                        "Plan Width": 130,
                        "Recheck Cond": "(ps_suppkey = 6251)",
                        "Filter": "(ps_partkey < 150426)",
                        "Plans": [
                          {
                            "Node Type": "Bitmap Index Scan",
                            "Parent Relationship": "Outer",
                            "Parallel Aware": false,
                            "Async Capable": false,
                            "Index Name": "idx_partsupp_supp",
                            "Startup Cost": 0.0,
                            "Total Cost": 5.02,
                            "Plan Rows": 80,
                            "Plan Width": 0,
                            "Index Cond": "(ps_suppkey = 6251)"
                          }
                        ]
                      },
                      {
                        "Node Type": "Memoize",
                        "Parent Relationship": "Inner",
                        "Parallel Aware": false,
                        "Async Capable": false,
                        "Startup Cost": 0.43,
                        "Total Cost": 8.26,
                        "Plan Rows": 1,
                        "Plan Width": 55,
                        "Cache Key": "partsupp.ps_partkey",
                        "Cache Mode": "logical",
                        "Plans": [
                          {
                            "Node Type": "Index Scan",
                            "Parent Relationship": "Outer",
                            "Parallel Aware": false,
                            "Async Capable": false,
                            "Scan Direction": "Forward",
                            "Index Name": "part_pkey",
                            "Relation Name": "part",
                            "Alias": "part",
                            "Startup Cost": 0.42,
                            "Total Cost": 8.25,
                            "Plan Rows": 1,
                            "Plan Width": 55,
                            "Index Cond": "(p_partkey = partsupp.ps_partkey)",
                            "Filter": "(((p_name)::text ~~ '%u%'::text) AND (p_retailprice = 901.0))"
                          }
                        ]
                      }
                    ]
                  },
                  {
                    "Node Type": "Seq Scan",
                    "Parent Relationship": "Inner",
                    "Parallel Aware": false,
                    "Async Capable": false,
                    "Relation Name": "region",
                    "Alias": "region",
                    "Startup Cost": 0.0,
                    "Total Cost": 11.7,
                    "Plan Rows": 170,
                    "Plan Width": 0
                  }
                ]
              }
            ]
          }
        ]
      }
    },
    "optimal_engine": "postgres",
    "speedup_ratio": 38.90679260377324
  },
  {
    "timestamp": "2025-09-12T10:10:45.262012",
    "dataset": "tpch_sf1",
    "query_type": "AP",
    "query_index": 205,
    "query_text": "SELECT SUM(\"partsupp\".\"ps_suppkey\") FROM \"partsupp\" CROSS JOIN \"orders\" CROSS JOIN \"nation\" JOIN \"customer\" ON \"orders\".\"o_custkey\" = \"customer\".\"c_custkey\" WHERE \"nation\".\"n_name\" LIKE '%o%' AND \"nation\".\"n_name\" IS NOT NULL AND \"customer\".\"c_custkey\" < 32918 AND \"customer\".\"c_mktsegment\" LIKE '%i%' ORDER BY COUNT(*) ASC;",
    "postgres_time_ms": 60.374139982741326,
    "duckdb_time_ms": 62.62031302321702,
    "log_time_difference": -0.03652884738058705,
    "postgres_plan": {
      "Plan": {
        "Node Type": "Custom Scan",
        "Custom Plan Provider": "DuckDBScan",
        "Parallel Aware": false,
        "Async Capable": false,
        "Startup Cost": 0.0,
        "Total Cost": 0.0,
        "Plan Rows": 0,
        "Plan Width": 0,
        "DuckDB Execution Plan": [
          {
            "name": "ORDER_BY",
            "children": [
              {
                "name": "UNGROUPED_AGGREGATE",
                "children": [
                  {
                    "name": "PROJECTION",
                    "children": [
                      {
                        "name": "CROSS_PRODUCT",
                        "children": [
                          {
                            "name": "PGDUCKDB_POSTGRES_SCAN ",
                            "children": [],
                            "extra_info": {
                              "Table": "partsupp",
                              "Projections": "ps_suppkey",
                              "Estimated Cardinality": "800000"
                            }
                          },
                          {
                            "name": "CROSS_PRODUCT",
                            "children": [
                              {
                                "name": "HASH_JOIN",
                                "children": [
                                  {
                                    "name": "PGDUCKDB_POSTGRES_SCAN ",
                                    "children": [],
                                    "extra_info": {
                                      "Table": "orders",
                                      "Projections": "o_custkey",
                                      "Filters": "o_custkey<32918",
                                      "Estimated Cardinality": "300000"
                                    }
                                  },
                                  {
                                    "name": "PGDUCKDB_POSTGRES_SCAN ",
                                    "children": [],
                                    "extra_info": {
                                      "Table": "customer",
                                      "Projections": "c_custkey",
                                      "Filters": [
                                        "c_custkey<32918",
                                        "like_escape(c_mktsegment, '%i%', '\\')"
                                      ],
                                      "Estimated Cardinality": "30000"
                                    }
                                  }
                                ],
                                "extra_info": {
                                  "Join Type": "INNER",
                                  "Conditions": "o_custkey = c_custkey",
                                  "Estimated Cardinality": "60000"
                                }
                              },
                              {
                                "name": "PGDUCKDB_POSTGRES_SCAN ",
                                "children": [],
                                "extra_info": {
                                  "Table": "nation",
                                  "Projections": "",
                                  "Filters": "like_escape(n_name, '%o%', '\\') AND (n_name IS NOT NULL)",
                                  "Estimated Cardinality": "34"
                                }
                              }
                            ],
                            "extra_info": {}
                          }
                        ],
                        "extra_info": {}
                      }
                    ],
                    "extra_info": {
                      "Projections": "ps_suppkey",
                      "Estimated Cardinality": "60000"
                    }
                  }
                ],
                "extra_info": {
                  "Aggregates": [
                    "sum(#0)",
                    "count_star()"
                  ]
                }
              }
            ],
            "extra_info": {
              "Order By": "#1 ASC"
            }
          }
        ]
      }
    },
    "optimal_engine": "postgres",
    "speedup_ratio": 1.0372042242111903
  },
  {
    "timestamp": "2025-09-12T10:10:47.471683",
    "dataset": "tpch_sf1",
    "query_type": "AP",
    "query_index": 206,
    "query_text": "SELECT MAX(\"partsupp\".\"ps_partkey\"), COUNT(*), SUM(\"lineitem\".\"l_discount\"), SUM(\"lineitem\".\"l_discount\") FROM \"orders\" INNER JOIN \"lineitem\" ON \"orders\".\"o_orderkey\" = \"lineitem\".\"l_orderkey\" JOIN \"partsupp\" ON \"lineitem\".\"l_partkey\" = \"partsupp\".\"ps_partkey\" WHERE \"lineitem\".\"l_suppkey\" < 7254 AND \"orders\".\"o_custkey\" < 149999 AND \"lineitem\".\"l_shipinstruct\" = 'DELIVER IN PERSON        ' AND \"partsupp\".\"ps_availqty\" > 9902 GROUP BY \"partsupp\".\"ps_comment\", \"partsupp\".\"ps_comment\" ORDER BY COUNT(*) ASC;",
    "postgres_time_ms": 821.3434789795429,
    "duckdb_time_ms": 1384.3583700363524,
    "log_time_difference": -0.5220506519838525,
    "postgres_plan": {
      "Plan": {
        "Node Type": "Sort",
        "Parallel Aware": false,
        "Async Capable": false,
        "Startup Cost": 189054.64,
        "Total Cost": 189073.95,
        "Plan Rows": 7722,
        "Plan Width": 202,
        "Sort Key": [
          "(count(*))"
        ],
        "Plans": [
          {
            "Node Type": "Aggregate",
            "Strategy": "Sorted",
            "Partial Mode": "Finalize",
            "Parent Relationship": "Outer",
            "Parallel Aware": false,
            "Async Capable": false,
            "Startup Cost": 186169.01,
            "Total Cost": 188556.01,
            "Plan Rows": 7722,
            "Plan Width": 202,
            "Group Key": [
              "partsupp.ps_comment"
            ],
            "Plans": [
              {
                "Node Type": "Gather Merge",
                "Parent Relationship": "Outer",
                "Parallel Aware": false,
                "Async Capable": false,
                "Startup Cost": 186169.01,
                "Total Cost": 188266.43,
                "Plan Rows": 15444,
                "Plan Width": 170,
                "Workers Planned": 2,
                "Plans": [
                  {
                    "Node Type": "Aggregate",
                    "Strategy": "Sorted",
                    "Partial Mode": "Partial",
                    "Parent Relationship": "Outer",
                    "Parallel Aware": false,
                    "Async Capable": false,
                    "Startup Cost": 185168.99,
                    "Total Cost": 185483.79,
                    "Plan Rows": 7722,
                    "Plan Width": 170,
                    "Group Key": [
                      "partsupp.ps_comment"
                    ],
                    "Plans": [
                      {
                        "Node Type": "Sort",
                        "Parent Relationship": "Outer",
                        "Parallel Aware": false,
                        "Async Capable": false,
                        "Startup Cost": 185168.99,
                        "Total Cost": 185212.64,
                        "Plan Rows": 17462,
                        "Plan Width": 134,
                        "Sort Key": [
                          "partsupp.ps_comment"
                        ],
                        "Plans": [
                          {
                            "Node Type": "Nested Loop",
                            "Parent Relationship": "Outer",
                            "Parallel Aware": false,
                            "Async Capable": false,
                            "Join Type": "Inner",
                            "Startup Cost": 21767.32,
                            "Total Cost": 183938.62,
                            "Plan Rows": 17462,
                            "Plan Width": 134,
                            "Inner Unique": true,
                            "Plans": [
                              {
                                "Node Type": "Hash Join",
                                "Parent Relationship": "Outer",
                                "Parallel Aware": true,
                                "Async Capable": false,
                                "Join Type": "Inner",
                                "Startup Cost": 21766.89,
                                "Total Cost": 174213.3,
                                "Plan Rows": 17462,
                                "Plan Width": 138,
                                "Inner Unique": false,
                                "Hash Cond": "(lineitem.l_partkey = partsupp.ps_partkey)",
                                "Plans": [
                                  {
                                    "Node Type": "Seq Scan",
                                    "Parent Relationship": "Outer",
                                    "Parallel Aware": true,
                                    "Async Capable": false,
                                    "Relation Name": "lineitem",
                                    "Alias": "lineitem",
                                    "Startup Cost": 0.0,
                                    "Total Cost": 150070.21,
                                    "Plan Rows": 460687,
                                    "Plan Width": 12,
                                    "Filter": "((l_suppkey < 7254) AND (l_shipinstruct = 'DELIVER IN PERSON        '::bpchar))"
                                  },
                                  {
                                    "Node Type": "Hash",
                                    "Parent Relationship": "Inner",
                                    "Parallel Aware": true,
                                    "Async Capable": false,
                                    "Startup Cost": 21726.67,
                                    "Total Cost": 21726.67,
                                    "Plan Rows": 3218,
                                    "Plan Width": 130,
                                    "Plans": [
                                      {
                                        "Node Type": "Seq Scan",
                                        "Parent Relationship": "Outer",
                                        "Parallel Aware": true,
                                        "Async Capable": false,
                                        "Relation Name": "partsupp",
                                        "Alias": "partsupp",
                                        "Startup Cost": 0.0,
                                        "Total Cost": 21726.67,
                                        "Plan Rows": 3218,
                                        "Plan Width": 130,
                                        "Filter": "(ps_availqty > 9902)"
                                      }
                                    ]
                                  }
                                ]
                              },
                              {
                                "Node Type": "Index Scan",
                                "Parent Relationship": "Inner",
                                "Parallel Aware": false,
                                "Async Capable": false,
                                "Scan Direction": "Forward",
                                "Index Name": "orders_pkey",
                                "Relation Name": "orders",
                                "Alias": "orders",
                                "Startup Cost": 0.43,
                                "Total Cost": 0.56,
                                "Plan Rows": 1,
                                "Plan Width": 4,
                                "Index Cond": "(o_orderkey = lineitem.l_orderkey)",
                                "Filter": "(o_custkey < 149999)"
                              }
                            ]
                          }
                        ]
                      }
                    ]
                  }
                ]
              }
            ]
          }
        ]
      }
    },
    "optimal_engine": "postgres",
    "speedup_ratio": 1.6854804420634264
  },
  {
    "timestamp": "2025-09-12T10:10:51.135957",
    "dataset": "tpch_sf1",
    "query_type": "AP",
    "query_index": 209,
    "query_text": "SELECT STDDEV(\"partsupp\".\"ps_suppkey\"), SUM(\"partsupp\".\"ps_supplycost\"), MAX(\"supplier\".\"s_acctbal\") FROM \"supplier\" CROSS JOIN \"customer\" INNER JOIN \"partsupp\" ON \"supplier\".\"s_suppkey\" = \"partsupp\".\"ps_suppkey\" WHERE \"supplier\".\"s_acctbal\" = 9999.72 AND \"partsupp\".\"ps_suppkey\" > 6447 AND \"partsupp\".\"ps_comment\" LIKE '%e%' LIMIT 10;",
    "postgres_time_ms": 3504.840106004849,
    "duckdb_time_ms": 156.3186239800416,
    "log_time_difference": 3.1100037939277074,
    "postgres_plan": {
      "Plan": {
        "Node Type": "Limit",
        "Parallel Aware": false,
        "Async Capable": false,
        "Startup Cost": 87252.31,
        "Total Cost": 87252.32,
        "Plan Rows": 1,
        "Plan Width": 96,
        "Plans": [
          {
            "Node Type": "Aggregate",
            "Strategy": "Plain",
            "Partial Mode": "Simple",
            "Parent Relationship": "Outer",
            "Parallel Aware": false,
            "Async Capable": false,
            "Startup Cost": 87252.31,
            "Total Cost": 87252.32,
            "Plan Rows": 1,
            "Plan Width": 96,
            "Plans": [
              {
                "Node Type": "Nested Loop",
                "Parent Relationship": "Outer",
                "Parallel Aware": false,
                "Async Capable": false,
                "Join Type": "Inner",
                "Startup Cost": 5.02,
                "Total Cost": 55752.31,
                "Plan Rows": 4200000,
                "Plan Width": 16,
                "Inner Unique": false,
                "Plans": [
                  {
                    "Node Type": "Index Only Scan",
                    "Parent Relationship": "Outer",
                    "Parallel Aware": false,
                    "Async Capable": false,
                    "Scan Direction": "Forward",
                    "Index Name": "idx_customer_nation",
                    "Relation Name": "customer",
                    "Alias": "customer",
                    "Startup Cost": 0.29,
                    "Total Cost": 2786.25,
                    "Plan Rows": 150000,
                    "Plan Width": 0
                  },
                  {
                    "Node Type": "Materialize",
                    "Parent Relationship": "Inner",
                    "Parallel Aware": false,
                    "Async Capable": false,
                    "Startup Cost": 4.72,
                    "Total Cost": 466.12,
                    "Plan Rows": 28,
                    "Plan Width": 16,
                    "Plans": [
                      {
                        "Node Type": "Nested Loop",
                        "Parent Relationship": "Outer",
                        "Parallel Aware": false,
                        "Async Capable": false,
                        "Join Type": "Inner",
                        "Startup Cost": 4.72,
                        "Total Cost": 465.98,
                        "Plan Rows": 28,
                        "Plan Width": 16,
                        "Inner Unique": false,
                        "Plans": [
                          {
                            "Node Type": "Seq Scan",
                            "Parent Relationship": "Outer",
                            "Parallel Aware": false,
                            "Async Capable": false,
                            "Relation Name": "supplier",
                            "Alias": "supplier",
                            "Startup Cost": 0.0,
                            "Total Cost": 348.0,
                            "Plan Rows": 1,
                            "Plan Width": 10,
                            "Filter": "(s_acctbal = 9999.72)"
                          },
                          {
                            "Node Type": "Bitmap Heap Scan",
                            "Parent Relationship": "Inner",
                            "Parallel Aware": false,
                            "Async Capable": false,
                            "Relation Name": "partsupp",
                            "Alias": "partsupp",
                            "Startup Cost": 4.72,
                            "Total Cost": 117.69,
                            "Plan Rows": 29,
                            "Plan Width": 10,
                            "Recheck Cond": "((supplier.s_suppkey = ps_suppkey) AND (ps_suppkey > 6447))",
                            "Filter": "((ps_comment)::text ~~ '%e%'::text)",
                            "Plans": [
                              {
                                "Node Type": "Bitmap Index Scan",
                                "Parent Relationship": "Outer",
                                "Parallel Aware": false,
                                "Async Capable": false,
                                "Index Name": "idx_partsupp_supp",
                                "Startup Cost": 0.0,
                                "Total Cost": 4.71,
                                "Plan Rows": 29,
                                "Plan Width": 0,
                                "Index Cond": "((ps_suppkey = supplier.s_suppkey) AND (ps_suppkey > 6447))"
                              }
                            ]
                          }
                        ]
                      }
                    ]
                  }
                ]
              }
            ]
          }
        ]
      }
    },
    "optimal_engine": "duckdb",
    "speedup_ratio": 22.42112946472929
  },
  {
    "timestamp": "2025-09-12T10:10:51.223472",
    "dataset": "tpch_sf1",
    "query_type": "AP",
    "query_index": 210,
    "query_text": "SELECT VARIANCE(\"customer\".\"c_custkey\"), COUNT(*) FROM \"customer\" WHERE \"customer\".\"c_acctbal\" >= 3742.10999904051 OR \"customer\".\"c_address\" = '00f6Pi 6dhZiwS7D j21d3Qx4WgqNfKfe';",
    "postgres_time_ms": 29.434858006425202,
    "duckdb_time_ms": 56.40367197338492,
    "log_time_difference": -0.6503546437978124,
    "postgres_plan": {
      "Plan": {
        "Node Type": "Aggregate",
        "Strategy": "Plain",
        "Partial Mode": "Finalize",
        "Parallel Aware": false,
        "Async Capable": false,
        "Startup Cost": 5715.53,
        "Total Cost": 5715.55,
        "Plan Rows": 1,
        "Plan Width": 40,
        "Plans": [
          {
            "Node Type": "Gather",
            "Parent Relationship": "Outer",
            "Parallel Aware": false,
            "Async Capable": false,
            "Startup Cost": 5715.31,
            "Total Cost": 5715.52,
            "Plan Rows": 2,
            "Plan Width": 40,
            "Workers Planned": 2,
            "Single Copy": false,
            "Plans": [
              {
                "Node Type": "Aggregate",
                "Strategy": "Plain",
                "Partial Mode": "Partial",
                "Parent Relationship": "Outer",
                "Parallel Aware": false,
                "Async Capable": false,
                "Startup Cost": 4715.31,
                "Total Cost": 4715.32,
                "Plan Rows": 1,
                "Plan Width": 40,
                "Plans": [
                  {
                    "Node Type": "Seq Scan",
                    "Parent Relationship": "Outer",
                    "Parallel Aware": true,
                    "Async Capable": false,
                    "Relation Name": "customer",
                    "Alias": "customer",
                    "Startup Cost": 0.0,
                    "Total Cost": 4537.5,
                    "Plan Rows": 35561,
                    "Plan Width": 4,
                    "Filter": "((c_acctbal >= 3742.10999904051) OR ((c_address)::text = '00f6Pi 6dhZiwS7D j21d3Qx4WgqNfKfe'::text))"
                  }
                ]
              }
            ]
          }
        ]
      }
    },
    "optimal_engine": "postgres",
    "speedup_ratio": 1.9162202841635185
  },
  {
    "timestamp": "2025-09-12T10:10:51.239488",
    "dataset": "tpch_sf1",
    "query_type": "AP",
    "query_index": 211,
    "query_text": "SELECT STDDEV(\"region\".\"r_regionkey\"), VARIANCE(\"region\".\"r_regionkey\"), MAX(\"region\".\"r_regionkey\"), COUNT(*) FROM \"region\" WHERE \"region\".\"r_name\" LIKE '%a%' AND \"region\".\"r_name\" IS NOT NULL AND \"region\".\"r_regionkey\" >= 3 AND \"region\".\"r_regionkey\" > 0 GROUP BY \"region\".\"r_comment\", \"region\".\"r_regionkey\", \"region\".\"r_name\" HAVING AVG(1) = 89 ORDER BY COUNT(*) ASC;",
    "postgres_time_ms": 0.557081017177552,
    "duckdb_time_ms": 13.764142990112305,
    "log_time_difference": -3.207111473474192,
    "postgres_plan": {
      "Plan": {
        "Node Type": "Sort",
        "Parallel Aware": false,
        "Async Capable": false,
        "Startup Cost": 14.84,
        "Total Cost": 14.84,
        "Plan Rows": 1,
        "Plan Width": 506,
        "Sort Key": [
          "(count(*))"
        ],
        "Plans": [
          {
            "Node Type": "Aggregate",
            "Strategy": "Hashed",
            "Partial Mode": "Simple",
            "Parent Relationship": "Outer",
            "Parallel Aware": false,
            "Async Capable": false,
            "Startup Cost": 13.69,
            "Total Cost": 14.83,
            "Plan Rows": 1,
            "Plan Width": 506,
            "Group Key": [
              "r_regionkey"
            ],
            "Filter": "(avg(1) = '89'::numeric)",
            "Planned Partitions": 0,
            "Plans": [
              {
                "Node Type": "Seq Scan",
                "Parent Relationship": "Outer",
                "Parallel Aware": false,
                "Async Capable": false,
                "Relation Name": "region",
                "Alias": "region",
                "Startup Cost": 0.0,
                "Total Cost": 12.97,
                "Plan Rows": 57,
                "Plan Width": 430,
                "Filter": "((r_name ~~ '%a%'::text) AND (r_regionkey >= 3) AND (r_regionkey > 0))"
              }
            ]
          }
        ]
      }
    },
    "optimal_engine": "postgres",
    "speedup_ratio": 24.707614450494585
  },
  {
    "timestamp": "2025-09-12T10:11:24.808585",
    "dataset": "tpch_sf1",
    "query_type": "AP",
    "query_index": 212,
    "query_text": "SELECT SUM(\"lineitem\".\"l_tax\"), VARIANCE(\"lineitem\".\"l_extendedprice\") FROM \"lineitem\" CROSS JOIN \"nation\" WHERE \"nation\".\"n_name\" LIKE '%u%' AND \"nation\".\"n_comment\" = ' pending excuses haggle furiously deposits. pending, express pinto beans wake fluffily past t' OR \"nation\".\"n_comment\" LIKE '%e%' AND \"nation\".\"n_comment\" IS NULL AND \"nation\".\"n_name\" = 'FRANCE                   ' OR \"lineitem\".\"l_partkey\" <= 195485;",
    "postgres_time_ms": 30000,
    "duckdb_time_ms": 3566.778020991478,
    "log_time_difference": 2.1295347085110325,
    "postgres_plan": null,
    "optimal_engine": "duckdb",
    "speedup_ratio": 8.410952356283929
  },
  {
    "timestamp": "2025-09-12T10:11:24.831044",
    "dataset": "tpch_sf1",
    "query_type": "AP",
    "query_index": 213,
    "query_text": "SELECT STDDEV(\"supplier\".\"s_acctbal\"), SUM(\"supplier\".\"s_suppkey\"), SUM(\"supplier\".\"s_nationkey\") FROM \"supplier\" ORDER BY COUNT(*) ASC LIMIT 10;",
    "postgres_time_ms": 4.050721996463835,
    "duckdb_time_ms": 17.078922013752162,
    "log_time_difference": -1.4389499364577978,
    "postgres_plan": {
      "Plan": {
        "Node Type": "Limit",
        "Parallel Aware": false,
        "Async Capable": false,
        "Startup Cost": 423.02,
        "Total Cost": 423.03,
        "Plan Rows": 1,
        "Plan Width": 56,
        "Plans": [
          {
            "Node Type": "Sort",
            "Parent Relationship": "Outer",
            "Parallel Aware": false,
            "Async Capable": false,
            "Startup Cost": 423.02,
            "Total Cost": 423.03,
            "Plan Rows": 1,
            "Plan Width": 56,
            "Sort Key": [
              "(count(*))"
            ],
            "Plans": [
              {
                "Node Type": "Aggregate",
                "Strategy": "Plain",
                "Partial Mode": "Simple",
                "Parent Relationship": "Outer",
                "Parallel Aware": false,
                "Async Capable": false,
                "Startup Cost": 423.0,
                "Total Cost": 423.01,
                "Plan Rows": 1,
                "Plan Width": 56,
                "Plans": [
                  {
                    "Node Type": "Seq Scan",
                    "Parent Relationship": "Outer",
                    "Parallel Aware": false,
                    "Async Capable": false,
                    "Relation Name": "supplier",
                    "Alias": "supplier",
                    "Startup Cost": 0.0,
                    "Total Cost": 323.0,
                    "Plan Rows": 10000,
                    "Plan Width": 14
                  }
                ]
              }
            ]
          }
        ]
      }
    },
    "optimal_engine": "postgres",
    "speedup_ratio": 4.216266144322314
  },
  {
    "timestamp": "2025-09-12T10:11:26.235518",
    "dataset": "tpch_sf1",
    "query_type": "AP",
    "query_index": 216,
    "query_text": "SELECT MIN(\"lineitem\".\"l_discount\") FROM \"lineitem\";",
    "postgres_time_ms": 476.88070801086724,
    "duckdb_time_ms": 925.2307470305823,
    "log_time_difference": -0.662776791069083,
    "postgres_plan": {
      "Plan": {
        "Node Type": "Aggregate",
        "Strategy": "Plain",
        "Partial Mode": "Finalize",
        "Parallel Aware": false,
        "Async Capable": false,
        "Startup Cost": 144819.39,
        "Total Cost": 144819.4,
        "Plan Rows": 1,
        "Plan Width": 32,
        "Plans": [
          {
            "Node Type": "Gather",
            "Parent Relationship": "Outer",
            "Parallel Aware": false,
            "Async Capable": false,
            "Startup Cost": 144819.17,
            "Total Cost": 144819.38,
            "Plan Rows": 2,
            "Plan Width": 32,
            "Workers Planned": 2,
            "Single Copy": false,
            "Plans": [
              {
                "Node Type": "Aggregate",
                "Strategy": "Plain",
                "Partial Mode": "Partial",
                "Parent Relationship": "Outer",
                "Parallel Aware": false,
                "Async Capable": false,
                "Startup Cost": 143819.17,
                "Total Cost": 143819.18,
                "Plan Rows": 1,
                "Plan Width": 32,
                "Plans": [
                  {
                    "Node Type": "Seq Scan",
                    "Parent Relationship": "Outer",
                    "Parallel Aware": true,
                    "Async Capable": false,
                    "Relation Name": "lineitem",
                    "Alias": "lineitem",
                    "Startup Cost": 0.0,
                    "Total Cost": 137568.14,
                    "Plan Rows": 2500414,
                    "Plan Width": 4
                  }
                ]
              }
            ]
          }
        ]
      }
    },
    "optimal_engine": "postgres",
    "speedup_ratio": 1.9401723145602652
  },
  {
    "timestamp": "2025-09-12T10:12:26.662578",
    "dataset": "tpch_sf1",
    "query_type": "AP",
    "query_index": 218,
    "query_text": "SELECT STDDEV(\"customer\".\"c_custkey\"), AVG(\"customer\".\"c_acctbal\"), COUNT(*), VARIANCE(\"customer\".\"c_acctbal\"), COUNT(*) FROM \"customer\" WHERE \"customer\".\"c_custkey\" <= 104117 GROUP BY \"customer\".\"c_address\", \"customer\".\"c_name\";",
    "postgres_time_ms": 207.37202902091667,
    "duckdb_time_ms": 198.00924096489325,
    "log_time_difference": 0.046200720660695124,
    "postgres_plan": {
      "Plan": {
        "Node Type": "Custom Scan",
        "Custom Plan Provider": "DuckDBScan",
        "Parallel Aware": false,
        "Async Capable": false,
        "Startup Cost": 0.0,
        "Total Cost": 0.0,
        "Plan Rows": 0,
        "Plan Width": 0,
        "DuckDB Execution Plan": [
          {
            "name": "PROJECTION",
            "children": [
              {
                "name": "HASH_GROUP_BY",
                "children": [
                  {
                    "name": "PROJECTION",
                    "children": [
                      {
                        "name": "PGDUCKDB_POSTGRES_SCAN ",
                        "children": [],
                        "extra_info": {
                          "Table": "customer",
                          "Projections": [
                            "c_custkey",
                            "c_address",
                            "c_name",
                            "c_acctbal"
                          ],
                          "Filters": "c_custkey<=104117",
                          "Estimated Cardinality": "30000"
                        }
                      }
                    ],
                    "extra_info": {
                      "Projections": [
                        "c_address",
                        "c_name",
                        "CAST(c_custkey AS DOUBLE)",
                        "c_acctbal",
                        "CAST(c_acctbal AS DOUBLE)"
                      ],
                      "Estimated Cardinality": "30000"
                    }
                  }
                ],
                "extra_info": {
                  "Groups": [
                    "#0",
                    "#1"
                  ],
                  "Aggregates": [
                    "stddev(#2)",
                    "avg(#3)",
                    "count_star()",
                    "variance(#4)"
                  ],
                  "Estimated Cardinality": "29999"
                }
              }
            ],
            "extra_info": {
              "Projections": [
                "stddev",
                "avg",
                "count",
                "variance",
                "count"
              ],
              "Estimated Cardinality": "29999"
            }
          }
        ]
      }
    },
    "optimal_engine": "duckdb",
    "speedup_ratio": 1.04728460151859
  },
  {
    "timestamp": "2025-09-12T10:12:33.048433",
    "dataset": "tpch_sf1",
    "query_type": "AP",
    "query_index": 219,
    "query_text": "SELECT STDDEV(\"lineitem\".\"l_suppkey\"), SUM(\"partsupp\".\"ps_availqty\") FROM \"partsupp\" JOIN \"lineitem\" ON \"partsupp\".\"ps_partkey\" = \"lineitem\".\"l_partkey\" GROUP BY \"lineitem\".\"l_shipinstruct\" HAVING AVG(1) < 22;",
    "postgres_time_ms": 4494.683640950825,
    "duckdb_time_ms": 1862.3503830167465,
    "log_time_difference": 0.8810559484569457,
    "postgres_plan": {
      "Plan": {
        "Node Type": "Aggregate",
        "Strategy": "Sorted",
        "Partial Mode": "Finalize",
        "Parallel Aware": false,
        "Async Capable": false,
        "Startup Cost": 356905.67,
        "Total Cost": 356906.77,
        "Plan Rows": 1,
        "Plan Width": 66,
        "Group Key": [
          "lineitem.l_shipinstruct"
        ],
        "Filter": "(avg(1) < '22'::numeric)",
        "Plans": [
          {
            "Node Type": "Gather Merge",
            "Parent Relationship": "Outer",
            "Parallel Aware": false,
            "Async Capable": false,
            "Startup Cost": 356905.67,
            "Total Cost": 356906.6,
            "Plan Rows": 8,
            "Plan Width": 98,
            "Workers Planned": 2,
            "Plans": [
              {
                "Node Type": "Sort",
                "Parent Relationship": "Outer",
                "Parallel Aware": false,
                "Async Capable": false,
                "Startup Cost": 355905.64,
                "Total Cost": 355905.65,
                "Plan Rows": 4,
                "Plan Width": 98,
                "Sort Key": [
                  "lineitem.l_shipinstruct"
                ],
                "Plans": [
                  {
                    "Node Type": "Aggregate",
                    "Strategy": "Hashed",
                    "Partial Mode": "Partial",
                    "Parent Relationship": "Outer",
                    "Parallel Aware": false,
                    "Async Capable": false,
                    "Startup Cost": 355905.55,
                    "Total Cost": 355905.6,
                    "Plan Rows": 4,
                    "Plan Width": 98,
                    "Group Key": [
                      "lineitem.l_shipinstruct"
                    ],
                    "Planned Partitions": 0,
                    "Plans": [
                      {
                        "Node Type": "Hash Join",
                        "Parent Relationship": "Outer",
                        "Parallel Aware": true,
                        "Async Capable": false,
                        "Join Type": "Inner",
                        "Startup Cost": 26363.0,
                        "Total Cost": 257717.75,
                        "Plan Rows": 9818780,
                        "Plan Width": 34,
                        "Inner Unique": false,
                        "Hash Cond": "(lineitem.l_partkey = partsupp.ps_partkey)",
                        "Plans": [
                          {
                            "Node Type": "Seq Scan",
                            "Parent Relationship": "Outer",
                            "Parallel Aware": true,
                            "Async Capable": false,
                            "Relation Name": "lineitem",
                            "Alias": "lineitem",
                            "Startup Cost": 0.0,
                            "Total Cost": 137568.14,
                            "Plan Rows": 2500414,
                            "Plan Width": 34
                          },
                          {
                            "Node Type": "Hash",
                            "Parent Relationship": "Inner",
                            "Parallel Aware": true,
                            "Async Capable": false,
                            "Startup Cost": 20893.33,
                            "Total Cost": 20893.33,
                            "Plan Rows": 333333,
                            "Plan Width": 8,
                            "Plans": [
                              {
                                "Node Type": "Seq Scan",
                                "Parent Relationship": "Outer",
                                "Parallel Aware": true,
                                "Async Capable": false,
                                "Relation Name": "partsupp",
                                "Alias": "partsupp",
                                "Startup Cost": 0.0,
                                "Total Cost": 20893.33,
                                "Plan Rows": 333333,
                                "Plan Width": 8
                              }
                            ]
                          }
                        ]
                      }
                    ]
                  }
                ]
              }
            ]
          }
        ]
      }
    },
    "optimal_engine": "duckdb",
    "speedup_ratio": 2.413446836824587
  },
  {
    "timestamp": "2025-09-12T10:13:05.899697",
    "dataset": "tpch_sf1",
    "query_type": "AP",
    "query_index": 220,
    "query_text": "SELECT COUNT(*), COUNT(*), VARIANCE(\"lineitem\".\"l_partkey\"), AVG(\"orders\".\"o_orderkey\") FROM \"orders\" JOIN \"lineitem\" ON \"orders\".\"o_orderkey\" = \"lineitem\".\"l_orderkey\" GROUP BY \"lineitem\".\"l_comment\", \"orders\".\"o_comment\", \"orders\".\"o_comment\" HAVING COUNT(*) > 4 LIMIT 100;",
    "postgres_time_ms": 30000,
    "duckdb_time_ms": 2788.087048975285,
    "log_time_difference": 2.3758416665198463,
    "postgres_plan": null,
    "optimal_engine": "duckdb",
    "speedup_ratio": 10.760065763020563
  },
  {
    "timestamp": "2025-09-12T10:14:01.436248",
    "dataset": "tpch_sf1",
    "query_type": "AP",
    "query_index": 225,
    "query_text": "SELECT MAX(\"part\".\"p_retailprice\") FROM \"part\" CROSS JOIN \"region\" CROSS JOIN \"orders\" CROSS JOIN \"supplier\" WHERE \"part\".\"p_partkey\" = 14163 AND \"region\".\"r_regionkey\" <= 2;",
    "postgres_time_ms": 30000,
    "duckdb_time_ms": 25528.33818399813,
    "log_time_difference": 0.1614082452027402,
    "postgres_plan": null,
    "optimal_engine": "duckdb",
    "speedup_ratio": 1.1751646262193765
  },
  {
    "timestamp": "2025-09-12T10:15:05.412767",
    "dataset": "tpch_sf1",
    "query_type": "AP",
    "query_index": 228,
    "query_text": "SELECT AVG(\"partsupp\".\"ps_partkey\") FROM \"part\" CROSS JOIN \"nation\" CROSS JOIN \"lineitem\" INNER JOIN \"supplier\" ON \"nation\".\"n_nationkey\" = \"supplier\".\"s_nationkey\" INNER JOIN \"partsupp\" ON \"lineitem\".\"l_partkey\" = \"partsupp\".\"ps_partkey\" WHERE \"lineitem\".\"l_orderkey\" = 3316393 AND \"lineitem\".\"l_orderkey\" IS NOT NULL GROUP BY \"nation\".\"n_regionkey\", \"part\".\"p_mfgr\";",
    "postgres_time_ms": 183.14573296811432,
    "duckdb_time_ms": 59.54330402892083,
    "log_time_difference": 1.1235783442961682,
    "postgres_plan": {
      "Plan": {
        "Node Type": "Custom Scan",
        "Custom Plan Provider": "DuckDBScan",
        "Parallel Aware": false,
        "Async Capable": false,
        "Startup Cost": 0.0,
        "Total Cost": 0.0,
        "Plan Rows": 0,
        "Plan Width": 0,
        "DuckDB Execution Plan": [
          {
            "name": "PROJECTION",
            "children": [
              {
                "name": "HASH_GROUP_BY",
                "children": [
                  {
                    "name": "PROJECTION",
                    "children": [
                      {
                        "name": "HASH_JOIN",
                        "children": [
                          {
                            "name": "PGDUCKDB_POSTGRES_SCAN ",
                            "children": [],
                            "extra_info": {
                              "Table": "partsupp",
                              "Projections": "ps_partkey",
                              "Estimated Cardinality": "800000"
                            }
                          },
                          {
                            "name": "CROSS_PRODUCT",
                            "children": [
                              {
                                "name": "PGDUCKDB_POSTGRES_SCAN ",
                                "children": [],
                                "extra_info": {
                                  "Table": "part",
                                  "Projections": "p_mfgr",
                                  "Estimated Cardinality": "200000"
                                }
                              },
                              {
                                "name": "CROSS_PRODUCT",
                                "children": [
                                  {
                                    "name": "PGDUCKDB_POSTGRES_SCAN ",
                                    "children": [],
                                    "extra_info": {
                                      "Table": "lineitem",
                                      "Projections": "l_partkey",
                                      "Filters": "l_orderkey=3316393 AND (l_orderkey IS NOT NULL)",
                                      "Estimated Cardinality": "1200198"
                                    }
                                  },
                                  {
                                    "name": "HASH_JOIN",
                                    "children": [
                                      {
                                        "name": "PGDUCKDB_POSTGRES_SCAN ",
                                        "children": [],
                                        "extra_info": {
                                          "Table": "supplier",
                                          "Projections": "s_nationkey",
                                          "Estimated Cardinality": "10000"
                                        }
                                      },
                                      {
                                        "name": "PGDUCKDB_POSTGRES_SCAN ",
                                        "children": [],
                                        "extra_info": {
                                          "Table": "nation",
                                          "Projections": [
                                            "n_nationkey",
                                            "n_regionkey"
                                          ],
                                          "Estimated Cardinality": "170"
                                        }
                                      }
                                    ],
                                    "extra_info": {
                                      "Join Type": "INNER",
                                      "Conditions": "s_nationkey = n_nationkey",
                                      "Estimated Cardinality": "10000"
                                    }
                                  }
                                ],
                                "extra_info": {}
                              }
                            ],
                            "extra_info": {}
                          }
                        ],
                        "extra_info": {
                          "Join Type": "INNER",
                          "Conditions": "ps_partkey = l_partkey",
                          "Estimated Cardinality": "1200198"
                        }
                      }
                    ],
                    "extra_info": {
                      "Projections": [
                        "n_regionkey",
                        "p_mfgr",
                        "ps_partkey"
                      ],
                      "Estimated Cardinality": "1200198"
                    }
                  }
                ],
                "extra_info": {
                  "Groups": [
                    "#0",
                    "#1"
                  ],
                  "Aggregates": "avg(#2)",
                  "Estimated Cardinality": "1178173"
                }
              }
            ],
            "extra_info": {
              "Projections": "avg",
              "Estimated Cardinality": "1178173"
            }
          }
        ]
      }
    },
    "optimal_engine": "duckdb",
    "speedup_ratio": 3.075840952311925
  },
  {
    "timestamp": "2025-09-12T10:15:05.572713",
    "dataset": "tpch_sf1",
    "query_type": "AP",
    "query_index": 229,
    "query_text": "SELECT MAX(\"partsupp\".\"ps_supplycost\") FROM \"partsupp\" WHERE \"partsupp\".\"ps_availqty\" >= 9999;",
    "postgres_time_ms": 45.17247702460736,
    "duckdb_time_ms": 113.1439339951612,
    "log_time_difference": -0.9181727743586929,
    "postgres_plan": {
      "Plan": {
        "Node Type": "Aggregate",
        "Strategy": "Plain",
        "Partial Mode": "Finalize",
        "Parallel Aware": false,
        "Async Capable": false,
        "Startup Cost": 22726.96,
        "Total Cost": 22726.97,
        "Plan Rows": 1,
        "Plan Width": 32,
        "Plans": [
          {
            "Node Type": "Gather",
            "Parent Relationship": "Outer",
            "Parallel Aware": false,
            "Async Capable": false,
            "Startup Cost": 22726.75,
            "Total Cost": 22726.96,
            "Plan Rows": 2,
            "Plan Width": 32,
            "Workers Planned": 2,
            "Single Copy": false,
            "Plans": [
              {
                "Node Type": "Aggregate",
                "Strategy": "Plain",
                "Partial Mode": "Partial",
                "Parent Relationship": "Outer",
                "Parallel Aware": false,
                "Async Capable": false,
                "Startup Cost": 21726.75,
                "Total Cost": 21726.76,
                "Plan Rows": 1,
                "Plan Width": 32,
                "Plans": [
                  {
                    "Node Type": "Seq Scan",
                    "Parent Relationship": "Outer",
                    "Parallel Aware": true,
                    "Async Capable": false,
                    "Relation Name": "partsupp",
                    "Alias": "partsupp",
                    "Startup Cost": 0.0,
                    "Total Cost": 21726.67,
                    "Plan Rows": 33,
                    "Plan Width": 6,
                    "Filter": "(ps_availqty >= 9999)"
                  }
                ]
              }
            ]
          }
        ]
      }
    },
    "optimal_engine": "postgres",
    "speedup_ratio": 2.504709536595191
  },
  {
    "timestamp": "2025-09-12T10:15:05.817505",
    "dataset": "tpch_sf1",
    "query_type": "AP",
    "query_index": 230,
    "query_text": "SELECT MAX(\"orders\".\"o_custkey\"), MAX(\"lineitem\".\"l_linenumber\"), STDDEV(\"lineitem\".\"l_linenumber\") FROM \"supplier\" LEFT JOIN \"nation\" ON \"supplier\".\"s_nationkey\" = \"nation\".\"n_nationkey\" LEFT JOIN \"region\" ON \"nation\".\"n_regionkey\" = \"region\".\"r_regionkey\" CROSS JOIN \"lineitem\" INNER JOIN \"orders\" ON \"lineitem\".\"l_orderkey\" = \"orders\".\"o_orderkey\" WHERE \"region\".\"r_regionkey\" != 3 AND \"region\".\"r_regionkey\" IS NOT NULL AND \"nation\".\"n_nationkey\" > 24 AND \"orders\".\"o_clerk\" != 'Clerk#000000002' AND \"supplier\".\"s_comment\" = 'ntly ironic requests. fluffily quiet depe' AND \"nation\".\"n_name\" LIKE '%a%' ORDER BY COUNT(*) ASC;",
    "postgres_time_ms": 15.475098043680191,
    "duckdb_time_ms": 226.70743300113827,
    "log_time_difference": -2.684428190638265,
    "postgres_plan": {
      "Plan": {
        "Node Type": "Sort",
        "Parallel Aware": false,
        "Async Capable": false,
        "Startup Cost": 308107.27,
        "Total Cost": 308107.27,
        "Plan Rows": 1,
        "Plan Width": 48,
        "Sort Key": [
          "(count(*))"
        ],
        "Plans": [
          {
            "Node Type": "Aggregate",
            "Strategy": "Plain",
            "Partial Mode": "Finalize",
            "Parent Relationship": "Outer",
            "Parallel Aware": false,
            "Async Capable": false,
            "Startup Cost": 308107.25,
            "Total Cost": 308107.26,
            "Plan Rows": 1,
            "Plan Width": 48,
            "Plans": [
              {
                "Node Type": "Gather",
                "Parent Relationship": "Outer",
                "Parallel Aware": false,
                "Async Capable": false,
                "Startup Cost": 308107.01,
                "Total Cost": 308107.22,
                "Plan Rows": 2,
                "Plan Width": 48,
                "Workers Planned": 2,
                "Single Copy": false,
                "Plans": [
                  {
                    "Node Type": "Aggregate",
                    "Strategy": "Plain",
                    "Partial Mode": "Partial",
                    "Parent Relationship": "Outer",
                    "Parallel Aware": false,
                    "Async Capable": false,
                    "Startup Cost": 307107.01,
                    "Total Cost": 307107.02,
                    "Plan Rows": 1,
                    "Plan Width": 48,
                    "Plans": [
                      {
                        "Node Type": "Hash Join",
                        "Parent Relationship": "Outer",
                        "Parallel Aware": false,
                        "Async Capable": false,
                        "Join Type": "Inner",
                        "Startup Cost": 84813.85,
                        "Total Cost": 282127.78,
                        "Plan Rows": 2497923,
                        "Plan Width": 8,
                        "Inner Unique": false,
                        "Hash Cond": "(lineitem.l_orderkey = orders.o_orderkey)",
                        "Plans": [
                          {
                            "Node Type": "Seq Scan",
                            "Parent Relationship": "Outer",
                            "Parallel Aware": true,
                            "Async Capable": false,
                            "Relation Name": "lineitem",
                            "Alias": "lineitem",
                            "Startup Cost": 0.0,
                            "Total Cost": 137568.14,
                            "Plan Rows": 2500414,
                            "Plan Width": 8
                          },
                          {
                            "Node Type": "Hash",
                            "Parent Relationship": "Inner",
                            "Parallel Aware": false,
                            "Async Capable": false,
                            "Startup Cost": 60228.52,
                            "Total Cost": 60228.52,
                            "Plan Rows": 1498506,
                            "Plan Width": 8,
                            "Plans": [
                              {
                                "Node Type": "Nested Loop",
                                "Parent Relationship": "Outer",
                                "Parallel Aware": false,
                                "Async Capable": false,
                                "Join Type": "Inner",
                                "Startup Cost": 0.29,
                                "Total Cost": 60228.52,
                                "Plan Rows": 1498506,
                                "Plan Width": 8,
                                "Inner Unique": false,
                                "Plans": [
                                  {
                                    "Node Type": "Nested Loop",
                                    "Parent Relationship": "Outer",
                                    "Parallel Aware": false,
                                    "Async Capable": false,
                                    "Join Type": "Inner",
                                    "Startup Cost": 0.29,
                                    "Total Cost": 357.46,
                                    "Plan Rows": 1,
                                    "Plan Width": 0,
                                    "Inner Unique": true,
                                    "Plans": [
                                      {
                                        "Node Type": "Nested Loop",
                                        "Parent Relationship": "Outer",
                                        "Parallel Aware": false,
                                        "Async Capable": false,
                                        "Join Type": "Inner",
                                        "Startup Cost": 0.14,
                                        "Total Cost": 356.44,
                                        "Plan Rows": 1,
                                        "Plan Width": 4,
                                        "Inner Unique": true,
                                        "Plans": [
                                          {
                                            "Node Type": "Seq Scan",
                                            "Parent Relationship": "Outer",
                                            "Parallel Aware": false,
                                            "Async Capable": false,
                                            "Relation Name": "supplier",
                                            "Alias": "supplier",
                                            "Startup Cost": 0.0,
                                            "Total Cost": 348.0,
                                            "Plan Rows": 1,
                                            "Plan Width": 4,
                                            "Filter": "((s_comment)::text = 'ntly ironic requests. fluffily quiet depe'::text)"
                                          },
                                          {
                                            "Node Type": "Index Scan",
                                            "Parent Relationship": "Inner",
                                            "Parallel Aware": false,
                                            "Async Capable": false,
                                            "Scan Direction": "Forward",
                                            "Index Name": "nation_pkey",
                                            "Relation Name": "nation",
                                            "Alias": "nation",
                                            "Startup Cost": 0.14,
                                            "Total Cost": 8.17,
                                            "Plan Rows": 1,
                                            "Plan Width": 8,
                                            "Index Cond": "((n_nationkey = supplier.s_nationkey) AND (n_nationkey > 24))",
                                            "Filter": "(n_name ~~ '%a%'::text)"
                                          }
                                        ]
                                      },
                                      {
                                        "Node Type": "Index Only Scan",
                                        "Parent Relationship": "Inner",
                                        "Parallel Aware": false,
                                        "Async Capable": false,
                                        "Scan Direction": "Forward",
                                        "Index Name": "region_pkey",
                                        "Relation Name": "region",
                                        "Alias": "region",
                                        "Startup Cost": 0.14,
                                        "Total Cost": 1.01,
                                        "Plan Rows": 1,
                                        "Plan Width": 4,
                                        "Index Cond": "(r_regionkey = nation.n_regionkey)",
                                        "Filter": "(r_regionkey <> 3)"
                                      }
                                    ]
                                  },
                                  {
                                    "Node Type": "Seq Scan",
                                    "Parent Relationship": "Inner",
                                    "Parallel Aware": false,
                                    "Async Capable": false,
                                    "Relation Name": "orders",
                                    "Alias": "orders",
                                    "Startup Cost": 0.0,
                                    "Total Cost": 44886.0,
                                    "Plan Rows": 1498506,
                                    "Plan Width": 8,
                                    "Filter": "(o_clerk <> 'Clerk#000000002'::bpchar)"
                                  }
                                ]
                              }
                            ]
                          }
                        ]
                      }
                    ]
                  }
                ]
              }
            ]
          }
        ]
      }
    },
    "optimal_engine": "postgres",
    "speedup_ratio": 14.649822079396928
  },
  {
    "timestamp": "2025-09-12T10:15:06.368831",
    "dataset": "tpch_sf1",
    "query_type": "AP",
    "query_index": 231,
    "query_text": "SELECT COUNT(*), STDDEV(\"orders\".\"o_totalprice\"), VARIANCE(\"orders\".\"o_shippriority\") FROM \"nation\" INNER JOIN \"customer\" ON \"nation\".\"n_nationkey\" = \"customer\".\"c_nationkey\" INNER JOIN \"orders\" ON \"customer\".\"c_custkey\" = \"orders\".\"o_custkey\" WHERE \"orders\".\"o_totalprice\" = 363674.6993991303 LIMIT 10;",
    "postgres_time_ms": 146.68083598371595,
    "duckdb_time_ms": 402.4419619818218,
    "log_time_difference": -1.0092918500699728,
    "postgres_plan": {
      "Plan": {
        "Node Type": "Limit",
        "Parallel Aware": false,
        "Async Capable": false,
        "Startup Cost": 34957.35,
        "Total Cost": 34957.36,
        "Plan Rows": 1,
        "Plan Width": 72,
        "Plans": [
          {
            "Node Type": "Aggregate",
            "Strategy": "Plain",
            "Partial Mode": "Finalize",
            "Parent Relationship": "Outer",
            "Parallel Aware": false,
            "Async Capable": false,
            "Startup Cost": 34957.35,
            "Total Cost": 34957.36,
            "Plan Rows": 1,
            "Plan Width": 72,
            "Plans": [
              {
                "Node Type": "Gather",
                "Parent Relationship": "Outer",
                "Parallel Aware": false,
                "Async Capable": false,
                "Startup Cost": 34957.11,
                "Total Cost": 34957.32,
                "Plan Rows": 2,
                "Plan Width": 72,
                "Workers Planned": 2,
                "Single Copy": false,
                "Plans": [
                  {
                    "Node Type": "Aggregate",
                    "Strategy": "Plain",
                    "Partial Mode": "Partial",
                    "Parent Relationship": "Outer",
                    "Parallel Aware": false,
                    "Async Capable": false,
                    "Startup Cost": 33957.11,
                    "Total Cost": 33957.12,
                    "Plan Rows": 1,
                    "Plan Width": 72,
                    "Plans": [
                      {
                        "Node Type": "Nested Loop",
                        "Parent Relationship": "Outer",
                        "Parallel Aware": false,
                        "Async Capable": false,
                        "Join Type": "Inner",
                        "Startup Cost": 0.56,
                        "Total Cost": 33957.1,
                        "Plan Rows": 1,
                        "Plan Width": 12,
                        "Inner Unique": true,
                        "Plans": [
                          {
                            "Node Type": "Nested Loop",
                            "Parent Relationship": "Outer",
                            "Parallel Aware": false,
                            "Async Capable": false,
                            "Join Type": "Inner",
                            "Startup Cost": 0.42,
                            "Total Cost": 33956.94,
                            "Plan Rows": 1,
                            "Plan Width": 16,
                            "Inner Unique": true,
                            "Plans": [
                              {
                                "Node Type": "Seq Scan",
                                "Parent Relationship": "Outer",
                                "Parallel Aware": true,
                                "Async Capable": false,
                                "Relation Name": "orders",
                                "Alias": "orders",
                                "Startup Cost": 0.0,
                                "Total Cost": 33948.5,
                                "Plan Rows": 1,
                                "Plan Width": 16,
                                "Filter": "(o_totalprice = 363674.6993991303)"
                              },
                              {
                                "Node Type": "Index Scan",
                                "Parent Relationship": "Inner",
                                "Parallel Aware": false,
                                "Async Capable": false,
                                "Scan Direction": "Forward",
                                "Index Name": "customer_pkey",
                                "Relation Name": "customer",
                                "Alias": "customer",
                                "Startup Cost": 0.42,
                                "Total Cost": 8.44,
                                "Plan Rows": 1,
                                "Plan Width": 8,
                                "Index Cond": "(c_custkey = orders.o_custkey)"
                              }
                            ]
                          },
                          {
                            "Node Type": "Index Only Scan",
                            "Parent Relationship": "Inner",
                            "Parallel Aware": false,
                            "Async Capable": false,
                            "Scan Direction": "Forward",
                            "Index Name": "nation_pkey",
                            "Relation Name": "nation",
                            "Alias": "nation",
                            "Startup Cost": 0.14,
                            "Total Cost": 0.16,
                            "Plan Rows": 1,
                            "Plan Width": 4,
                            "Index Cond": "(n_nationkey = customer.c_nationkey)"
                          }
                        ]
                      }
                    ]
                  }
                ]
              }
            ]
          }
        ]
      }
    },
    "optimal_engine": "postgres",
    "speedup_ratio": 2.743657406114727
  },
  {
    "timestamp": "2025-09-12T10:15:06.399105",
    "dataset": "tpch_sf1",
    "query_type": "AP",
    "query_index": 235,
    "query_text": "SELECT MAX(\"supplier\".\"s_nationkey\"), MIN(\"nation\".\"n_nationkey\"), VARIANCE(\"supplier\".\"s_suppkey\"), STDDEV(\"supplier\".\"s_acctbal\"), VARIANCE(\"supplier\".\"s_suppkey\") FROM \"supplier\" JOIN \"nation\" ON \"supplier\".\"s_nationkey\" = \"nation\".\"n_nationkey\" WHERE \"supplier\".\"s_phone\" = '18-850-494-6565' GROUP BY \"nation\".\"n_comment\", \"supplier\".\"s_address\" ORDER BY COUNT(*) ASC;",
    "postgres_time_ms": 2.058906015008688,
    "duckdb_time_ms": 25.471228000242263,
    "log_time_difference": -2.5153747203598176,
    "postgres_plan": {
      "Plan": {
        "Node Type": "Sort",
        "Parallel Aware": false,
        "Async Capable": false,
        "Startup Cost": 356.31,
        "Total Cost": 356.32,
        "Plan Rows": 1,
        "Plan Width": 459,
        "Sort Key": [
          "(count(*))"
        ],
        "Plans": [
          {
            "Node Type": "Aggregate",
            "Strategy": "Sorted",
            "Partial Mode": "Simple",
            "Parent Relationship": "Outer",
            "Parallel Aware": false,
            "Async Capable": false,
            "Startup Cost": 356.27,
            "Total Cost": 356.3,
            "Plan Rows": 1,
            "Plan Width": 459,
            "Group Key": [
              "nation.n_comment",
              "supplier.s_address"
            ],
            "Plans": [
              {
                "Node Type": "Sort",
                "Parent Relationship": "Outer",
                "Parallel Aware": false,
                "Async Capable": false,
                "Startup Cost": 356.27,
                "Total Cost": 356.27,
                "Plan Rows": 1,
                "Plan Width": 365,
                "Sort Key": [
                  "nation.n_comment",
                  "supplier.s_address"
                ],
                "Plans": [
                  {
                    "Node Type": "Nested Loop",
                    "Parent Relationship": "Outer",
                    "Parallel Aware": false,
                    "Async Capable": false,
                    "Join Type": "Inner",
                    "Startup Cost": 0.14,
                    "Total Cost": 356.26,
                    "Plan Rows": 1,
                    "Plan Width": 365,
                    "Inner Unique": true,
                    "Plans": [
                      {
                        "Node Type": "Seq Scan",
                        "Parent Relationship": "Outer",
                        "Parallel Aware": false,
                        "Async Capable": false,
                        "Relation Name": "supplier",
                        "Alias": "supplier",
                        "Startup Cost": 0.0,
                        "Total Cost": 348.0,
                        "Plan Rows": 1,
                        "Plan Width": 39,
                        "Filter": "(s_phone = '18-850-494-6565'::bpchar)"
                      },
                      {
                        "Node Type": "Index Scan",
                        "Parent Relationship": "Inner",
                        "Parallel Aware": false,
                        "Async Capable": false,
                        "Scan Direction": "Forward",
                        "Index Name": "nation_pkey",
                        "Relation Name": "nation",
                        "Alias": "nation",
                        "Startup Cost": 0.14,
                        "Total Cost": 8.16,
                        "Plan Rows": 1,
                        "Plan Width": 326,
                        "Index Cond": "(n_nationkey = supplier.s_nationkey)"
                      }
                    ]
                  }
                ]
              }
            ]
          }
        ]
      }
    },
    "optimal_engine": "postgres",
    "speedup_ratio": 12.371243667542922
  },
  {
    "timestamp": "2025-09-12T10:15:06.493945",
    "dataset": "tpch_sf1",
    "query_type": "AP",
    "query_index": 237,
    "query_text": "SELECT STDDEV(\"lineitem\".\"l_linenumber\"), MAX(\"lineitem\".\"l_partkey\"), STDDEV(\"lineitem\".\"l_suppkey\"), COUNT(*), AVG(\"customer\".\"c_custkey\") FROM \"supplier\" CROSS JOIN \"lineitem\" CROSS JOIN \"customer\" LEFT JOIN \"nation\" ON \"supplier\".\"s_nationkey\" = \"nation\".\"n_nationkey\" WHERE \"customer\".\"c_name\" = 'Customer#000000007' AND \"supplier\".\"s_nationkey\" <= 10 AND \"nation\".\"n_regionkey\" > 4 AND \"nation\".\"n_regionkey\" IS NOT NULL AND \"lineitem\".\"l_orderkey\" > 6000000 GROUP BY \"customer\".\"c_mktsegment\" ORDER BY COUNT(*) DESC LIMIT 1000;",
    "postgres_time_ms": 17.633941024541855,
    "duckdb_time_ms": 74.56171297235414,
    "log_time_difference": -1.4418016322863034,
    "postgres_plan": {
      "Plan": {
        "Node Type": "Limit",
        "Parallel Aware": false,
        "Async Capable": false,
        "Startup Cost": 5560.99,
        "Total Cost": 5561.0,
        "Plan Rows": 1,
        "Plan Width": 119,
        "Plans": [
          {
            "Node Type": "Sort",
            "Parent Relationship": "Outer",
            "Parallel Aware": false,
            "Async Capable": false,
            "Startup Cost": 5560.99,
            "Total Cost": 5561.0,
            "Plan Rows": 1,
            "Plan Width": 119,
            "Sort Key": [
              "(count(*)) DESC"
            ],
            "Plans": [
              {
                "Node Type": "Aggregate",
                "Strategy": "Sorted",
                "Partial Mode": "Simple",
                "Parent Relationship": "Outer",
                "Parallel Aware": false,
                "Async Capable": false,
                "Startup Cost": 5394.84,
                "Total Cost": 5560.98,
                "Plan Rows": 1,
                "Plan Width": 119,
                "Group Key": [
                  "customer.c_mktsegment"
                ],
                "Plans": [
                  {
                    "Node Type": "Nested Loop",
                    "Parent Relationship": "Outer",
                    "Parallel Aware": false,
                    "Async Capable": false,
                    "Join Type": "Inner",
                    "Startup Cost": 5394.84,
                    "Total Cost": 5538.6,
                    "Plan Rows": 1491,
                    "Plan Width": 27,
                    "Inner Unique": false,
                    "Plans": [
                      {
                        "Node Type": "Gather Merge",
                        "Parent Relationship": "Outer",
                        "Parallel Aware": false,
                        "Async Capable": false,
                        "Startup Cost": 5381.28,
                        "Total Cost": 5381.4,
                        "Plan Rows": 1,
                        "Plan Width": 15,
                        "Workers Planned": 2,
                        "Plans": [
                          {
                            "Node Type": "Sort",
                            "Parent Relationship": "Outer",
                            "Parallel Aware": false,
                            "Async Capable": false,
                            "Startup Cost": 4381.26,
                            "Total Cost": 4381.27,
                            "Plan Rows": 1,
                            "Plan Width": 15,
                            "Sort Key": [
                              "customer.c_mktsegment"
                            ],
                            "Plans": [
                              {
                                "Node Type": "Seq Scan",
                                "Parent Relationship": "Outer",
                                "Parallel Aware": true,
                                "Async Capable": false,
                                "Relation Name": "customer",
                                "Alias": "customer",
                                "Startup Cost": 0.0,
                                "Total Cost": 4381.25,
                                "Plan Rows": 1,
                                "Plan Width": 15,
                                "Filter": "((c_name)::text = 'Customer#000000007'::text)"
                              }
                            ]
                          }
                        ]
                      },
                      {
                        "Node Type": "Nested Loop",
                        "Parent Relationship": "Inner",
                        "Parallel Aware": false,
                        "Async Capable": false,
                        "Join Type": "Inner",
                        "Startup Cost": 13.55,
                        "Total Cost": 142.29,
                        "Plan Rows": 1491,
                        "Plan Width": 12,
                        "Inner Unique": false,
                        "Plans": [
                          {
                            "Node Type": "Index Scan",
                            "Parent Relationship": "Outer",
                            "Parallel Aware": false,
                            "Async Capable": false,
                            "Scan Direction": "Forward",
                            "Index Name": "idx_lineitem_order",
                            "Relation Name": "lineitem",
                            "Alias": "lineitem",
                            "Startup Cost": 0.43,
                            "Total Cost": 4.45,
                            "Plan Rows": 1,
                            "Plan Width": 12,
                            "Index Cond": "(l_orderkey > 6000000)"
                          },
                          {
                            "Node Type": "Hash Join",
                            "Parent Relationship": "Inner",
                            "Parallel Aware": false,
                            "Async Capable": false,
                            "Join Type": "Inner",
                            "Startup Cost": 13.12,
                            "Total Cost": 122.93,
                            "Plan Rows": 1491,
                            "Plan Width": 0,
                            "Inner Unique": true,
                            "Hash Cond": "(supplier.s_nationkey = nation.n_nationkey)",
                            "Plans": [
                              {
                                "Node Type": "Index Only Scan",
                                "Parent Relationship": "Outer",
                                "Parallel Aware": false,
                                "Async Capable": false,
                                "Scan Direction": "Forward",
                                "Index Name": "idx_supplier_nation",
                                "Relation Name": "supplier",
                                "Alias": "supplier",
                                "Startup Cost": 0.29,
                                "Total Cost": 98.12,
                                "Plan Rows": 4448,
                                "Plan Width": 4,
                                "Index Cond": "(s_nationkey <= 10)"
                              },
                              {
                                "Node Type": "Hash",
                                "Parent Relationship": "Inner",
                                "Parallel Aware": false,
                                "Async Capable": false,
                                "Startup Cost": 12.12,
                                "Total Cost": 12.12,
                                "Plan Rows": 57,
                                "Plan Width": 4,
                                "Plans": [
                                  {
                                    "Node Type": "Seq Scan",
                                    "Parent Relationship": "Outer",
                                    "Parallel Aware": false,
                                    "Async Capable": false,
                                    "Relation Name": "nation",
                                    "Alias": "nation",
                                    "Startup Cost": 0.0,
                                    "Total Cost": 12.12,
                                    "Plan Rows": 57,
                                    "Plan Width": 4,
                                    "Filter": "(n_regionkey > 4)"
                                  }
                                ]
                              }
                            ]
                          }
                        ]
                      }
                    ]
                  }
                ]
              }
            ]
          }
        ]
      }
    },
    "optimal_engine": "postgres",
    "speedup_ratio": 4.228306812900398
  },
  {
    "timestamp": "2025-09-12T10:15:06.589261",
    "dataset": "tpch_sf1",
    "query_type": "AP",
    "query_index": 238,
    "query_text": "SELECT COUNT(*), SUM(\"part\".\"p_size\") FROM \"part\" ORDER BY COUNT(*) DESC;",
    "postgres_time_ms": 20.217170007526875,
    "duckdb_time_ms": 73.53508297819644,
    "log_time_difference": -1.291230368035314,
    "postgres_plan": {
      "Plan": {
        "Node Type": "Sort",
        "Parallel Aware": false,
        "Async Capable": false,
        "Startup Cost": 6378.24,
        "Total Cost": 6378.24,
        "Plan Rows": 1,
        "Plan Width": 16,
        "Sort Key": [
          "(count(*)) DESC"
        ],
        "Plans": [
          {
            "Node Type": "Aggregate",
            "Strategy": "Plain",
            "Partial Mode": "Finalize",
            "Parent Relationship": "Outer",
            "Parallel Aware": false,
            "Async Capable": false,
            "Startup Cost": 6378.22,
            "Total Cost": 6378.23,
            "Plan Rows": 1,
            "Plan Width": 16,
            "Plans": [
              {
                "Node Type": "Gather",
                "Parent Relationship": "Outer",
                "Parallel Aware": false,
                "Async Capable": false,
                "Startup Cost": 6378.0,
                "Total Cost": 6378.21,
                "Plan Rows": 2,
                "Plan Width": 16,
                "Workers Planned": 2,
                "Single Copy": false,
                "Plans": [
                  {
                    "Node Type": "Aggregate",
                    "Strategy": "Plain",
                    "Partial Mode": "Partial",
                    "Parent Relationship": "Outer",
                    "Parallel Aware": false,
                    "Async Capable": false,
                    "Startup Cost": 5378.0,
                    "Total Cost": 5378.01,
                    "Plan Rows": 1,
                    "Plan Width": 16,
                    "Plans": [
                      {
                        "Node Type": "Seq Scan",
                        "Parent Relationship": "Outer",
                        "Parallel Aware": true,
                        "Async Capable": false,
                        "Relation Name": "part",
                        "Alias": "part",
                        "Startup Cost": 0.0,
                        "Total Cost": 4961.33,
                        "Plan Rows": 83333,
                        "Plan Width": 4
                      }
                    ]
                  }
                ]
              }
            ]
          }
        ]
      }
    },
    "optimal_engine": "postgres",
    "speedup_ratio": 3.637258971004312
  },
  {
    "timestamp": "2025-09-12T10:15:06.633525",
    "dataset": "tpch_sf1",
    "query_type": "AP",
    "query_index": 240,
    "query_text": "SELECT STDDEV(\"region\".\"r_regionkey\"), VARIANCE(\"region\".\"r_regionkey\"), MIN(\"region\".\"r_regionkey\"), STDDEV(\"region\".\"r_regionkey\"), AVG(\"region\".\"r_regionkey\") FROM \"region\" WHERE \"region\".\"r_comment\" = 'lar deposits. blithely final packages cajole. regular waters are final requests. regular accounts are according to ' AND \"region\".\"r_comment\" != 'ges. thinly even pinto beans ca' AND \"region\".\"r_comment\" LIKE '%e%' AND \"region\".\"r_regionkey\" != 0 ORDER BY COUNT(*) ASC LIMIT 100;",
    "postgres_time_ms": 0.4940149956382811,
    "duckdb_time_ms": 13.140966999344528,
    "log_time_difference": -3.2809240090959113,
    "postgres_plan": {
      "Plan": {
        "Node Type": "Limit",
        "Parallel Aware": false,
        "Async Capable": false,
        "Startup Cost": 13.44,
        "Total Cost": 13.44,
        "Plan Rows": 1,
        "Plan Width": 140,
        "Plans": [
          {
            "Node Type": "Sort",
            "Parent Relationship": "Outer",
            "Parallel Aware": false,
            "Async Capable": false,
            "Startup Cost": 13.44,
            "Total Cost": 13.44,
            "Plan Rows": 1,
            "Plan Width": 140,
            "Sort Key": [
              "(count(*))"
            ],
            "Plans": [
              {
                "Node Type": "Aggregate",
                "Strategy": "Plain",
                "Partial Mode": "Simple",
                "Parent Relationship": "Outer",
                "Parallel Aware": false,
                "Async Capable": false,
                "Startup Cost": 13.42,
                "Total Cost": 13.43,
                "Plan Rows": 1,
                "Plan Width": 140,
                "Plans": [
                  {
                    "Node Type": "Seq Scan",
                    "Parent Relationship": "Outer",
                    "Parallel Aware": false,
                    "Async Capable": false,
                    "Relation Name": "region",
                    "Alias": "region",
                    "Startup Cost": 0.0,
                    "Total Cost": 13.4,
                    "Plan Rows": 1,
                    "Plan Width": 4,
                    "Filter": "(((r_comment)::text <> 'ges. thinly even pinto beans ca'::text) AND ((r_comment)::text ~~ '%e%'::text) AND (r_regionkey <> 0) AND ((r_comment)::text = 'lar deposits. blithely final packages cajole. regular waters are final requests. regular accounts are according to '::text))"
                  }
                ]
              }
            ]
          }
        ]
      }
    },
    "optimal_engine": "postgres",
    "speedup_ratio": 26.600340304176463
  },
  {
    "timestamp": "2025-09-12T10:15:06.695726",
    "dataset": "tpch_sf1",
    "query_type": "AP",
    "query_index": 241,
    "query_text": "SELECT VARIANCE(\"customer\".\"c_custkey\"), AVG(\"partsupp\".\"ps_availqty\"), STDDEV(\"partsupp\".\"ps_suppkey\") FROM \"nation\" CROSS JOIN \"partsupp\" JOIN \"customer\" ON \"nation\".\"n_nationkey\" = \"customer\".\"c_nationkey\" WHERE \"partsupp\".\"ps_supplycost\" > 1.0 AND \"partsupp\".\"ps_availqty\" != 6585 AND \"partsupp\".\"ps_availqty\" IS NULL AND \"customer\".\"c_nationkey\" < 7 AND \"partsupp\".\"ps_suppkey\" >= 855 GROUP BY \"customer\".\"c_phone\", \"partsupp\".\"ps_comment\" HAVING COUNT(*) >= 78 ORDER BY \"customer\".\"c_phone\", \"partsupp\".\"ps_comment\" DESC;",
    "postgres_time_ms": 0.525954004842788,
    "duckdb_time_ms": 59.95040200650692,
    "log_time_difference": -4.736059100480043,
    "postgres_plan": {
      "Plan": {
        "Node Type": "Aggregate",
        "Strategy": "Sorted",
        "Partial Mode": "Simple",
        "Parallel Aware": false,
        "Async Capable": false,
        "Startup Cost": 0.01,
        "Total Cost": 0.04,
        "Plan Rows": 1,
        "Plan Width": 528,
        "Group Key": [
          "customer.c_phone",
          "partsupp.ps_comment"
        ],
        "Filter": "(count(*) >= 78)",
        "Plans": [
          {
            "Node Type": "Sort",
            "Parent Relationship": "Outer",
            "Parallel Aware": false,
            "Async Capable": false,
            "Startup Cost": 0.01,
            "Total Cost": 0.02,
            "Plan Rows": 0,
            "Plan Width": 444,
            "Sort Key": [
              "customer.c_phone",
              "partsupp.ps_comment DESC"
            ],
            "Plans": [
              {
                "Node Type": "Result",
                "Parent Relationship": "Outer",
                "Parallel Aware": false,
                "Async Capable": false,
                "Startup Cost": 0.0,
                "Total Cost": 0.0,
                "Plan Rows": 0,
                "Plan Width": 444,
                "One-Time Filter": "false"
              }
            ]
          }
        ]
      }
    },
    "optimal_engine": "postgres",
    "speedup_ratio": 113.984115444518
  },
  {
    "timestamp": "2025-09-12T10:15:10.779552",
    "dataset": "tpch_sf1",
    "query_type": "AP",
    "query_index": 243,
    "query_text": "SELECT MAX(\"partsupp\".\"ps_partkey\"), MAX(\"nation\".\"n_nationkey\") FROM \"nation\" CROSS JOIN \"partsupp\" INNER JOIN \"supplier\" ON \"partsupp\".\"ps_suppkey\" = \"supplier\".\"s_suppkey\" JOIN \"region\" ON \"nation\".\"n_regionkey\" = \"region\".\"r_regionkey\" WHERE \"supplier\".\"s_acctbal\" < 519.3319426213038 AND \"nation\".\"n_regionkey\" > 3 OR \"nation\".\"n_regionkey\" <= 0 AND \"nation\".\"n_regionkey\" IS NULL OR \"nation\".\"n_comment\" != 'ts. silent requests haggle. closely express packages sleep across the blithely' ORDER BY COUNT(*) DESC LIMIT 1000;",
    "postgres_time_ms": 1125.9873390081339,
    "duckdb_time_ms": 2953.7071399972774,
    "log_time_difference": -0.9644007536104542,
    "postgres_plan": {
      "Plan": {
        "Node Type": "Limit",
        "Parallel Aware": false,
        "Async Capable": false,
        "Startup Cost": 1150175.88,
        "Total Cost": 1150175.89,
        "Plan Rows": 1,
        "Plan Width": 16,
        "Plans": [
          {
            "Node Type": "Sort",
            "Parent Relationship": "Outer",
            "Parallel Aware": false,
            "Async Capable": false,
            "Startup Cost": 1150175.88,
            "Total Cost": 1150175.89,
            "Plan Rows": 1,
            "Plan Width": 16,
            "Sort Key": [
              "(count(*)) DESC"
            ],
            "Plans": [
              {
                "Node Type": "Aggregate",
                "Strategy": "Plain",
                "Partial Mode": "Finalize",
                "Parent Relationship": "Outer",
                "Parallel Aware": false,
                "Async Capable": false,
                "Startup Cost": 1150175.86,
                "Total Cost": 1150175.87,
                "Plan Rows": 1,
                "Plan Width": 16,
                "Plans": [
                  {
                    "Node Type": "Gather",
                    "Parent Relationship": "Outer",
                    "Parallel Aware": false,
                    "Async Capable": false,
                    "Startup Cost": 1150175.64,
                    "Total Cost": 1150175.85,
                    "Plan Rows": 2,
                    "Plan Width": 16,
                    "Workers Planned": 2,
                    "Single Copy": false,
                    "Plans": [
                      {
                        "Node Type": "Aggregate",
                        "Strategy": "Plain",
                        "Partial Mode": "Partial",
                        "Parent Relationship": "Outer",
                        "Parallel Aware": false,
                        "Async Capable": false,
                        "Startup Cost": 1149175.64,
                        "Total Cost": 1149175.65,
                        "Plan Rows": 1,
                        "Plan Width": 16,
                        "Plans": [
                          {
                            "Node Type": "Hash Join",
                            "Parent Relationship": "Outer",
                            "Parallel Aware": false,
                            "Async Capable": false,
                            "Join Type": "Inner",
                            "Startup Cost": 66334.77,
                            "Total Cost": 726556.88,
                            "Plan Rows": 56349167,
                            "Plan Width": 8,
                            "Inner Unique": false,
                            "Hash Cond": "(partsupp.ps_suppkey = supplier.s_suppkey)",
                            "Plans": [
                              {
                                "Node Type": "Index Only Scan",
                                "Parent Relationship": "Outer",
                                "Parallel Aware": true,
                                "Async Capable": false,
                                "Scan Direction": "Forward",
                                "Index Name": "partsupp_pkey",
                                "Relation Name": "partsupp",
                                "Alias": "partsupp",
                                "Startup Cost": 0.42,
                                "Total Cost": 16271.51,
                                "Plan Rows": 333333,
                                "Plan Width": 8
                              },
                              {
                                "Node Type": "Hash",
                                "Parent Relationship": "Inner",
                                "Parallel Aware": false,
                                "Async Capable": false,
                                "Startup Cost": 38599.41,
                                "Total Cost": 38599.41,
                                "Plan Rows": 1690475,
                                "Plan Width": 8,
                                "Plans": [
                                  {
                                    "Node Type": "Nested Loop",
                                    "Parent Relationship": "Outer",
                                    "Parallel Aware": false,
                                    "Async Capable": false,
                                    "Join Type": "Inner",
                                    "Startup Cost": 13.82,
                                    "Total Cost": 38599.41,
                                    "Plan Rows": 1690475,
                                    "Plan Width": 8,
                                    "Inner Unique": false,
                                    "Join Filter": "(((supplier.s_acctbal < 519.3319426213038) AND (nation.n_regionkey > 3)) OR ((nation.n_regionkey <= 0) AND (nation.n_regionkey IS NULL)) OR ((nation.n_comment)::text <> 'ts. silent requests haggle. closely express packages sleep across the blithely'::text))",
                                    "Plans": [
                                      {
                                        "Node Type": "Seq Scan",
                                        "Parent Relationship": "Outer",
                                        "Parallel Aware": false,
                                        "Async Capable": false,
                                        "Relation Name": "supplier",
                                        "Alias": "supplier",
                                        "Startup Cost": 0.0,
                                        "Total Cost": 323.0,
                                        "Plan Rows": 10000,
                                        "Plan Width": 10
                                      },
                                      {
                                        "Node Type": "Materialize",
                                        "Parent Relationship": "Inner",
                                        "Parallel Aware": false,
                                        "Async Capable": false,
                                        "Startup Cost": 13.82,
                                        "Total Cost": 26.83,
                                        "Plan Rows": 170,
                                        "Plan Width": 330,
                                        "Plans": [
                                          {
                                            "Node Type": "Hash Join",
                                            "Parent Relationship": "Outer",
                                            "Parallel Aware": false,
                                            "Async Capable": false,
                                            "Join Type": "Inner",
                                            "Startup Cost": 13.82,
                                            "Total Cost": 25.98,
                                            "Plan Rows": 170,
                                            "Plan Width": 330,
                                            "Inner Unique": true,
                                            "Hash Cond": "(nation.n_regionkey = region.r_regionkey)",
                                            "Plans": [
                                              {
                                                "Node Type": "Seq Scan",
                                                "Parent Relationship": "Outer",
                                                "Parallel Aware": false,
                                                "Async Capable": false,
                                                "Relation Name": "nation",
                                                "Alias": "nation",
                                                "Startup Cost": 0.0,
                                                "Total Cost": 11.7,
                                                "Plan Rows": 170,
                                                "Plan Width": 330
                                              },
                                              {
                                                "Node Type": "Hash",
                                                "Parent Relationship": "Inner",
                                                "Parallel Aware": false,
                                                "Async Capable": false,
                                                "Startup Cost": 11.7,
                                                "Total Cost": 11.7,
                                                "Plan Rows": 170,
                                                "Plan Width": 4,
                                                "Plans": [
                                                  {
                                                    "Node Type": "Seq Scan",
                                                    "Parent Relationship": "Outer",
                                                    "Parallel Aware": false,
                                                    "Async Capable": false,
                                                    "Relation Name": "region",
                                                    "Alias": "region",
                                                    "Startup Cost": 0.0,
                                                    "Total Cost": 11.7,
                                                    "Plan Rows": 170,
                                                    "Plan Width": 4
                                                  }
                                                ]
                                              }
                                            ]
                                          }
                                        ]
                                      }
                                    ]
                                  }
                                ]
                              }
                            ]
                          }
                        ]
                      }
                    ]
                  }
                ]
              }
            ]
          }
        ]
      }
    },
    "optimal_engine": "postgres",
    "speedup_ratio": 2.623215233129669
  },
  {
    "timestamp": "2025-09-12T10:15:11.511812",
    "dataset": "tpch_sf1",
    "query_type": "AP",
    "query_index": 244,
    "query_text": "SELECT SUM(\"orders\".\"o_totalprice\"), AVG(\"orders\".\"o_orderkey\"), MIN(\"orders\".\"o_totalprice\"), STDDEV(\"orders\".\"o_custkey\"), VARIANCE(\"orders\".\"o_custkey\") FROM \"orders\" GROUP BY \"orders\".\"o_orderstatus\", \"orders\".\"o_orderpriority\" ORDER BY \"orders\".\"o_orderstatus\", \"orders\".\"o_orderpriority\" DESC;",
    "postgres_time_ms": 321.14698202349246,
    "duckdb_time_ms": 408.99790095863864,
    "log_time_difference": -0.24181111764418184,
    "postgres_plan": {
      "Plan": {
        "Node Type": "Aggregate",
        "Strategy": "Sorted",
        "Partial Mode": "Finalize",
        "Parallel Aware": false,
        "Async Capable": false,
        "Startup Cost": 42761.54,
        "Total Cost": 42765.94,
        "Plan Rows": 15,
        "Plan Width": 178,
        "Group Key": [
          "o_orderstatus",
          "o_orderpriority"
        ],
        "Plans": [
          {
            "Node Type": "Gather Merge",
            "Parent Relationship": "Outer",
            "Parallel Aware": false,
            "Async Capable": false,
            "Startup Cost": 42761.54,
            "Total Cost": 42765.04,
            "Plan Rows": 30,
            "Plan Width": 178,
            "Workers Planned": 2,
            "Plans": [
              {
                "Node Type": "Sort",
                "Parent Relationship": "Outer",
                "Parallel Aware": false,
                "Async Capable": false,
                "Startup Cost": 41761.52,
                "Total Cost": 41761.56,
                "Plan Rows": 15,
                "Plan Width": 178,
                "Sort Key": [
                  "o_orderstatus",
                  "o_orderpriority DESC"
                ],
                "Plans": [
                  {
                    "Node Type": "Aggregate",
                    "Strategy": "Hashed",
                    "Partial Mode": "Partial",
                    "Parent Relationship": "Outer",
                    "Parallel Aware": false,
                    "Async Capable": false,
                    "Startup Cost": 41761.0,
                    "Total Cost": 41761.22,
                    "Plan Rows": 15,
                    "Plan Width": 178,
                    "Group Key": [
                      "o_orderstatus",
                      "o_orderpriority"
                    ],
                    "Planned Partitions": 0,
                    "Plans": [
                      {
                        "Node Type": "Seq Scan",
                        "Parent Relationship": "Outer",
                        "Parallel Aware": true,
                        "Async Capable": false,
                        "Relation Name": "orders",
                        "Alias": "orders",
                        "Startup Cost": 0.0,
                        "Total Cost": 32386.0,
                        "Plan Rows": 625000,
                        "Plan Width": 34
                      }
                    ]
                  }
                ]
              }
            ]
          }
        ]
      }
    },
    "optimal_engine": "postgres",
    "speedup_ratio": 1.2735536182890852
  },
  {
    "timestamp": "2025-09-12T10:15:13.723306",
    "dataset": "tpch_sf1",
    "query_type": "AP",
    "query_index": 248,
    "query_text": "SELECT VARIANCE(\"lineitem\".\"l_linenumber\"), MIN(\"lineitem\".\"l_partkey\"), MIN(\"lineitem\".\"l_orderkey\") FROM \"lineitem\" WHERE \"lineitem\".\"l_suppkey\" = 13 AND \"lineitem\".\"l_suppkey\" != 1 AND \"lineitem\".\"l_suppkey\" IS NOT NULL AND \"lineitem\".\"l_shipmode\" = 'FOB       ' OR \"lineitem\".\"l_tax\" != 0.05981772074658415 OR \"lineitem\".\"l_tax\" IS NOT NULL AND \"lineitem\".\"l_quantity\" > 50.0 OR \"lineitem\".\"l_quantity\" IS NULL ORDER BY COUNT(*) DESC;",
    "postgres_time_ms": 794.593723025173,
    "duckdb_time_ms": 1413.792502018623,
    "log_time_difference": -0.5762001464895532,
    "postgres_plan": {
      "Plan": {
        "Node Type": "Sort",
        "Parallel Aware": false,
        "Async Capable": false,
        "Startup Cost": 194827.71,
        "Total Cost": 194827.71,
        "Plan Rows": 1,
        "Plan Width": 48,
        "Sort Key": [
          "(count(*)) DESC"
        ],
        "Plans": [
          {
            "Node Type": "Aggregate",
            "Strategy": "Plain",
            "Partial Mode": "Finalize",
            "Parent Relationship": "Outer",
            "Parallel Aware": false,
            "Async Capable": false,
            "Startup Cost": 194827.69,
            "Total Cost": 194827.7,
            "Plan Rows": 1,
            "Plan Width": 48,
            "Plans": [
              {
                "Node Type": "Gather",
                "Parent Relationship": "Outer",
                "Parallel Aware": false,
                "Async Capable": false,
                "Startup Cost": 194827.45,
                "Total Cost": 194827.66,
                "Plan Rows": 2,
                "Plan Width": 48,
                "Workers Planned": 2,
                "Single Copy": false,
                "Plans": [
                  {
                    "Node Type": "Aggregate",
                    "Strategy": "Plain",
                    "Partial Mode": "Partial",
                    "Parent Relationship": "Outer",
                    "Parallel Aware": false,
                    "Async Capable": false,
                    "Startup Cost": 193827.45,
                    "Total Cost": 193827.46,
                    "Plan Rows": 1,
                    "Plan Width": 48,
                    "Plans": [
                      {
                        "Node Type": "Seq Scan",
                        "Parent Relationship": "Outer",
                        "Parallel Aware": true,
                        "Async Capable": false,
                        "Relation Name": "lineitem",
                        "Alias": "lineitem",
                        "Startup Cost": 0.0,
                        "Total Cost": 168823.31,
                        "Plan Rows": 2500414,
                        "Plan Width": 12,
                        "Filter": "(((l_suppkey = 13) AND (l_suppkey <> 1) AND (l_suppkey IS NOT NULL) AND (l_shipmode = 'FOB       '::bpchar)) OR (l_tax <> 0.05981772074658415) OR ((l_tax IS NOT NULL) AND (l_quantity > 50.0)) OR (l_quantity IS NULL))"
                      }
                    ]
                  }
                ]
              }
            ]
          }
        ]
      }
    },
    "optimal_engine": "postgres",
    "speedup_ratio": 1.7792646242359427
  },
  {
    "timestamp": "2025-09-12T10:15:13.737043",
    "dataset": "tpch_sf1",
    "query_type": "AP",
    "query_index": 249,
    "query_text": "SELECT VARIANCE(\"nation\".\"n_regionkey\") FROM \"nation\" WHERE \"nation\".\"n_comment\" LIKE '%o%' AND \"nation\".\"n_name\" LIKE '%e%' AND \"nation\".\"n_nationkey\" <= 24 AND \"nation\".\"n_name\" != 'JORDAN                   ' AND \"nation\".\"n_comment\" != 'ven packages wake quickly. regu' AND \"nation\".\"n_comment\" IS NULL;",
    "postgres_time_ms": 0.3774609649553895,
    "duckdb_time_ms": 11.991631996352226,
    "log_time_difference": -3.4584971926318064,
    "postgres_plan": {
      "Plan": {
        "Node Type": "Aggregate",
        "Strategy": "Plain",
        "Partial Mode": "Simple",
        "Parallel Aware": false,
        "Async Capable": false,
        "Startup Cost": 13.83,
        "Total Cost": 13.84,
        "Plan Rows": 1,
        "Plan Width": 32,
        "Plans": [
          {
            "Node Type": "Seq Scan",
            "Parent Relationship": "Outer",
            "Parallel Aware": false,
            "Async Capable": false,
            "Relation Name": "nation",
            "Alias": "nation",
            "Startup Cost": 0.0,
            "Total Cost": 13.82,
            "Plan Rows": 1,
            "Plan Width": 4,
            "Filter": "((n_comment IS NULL) AND ((n_comment)::text ~~ '%o%'::text) AND (n_name ~~ '%e%'::text) AND (n_nationkey <= 24) AND (n_name <> 'JORDAN                   '::bpchar) AND ((n_comment)::text <> 'ven packages wake quickly. regu'::text))"
          }
        ]
      }
    },
    "optimal_engine": "postgres",
    "speedup_ratio": 31.769197638143762
  },
  {
    "timestamp": "2025-09-12T10:17:13.880245",
    "dataset": "tpch_sf1",
    "query_type": "AP",
    "query_index": 253,
    "query_text": "SELECT AVG(\"part\".\"p_partkey\"), MIN(\"lineitem\".\"l_orderkey\"), MAX(\"partsupp\".\"ps_supplycost\"), SUM(\"nation\".\"n_regionkey\") FROM \"customer\" CROSS JOIN \"part\" CROSS JOIN \"lineitem\" JOIN \"nation\" ON \"customer\".\"c_nationkey\" = \"nation\".\"n_nationkey\" LEFT JOIN \"partsupp\" ON \"part\".\"p_partkey\" = \"partsupp\".\"ps_partkey\" WHERE \"customer\".\"c_mktsegment\" != 'BUILDING  ' AND \"nation\".\"n_comment\" != ' pending excuses haggle furiously deposits. pending, express pinto beans wake fluffily past t' AND \"nation\".\"n_name\" LIKE '%a%' GROUP BY \"partsupp\".\"ps_comment\", \"partsupp\".\"ps_comment\" ORDER BY \"partsupp\".\"ps_comment\", \"partsupp\".\"ps_comment\" LIMIT 1000;",
    "postgres_time_ms": 53.22554201120511,
    "duckdb_time_ms": 52.37846897216514,
    "log_time_difference": 0.016042784715078407,
    "postgres_plan": {
      "Plan": {
        "Node Type": "Custom Scan",
        "Custom Plan Provider": "DuckDBScan",
        "Parallel Aware": false,
        "Async Capable": false,
        "Startup Cost": 0.0,
        "Total Cost": 0.0,
        "Plan Rows": 0,
        "Plan Width": 0,
        "DuckDB Execution Plan": [
          {
            "name": "PROJECTION",
            "children": [
              {
                "name": "TOP_N",
                "children": [
                  {
                    "name": "PROJECTION",
                    "children": [
                      {
                        "name": "HASH_GROUP_BY",
                        "children": [
                          {
                            "name": "PROJECTION",
                            "children": [
                              {
                                "name": "HASH_JOIN",
                                "children": [
                                  {
                                    "name": "PGDUCKDB_POSTGRES_SCAN ",
                                    "children": [],
                                    "extra_info": {
                                      "Table": "partsupp",
                                      "Projections": [
                                        "ps_partkey",
                                        "ps_comment",
                                        "ps_supplycost"
                                      ],
                                      "Filters": "optional: Dynamic Filter (ps_comment)",
                                      "Estimated Cardinality": "800000"
                                    }
                                  },
                                  {
                                    "name": "CROSS_PRODUCT",
                                    "children": [
                                      {
                                        "name": "PGDUCKDB_POSTGRES_SCAN ",
                                        "children": [],
                                        "extra_info": {
                                          "Table": "lineitem",
                                          "Projections": "l_orderkey",
                                          "Estimated Cardinality": "6000993"
                                        }
                                      },
                                      {
                                        "name": "CROSS_PRODUCT",
                                        "children": [
                                          {
                                            "name": "PGDUCKDB_POSTGRES_SCAN ",
                                            "children": [],
                                            "extra_info": {
                                              "Table": "part",
                                              "Projections": "p_partkey",
                                              "Estimated Cardinality": "200000"
                                            }
                                          },
                                          {
                                            "name": "HASH_JOIN",
                                            "children": [
                                              {
                                                "name": "PGDUCKDB_POSTGRES_SCAN ",
                                                "children": [],
                                                "extra_info": {
                                                  "Table": "customer",
                                                  "Projections": "c_nationkey",
                                                  "Filters": "c_mktsegment!='BUILDING  '",
                                                  "Estimated Cardinality": "30000"
                                                }
                                              },
                                              {
                                                "name": "PGDUCKDB_POSTGRES_SCAN ",
                                                "children": [],
                                                "extra_info": {
                                                  "Table": "nation",
                                                  "Projections": [
                                                    "n_nationkey",
                                                    "n_regionkey"
                                                  ],
                                                  "Filters": [
                                                    "n_comment!=' pending excuses haggle furiously deposits. pending, express pinto beans wake fluffily past t'",
                                                    "like_escape(n_name, '%a%', '\\')"
                                                  ],
                                                  "Estimated Cardinality": "34"
                                                }
                                              }
                                            ],
                                            "extra_info": {
                                              "Join Type": "INNER",
                                              "Conditions": "c_nationkey = n_nationkey",
                                              "Estimated Cardinality": "6000"
                                            }
                                          }
                                        ],
                                        "extra_info": {}
                                      }
                                    ],
                                    "extra_info": {}
                                  }
                                ],
                                "extra_info": {
                                  "Join Type": "RIGHT",
                                  "Conditions": "ps_partkey = p_partkey",
                                  "Estimated Cardinality": "800000"
                                }
                              }
                            ],
                            "extra_info": {
                              "Projections": [
                                "ps_comment",
                                "p_partkey",
                                "l_orderkey",
                                "ps_supplycost",
                                "n_regionkey"
                              ],
                              "Estimated Cardinality": "800000"
                            }
                          }
                        ],
                        "extra_info": {
                          "Groups": "#0",
                          "Aggregates": [
                            "avg(#1)",
                            "min(#2)",
                            "max(#3)",
                            "sum(#4)"
                          ],
                          "Estimated Cardinality": "149275"
                        }
                      }
                    ],
                    "extra_info": {
                      "Projections": [
                        "avg",
                        "min",
                        "max",
                        "sum",
                        "ps_comment"
                      ],
                      "Estimated Cardinality": "149275"
                    }
                  }
                ],
                "extra_info": {
                  "Top": "1000",
                  "Order By": "#4 ASC"
                }
              }
            ],
            "extra_info": {
              "Projections": [
                "#0",
                "#1",
                "#2",
                "#3"
              ],
              "Estimated Cardinality": "1000"
            }
          }
        ]
      }
    },
    "optimal_engine": "duckdb",
    "speedup_ratio": 1.0161721611124241
  },
  {
    "timestamp": "2025-09-12T10:17:13.933157",
    "dataset": "tpch_sf1",
    "query_type": "AP",
    "query_index": 254,
    "query_text": "SELECT COUNT(*), STDDEV(\"nation\".\"n_regionkey\"), SUM(\"part\".\"p_retailprice\"), SUM(\"supplier\".\"s_suppkey\"), STDDEV(\"nation\".\"n_nationkey\") FROM \"partsupp\" CROSS JOIN \"customer\" LEFT JOIN \"supplier\" ON \"partsupp\".\"ps_suppkey\" = \"supplier\".\"s_suppkey\" LEFT JOIN \"nation\" ON \"supplier\".\"s_nationkey\" = \"nation\".\"n_nationkey\" JOIN \"part\" ON \"partsupp\".\"ps_partkey\" = \"part\".\"p_partkey\" WHERE \"supplier\".\"s_suppkey\" > 1393 AND \"customer\".\"c_mktsegment\" LIKE '%u%' AND \"customer\".\"c_mktsegment\" IS NULL GROUP BY \"supplier\".\"s_comment\", \"nation\".\"n_name\", \"customer\".\"c_comment\" ORDER BY \"supplier\".\"s_comment\", \"nation\".\"n_name\", \"customer\".\"c_comment\" DESC;",
    "postgres_time_ms": 1.344588992651552,
    "duckdb_time_ms": 48.62315801437944,
    "log_time_difference": -3.5880115350862383,
    "postgres_plan": {
      "Plan": {
        "Node Type": "Aggregate",
        "Strategy": "Sorted",
        "Partial Mode": "Simple",
        "Parallel Aware": false,
        "Async Capable": false,
        "Startup Cost": 0.01,
        "Total Cost": 0.03,
        "Plan Rows": 1,
        "Plan Width": 531,
        "Group Key": [
          "supplier.s_comment",
          "nation.n_name",
          "customer.c_comment"
        ],
        "Plans": [
          {
            "Node Type": "Sort",
            "Parent Relationship": "Outer",
            "Parallel Aware": false,
            "Async Capable": false,
            "Startup Cost": 0.01,
            "Total Cost": 0.02,
            "Plan Rows": 0,
            "Plan Width": 437,
            "Sort Key": [
              "supplier.s_comment",
              "nation.n_name",
              "customer.c_comment DESC"
            ],
            "Plans": [
              {
                "Node Type": "Result",
                "Parent Relationship": "Outer",
                "Parallel Aware": false,
                "Async Capable": false,
                "Startup Cost": 0.0,
                "Total Cost": 0.0,
                "Plan Rows": 0,
                "Plan Width": 437,
                "One-Time Filter": "false"
              }
            ]
          }
        ]
      }
    },
    "optimal_engine": "postgres",
    "speedup_ratio": 36.16209732499279
  },
  {
    "timestamp": "2025-09-12T10:17:13.938532",
    "dataset": "tpch_sf1",
    "query_type": "AP",
    "query_index": 255,
    "query_text": "SELECT STDDEV(\"partsupp\".\"ps_suppkey\"), COUNT(*), MAX(\"partsupp\".\"ps_availqty\") FROM \"partsupp\" WHERE \"partsupp\".\"ps_comment\" LIKE '%u%' AND \"partsupp\".\"ps_comment\" IS NULL AND \"partsupp\".\"ps_suppkey\" < 4315 AND \"partsupp\".\"ps_supplycost\" < 1000.0 AND \"partsupp\".\"ps_availqty\" != 3063 AND \"partsupp\".\"ps_partkey\" = 109789 AND \"partsupp\".\"ps_partkey\" IS NOT NULL;",
    "postgres_time_ms": 0.42375398334115744,
    "duckdb_time_ms": 3.2114480272866786,
    "log_time_difference": -2.0253241543871687,
    "postgres_plan": {
      "Plan": {
        "Node Type": "Aggregate",
        "Strategy": "Plain",
        "Partial Mode": "Simple",
        "Parallel Aware": false,
        "Async Capable": false,
        "Startup Cost": 0.0,
        "Total Cost": 0.01,
        "Plan Rows": 1,
        "Plan Width": 44,
        "Plans": [
          {
            "Node Type": "Result",
            "Parent Relationship": "Outer",
            "Parallel Aware": false,
            "Async Capable": false,
            "Startup Cost": 0.0,
            "Total Cost": 0.0,
            "Plan Rows": 0,
            "Plan Width": 0,
            "One-Time Filter": "false"
          }
        ]
      }
    },
    "optimal_engine": "postgres",
    "speedup_ratio": 7.5785671723142105
  },
  {
    "timestamp": "2025-09-12T10:18:48.940409",
    "dataset": "tpch_sf1",
    "query_type": "AP",
    "query_index": 265,
    "query_text": "SELECT AVG(\"supplier\".\"s_acctbal\") FROM \"supplier\" CROSS JOIN \"orders\" WHERE \"supplier\".\"s_phone\" LIKE '%o%' AND \"supplier\".\"s_phone\" IS NOT NULL AND \"orders\".\"o_shippriority\" = 0 AND \"orders\".\"o_custkey\" = 37610;",
    "postgres_time_ms": 24.043330049607903,
    "duckdb_time_ms": 24.11455597029999,
    "log_time_difference": -0.002958019070748663,
    "postgres_plan": {
      "Plan": {
        "Node Type": "Custom Scan",
        "Custom Plan Provider": "DuckDBScan",
        "Parallel Aware": false,
        "Async Capable": false,
        "Startup Cost": 0.0,
        "Total Cost": 0.0,
        "Plan Rows": 0,
        "Plan Width": 0,
        "DuckDB Execution Plan": [
          {
            "name": "UNGROUPED_AGGREGATE",
            "children": [
              {
                "name": "PROJECTION",
                "children": [
                  {
                    "name": "CROSS_PRODUCT",
                    "children": [
                      {
                        "name": "PGDUCKDB_POSTGRES_SCAN ",
                        "children": [],
                        "extra_info": {
                          "Table": "orders",
                          "Projections": "",
                          "Filters": [
                            "o_shippriority=0",
                            "o_custkey=37610"
                          ],
                          "Estimated Cardinality": "300000"
                        }
                      },
                      {
                        "name": "PGDUCKDB_POSTGRES_SCAN ",
                        "children": [],
                        "extra_info": {
                          "Table": "supplier",
                          "Projections": "s_acctbal",
                          "Filters": "like_escape(s_phone, '%o%', '\\') AND (s_phone IS NOT NULL)",
                          "Estimated Cardinality": "2000"
                        }
                      }
                    ],
                    "extra_info": {}
                  }
                ],
                "extra_info": {
                  "Projections": "s_acctbal",
                  "Estimated Cardinality": "600000000"
                }
              }
            ],
            "extra_info": {
              "Aggregates": "avg(#0)"
            }
          }
        ]
      }
    },
    "optimal_engine": "postgres",
    "speedup_ratio": 1.0029623983260691
  },
  {
    "timestamp": "2025-09-12T10:19:49.145456",
    "dataset": "tpch_sf1",
    "query_type": "AP",
    "query_index": 268,
    "query_text": "SELECT MIN(\"orders\".\"o_shippriority\"), COUNT(*), MAX(\"partsupp\".\"ps_suppkey\") FROM \"partsupp\" CROSS JOIN \"orders\" JOIN \"customer\" ON \"orders\".\"o_custkey\" = \"customer\".\"c_custkey\" INNER JOIN \"supplier\" ON \"partsupp\".\"ps_suppkey\" = \"supplier\".\"s_suppkey\" WHERE \"orders\".\"o_orderpriority\" != '1-URGENT       ' AND \"orders\".\"o_orderpriority\" IS NULL AND \"customer\".\"c_phone\" = '10-100-864-5796' AND \"customer\".\"c_name\" LIKE '%a%' AND \"customer\".\"c_name\" IS NOT NULL AND \"customer\".\"c_phone\" != '10-100-581-8579' AND \"customer\".\"c_phone\" IS NOT NULL AND \"customer\".\"c_address\" LIKE '%u%' GROUP BY \"supplier\".\"s_address\";",
    "postgres_time_ms": 79.54899000469595,
    "duckdb_time_ms": 73.3385980129242,
    "log_time_difference": 0.08128601215215517,
    "postgres_plan": {
      "Plan": {
        "Node Type": "Custom Scan",
        "Custom Plan Provider": "DuckDBScan",
        "Parallel Aware": false,
        "Async Capable": false,
        "Startup Cost": 0.0,
        "Total Cost": 0.0,
        "Plan Rows": 0,
        "Plan Width": 0,
        "DuckDB Execution Plan": [
          {
            "name": "PROJECTION",
            "children": [
              {
                "name": "HASH_GROUP_BY",
                "children": [
                  {
                    "name": "PROJECTION",
                    "children": [
                      {
                        "name": "HASH_JOIN",
                        "children": [
                          {
                            "name": "PGDUCKDB_POSTGRES_SCAN ",
                            "children": [],
                            "extra_info": {
                              "Table": "partsupp",
                              "Projections": "ps_suppkey",
                              "Estimated Cardinality": "800000"
                            }
                          },
                          {
                            "name": "CROSS_PRODUCT",
                            "children": [
                              {
                                "name": "HASH_JOIN",
                                "children": [
                                  {
                                    "name": "PGDUCKDB_POSTGRES_SCAN ",
                                    "children": [],
                                    "extra_info": {
                                      "Table": "orders",
                                      "Projections": [
                                        "o_custkey",
                                        "o_shippriority"
                                      ],
                                      "Filters": "o_orderpriority!='1-URGENT       ' AND (o_orderpriority IS NULL)",
                                      "Estimated Cardinality": "300000"
                                    }
                                  },
                                  {
                                    "name": "PGDUCKDB_POSTGRES_SCAN ",
                                    "children": [],
                                    "extra_info": {
                                      "Table": "customer",
                                      "Projections": "c_custkey",
                                      "Filters": [
                                        "c_phone='10-100-864-5796' AND (c_phone IS NOT NULL)",
                                        "like_escape(c_name, '%a%', '\\') AND (c_name IS NOT NULL)",
                                        "like_escape(c_address, '%u%', '\\')"
                                      ],
                                      "Estimated Cardinality": "30000"
                                    }
                                  }
                                ],
                                "extra_info": {
                                  "Join Type": "INNER",
                                  "Conditions": "o_custkey = c_custkey",
                                  "Estimated Cardinality": "60000"
                                }
                              },
                              {
                                "name": "PGDUCKDB_POSTGRES_SCAN ",
                                "children": [],
                                "extra_info": {
                                  "Table": "supplier",
                                  "Projections": [
                                    "s_suppkey",
                                    "s_address"
                                  ],
                                  "Estimated Cardinality": "10000"
                                }
                              }
                            ],
                            "extra_info": {}
                          }
                        ],
                        "extra_info": {
                          "Join Type": "INNER",
                          "Conditions": "ps_suppkey = s_suppkey",
                          "Estimated Cardinality": "60000"
                        }
                      }
                    ],
                    "extra_info": {
                      "Projections": [
                        "s_address",
                        "o_shippriority",
                        "ps_suppkey"
                      ],
                      "Estimated Cardinality": "60000"
                    }
                  }
                ],
                "extra_info": {
                  "Groups": "#0",
                  "Aggregates": [
                    "min(#1)",
                    "count_star()",
                    "max(#2)"
                  ],
                  "Estimated Cardinality": "58815"
                }
              }
            ],
            "extra_info": {
              "Projections": [
                "min",
                "count",
                "max"
              ],
              "Estimated Cardinality": "58815"
            }
          }
        ]
      }
    },
    "optimal_engine": "duckdb",
    "speedup_ratio": 1.0846810841772203
  },
  {
    "timestamp": "2025-09-12T10:21:22.941343",
    "dataset": "tpch_sf1",
    "query_type": "AP",
    "query_index": 271,
    "query_text": "SELECT MAX(\"orders\".\"o_shippriority\") FROM \"customer\" JOIN \"orders\" ON \"customer\".\"c_custkey\" = \"orders\".\"o_custkey\" INNER JOIN \"nation\" ON \"customer\".\"c_nationkey\" = \"nation\".\"n_nationkey\" WHERE \"nation\".\"n_comment\" LIKE '%a%' GROUP BY \"orders\".\"o_orderpriority\" LIMIT 10;",
    "postgres_time_ms": 387.7960669924505,
    "duckdb_time_ms": 381.1761880060658,
    "log_time_difference": 0.01721789696425354,
    "postgres_plan": {
      "Plan": {
        "Node Type": "Custom Scan",
        "Custom Plan Provider": "DuckDBScan",
        "Parallel Aware": false,
        "Async Capable": false,
        "Startup Cost": 0.0,
        "Total Cost": 0.0,
        "Plan Rows": 0,
        "Plan Width": 0,
        "DuckDB Execution Plan": [
          {
            "name": "PROJECTION",
            "children": [
              {
                "name": "STREAMING_LIMIT",
                "children": [
                  {
                    "name": "HASH_GROUP_BY",
                    "children": [
                      {
                        "name": "PROJECTION",
                        "children": [
                          {
                            "name": "HASH_JOIN",
                            "children": [
                              {
                                "name": "PGDUCKDB_POSTGRES_SCAN ",
                                "children": [],
                                "extra_info": {
                                  "Table": "orders",
                                  "Projections": [
                                    "o_custkey",
                                    "o_orderpriority",
                                    "o_shippriority"
                                  ],
                                  "Estimated Cardinality": "1500000"
                                }
                              },
                              {
                                "name": "HASH_JOIN",
                                "children": [
                                  {
                                    "name": "PGDUCKDB_POSTGRES_SCAN ",
                                    "children": [],
                                    "extra_info": {
                                      "Table": "customer",
                                      "Projections": [
                                        "c_custkey",
                                        "c_nationkey"
                                      ],
                                      "Estimated Cardinality": "150000"
                                    }
                                  },
                                  {
                                    "name": "PGDUCKDB_POSTGRES_SCAN ",
                                    "children": [],
                                    "extra_info": {
                                      "Table": "nation",
                                      "Projections": "n_nationkey",
                                      "Filters": "like_escape(n_comment, '%a%', '\\')",
                                      "Estimated Cardinality": "34"
                                    }
                                  }
                                ],
                                "extra_info": {
                                  "Join Type": "INNER",
                                  "Conditions": "c_nationkey = n_nationkey",
                                  "Estimated Cardinality": "30000"
                                }
                              }
                            ],
                            "extra_info": {
                              "Join Type": "INNER",
                              "Conditions": "o_custkey = c_custkey",
                              "Estimated Cardinality": "300000"
                            }
                          }
                        ],
                        "extra_info": {
                          "Projections": [
                            "o_orderpriority",
                            "o_shippriority"
                          ],
                          "Estimated Cardinality": "300000"
                        }
                      }
                    ],
                    "extra_info": {
                      "Groups": "#0",
                      "Aggregates": "max(#1)",
                      "Estimated Cardinality": "129699"
                    }
                  }
                ],
                "extra_info": {}
              }
            ],
            "extra_info": {
              "Projections": "max",
              "Estimated Cardinality": "0"
            }
          }
        ]
      }
    },
    "optimal_engine": "duckdb",
    "speedup_ratio": 1.0173669793514997
  },
  {
    "timestamp": "2025-09-12T10:21:25.605816",
    "dataset": "tpch_sf1",
    "query_type": "AP",
    "query_index": 272,
    "query_text": "SELECT MIN(\"lineitem\".\"l_partkey\"), COUNT(*), SUM(\"lineitem\".\"l_tax\"), VARIANCE(\"lineitem\".\"l_orderkey\"), MAX(\"lineitem\".\"l_orderkey\") FROM \"lineitem\" WHERE \"lineitem\".\"l_orderkey\" < 755963 OR \"lineitem\".\"l_orderkey\" IS NULL AND \"lineitem\".\"l_linenumber\" = 7 OR \"lineitem\".\"l_orderkey\" >= 661992 OR \"lineitem\".\"l_linenumber\" != 3 GROUP BY \"lineitem\".\"l_shipmode\", \"lineitem\".\"l_linestatus\", \"lineitem\".\"l_linestatus\" HAVING AVG(1) <= 14 LIMIT 10;",
    "postgres_time_ms": 1317.088319978211,
    "duckdb_time_ms": 1345.3733770293184,
    "log_time_difference": -0.02124809626878864,
    "postgres_plan": {
      "Plan": {
        "Node Type": "Limit",
        "Parallel Aware": false,
        "Async Capable": false,
        "Startup Cost": 212749.72,
        "Total Cost": 212753.96,
        "Plan Rows": 5,
        "Plan Width": 93,
        "Plans": [
          {
            "Node Type": "Aggregate",
            "Strategy": "Sorted",
            "Partial Mode": "Finalize",
            "Parent Relationship": "Outer",
            "Parallel Aware": false,
            "Async Capable": false,
            "Startup Cost": 212749.72,
            "Total Cost": 212753.96,
            "Plan Rows": 5,
            "Plan Width": 93,
            "Group Key": [
              "l_shipmode",
              "l_linestatus"
            ],
            "Filter": "(avg(1) <= '14'::numeric)",
            "Plans": [
              {
                "Node Type": "Gather Merge",
                "Parent Relationship": "Outer",
                "Parallel Aware": false,
                "Async Capable": false,
                "Startup Cost": 212749.72,
                "Total Cost": 212752.98,
                "Plan Rows": 28,
                "Plan Width": 125,
                "Workers Planned": 2,
                "Plans": [
                  {
                    "Node Type": "Sort",
                    "Parent Relationship": "Outer",
                    "Parallel Aware": false,
                    "Async Capable": false,
                    "Startup Cost": 211749.69,
                    "Total Cost": 211749.73,
                    "Plan Rows": 14,
                    "Plan Width": 125,
                    "Sort Key": [
                      "l_shipmode",
                      "l_linestatus"
                    ],
                    "Plans": [
                      {
                        "Node Type": "Aggregate",
                        "Strategy": "Hashed",
                        "Partial Mode": "Partial",
                        "Parent Relationship": "Outer",
                        "Parallel Aware": false,
                        "Async Capable": false,
                        "Startup Cost": 211749.21,
                        "Total Cost": 211749.42,
                        "Plan Rows": 14,
                        "Plan Width": 125,
                        "Group Key": [
                          "l_shipmode",
                          "l_linestatus"
                        ],
                        "Planned Partitions": 0,
                        "Plans": [
                          {
                            "Node Type": "Seq Scan",
                            "Parent Relationship": "Outer",
                            "Parallel Aware": true,
                            "Async Capable": false,
                            "Relation Name": "lineitem",
                            "Alias": "lineitem",
                            "Startup Cost": 0.0,
                            "Total Cost": 162572.27,
                            "Plan Rows": 2458847,
                            "Plan Width": 25,
                            "Filter": "((l_orderkey < 755963) OR ((l_orderkey IS NULL) AND (l_linenumber = 7)) OR (l_orderkey >= 661992) OR (l_linenumber <> 3))"
                          }
                        ]
                      }
                    ]
                  }
                ]
              }
            ]
          }
        ]
      }
    },
    "optimal_engine": "postgres",
    "speedup_ratio": 1.0214754444497505
  },
  {
    "timestamp": "2025-09-12T10:21:29.192937",
    "dataset": "tpch_sf1",
    "query_type": "AP",
    "query_index": 275,
    "query_text": "SELECT STDDEV(\"orders\".\"o_totalprice\"), STDDEV(\"orders\".\"o_orderkey\"), SUM(\"orders\".\"o_totalprice\"), VARIANCE(\"region\".\"r_regionkey\") FROM \"region\" CROSS JOIN \"orders\";",
    "postgres_time_ms": 3241.271659033373,
    "duckdb_time_ms": 342.9687049938366,
    "log_time_difference": 2.246081815220963,
    "postgres_plan": {
      "Plan": {
        "Node Type": "Aggregate",
        "Strategy": "Plain",
        "Partial Mode": "Simple",
        "Parallel Aware": false,
        "Async Capable": false,
        "Startup Cost": 5778648.13,
        "Total Cost": 5778648.14,
        "Plan Rows": 1,
        "Plan Width": 128,
        "Plans": [
          {
            "Node Type": "Nested Loop",
            "Parent Relationship": "Outer",
            "Parallel Aware": false,
            "Async Capable": false,
            "Join Type": "Inner",
            "Startup Cost": 0.0,
            "Total Cost": 3228648.12,
            "Plan Rows": 255000000,
            "Plan Width": 16,
            "Inner Unique": false,
            "Plans": [
              {
                "Node Type": "Seq Scan",
                "Parent Relationship": "Outer",
                "Parallel Aware": false,
                "Async Capable": false,
                "Relation Name": "orders",
                "Alias": "orders",
                "Startup Cost": 0.0,
                "Total Cost": 41136.0,
                "Plan Rows": 1500000,
                "Plan Width": 12
              },
              {
                "Node Type": "Materialize",
                "Parent Relationship": "Inner",
                "Parallel Aware": false,
                "Async Capable": false,
                "Startup Cost": 0.0,
                "Total Cost": 12.55,
                "Plan Rows": 170,
                "Plan Width": 4,
                "Plans": [
                  {
                    "Node Type": "Seq Scan",
                    "Parent Relationship": "Outer",
                    "Parallel Aware": false,
                    "Async Capable": false,
                    "Relation Name": "region",
                    "Alias": "region",
                    "Startup Cost": 0.0,
                    "Total Cost": 11.7,
                    "Plan Rows": 170,
                    "Plan Width": 4
                  }
                ]
              }
            ]
          }
        ]
      }
    },
    "optimal_engine": "duckdb",
    "speedup_ratio": 9.450633867867394
  },
  {
    "timestamp": "2025-09-12T10:22:34.127504",
    "dataset": "tpch_sf1",
    "query_type": "AP",
    "query_index": 277,
    "query_text": "SELECT VARIANCE(\"customer\".\"c_acctbal\"), SUM(\"partsupp\".\"ps_supplycost\"), MAX(\"partsupp\".\"ps_supplycost\"), AVG(\"partsupp\".\"ps_partkey\") FROM \"partsupp\" CROSS JOIN \"nation\" INNER JOIN \"customer\" ON \"nation\".\"n_nationkey\" = \"customer\".\"c_nationkey\" WHERE \"customer\".\"c_address\" = '00EytkUYXObnjyfiBD' AND \"customer\".\"c_address\" IS NULL AND \"customer\".\"c_custkey\" > 150000 AND \"partsupp\".\"ps_partkey\" != 200000 AND \"partsupp\".\"ps_partkey\" IS NOT NULL AND \"nation\".\"n_name\" LIKE '%o%' AND \"nation\".\"n_name\" IS NULL AND \"partsupp\".\"ps_comment\" != ' about the accounts. even, bold dependencies against the never ironic requests detect furiously blithely special packag';",
    "postgres_time_ms": 16.55659294920042,
    "duckdb_time_ms": 17.044071981217712,
    "log_time_difference": -0.02901807088004017,
    "postgres_plan": {
      "Plan": {
        "Node Type": "Custom Scan",
        "Custom Plan Provider": "DuckDBScan",
        "Parallel Aware": false,
        "Async Capable": false,
        "Startup Cost": 0.0,
        "Total Cost": 0.0,
        "Plan Rows": 0,
        "Plan Width": 0,
        "DuckDB Execution Plan": [
          {
            "name": "UNGROUPED_AGGREGATE",
            "children": [
              {
                "name": "PROJECTION",
                "children": [
                  {
                    "name": "CROSS_PRODUCT",
                    "children": [
                      {
                        "name": "PGDUCKDB_POSTGRES_SCAN ",
                        "children": [],
                        "extra_info": {
                          "Table": "partsupp",
                          "Projections": [
                            "ps_partkey",
                            "ps_supplycost"
                          ],
                          "Filters": [
                            "ps_partkey!=200000 AND (ps_partkey IS NOT NULL)",
                            "ps_comment!=' about the accounts. even, bold dependencies against the never ironic requests detect furiously blithely special packag'"
                          ],
                          "Estimated Cardinality": "160000"
                        }
                      },
                      {
                        "name": "HASH_JOIN",
                        "children": [
                          {
                            "name": "PGDUCKDB_POSTGRES_SCAN ",
                            "children": [],
                            "extra_info": {
                              "Table": "customer",
                              "Projections": [
                                "c_nationkey",
                                "c_acctbal"
                              ],
                              "Filters": [
                                "c_address='00EytkUYXObnjyfiBD' AND (c_address IS NULL)",
                                "c_custkey>150000"
                              ],
                              "Estimated Cardinality": "30000"
                            }
                          },
                          {
                            "name": "PGDUCKDB_POSTGRES_SCAN ",
                            "children": [],
                            "extra_info": {
                              "Table": "nation",
                              "Projections": "n_nationkey",
                              "Filters": "like_escape(n_name, '%o%', '\\') AND (n_name IS NULL)",
                              "Estimated Cardinality": "34"
                            }
                          }
                        ],
                        "extra_info": {
                          "Join Type": "INNER",
                          "Conditions": "c_nationkey = n_nationkey",
                          "Estimated Cardinality": "6000"
                        }
                      }
                    ],
                    "extra_info": {}
                  }
                ],
                "extra_info": {
                  "Projections": [
                    "CAST(c_acctbal AS DOUBLE)",
                    "ps_supplycost",
                    "ps_supplycost",
                    "ps_partkey"
                  ],
                  "Estimated Cardinality": "6000"
                }
              }
            ],
            "extra_info": {
              "Aggregates": [
                "variance(#0)",
                "sum(#1)",
                "max(#2)",
                "avg(#3)"
              ]
            }
          }
        ]
      }
    },
    "optimal_engine": "postgres",
    "speedup_ratio": 1.0294431972515719
  },
  {
    "timestamp": "2025-09-12T10:22:34.418171",
    "dataset": "tpch_sf1",
    "query_type": "AP",
    "query_index": 278,
    "query_text": "SELECT AVG(\"lineitem\".\"l_orderkey\"), COUNT(*) FROM \"region\" CROSS JOIN \"lineitem\" JOIN \"orders\" ON \"lineitem\".\"l_orderkey\" = \"orders\".\"o_orderkey\" WHERE \"region\".\"r_regionkey\" = 4 AND \"region\".\"r_regionkey\" < 0;",
    "postgres_time_ms": 286.2145130056888,
    "duckdb_time_ms": 2.5591650046408176,
    "log_time_difference": 4.7170605399264876,
    "postgres_plan": {
      "Plan": {
        "Node Type": "Aggregate",
        "Strategy": "Plain",
        "Partial Mode": "Finalize",
        "Parallel Aware": false,
        "Async Capable": false,
        "Startup Cost": 208231.18,
        "Total Cost": 208231.19,
        "Plan Rows": 1,
        "Plan Width": 40,
        "Plans": [
          {
            "Node Type": "Gather",
            "Parent Relationship": "Outer",
            "Parallel Aware": false,
            "Async Capable": false,
            "Startup Cost": 208230.96,
            "Total Cost": 208231.17,
            "Plan Rows": 2,
            "Plan Width": 40,
            "Workers Planned": 2,
            "Single Copy": false,
            "Plans": [
              {
                "Node Type": "Aggregate",
                "Strategy": "Plain",
                "Partial Mode": "Partial",
                "Parent Relationship": "Outer",
                "Parallel Aware": false,
                "Async Capable": false,
                "Startup Cost": 207230.96,
                "Total Cost": 207230.97,
                "Plan Rows": 1,
                "Plan Width": 40,
                "Plans": [
                  {
                    "Node Type": "Merge Join",
                    "Parent Relationship": "Outer",
                    "Parallel Aware": false,
                    "Async Capable": false,
                    "Join Type": "Inner",
                    "Startup Cost": 5.83,
                    "Total Cost": 194728.89,
                    "Plan Rows": 2500414,
                    "Plan Width": 4,
                    "Inner Unique": false,
                    "Merge Cond": "(lineitem.l_orderkey = orders.o_orderkey)",
                    "Plans": [
                      {
                        "Node Type": "Index Only Scan",
                        "Parent Relationship": "Outer",
                        "Parallel Aware": true,
                        "Async Capable": false,
                        "Scan Direction": "Forward",
                        "Index Name": "idx_lineitem_order",
                        "Relation Name": "lineitem",
                        "Alias": "lineitem",
                        "Startup Cost": 0.43,
                        "Total Cost": 93244.53,
                        "Plan Rows": 2500414,
                        "Plan Width": 4
                      },
                      {
                        "Node Type": "Materialize",
                        "Parent Relationship": "Inner",
                        "Parallel Aware": false,
                        "Async Capable": false,
                        "Startup Cost": 0.57,
                        "Total Cost": 61483.6,
                        "Plan Rows": 1500000,
                        "Plan Width": 4,
                        "Plans": [
                          {
                            "Node Type": "Nested Loop",
                            "Parent Relationship": "Outer",
                            "Parallel Aware": false,
                            "Async Capable": false,
                            "Join Type": "Inner",
                            "Startup Cost": 0.57,
                            "Total Cost": 57733.6,
                            "Plan Rows": 1500000,
                            "Plan Width": 4,
                            "Inner Unique": false,
                            "Plans": [
                              {
                                "Node Type": "Index Only Scan",
                                "Parent Relationship": "Outer",
                                "Parallel Aware": false,
                                "Async Capable": false,
                                "Scan Direction": "Forward",
                                "Index Name": "orders_pkey",
                                "Relation Name": "orders",
                                "Alias": "orders",
                                "Startup Cost": 0.43,
                                "Total Cost": 38975.43,
                                "Plan Rows": 1500000,
                                "Plan Width": 4
                              },
                              {
                                "Node Type": "Materialize",
                                "Parent Relationship": "Inner",
                                "Parallel Aware": false,
                                "Async Capable": false,
                                "Startup Cost": 0.14,
                                "Total Cost": 8.17,
                                "Plan Rows": 1,
                                "Plan Width": 0,
                                "Plans": [
                                  {
                                    "Node Type": "Index Only Scan",
                                    "Parent Relationship": "Outer",
                                    "Parallel Aware": false,
                                    "Async Capable": false,
                                    "Scan Direction": "Forward",
                                    "Index Name": "region_pkey",
                                    "Relation Name": "region",
                                    "Alias": "region",
                                    "Startup Cost": 0.14,
                                    "Total Cost": 8.16,
                                    "Plan Rows": 1,
                                    "Plan Width": 0,
                                    "Index Cond": "((r_regionkey < 0) AND (r_regionkey = 4))"
                                  }
                                ]
                              }
                            ]
                          }
                        ]
                      }
                    ]
                  }
                ]
              }
            ]
          }
        ]
      }
    },
    "optimal_engine": "duckdb",
    "speedup_ratio": 111.83902268383018
  },
  {
    "timestamp": "2025-09-12T10:23:06.864818",
    "dataset": "tpch_sf1",
    "query_type": "AP",
    "query_index": 281,
    "query_text": "SELECT SUM(\"region\".\"r_regionkey\") FROM \"partsupp\" LEFT JOIN \"lineitem\" ON \"partsupp\".\"ps_partkey\" = \"lineitem\".\"l_partkey\" CROSS JOIN \"region\" WHERE \"region\".\"r_comment\" LIKE '%o%' AND \"lineitem\".\"l_quantity\" != 45.758794924520814 OR \"region\".\"r_comment\" != 'uickly special accounts cajole carefully blithely close requests. carefully final asymptotes haggle furiousl' OR \"lineitem\".\"l_shipmode\" LIKE '%i%' OR \"lineitem\".\"l_shipmode\" IS NOT NULL GROUP BY \"region\".\"r_name\", \"region\".\"r_name\" LIMIT 100;",
    "postgres_time_ms": 30000,
    "duckdb_time_ms": 2443.2539719855413,
    "log_time_difference": 2.5078666357291177,
    "postgres_plan": null,
    "optimal_engine": "duckdb",
    "speedup_ratio": 12.278707143825953
  },
  {
    "timestamp": "2025-09-12T10:24:42.149998",
    "dataset": "tpch_sf1",
    "query_type": "AP",
    "query_index": 289,
    "query_text": "SELECT SUM(\"region\".\"r_regionkey\") FROM \"region\" CROSS JOIN \"customer\" CROSS JOIN \"part\" WHERE \"part\".\"p_type\" LIKE '%a%' AND \"region\".\"r_name\" != 'AFRICA                   ' AND \"region\".\"r_name\" IS NULL AND \"part\".\"p_container\" LIKE '%e%' AND \"customer\".\"c_address\" = '00cZ  8j17KIE7BzsDr' AND \"region\".\"r_regionkey\" != 3;",
    "postgres_time_ms": 143.1832200032659,
    "duckdb_time_ms": 126.74305698601529,
    "log_time_difference": 0.12196320517211943,
    "postgres_plan": {
      "Plan": {
        "Node Type": "Custom Scan",
        "Custom Plan Provider": "DuckDBScan",
        "Parallel Aware": false,
        "Async Capable": false,
        "Startup Cost": 0.0,
        "Total Cost": 0.0,
        "Plan Rows": 0,
        "Plan Width": 0,
        "DuckDB Execution Plan": [
          {
            "name": "UNGROUPED_AGGREGATE",
            "children": [
              {
                "name": "PROJECTION",
                "children": [
                  {
                    "name": "CROSS_PRODUCT",
                    "children": [
                      {
                        "name": "CROSS_PRODUCT",
                        "children": [
                          {
                            "name": "PGDUCKDB_POSTGRES_SCAN ",
                            "children": [],
                            "extra_info": {
                              "Table": "customer",
                              "Projections": "",
                              "Filters": "c_address='00cZ  8j17KIE7BzsDr'",
                              "Estimated Cardinality": "30000"
                            }
                          },
                          {
                            "name": "PGDUCKDB_POSTGRES_SCAN ",
                            "children": [],
                            "extra_info": {
                              "Table": "region",
                              "Projections": "r_regionkey",
                              "Filters": [
                                "r_name!='AFRICA                   ' AND (r_name IS NULL)",
                                "r_regionkey!=3"
                              ],
                              "Estimated Cardinality": "34"
                            }
                          }
                        ],
                        "extra_info": {}
                      },
                      {
                        "name": "PGDUCKDB_POSTGRES_SCAN ",
                        "children": [],
                        "extra_info": {
                          "Table": "part",
                          "Projections": "",
                          "Filters": [
                            "like_escape(p_type, '%a%', '\\')",
                            "like_escape(p_container, '%e%', '\\')"
                          ],
                          "Estimated Cardinality": "40000"
                        }
                      }
                    ],
                    "extra_info": {}
                  }
                ],
                "extra_info": {
                  "Projections": "r_regionkey",
                  "Estimated Cardinality": "40800000000"
                }
              }
            ],
            "extra_info": {
              "Aggregates": "sum(#0)"
            }
          }
        ]
      }
    },
    "optimal_engine": "duckdb",
    "speedup_ratio": 1.129712533437351
  },
  {
    "timestamp": "2025-09-12T10:24:43.973756",
    "dataset": "tpch_sf1",
    "query_type": "AP",
    "query_index": 291,
    "query_text": "SELECT AVG(\"lineitem\".\"l_linenumber\") FROM \"customer\" CROSS JOIN \"lineitem\" CROSS JOIN \"part\" LEFT JOIN \"partsupp\" ON \"part\".\"p_partkey\" = \"partsupp\".\"ps_partkey\" CROSS JOIN \"region\" WHERE \"partsupp\".\"ps_availqty\" = 1 AND \"lineitem\".\"l_returnflag\" LIKE '%u%' AND \"part\".\"p_container\" LIKE '%o%' AND \"part\".\"p_comment\" != 'ing pint' GROUP BY \"lineitem\".\"l_returnflag\";",
    "postgres_time_ms": 431.78389000240713,
    "duckdb_time_ms": 1388.5193680180237,
    "log_time_difference": -1.1680680470772704,
    "postgres_plan": {
      "Plan": {
        "Node Type": "Aggregate",
        "Strategy": "Sorted",
        "Partial Mode": "Simple",
        "Parallel Aware": false,
        "Async Capable": false,
        "Startup Cost": 145819.93,
        "Total Cost": 155682.84,
        "Plan Rows": 1,
        "Plan Width": 34,
        "Group Key": [
          "lineitem.l_returnflag"
        ],
        "Plans": [
          {
            "Node Type": "Nested Loop",
            "Parent Relationship": "Outer",
            "Parallel Aware": false,
            "Async Capable": false,
            "Join Type": "Inner",
            "Startup Cost": 145819.93,
            "Total Cost": 155631.83,
            "Plan Rows": 10200,
            "Plan Width": 6,
            "Inner Unique": false,
            "Plans": [
              {
                "Node Type": "Nested Loop",
                "Parent Relationship": "Outer",
                "Parallel Aware": false,
                "Async Capable": false,
                "Join Type": "Inner",
                "Startup Cost": 145819.93,
                "Total Cost": 155492.2,
                "Plan Rows": 60,
                "Plan Width": 6,
                "Inner Unique": false,
                "Plans": [
                  {
                    "Node Type": "Nested Loop",
                    "Parent Relationship": "Outer",
                    "Parallel Aware": false,
                    "Async Capable": false,
                    "Join Type": "Inner",
                    "Startup Cost": 145819.63,
                    "Total Cost": 151205.95,
                    "Plan Rows": 1,
                    "Plan Width": 6,
                    "Inner Unique": false,
                    "Plans": [
                      {
                        "Node Type": "Nested Loop",
                        "Parent Relationship": "Outer",
                        "Parallel Aware": false,
                        "Async Capable": false,
                        "Join Type": "Inner",
                        "Startup Cost": 145819.21,
                        "Total Cost": 151197.44,
                        "Plan Rows": 1,
                        "Plan Width": 10,
                        "Inner Unique": false,
                        "Plans": [
                          {
                            "Node Type": "Gather Merge",
                            "Parent Relationship": "Outer",
                            "Parallel Aware": false,
                            "Async Capable": false,
                            "Startup Cost": 144819.21,
                            "Total Cost": 144819.33,
                            "Plan Rows": 1,
                            "Plan Width": 6,
                            "Workers Planned": 2,
                            "Plans": [
                              {
                                "Node Type": "Sort",
                                "Parent Relationship": "Outer",
                                "Parallel Aware": false,
                                "Async Capable": false,
                                "Startup Cost": 143819.18,
                                "Total Cost": 143819.19,
                                "Plan Rows": 1,
                                "Plan Width": 6,
                                "Sort Key": [
                                  "lineitem.l_returnflag"
                                ],
                                "Plans": [
                                  {
                                    "Node Type": "Seq Scan",
                                    "Parent Relationship": "Outer",
                                    "Parallel Aware": true,
                                    "Async Capable": false,
                                    "Relation Name": "lineitem",
                                    "Alias": "lineitem",
                                    "Startup Cost": 0.0,
                                    "Total Cost": 143819.17,
                                    "Plan Rows": 1,
                                    "Plan Width": 6,
                                    "Filter": "(l_returnflag ~~ '%u%'::text)"
                                  }
                                ]
                              }
                            ]
                          },
                          {
                            "Node Type": "Gather",
                            "Parent Relationship": "Inner",
                            "Parallel Aware": false,
                            "Async Capable": false,
                            "Startup Cost": 1000.0,
                            "Total Cost": 6378.1,
                            "Plan Rows": 1,
                            "Plan Width": 4,
                            "Workers Planned": 2,
                            "Single Copy": false,
                            "Plans": [
                              {
                                "Node Type": "Seq Scan",
                                "Parent Relationship": "Outer",
                                "Parallel Aware": true,
                                "Async Capable": false,
                                "Relation Name": "part",
                                "Alias": "part",
                                "Startup Cost": 0.0,
                                "Total Cost": 5378.0,
                                "Plan Rows": 1,
                                "Plan Width": 4,
                                "Filter": "((p_container ~~ '%o%'::text) AND ((p_comment)::text <> 'ing pint'::text))"
                              }
                            ]
                          }
                        ]
                      },
                      {
                        "Node Type": "Index Scan",
                        "Parent Relationship": "Inner",
                        "Parallel Aware": false,
                        "Async Capable": false,
                        "Scan Direction": "Forward",
                        "Index Name": "idx_partsupp_part",
                        "Relation Name": "partsupp",
                        "Alias": "partsupp",
                        "Startup Cost": 0.42,
                        "Total Cost": 8.51,
                        "Plan Rows": 1,
                        "Plan Width": 4,
                        "Index Cond": "(ps_partkey = part.p_partkey)",
                        "Filter": "(ps_availqty = 1)"
                      }
                    ]
                  },
                  {
                    "Node Type": "Index Only Scan",
                    "Parent Relationship": "Inner",
                    "Parallel Aware": false,
                    "Async Capable": false,
                    "Scan Direction": "Forward",
                    "Index Name": "idx_customer_nation",
                    "Relation Name": "customer",
                    "Alias": "customer",
                    "Startup Cost": 0.29,
                    "Total Cost": 2786.25,
                    "Plan Rows": 150000,
                    "Plan Width": 0
                  }
                ]
              },
              {
                "Node Type": "Materialize",
                "Parent Relationship": "Inner",
                "Parallel Aware": false,
                "Async Capable": false,
                "Startup Cost": 0.0,
                "Total Cost": 12.55,
                "Plan Rows": 170,
                "Plan Width": 0,
                "Plans": [
                  {
                    "Node Type": "Seq Scan",
                    "Parent Relationship": "Outer",
                    "Parallel Aware": false,
                    "Async Capable": false,
                    "Relation Name": "region",
                    "Alias": "region",
                    "Startup Cost": 0.0,
                    "Total Cost": 11.7,
                    "Plan Rows": 170,
                    "Plan Width": 0
                  }
                ]
              }
            ]
          }
        ]
      }
    },
    "optimal_engine": "postgres",
    "speedup_ratio": 3.215773909513583
  },
  {
    "timestamp": "2025-09-12T10:24:43.976960",
    "dataset": "tpch_sf1",
    "query_type": "AP",
    "query_index": 292,
    "query_text": "SELECT COUNT(*), SUM(\"region\".\"r_regionkey\"), SUM(\"region\".\"r_regionkey\"), STDDEV(\"region\".\"r_regionkey\"), \"region\".\"r_comment\", \"region\".\"r_comment\" FROM \"region\" WHERE \"region\".\"r_name\" != 'MIDDLE EAST              ' AND \"region\".\"r_regionkey\" <= 3 AND \"region\".\"r_regionkey\" IS NOT NULL AND \"region\".\"r_regionkey\" < 2 AND \"region\".\"r_regionkey\" IS NOT NULL AND \"region\".\"r_regionkey\" <= 4 AND \"region\".\"r_name\" != 'MIDDLE EAST              ' GROUP BY \"region\".\"r_name\", \"region\".\"r_regionkey\" LIMIT 1000;",
    "postgres_time_ms": 0.46395696699619293,
    "duckdb_time_ms": 1.271624001674354,
    "log_time_difference": -1.0082582996523288,
    "postgres_plan": {
      "Plan": {
        "Node Type": "Limit",
        "Parallel Aware": false,
        "Async Capable": false,
        "Startup Cost": 14.38,
        "Total Cost": 15.09,
        "Plan Rows": 56,
        "Plan Width": 808,
        "Plans": [
          {
            "Node Type": "Aggregate",
            "Strategy": "Hashed",
            "Partial Mode": "Simple",
            "Parent Relationship": "Outer",
            "Parallel Aware": false,
            "Async Capable": false,
            "Startup Cost": 14.38,
            "Total Cost": 15.09,
            "Plan Rows": 56,
            "Plan Width": 808,
            "Group Key": [
              "r_regionkey"
            ],
            "Planned Partitions": 0,
            "Plans": [
              {
                "Node Type": "Seq Scan",
                "Parent Relationship": "Outer",
                "Parallel Aware": false,
                "Async Capable": false,
                "Relation Name": "region",
                "Alias": "region",
                "Startup Cost": 0.0,
                "Total Cost": 13.82,
                "Plan Rows": 56,
                "Plan Width": 430,
                "Filter": "((r_name <> 'MIDDLE EAST              '::bpchar) AND (r_regionkey <= 3) AND (r_regionkey < 2) AND (r_regionkey <= 4) AND (r_name <> 'MIDDLE EAST              '::bpchar))"
              }
            ]
          }
        ]
      }
    },
    "optimal_engine": "postgres",
    "speedup_ratio": 2.7408231627757593
  },
  {
    "timestamp": "2025-09-12T10:26:19.695079",
    "dataset": "tpch_sf1",
    "query_type": "AP",
    "query_index": 298,
    "query_text": "SELECT VARIANCE(\"supplier\".\"s_nationkey\"), STDDEV(\"supplier\".\"s_nationkey\") FROM \"supplier\" WHERE \"supplier\".\"s_nationkey\" != 11;",
    "postgres_time_ms": 13.653400994371623,
    "duckdb_time_ms": 13.969520980026573,
    "log_time_difference": -0.022889235798444783,
    "postgres_plan": {
      "Plan": {
        "Node Type": "Custom Scan",
        "Custom Plan Provider": "DuckDBScan",
        "Parallel Aware": false,
        "Async Capable": false,
        "Startup Cost": 0.0,
        "Total Cost": 0.0,
        "Plan Rows": 0,
        "Plan Width": 0,
        "DuckDB Execution Plan": [
          {
            "name": "UNGROUPED_AGGREGATE",
            "children": [
              {
                "name": "PROJECTION",
                "children": [
                  {
                    "name": "PROJECTION",
                    "children": [
                      {
                        "name": "PGDUCKDB_POSTGRES_SCAN ",
                        "children": [],
                        "extra_info": {
                          "Table": "supplier",
                          "Projections": "s_nationkey",
                          "Filters": "s_nationkey!=11",
                          "Estimated Cardinality": "2000"
                        }
                      }
                    ],
                    "extra_info": {
                      "Projections": "CAST(s_nationkey AS DOUBLE)",
                      "Estimated Cardinality": "2000"
                    }
                  }
                ],
                "extra_info": {
                  "Projections": [
                    "#0",
                    "#0"
                  ],
                  "Estimated Cardinality": "2000"
                }
              }
            ],
            "extra_info": {
              "Aggregates": [
                "variance(#0)",
                "stddev(#1)"
              ]
            }
          }
        ]
      }
    },
    "optimal_engine": "postgres",
    "speedup_ratio": 1.023153204522834
  },
  {
    "timestamp": "2025-09-12T10:26:19.734916",
    "dataset": "tpch_sf1",
    "query_type": "AP",
    "query_index": 299,
    "query_text": "SELECT VARIANCE(\"lineitem\".\"l_discount\"), SUM(\"orders\".\"o_totalprice\"), MAX(\"lineitem\".\"l_discount\"), SUM(\"customer\".\"c_nationkey\") FROM \"orders\" JOIN \"lineitem\" ON \"orders\".\"o_orderkey\" = \"lineitem\".\"l_orderkey\" JOIN \"customer\" ON \"orders\".\"o_custkey\" = \"customer\".\"c_custkey\" WHERE \"customer\".\"c_nationkey\" > 24 GROUP BY \"orders\".\"o_clerk\", \"orders\".\"o_comment\", \"lineitem\".\"l_comment\" HAVING COUNT(*) = 81;",
    "postgres_time_ms": 1.0254739900119603,
    "duckdb_time_ms": 36.730343010276556,
    "log_time_difference": -3.5784482635003574,
    "postgres_plan": {
      "Plan": {
        "Node Type": "Aggregate",
        "Strategy": "Hashed",
        "Partial Mode": "Simple",
        "Parallel Aware": false,
        "Async Capable": false,
        "Startup Cost": 92.46,
        "Total Cost": 93.16,
        "Plan Rows": 1,
        "Plan Width": 196,
        "Group Key": [
          "orders.o_clerk",
          "orders.o_comment",
          "lineitem.l_comment"
        ],
        "Filter": "(count(*) = 81)",
        "Planned Partitions": 0,
        "Plans": [
          {
            "Node Type": "Nested Loop",
            "Parent Relationship": "Outer",
            "Parallel Aware": false,
            "Async Capable": false,
            "Join Type": "Inner",
            "Startup Cost": 5.29,
            "Total Cost": 91.66,
            "Plan Rows": 40,
            "Plan Width": 108,
            "Inner Unique": false,
            "Plans": [
              {
                "Node Type": "Nested Loop",
                "Parent Relationship": "Outer",
                "Parallel Aware": false,
                "Async Capable": false,
                "Join Type": "Inner",
                "Startup Cost": 4.85,
                "Total Cost": 79.95,
                "Plan Rows": 10,
                "Plan Width": 81,
                "Inner Unique": false,
                "Plans": [
                  {
                    "Node Type": "Index Scan",
                    "Parent Relationship": "Outer",
                    "Parallel Aware": false,
                    "Async Capable": false,
                    "Scan Direction": "Forward",
                    "Index Name": "idx_customer_nation",
                    "Relation Name": "customer",
                    "Alias": "customer",
                    "Startup Cost": 0.29,
                    "Total Cost": 8.31,
                    "Plan Rows": 1,
                    "Plan Width": 8,
                    "Index Cond": "(c_nationkey > 24)"
                  },
                  {
                    "Node Type": "Bitmap Heap Scan",
                    "Parent Relationship": "Inner",
                    "Parallel Aware": false,
                    "Async Capable": false,
                    "Relation Name": "orders",
                    "Alias": "orders",
                    "Startup Cost": 4.56,
                    "Total Cost": 71.47,
                    "Plan Rows": 17,
                    "Plan Width": 81,
                    "Recheck Cond": "(o_custkey = customer.c_custkey)",
                    "Plans": [
                      {
                        "Node Type": "Bitmap Index Scan",
                        "Parent Relationship": "Outer",
                        "Parallel Aware": false,
                        "Async Capable": false,
                        "Index Name": "idx_orders_cust",
                        "Startup Cost": 0.0,
                        "Total Cost": 4.56,
                        "Plan Rows": 17,
                        "Plan Width": 0,
                        "Index Cond": "(o_custkey = customer.c_custkey)"
                      }
                    ]
                  }
                ]
              },
              {
                "Node Type": "Index Scan",
                "Parent Relationship": "Inner",
                "Parallel Aware": false,
                "Async Capable": false,
                "Scan Direction": "Forward",
                "Index Name": "idx_lineitem_order",
                "Relation Name": "lineitem",
                "Alias": "lineitem",
                "Startup Cost": 0.43,
                "Total Cost": 1.02,
                "Plan Rows": 15,
                "Plan Width": 35,
                "Index Cond": "(l_orderkey = orders.o_orderkey)"
              }
            ]
          }
        ]
      }
    },
    "optimal_engine": "postgres",
    "speedup_ratio": 35.81791773172927
  },
  {
    "timestamp": "2025-09-12T10:26:20.897391",
    "dataset": "tpch_sf1",
    "query_type": "AP",
    "query_index": 300,
    "query_text": "SELECT STDDEV(\"customer\".\"c_custkey\"), MAX(\"customer\".\"c_custkey\"), \"customer\".\"c_mktsegment\" FROM \"customer\" WHERE \"customer\".\"c_mktsegment\" = 'MACHINERY ' OR \"customer\".\"c_name\" LIKE '%e%' OR \"customer\".\"c_custkey\" < 1 GROUP BY \"customer\".\"c_mktsegment\", \"customer\".\"c_phone\", \"customer\".\"c_address\";",
    "postgres_time_ms": 902.6174859609455,
    "duckdb_time_ms": 241.50704900966957,
    "log_time_difference": 1.318400198972158,
    "postgres_plan": {
      "Plan": {
        "Node Type": "Aggregate",
        "Strategy": "Sorted",
        "Partial Mode": "Simple",
        "Parallel Aware": false,
        "Async Capable": false,
        "Startup Cost": 24761.83,
        "Total Cost": 28886.5,
        "Plan Rows": 149988,
        "Plan Width": 89,
        "Group Key": [
          "c_mktsegment",
          "c_phone",
          "c_address"
        ],
        "Plans": [
          {
            "Node Type": "Sort",
            "Parent Relationship": "Outer",
            "Parallel Aware": false,
            "Async Capable": false,
            "Startup Cost": 24761.83,
            "Total Cost": 25136.8,
            "Plan Rows": 149988,
            "Plan Width": 57,
            "Sort Key": [
              "c_mktsegment",
              "c_phone",
              "c_address"
            ],
            "Plans": [
              {
                "Node Type": "Seq Scan",
                "Parent Relationship": "Outer",
                "Parallel Aware": false,
                "Async Capable": false,
                "Relation Name": "customer",
                "Alias": "customer",
                "Startup Cost": 0.0,
                "Total Cost": 6225.0,
                "Plan Rows": 149988,
                "Plan Width": 57,
                "Filter": "((c_mktsegment = 'MACHINERY '::bpchar) OR ((c_name)::text ~~ '%e%'::text) OR (c_custkey < 1))"
              }
            ]
          }
        ]
      }
    },
    "optimal_engine": "duckdb",
    "speedup_ratio": 3.7374374357280398
  },
  {
    "timestamp": "2025-09-12T10:27:32.957351",
    "dataset": "tpch_sf1",
    "query_type": "AP",
    "query_index": 303,
    "query_text": "SELECT VARIANCE(\"orders\".\"o_totalprice\"), STDDEV(\"lineitem\".\"l_discount\"), STDDEV(\"partsupp\".\"ps_supplycost\"), COUNT(*), MAX(\"lineitem\".\"l_linenumber\") FROM \"region\" CROSS JOIN \"partsupp\" CROSS JOIN \"orders\" JOIN \"lineitem\" ON \"partsupp\".\"ps_partkey\" = \"lineitem\".\"l_partkey\" WHERE \"partsupp\".\"ps_partkey\" < 1 LIMIT 100;",
    "postgres_time_ms": 46.14264395786449,
    "duckdb_time_ms": 39.15572399273515,
    "log_time_difference": 0.16419093558783082,
    "postgres_plan": {
      "Plan": {
        "Node Type": "Custom Scan",
        "Custom Plan Provider": "DuckDBScan",
        "Parallel Aware": false,
        "Async Capable": false,
        "Startup Cost": 0.0,
        "Total Cost": 0.0,
        "Plan Rows": 0,
        "Plan Width": 0,
        "DuckDB Execution Plan": [
          {
            "name": "STREAMING_LIMIT",
            "children": [
              {
                "name": "UNGROUPED_AGGREGATE",
                "children": [
                  {
                    "name": "PROJECTION",
                    "children": [
                      {
                        "name": "CROSS_PRODUCT",
                        "children": [
                          {
                            "name": "CROSS_PRODUCT",
                            "children": [
                              {
                                "name": "PGDUCKDB_POSTGRES_SCAN ",
                                "children": [],
                                "extra_info": {
                                  "Table": "orders",
                                  "Projections": "o_totalprice",
                                  "Estimated Cardinality": "1500000"
                                }
                              },
                              {
                                "name": "HASH_JOIN",
                                "children": [
                                  {
                                    "name": "PGDUCKDB_POSTGRES_SCAN ",
                                    "children": [],
                                    "extra_info": {
                                      "Table": "lineitem",
                                      "Projections": [
                                        "l_partkey",
                                        "l_discount",
                                        "l_linenumber"
                                      ],
                                      "Filters": "l_partkey<1",
                                      "Estimated Cardinality": "1200198"
                                    }
                                  },
                                  {
                                    "name": "PGDUCKDB_POSTGRES_SCAN ",
                                    "children": [],
                                    "extra_info": {
                                      "Table": "partsupp",
                                      "Projections": [
                                        "ps_partkey",
                                        "ps_supplycost"
                                      ],
                                      "Filters": "ps_partkey<1",
                                      "Estimated Cardinality": "160000"
                                    }
                                  }
                                ],
                                "extra_info": {
                                  "Join Type": "INNER",
                                  "Conditions": "l_partkey = ps_partkey",
                                  "Estimated Cardinality": "240039"
                                }
                              }
                            ],
                            "extra_info": {}
                          },
                          {
                            "name": "PGDUCKDB_POSTGRES_SCAN ",
                            "children": [],
                            "extra_info": {
                              "Table": "region",
                              "Projections": "",
                              "Estimated Cardinality": "170"
                            }
                          }
                        ],
                        "extra_info": {}
                      }
                    ],
                    "extra_info": {
                      "Projections": [
                        "CAST(o_totalprice AS DOUBLE)",
                        "CAST(l_discount AS DOUBLE)",
                        "CAST(ps_supplycost AS DOUBLE)",
                        "l_linenumber"
                      ],
                      "Estimated Cardinality": "240039"
                    }
                  }
                ],
                "extra_info": {
                  "Aggregates": [
                    "variance(#0)",
                    "stddev(#1)",
                    "stddev(#2)",
                    "count_star()",
                    "max(#3)"
                  ]
                }
              }
            ],
            "extra_info": {}
          }
        ]
      }
    },
    "optimal_engine": "duckdb",
    "speedup_ratio": 1.1784392996136575
  },
  {
    "timestamp": "2025-09-12T10:27:56.567513",
    "dataset": "tpch_sf1",
    "query_type": "AP",
    "query_index": 304,
    "query_text": "SELECT COUNT(*), COUNT(*), SUM(\"part\".\"p_retailprice\"), MAX(\"part\".\"p_size\") FROM \"nation\" INNER JOIN \"region\" ON \"nation\".\"n_regionkey\" = \"region\".\"r_regionkey\" CROSS JOIN \"part\" WHERE \"part\".\"p_mfgr\" != 'Manufacturer#2           ' OR \"part\".\"p_name\" LIKE '%i%' GROUP BY \"part\".\"p_comment\", \"nation\".\"n_nationkey\", \"nation\".\"n_regionkey\" ORDER BY \"part\".\"p_comment\", \"nation\".\"n_nationkey\", \"nation\".\"n_regionkey\" ASC;",
    "postgres_time_ms": 11085.420785995666,
    "duckdb_time_ms": 12100.587683031335,
    "log_time_difference": -0.08762321797553599,
    "postgres_plan": {
      "Plan": {
        "Node Type": "Incremental Sort",
        "Parallel Aware": false,
        "Async Capable": false,
        "Startup Cost": 13021.75,
        "Total Cost": 3445779.5,
        "Plan Rows": 12359170,
        "Plan Width": 74,
        "Sort Key": [
          "part.p_comment",
          "nation.n_nationkey",
          "nation.n_regionkey"
        ],
        "Presorted Key": [
          "part.p_comment",
          "nation.n_nationkey"
        ],
        "Plans": [
          {
            "Node Type": "Aggregate",
            "Strategy": "Sorted",
            "Partial Mode": "Simple",
            "Parent Relationship": "Outer",
            "Parallel Aware": false,
            "Async Capable": false,
            "Startup Cost": 13021.51,
            "Total Cost": 2889616.85,
            "Plan Rows": 12359170,
            "Plan Width": 74,
            "Group Key": [
              "part.p_comment",
              "nation.n_nationkey"
            ],
            "Plans": [
              {
                "Node Type": "Incremental Sort",
                "Parent Relationship": "Outer",
                "Parallel Aware": false,
                "Async Capable": false,
                "Startup Cost": 13021.51,
                "Total Cost": 2322037.85,
                "Plan Rows": 33047150,
                "Plan Width": 32,
                "Sort Key": [
                  "part.p_comment",
                  "nation.n_nationkey"
                ],
                "Presorted Key": [
                  "part.p_comment"
                ],
                "Plans": [
                  {
                    "Node Type": "Nested Loop",
                    "Parent Relationship": "Outer",
                    "Parallel Aware": false,
                    "Async Capable": false,
                    "Join Type": "Inner",
                    "Startup Cost": 12995.45,
                    "Total Cost": 448737.91,
                    "Plan Rows": 33047150,
                    "Plan Width": 32,
                    "Inner Unique": false,
                    "Plans": [
                      {
                        "Node Type": "Gather Merge",
                        "Parent Relationship": "Outer",
                        "Parallel Aware": false,
                        "Async Capable": false,
                        "Startup Cost": 12981.63,
                        "Total Cost": 35622.13,
                        "Plan Rows": 194395,
                        "Plan Width": 24,
                        "Workers Planned": 2,
                        "Plans": [
                          {
                            "Node Type": "Sort",
                            "Parent Relationship": "Outer",
                            "Parallel Aware": false,
                            "Async Capable": false,
                            "Startup Cost": 11981.6,
                            "Total Cost": 12184.1,
                            "Plan Rows": 80998,
                            "Plan Width": 24,
                            "Sort Key": [
                              "part.p_comment"
                            ],
                            "Plans": [
                              {
                                "Node Type": "Seq Scan",
                                "Parent Relationship": "Outer",
                                "Parallel Aware": true,
                                "Async Capable": false,
                                "Relation Name": "part",
                                "Alias": "part",
                                "Startup Cost": 0.0,
                                "Total Cost": 5378.0,
                                "Plan Rows": 80998,
                                "Plan Width": 24,
                                "Filter": "((p_mfgr <> 'Manufacturer#2           '::bpchar) OR ((p_name)::text ~~ '%i%'::text))"
                              }
                            ]
                          }
                        ]
                      },
                      {
                        "Node Type": "Materialize",
                        "Parent Relationship": "Inner",
                        "Parallel Aware": false,
                        "Async Capable": false,
                        "Startup Cost": 13.82,
                        "Total Cost": 26.83,
                        "Plan Rows": 170,
                        "Plan Width": 8,
                        "Plans": [
                          {
                            "Node Type": "Hash Join",
                            "Parent Relationship": "Outer",
                            "Parallel Aware": false,
                            "Async Capable": false,
                            "Join Type": "Inner",
                            "Startup Cost": 13.82,
                            "Total Cost": 25.98,
                            "Plan Rows": 170,
                            "Plan Width": 8,
                            "Inner Unique": true,
                            "Hash Cond": "(nation.n_regionkey = region.r_regionkey)",
                            "Plans": [
                              {
                                "Node Type": "Seq Scan",
                                "Parent Relationship": "Outer",
                                "Parallel Aware": false,
                                "Async Capable": false,
                                "Relation Name": "nation",
                                "Alias": "nation",
                                "Startup Cost": 0.0,
                                "Total Cost": 11.7,
                                "Plan Rows": 170,
                                "Plan Width": 8
                              },
                              {
                                "Node Type": "Hash",
                                "Parent Relationship": "Inner",
                                "Parallel Aware": false,
                                "Async Capable": false,
                                "Startup Cost": 11.7,
                                "Total Cost": 11.7,
                                "Plan Rows": 170,
                                "Plan Width": 4,
                                "Plans": [
                                  {
                                    "Node Type": "Seq Scan",
                                    "Parent Relationship": "Outer",
                                    "Parallel Aware": false,
                                    "Async Capable": false,
                                    "Relation Name": "region",
                                    "Alias": "region",
                                    "Startup Cost": 0.0,
                                    "Total Cost": 11.7,
                                    "Plan Rows": 170,
                                    "Plan Width": 4
                                  }
                                ]
                              }
                            ]
                          }
                        ]
                      }
                    ]
                  }
                ]
              }
            ]
          }
        ]
      }
    },
    "optimal_engine": "postgres",
    "speedup_ratio": 1.0915767580350346
  },
  {
    "timestamp": "2025-09-12T10:29:29.514174",
    "dataset": "tpch_sf1",
    "query_type": "AP",
    "query_index": 310,
    "query_text": "SELECT MIN(\"lineitem\".\"l_linenumber\"), STDDEV(\"lineitem\".\"l_discount\") FROM \"part\" CROSS JOIN \"nation\" CROSS JOIN \"lineitem\" WHERE \"lineitem\".\"l_shipmode\" LIKE '%o%' OR \"lineitem\".\"l_shipmode\" IS NULL AND \"nation\".\"n_name\" LIKE '%u%';",
    "postgres_time_ms": 1445.3302090405487,
    "duckdb_time_ms": 1440.8969780197367,
    "log_time_difference": 0.003071992757261229,
    "postgres_plan": {
      "Plan": {
        "Node Type": "Custom Scan",
        "Custom Plan Provider": "DuckDBScan",
        "Parallel Aware": false,
        "Async Capable": false,
        "Startup Cost": 0.0,
        "Total Cost": 0.0,
        "Plan Rows": 0,
        "Plan Width": 0,
        "DuckDB Execution Plan": [
          {
            "name": "UNGROUPED_AGGREGATE",
            "children": [
              {
                "name": "PROJECTION",
                "children": [
                  {
                    "name": "BLOCKWISE_NL_JOIN",
                    "children": [
                      {
                        "name": "CROSS_PRODUCT",
                        "children": [
                          {
                            "name": "PGDUCKDB_POSTGRES_SCAN ",
                            "children": [],
                            "extra_info": {
                              "Table": "part",
                              "Projections": "",
                              "Estimated Cardinality": "200000"
                            }
                          },
                          {
                            "name": "PGDUCKDB_POSTGRES_SCAN ",
                            "children": [],
                            "extra_info": {
                              "Table": "nation",
                              "Projections": "n_name",
                              "Estimated Cardinality": "170"
                            }
                          }
                        ],
                        "extra_info": {}
                      },
                      {
                        "name": "PGDUCKDB_POSTGRES_SCAN ",
                        "children": [],
                        "extra_info": {
                          "Table": "lineitem",
                          "Projections": [
                            "l_shipmode",
                            "l_linenumber",
                            "l_discount"
                          ],
                          "Filters": "(like_escape(l_shipmode, '%o%', '\\') OR (l_shipmode IS NULL))",
                          "Estimated Cardinality": "1200198"
                        }
                      }
                    ],
                    "extra_info": {
                      "Join Type": "INNER",
                      "Condition": "(like_escape(l_shipmode, '%o%', '\\') OR ((l_shipmode IS NULL) AND like_escape(n_name, '%u%', '\\')))"
                    }
                  }
                ],
                "extra_info": {
                  "Projections": [
                    "l_linenumber",
                    "CAST(l_discount AS DOUBLE)"
                  ],
                  "Estimated Cardinality": "34000000"
                }
              }
            ],
            "extra_info": {
              "Aggregates": [
                "min(#0)",
                "stddev(#1)"
              ]
            }
          }
        ]
      }
    },
    "optimal_engine": "duckdb",
    "speedup_ratio": 1.0030767161625287
  },
  {
    "timestamp": "2025-09-12T10:29:30.022448",
    "dataset": "tpch_sf1",
    "query_type": "AP",
    "query_index": 312,
    "query_text": "SELECT VARIANCE(\"orders\".\"o_orderkey\"), \"orders\".\"o_orderpriority\" FROM \"orders\" GROUP BY \"orders\".\"o_orderstatus\", \"orders\".\"o_orderpriority\";",
    "postgres_time_ms": 216.01793897571042,
    "duckdb_time_ms": 289.43569102557376,
    "log_time_difference": -0.292571679206701,
    "postgres_plan": {
      "Plan": {
        "Node Type": "Aggregate",
        "Strategy": "Sorted",
        "Partial Mode": "Finalize",
        "Parallel Aware": false,
        "Async Capable": false,
        "Startup Cost": 38074.0,
        "Total Cost": 38077.99,
        "Plan Rows": 15,
        "Plan Width": 50,
        "Group Key": [
          "o_orderstatus",
          "o_orderpriority"
        ],
        "Plans": [
          {
            "Node Type": "Gather Merge",
            "Parent Relationship": "Outer",
            "Parallel Aware": false,
            "Async Capable": false,
            "Startup Cost": 38074.0,
            "Total Cost": 38077.5,
            "Plan Rows": 30,
            "Plan Width": 50,
            "Workers Planned": 2,
            "Plans": [
              {
                "Node Type": "Sort",
                "Parent Relationship": "Outer",
                "Parallel Aware": false,
                "Async Capable": false,
                "Startup Cost": 37073.98,
                "Total Cost": 37074.02,
                "Plan Rows": 15,
                "Plan Width": 50,
                "Sort Key": [
                  "o_orderstatus",
                  "o_orderpriority"
                ],
                "Plans": [
                  {
                    "Node Type": "Aggregate",
                    "Strategy": "Hashed",
                    "Partial Mode": "Partial",
                    "Parent Relationship": "Outer",
                    "Parallel Aware": false,
                    "Async Capable": false,
                    "Startup Cost": 37073.5,
                    "Total Cost": 37073.69,
                    "Plan Rows": 15,
                    "Plan Width": 50,
                    "Group Key": [
                      "o_orderstatus",
                      "o_orderpriority"
                    ],
                    "Planned Partitions": 0,
                    "Plans": [
                      {
                        "Node Type": "Seq Scan",
                        "Parent Relationship": "Outer",
                        "Parallel Aware": true,
                        "Async Capable": false,
                        "Relation Name": "orders",
                        "Alias": "orders",
                        "Startup Cost": 0.0,
                        "Total Cost": 32386.0,
                        "Plan Rows": 625000,
                        "Plan Width": 22
                      }
                    ]
                  }
                ]
              }
            ]
          }
        ]
      }
    },
    "optimal_engine": "postgres",
    "speedup_ratio": 1.3398687738527058
  },
  {
    "timestamp": "2025-09-12T10:29:39.975510",
    "dataset": "tpch_sf1",
    "query_type": "AP",
    "query_index": 313,
    "query_text": "SELECT MAX(\"orders\".\"o_orderkey\"), MAX(\"orders\".\"o_custkey\"), STDDEV(\"orders\".\"o_totalprice\") FROM \"region\" CROSS JOIN \"orders\" WHERE \"orders\".\"o_custkey\" < 149999 OR \"region\".\"r_regionkey\" < 2 OR \"region\".\"r_regionkey\" != 0 GROUP BY \"orders\".\"o_clerk\", \"orders\".\"o_clerk\", \"region\".\"r_name\";",
    "postgres_time_ms": 9337.431331980042,
    "duckdb_time_ms": 612.5393870170228,
    "log_time_difference": 2.7241732297239194,
    "postgres_plan": {
      "Plan": {
        "Node Type": "Aggregate",
        "Strategy": "Sorted",
        "Partial Mode": "Simple",
        "Parallel Aware": false,
        "Async Capable": false,
        "Startup Cost": 154116.09,
        "Total Cost": 52093039.68,
        "Plan Rows": 170000,
        "Plan Width": 160,
        "Group Key": [
          "orders.o_clerk",
          "region.r_name"
        ],
        "Plans": [
          {
            "Node Type": "Incremental Sort",
            "Parent Relationship": "Outer",
            "Parallel Aware": false,
            "Async Capable": false,
            "Startup Cost": 154116.09,
            "Total Cost": 48903414.83,
            "Plan Rows": 254999988,
            "Plan Width": 136,
            "Sort Key": [
              "orders.o_clerk",
              "region.r_name"
            ],
            "Presorted Key": [
              "orders.o_clerk"
            ],
            "Plans": [
              {
                "Node Type": "Nested Loop",
                "Parent Relationship": "Outer",
                "Parallel Aware": false,
                "Async Capable": false,
                "Join Type": "Inner",
                "Startup Cost": 108508.7,
                "Total Cost": 5383220.54,
                "Plan Rows": 254999988,
                "Plan Width": 136,
                "Inner Unique": false,
                "Join Filter": "((orders.o_custkey < 149999) OR (region.r_regionkey < 2) OR (region.r_regionkey <> 0))",
                "Plans": [
                  {
                    "Node Type": "Gather Merge",
                    "Parent Relationship": "Outer",
                    "Parallel Aware": false,
                    "Async Capable": false,
                    "Startup Cost": 108508.7,
                    "Total Cost": 283208.42,
                    "Plan Rows": 1500000,
                    "Plan Width": 32,
                    "Workers Planned": 2,
                    "Plans": [
                      {
                        "Node Type": "Sort",
                        "Parent Relationship": "Outer",
                        "Parallel Aware": false,
                        "Async Capable": false,
                        "Startup Cost": 107508.68,
                        "Total Cost": 109071.18,
                        "Plan Rows": 625000,
                        "Plan Width": 32,
                        "Sort Key": [
                          "orders.o_clerk"
                        ],
                        "Plans": [
                          {
                            "Node Type": "Seq Scan",
                            "Parent Relationship": "Outer",
                            "Parallel Aware": true,
                            "Async Capable": false,
                            "Relation Name": "orders",
                            "Alias": "orders",
                            "Startup Cost": 0.0,
                            "Total Cost": 32386.0,
                            "Plan Rows": 625000,
                            "Plan Width": 32
                          }
                        ]
                      }
                    ]
                  },
                  {
                    "Node Type": "Materialize",
                    "Parent Relationship": "Inner",
                    "Parallel Aware": false,
                    "Async Capable": false,
                    "Startup Cost": 0.0,
                    "Total Cost": 12.55,
                    "Plan Rows": 170,
                    "Plan Width": 108,
                    "Plans": [
                      {
                        "Node Type": "Seq Scan",
                        "Parent Relationship": "Outer",
                        "Parallel Aware": false,
                        "Async Capable": false,
                        "Relation Name": "region",
                        "Alias": "region",
                        "Startup Cost": 0.0,
                        "Total Cost": 11.7,
                        "Plan Rows": 170,
                        "Plan Width": 108
                      }
                    ]
                  }
                ]
              }
            ]
          }
        ]
      }
    },
    "optimal_engine": "duckdb",
    "speedup_ratio": 15.243805590122076
  },
  {
    "timestamp": "2025-09-12T10:31:48.763531",
    "dataset": "tpch_sf1",
    "query_type": "AP",
    "query_index": 322,
    "query_text": "SELECT COUNT(*), MAX(\"customer\".\"c_acctbal\"), SUM(\"partsupp\".\"ps_supplycost\"), MAX(\"part\".\"p_size\") FROM \"customer\" LEFT JOIN \"nation\" ON \"customer\".\"c_nationkey\" = \"nation\".\"n_nationkey\" CROSS JOIN \"part\" INNER JOIN \"supplier\" ON \"nation\".\"n_nationkey\" = \"supplier\".\"s_nationkey\" LEFT JOIN \"partsupp\" ON \"supplier\".\"s_suppkey\" = \"partsupp\".\"ps_suppkey\" WHERE \"nation\".\"n_comment\" LIKE '%u%' AND \"nation\".\"n_nationkey\" <= 24 AND \"nation\".\"n_name\" = 'PERU                     ' AND \"nation\".\"n_name\" IS NOT NULL AND \"customer\".\"c_name\" = 'Customer#000000007' AND \"customer\".\"c_nationkey\" <= 0 GROUP BY \"supplier\".\"s_phone\", \"supplier\".\"s_comment\", \"supplier\".\"s_phone\" HAVING SUM(1) < 69 ORDER BY \"supplier\".\"s_phone\", \"supplier\".\"s_comment\", \"supplier\".\"s_phone\" LIMIT 1000;",
    "postgres_time_ms": 79.8842380172573,
    "duckdb_time_ms": 74.40819399198517,
    "log_time_difference": 0.07101249186258642,
    "postgres_plan": {
      "Plan": {
        "Node Type": "Custom Scan",
        "Custom Plan Provider": "DuckDBScan",
        "Parallel Aware": false,
        "Async Capable": false,
        "Startup Cost": 0.0,
        "Total Cost": 0.0,
        "Plan Rows": 0,
        "Plan Width": 0,
        "DuckDB Execution Plan": [
          {
            "name": "PROJECTION",
            "children": [
              {
                "name": "TOP_N",
                "children": [
                  {
                    "name": "PROJECTION",
                    "children": [
                      {
                        "name": "PROJECTION",
                        "children": [
                          {
                            "name": "FILTER",
                            "children": [
                              {
                                "name": "HASH_GROUP_BY",
                                "children": [
                                  {
                                    "name": "PROJECTION",
                                    "children": [
                                      {
                                        "name": "HASH_JOIN",
                                        "children": [
                                          {
                                            "name": "PGDUCKDB_POSTGRES_SCAN ",
                                            "children": [],
                                            "extra_info": {
                                              "Table": "partsupp",
                                              "Projections": [
                                                "ps_suppkey",
                                                "ps_supplycost"
                                              ],
                                              "Estimated Cardinality": "800000"
                                            }
                                          },
                                          {
                                            "name": "HASH_JOIN",
                                            "children": [
                                              {
                                                "name": "PGDUCKDB_POSTGRES_SCAN ",
                                                "children": [],
                                                "extra_info": {
                                                  "Table": "customer",
                                                  "Projections": [
                                                    "c_nationkey",
                                                    "c_acctbal"
                                                  ],
                                                  "Filters": [
                                                    "c_nationkey<=0",
                                                    "c_name='Customer#000000007'"
                                                  ],
                                                  "Estimated Cardinality": "30000"
                                                }
                                              },
                                              {
                                                "name": "CROSS_PRODUCT",
                                                "children": [
                                                  {
                                                    "name": "PGDUCKDB_POSTGRES_SCAN ",
                                                    "children": [],
                                                    "extra_info": {
                                                      "Table": "part",
                                                      "Projections": "p_size",
                                                      "Estimated Cardinality": "200000"
                                                    }
                                                  },
                                                  {
                                                    "name": "HASH_JOIN",
                                                    "children": [
                                                      {
                                                        "name": "PGDUCKDB_POSTGRES_SCAN ",
                                                        "children": [],
                                                        "extra_info": {
                                                          "Table": "supplier",
                                                          "Projections": [
                                                            "s_nationkey",
                                                            "s_suppkey",
                                                            "s_phone",
                                                            "s_comment"
                                                          ],
                                                          "Filters": "s_nationkey<=24",
                                                          "Estimated Cardinality": "2000"
                                                        }
                                                      },
                                                      {
                                                        "name": "PGDUCKDB_POSTGRES_SCAN ",
                                                        "children": [],
                                                        "extra_info": {
                                                          "Table": "nation",
                                                          "Projections": "n_nationkey",
                                                          "Filters": [
                                                            "n_nationkey<=0",
                                                            "like_escape(n_comment, '%u%', '\\')",
                                                            "n_name='PERU                     ' AND (n_name IS NOT NULL)"
                                                          ],
                                                          "Estimated Cardinality": "34"
                                                        }
                                                      }
                                                    ],
                                                    "extra_info": {
                                                      "Join Type": "INNER",
                                                      "Conditions": "s_nationkey = n_nationkey",
                                                      "Estimated Cardinality": "400"
                                                    }
                                                  }
                                                ],
                                                "extra_info": {}
                                              }
                                            ],
                                            "extra_info": {
                                              "Join Type": "INNER",
                                              "Conditions": "c_nationkey = n_nationkey",
                                              "Estimated Cardinality": "70588"
                                            }
                                          }
                                        ],
                                        "extra_info": {
                                          "Join Type": "RIGHT",
                                          "Conditions": "ps_suppkey = s_suppkey",
                                          "Estimated Cardinality": "800000"
                                        }
                                      }
                                    ],
                                    "extra_info": {
                                      "Projections": [
                                        "s_phone",
                                        "s_comment",
                                        "1",
                                        "c_acctbal",
                                        "ps_supplycost",
                                        "p_size"
                                      ],
                                      "Estimated Cardinality": "800000"
                                    }
                                  }
                                ],
                                "extra_info": {
                                  "Groups": [
                                    "#0",
                                    "#1"
                                  ],
                                  "Aggregates": [
                                    "sum(#2)",
                                    "count_star()",
                                    "max(#3)",
                                    "sum(#4)",
                                    "max(#5)"
                                  ],
                                  "Estimated Cardinality": "786934"
                                }
                              }
                            ],
                            "extra_info": {
                              "Expression": "(sum(1) < 69)",
                              "Estimated Cardinality": "157386"
                            }
                          }
                        ],
                        "extra_info": {
                          "Projections": [
                            "#0",
                            "#1",
                            "#3",
                            "#4",
                            "#5",
                            "#6"
                          ],
                          "Estimated Cardinality": "157386"
                        }
                      }
                    ],
                    "extra_info": {
                      "Projections": [
                        "count",
                        "max",
                        "sum",
                        "max",
                        "s_phone",
                        "s_comment"
                      ],
                      "Estimated Cardinality": "157386"
                    }
                  }
                ],
                "extra_info": {
                  "Top": "1000",
                  "Order By": [
                    "#4 ASC",
                    "#5 ASC"
                  ]
                }
              }
            ],
            "extra_info": {
              "Projections": [
                "#0",
                "#1",
                "#2",
                "#3"
              ],
              "Estimated Cardinality": "1000"
            }
          }
        ]
      }
    },
    "optimal_engine": "duckdb",
    "speedup_ratio": 1.073594636981271
  },
  {
    "timestamp": "2025-09-12T10:31:48.800288",
    "dataset": "tpch_sf1",
    "query_type": "AP",
    "query_index": 323,
    "query_text": "SELECT AVG(\"nation\".\"n_regionkey\"), VARIANCE(\"supplier\".\"s_nationkey\"), AVG(\"supplier\".\"s_suppkey\") FROM \"supplier\" LEFT JOIN \"nation\" ON \"supplier\".\"s_nationkey\" = \"nation\".\"n_nationkey\" WHERE \"supplier\".\"s_suppkey\" != 9819 AND \"supplier\".\"s_address\" LIKE '%o%' OR \"supplier\".\"s_acctbal\" = 9999.72 OR \"supplier\".\"s_nationkey\" < 24 OR \"supplier\".\"s_nationkey\" IS NOT NULL OR \"nation\".\"n_nationkey\" = 14 LIMIT 100;",
    "postgres_time_ms": 3.5588880418799818,
    "duckdb_time_ms": 31.35383001063019,
    "log_time_difference": -2.1758882807282616,
    "postgres_plan": {
      "Plan": {
        "Node Type": "Limit",
        "Parallel Aware": false,
        "Async Capable": false,
        "Startup Cost": 438.74,
        "Total Cost": 438.75,
        "Plan Rows": 1,
        "Plan Width": 96,
        "Plans": [
          {
            "Node Type": "Aggregate",
            "Strategy": "Plain",
            "Partial Mode": "Simple",
            "Parent Relationship": "Outer",
            "Parallel Aware": false,
            "Async Capable": false,
            "Startup Cost": 438.74,
            "Total Cost": 438.75,
            "Plan Rows": 1,
            "Plan Width": 96,
            "Plans": [
              {
                "Node Type": "Hash Join",
                "Parent Relationship": "Outer",
                "Parallel Aware": false,
                "Async Capable": false,
                "Join Type": "Left",
                "Startup Cost": 13.82,
                "Total Cost": 363.73,
                "Plan Rows": 10000,
                "Plan Width": 12,
                "Inner Unique": true,
                "Hash Cond": "(supplier.s_nationkey = nation.n_nationkey)",
                "Plans": [
                  {
                    "Node Type": "Seq Scan",
                    "Parent Relationship": "Outer",
                    "Parallel Aware": false,
                    "Async Capable": false,
                    "Relation Name": "supplier",
                    "Alias": "supplier",
                    "Startup Cost": 0.0,
                    "Total Cost": 323.0,
                    "Plan Rows": 10000,
                    "Plan Width": 39
                  },
                  {
                    "Node Type": "Hash",
                    "Parent Relationship": "Inner",
                    "Parallel Aware": false,
                    "Async Capable": false,
                    "Startup Cost": 11.7,
                    "Total Cost": 11.7,
                    "Plan Rows": 170,
                    "Plan Width": 8,
                    "Plans": [
                      {
                        "Node Type": "Seq Scan",
                        "Parent Relationship": "Outer",
                        "Parallel Aware": false,
                        "Async Capable": false,
                        "Relation Name": "nation",
                        "Alias": "nation",
                        "Startup Cost": 0.0,
                        "Total Cost": 11.7,
                        "Plan Rows": 170,
                        "Plan Width": 8
                      }
                    ]
                  }
                ]
              }
            ]
          }
        ]
      }
    },
    "optimal_engine": "postgres",
    "speedup_ratio": 8.810007407276442
  },
  {
    "timestamp": "2025-09-12T10:31:48.883584",
    "dataset": "tpch_sf1",
    "query_type": "AP",
    "query_index": 324,
    "query_text": "SELECT VARIANCE(\"supplier\".\"s_acctbal\"), STDDEV(\"supplier\".\"s_nationkey\") FROM \"supplier\" CROSS JOIN \"region\";",
    "postgres_time_ms": 17.63467298587784,
    "duckdb_time_ms": 27.73444098420441,
    "log_time_difference": -0.45280797765133773,
    "postgres_plan": {
      "Plan": {
        "Node Type": "Aggregate",
        "Strategy": "Plain",
        "Partial Mode": "Simple",
        "Parallel Aware": false,
        "Async Capable": false,
        "Startup Cost": 30085.13,
        "Total Cost": 30085.14,
        "Plan Rows": 1,
        "Plan Width": 64,
        "Plans": [
          {
            "Node Type": "Nested Loop",
            "Parent Relationship": "Outer",
            "Parallel Aware": false,
            "Async Capable": false,
            "Join Type": "Inner",
            "Startup Cost": 0.0,
            "Total Cost": 21585.12,
            "Plan Rows": 1700000,
            "Plan Width": 10,
            "Inner Unique": false,
            "Plans": [
              {
                "Node Type": "Seq Scan",
                "Parent Relationship": "Outer",
                "Parallel Aware": false,
                "Async Capable": false,
                "Relation Name": "supplier",
                "Alias": "supplier",
                "Startup Cost": 0.0,
                "Total Cost": 323.0,
                "Plan Rows": 10000,
                "Plan Width": 10
              },
              {
                "Node Type": "Materialize",
                "Parent Relationship": "Inner",
                "Parallel Aware": false,
                "Async Capable": false,
                "Startup Cost": 0.0,
                "Total Cost": 12.55,
                "Plan Rows": 170,
                "Plan Width": 0,
                "Plans": [
                  {
                    "Node Type": "Seq Scan",
                    "Parent Relationship": "Outer",
                    "Parallel Aware": false,
                    "Async Capable": false,
                    "Relation Name": "region",
                    "Alias": "region",
                    "Startup Cost": 0.0,
                    "Total Cost": 11.7,
                    "Plan Rows": 170,
                    "Plan Width": 0
                  }
                ]
              }
            ]
          }
        ]
      }
    },
    "optimal_engine": "postgres",
    "speedup_ratio": 1.572722159714254
  },
  {
    "timestamp": "2025-09-12T10:32:50.390122",
    "dataset": "tpch_sf1",
    "query_type": "AP",
    "query_index": 326,
    "query_text": "SELECT MIN(\"supplier\".\"s_suppkey\"), STDDEV(\"supplier\".\"s_acctbal\"), SUM(\"supplier\".\"s_acctbal\"), SUM(\"supplier\".\"s_suppkey\") FROM \"supplier\" CROSS JOIN \"region\" WHERE \"region\".\"r_regionkey\" > 0 AND \"region\".\"r_name\" LIKE '%a%' AND \"region\".\"r_regionkey\" < 4 AND \"region\".\"r_regionkey\" IS NOT NULL AND \"region\".\"r_regionkey\" <= 2 AND \"region\".\"r_regionkey\" IS NOT NULL GROUP BY \"region\".\"r_regionkey\";",
    "postgres_time_ms": 25.208492996171117,
    "duckdb_time_ms": 24.802701955195516,
    "log_time_difference": 0.016228364352637577,
    "postgres_plan": {
      "Plan": {
        "Node Type": "Custom Scan",
        "Custom Plan Provider": "DuckDBScan",
        "Parallel Aware": false,
        "Async Capable": false,
        "Startup Cost": 0.0,
        "Total Cost": 0.0,
        "Plan Rows": 0,
        "Plan Width": 0,
        "DuckDB Execution Plan": [
          {
            "name": "PROJECTION",
            "children": [
              {
                "name": "HASH_GROUP_BY",
                "children": [
                  {
                    "name": "PROJECTION",
                    "children": [
                      {
                        "name": "CROSS_PRODUCT",
                        "children": [
                          {
                            "name": "PGDUCKDB_POSTGRES_SCAN ",
                            "children": [],
                            "extra_info": {
                              "Table": "supplier",
                              "Projections": [
                                "s_suppkey",
                                "s_acctbal"
                              ],
                              "Estimated Cardinality": "10000"
                            }
                          },
                          {
                            "name": "PGDUCKDB_POSTGRES_SCAN ",
                            "children": [],
                            "extra_info": {
                              "Table": "region",
                              "Projections": "r_regionkey",
                              "Filters": [
                                "r_regionkey>0 AND r_regionkey<=2 AND (r_regionkey IS NOT NULL) AND (r_regionkey IS NOT NULL)",
                                "like_escape(r_name, '%a%', '\\')"
                              ],
                              "Estimated Cardinality": "34"
                            }
                          }
                        ],
                        "extra_info": {}
                      }
                    ],
                    "extra_info": {
                      "Projections": [
                        "r_regionkey",
                        "s_suppkey",
                        "CAST(s_acctbal AS DOUBLE)",
                        "s_acctbal",
                        "s_suppkey"
                      ],
                      "Estimated Cardinality": "340000"
                    }
                  }
                ],
                "extra_info": {
                  "Groups": "#0",
                  "Aggregates": [
                    "min(#1)",
                    "stddev(#2)",
                    "sum(#3)",
                    "sum(#4)"
                  ],
                  "Estimated Cardinality": "9999"
                }
              }
            ],
            "extra_info": {
              "Projections": [
                "min",
                "stddev",
                "sum",
                "sum"
              ],
              "Estimated Cardinality": "9999"
            }
          }
        ]
      }
    },
    "optimal_engine": "duckdb",
    "speedup_ratio": 1.0163607594732476
  },
  {
    "timestamp": "2025-09-12T10:32:50.992106",
    "dataset": "tpch_sf1",
    "query_type": "AP",
    "query_index": 327,
    "query_text": "SELECT VARIANCE(\"lineitem\".\"l_partkey\") FROM \"orders\" CROSS JOIN \"part\" CROSS JOIN \"supplier\" LEFT JOIN \"nation\" ON \"supplier\".\"s_nationkey\" = \"nation\".\"n_nationkey\" LEFT JOIN \"lineitem\" ON \"orders\".\"o_orderkey\" = \"lineitem\".\"l_orderkey\" WHERE \"supplier\".\"s_name\" LIKE '%a%' AND \"part\".\"p_retailprice\" <= 1935.119601160225 AND \"lineitem\".\"l_extendedprice\" >= 59788.098931406625 AND \"orders\".\"o_orderkey\" <= 1250907 AND \"supplier\".\"s_name\" = 'Supplier#000008765       ' GROUP BY \"nation\".\"n_regionkey\", \"lineitem\".\"l_comment\", \"lineitem\".\"l_returnflag\";",
    "postgres_time_ms": 19.20188602525741,
    "duckdb_time_ms": 580.1832110155374,
    "log_time_difference": -3.408335430030223,
    "postgres_plan": {
      "Plan": {
        "Node Type": "Aggregate",
        "Strategy": "Sorted",
        "Partial Mode": "Simple",
        "Parallel Aware": false,
        "Async Capable": false,
        "Startup Cost": 185867.4,
        "Total Cost": 1185520175.87,
        "Plan Rows": 118210010,
        "Plan Width": 65,
        "Group Key": [
          "nation.n_regionkey",
          "lineitem.l_comment",
          "lineitem.l_returnflag"
        ],
        "Plans": [
          {
            "Node Type": "Nested Loop",
            "Parent Relationship": "Outer",
            "Parallel Aware": false,
            "Async Capable": false,
            "Join Type": "Inner",
            "Startup Cost": 185867.4,
            "Total Cost": 718610053.74,
            "Plan Rows": 46543249701,
            "Plan Width": 37,
            "Inner Unique": false,
            "Plans": [
              {
                "Node Type": "Gather Merge",
                "Parent Relationship": "Outer",
                "Parallel Aware": false,
                "Async Capable": false,
                "Startup Cost": 185867.4,
                "Total Cost": 214951.52,
                "Plan Rows": 249721,
                "Plan Width": 37,
                "Workers Planned": 2,
                "Plans": [
                  {
                    "Node Type": "Sort",
                    "Parent Relationship": "Outer",
                    "Parallel Aware": false,
                    "Async Capable": false,
                    "Startup Cost": 184867.38,
                    "Total Cost": 185127.5,
                    "Plan Rows": 104050,
                    "Plan Width": 37,
                    "Sort Key": [
                      "nation.n_regionkey",
                      "lineitem.l_comment",
                      "lineitem.l_returnflag"
                    ],
                    "Plans": [
                      {
                        "Node Type": "Hash Join",
                        "Parent Relationship": "Outer",
                        "Parallel Aware": false,
                        "Async Capable": false,
                        "Join Type": "Inner",
                        "Startup Cost": 17641.28,
                        "Total Cost": 173350.91,
                        "Plan Rows": 104050,
                        "Plan Width": 37,
                        "Inner Unique": false,
                        "Hash Cond": "(lineitem.l_orderkey = orders.o_orderkey)",
                        "Plans": [
                          {
                            "Node Type": "Seq Scan",
                            "Parent Relationship": "Outer",
                            "Parallel Aware": true,
                            "Async Capable": false,
                            "Relation Name": "lineitem",
                            "Alias": "lineitem",
                            "Startup Cost": 0.0,
                            "Total Cost": 143819.17,
                            "Plan Rows": 496519,
                            "Plan Width": 37,
                            "Filter": "(l_extendedprice >= 59788.098931406625)"
                          },
                          {
                            "Node Type": "Hash",
                            "Parent Relationship": "Inner",
                            "Parallel Aware": false,
                            "Async Capable": false,
                            "Startup Cost": 12484.03,
                            "Total Cost": 12484.03,
                            "Plan Rows": 314340,
                            "Plan Width": 8,
                            "Plans": [
                              {
                                "Node Type": "Nested Loop",
                                "Parent Relationship": "Outer",
                                "Parallel Aware": false,
                                "Async Capable": false,
                                "Join Type": "Inner",
                                "Startup Cost": 0.57,
                                "Total Cost": 12484.03,
                                "Plan Rows": 314340,
                                "Plan Width": 8,
                                "Inner Unique": false,
                                "Plans": [
                                  {
                                    "Node Type": "Nested Loop",
                                    "Parent Relationship": "Outer",
                                    "Parallel Aware": false,
                                    "Async Capable": false,
                                    "Join Type": "Left",
                                    "Startup Cost": 0.14,
                                    "Total Cost": 381.26,
                                    "Plan Rows": 1,
                                    "Plan Width": 4,
                                    "Inner Unique": true,
                                    "Plans": [
                                      {
                                        "Node Type": "Seq Scan",
                                        "Parent Relationship": "Outer",
                                        "Parallel Aware": false,
                                        "Async Capable": false,
                                        "Relation Name": "supplier",
                                        "Alias": "supplier",
                                        "Startup Cost": 0.0,
                                        "Total Cost": 373.0,
                                        "Plan Rows": 1,
                                        "Plan Width": 4,
                                        "Filter": "((s_name ~~ '%a%'::text) AND (s_name = 'Supplier#000008765       '::bpchar))"
                                      },
                                      {
                                        "Node Type": "Index Scan",
                                        "Parent Relationship": "Inner",
                                        "Parallel Aware": false,
                                        "Async Capable": false,
                                        "Scan Direction": "Forward",
                                        "Index Name": "nation_pkey",
                                        "Relation Name": "nation",
                                        "Alias": "nation",
                                        "Startup Cost": 0.14,
                                        "Total Cost": 8.16,
                                        "Plan Rows": 1,
                                        "Plan Width": 8,
                                        "Index Cond": "(n_nationkey = supplier.s_nationkey)"
                                      }
                                    ]
                                  },
                                  {
                                    "Node Type": "Index Only Scan",
                                    "Parent Relationship": "Inner",
                                    "Parallel Aware": false,
                                    "Async Capable": false,
                                    "Scan Direction": "Forward",
                                    "Index Name": "orders_pkey",
                                    "Relation Name": "orders",
                                    "Alias": "orders",
                                    "Startup Cost": 0.43,
                                    "Total Cost": 8959.38,
                                    "Plan Rows": 314340,
                                    "Plan Width": 4,
                                    "Index Cond": "(o_orderkey <= 1250907)"
                                  }
                                ]
                              }
                            ]
                          }
                        ]
                      }
                    ]
                  }
                ]
              },
              {
                "Node Type": "Materialize",
                "Parent Relationship": "Inner",
                "Parallel Aware": false,
                "Async Capable": false,
                "Startup Cost": 0.0,
                "Total Cost": 8106.9,
                "Plan Rows": 186381,
                "Plan Width": 0,
                "Plans": [
                  {
                    "Node Type": "Seq Scan",
                    "Parent Relationship": "Outer",
                    "Parallel Aware": false,
                    "Async Capable": false,
                    "Relation Name": "part",
                    "Alias": "part",
                    "Startup Cost": 0.0,
                    "Total Cost": 6628.0,
                    "Plan Rows": 186381,
                    "Plan Width": 0,
                    "Filter": "(p_retailprice <= 1935.119601160225)"
                  }
                ]
              }
            ]
          }
        ]
      }
    },
    "optimal_engine": "postgres",
    "speedup_ratio": 30.214907548789068
  },
  {
    "timestamp": "2025-09-12T10:32:51.402361",
    "dataset": "tpch_sf1",
    "query_type": "AP",
    "query_index": 329,
    "query_text": "SELECT COUNT(*) FROM \"partsupp\" CROSS JOIN \"orders\" JOIN \"customer\" ON \"orders\".\"o_custkey\" = \"customer\".\"c_custkey\" INNER JOIN \"nation\" ON \"customer\".\"c_nationkey\" = \"nation\".\"n_nationkey\" JOIN \"lineitem\" ON \"partsupp\".\"ps_partkey\" = \"lineitem\".\"l_partkey\" WHERE \"orders\".\"o_orderstatus\" LIKE '%o%' AND \"customer\".\"c_name\" != 'Customer#000000004' AND \"customer\".\"c_acctbal\" > 9999.99 AND \"customer\".\"c_mktsegment\" != 'MACHINERY ' GROUP BY \"orders\".\"o_orderstatus\", \"partsupp\".\"ps_comment\" HAVING AVG(1) < 92 ORDER BY \"orders\".\"o_orderstatus\", \"partsupp\".\"ps_comment\" LIMIT 100;",
    "postgres_time_ms": 30.788850970566273,
    "duckdb_time_ms": 375.7253229850903,
    "log_time_difference": -2.501705709478109,
    "postgres_plan": {
      "Plan": {
        "Node Type": "Limit",
        "Parallel Aware": false,
        "Async Capable": false,
        "Startup Cost": 222344.47,
        "Total Cost": 222383.14,
        "Plan Rows": 100,
        "Plan Width": 136,
        "Plans": [
          {
            "Node Type": "Aggregate",
            "Strategy": "Sorted",
            "Partial Mode": "Finalize",
            "Parent Relationship": "Outer",
            "Parallel Aware": false,
            "Async Capable": false,
            "Startup Cost": 222344.47,
            "Total Cost": 222587.32,
            "Plan Rows": 628,
            "Plan Width": 136,
            "Group Key": [
              "orders.o_orderstatus",
              "partsupp.ps_comment"
            ],
            "Filter": "(avg(1) < '92'::numeric)",
            "Plans": [
              {
                "Node Type": "Gather Merge",
                "Parent Relationship": "Outer",
                "Parallel Aware": false,
                "Async Capable": false,
                "Startup Cost": 222344.47,
                "Total Cost": 222543.35,
                "Plan Rows": 1570,
                "Plan Width": 168,
                "Workers Planned": 2,
                "Plans": [
                  {
                    "Node Type": "Aggregate",
                    "Strategy": "Sorted",
                    "Partial Mode": "Partial",
                    "Parent Relationship": "Outer",
                    "Parallel Aware": false,
                    "Async Capable": false,
                    "Startup Cost": 221344.45,
                    "Total Cost": 221362.11,
                    "Plan Rows": 785,
                    "Plan Width": 168,
                    "Group Key": [
                      "orders.o_orderstatus",
                      "partsupp.ps_comment"
                    ],
                    "Plans": [
                      {
                        "Node Type": "Sort",
                        "Parent Relationship": "Outer",
                        "Parallel Aware": false,
                        "Async Capable": false,
                        "Startup Cost": 221344.45,
                        "Total Cost": 221346.41,
                        "Plan Rows": 785,
                        "Plan Width": 128,
                        "Sort Key": [
                          "orders.o_orderstatus",
                          "partsupp.ps_comment"
                        ],
                        "Plans": [
                          {
                            "Node Type": "Hash Join",
                            "Parent Relationship": "Outer",
                            "Parallel Aware": true,
                            "Async Capable": false,
                            "Join Type": "Inner",
                            "Startup Cost": 49292.98,
                            "Total Cost": 221306.7,
                            "Plan Rows": 785,
                            "Plan Width": 128,
                            "Inner Unique": false,
                            "Hash Cond": "(lineitem.l_partkey = partsupp.ps_partkey)",
                            "Plans": [
                              {
                                "Node Type": "Index Only Scan",
                                "Parent Relationship": "Outer",
                                "Parallel Aware": true,
                                "Async Capable": false,
                                "Scan Direction": "Forward",
                                "Index Name": "idx_lineitem_part_supp",
                                "Relation Name": "lineitem",
                                "Alias": "lineitem",
                                "Startup Cost": 0.43,
                                "Total Cost": 92553.53,
                                "Plan Rows": 2500414,
                                "Plan Width": 4
                              },
                              {
                                "Node Type": "Hash",
                                "Parent Relationship": "Inner",
                                "Parallel Aware": true,
                                "Async Capable": false,
                                "Startup Cost": 38614.88,
                                "Total Cost": 38614.88,
                                "Plan Rows": 333333,
                                "Plan Width": 132,
                                "Plans": [
                                  {
                                    "Node Type": "Nested Loop",
                                    "Parent Relationship": "Outer",
                                    "Parallel Aware": false,
                                    "Async Capable": false,
                                    "Join Type": "Inner",
                                    "Startup Cost": 4.7,
                                    "Total Cost": 38614.88,
                                    "Plan Rows": 333333,
                                    "Plan Width": 132,
                                    "Inner Unique": false,
                                    "Plans": [
                                      {
                                        "Node Type": "Nested Loop",
                                        "Parent Relationship": "Outer",
                                        "Parallel Aware": false,
                                        "Async Capable": false,
                                        "Join Type": "Inner",
                                        "Startup Cost": 4.7,
                                        "Total Cost": 5054.88,
                                        "Plan Rows": 1,
                                        "Plan Width": 2,
                                        "Inner Unique": true,
                                        "Plans": [
                                          {
                                            "Node Type": "Nested Loop",
                                            "Parent Relationship": "Outer",
                                            "Parallel Aware": false,
                                            "Async Capable": false,
                                            "Join Type": "Inner",
                                            "Startup Cost": 4.56,
                                            "Total Cost": 5051.35,
                                            "Plan Rows": 1,
                                            "Plan Width": 6,
                                            "Inner Unique": false,
                                            "Plans": [
                                              {
                                                "Node Type": "Seq Scan",
                                                "Parent Relationship": "Outer",
                                                "Parallel Aware": true,
                                                "Async Capable": false,
                                                "Relation Name": "customer",
                                                "Alias": "customer",
                                                "Startup Cost": 0.0,
                                                "Total Cost": 4693.75,
                                                "Plan Rows": 5,
                                                "Plan Width": 8,
                                                "Filter": "(((c_name)::text <> 'Customer#000000004'::text) AND (c_acctbal > 9999.99) AND (c_mktsegment <> 'MACHINERY '::bpchar))"
                                              },
                                              {
                                                "Node Type": "Bitmap Heap Scan",
                                                "Parent Relationship": "Inner",
                                                "Parallel Aware": false,
                                                "Async Capable": false,
                                                "Relation Name": "orders",
                                                "Alias": "orders",
                                                "Startup Cost": 4.56,
                                                "Total Cost": 71.51,
                                                "Plan Rows": 1,
                                                "Plan Width": 6,
                                                "Recheck Cond": "(o_custkey = customer.c_custkey)",
                                                "Filter": "(o_orderstatus ~~ '%o%'::text)",
                                                "Plans": [
                                                  {
                                                    "Node Type": "Bitmap Index Scan",
                                                    "Parent Relationship": "Outer",
                                                    "Parallel Aware": false,
                                                    "Async Capable": false,
                                                    "Index Name": "idx_orders_cust",
                                                    "Startup Cost": 0.0,
                                                    "Total Cost": 4.56,
                                                    "Plan Rows": 17,
                                                    "Plan Width": 0,
                                                    "Index Cond": "(o_custkey = customer.c_custkey)"
                                                  }
                                                ]
                                              }
                                            ]
                                          },
                                          {
                                            "Node Type": "Index Only Scan",
                                            "Parent Relationship": "Inner",
                                            "Parallel Aware": false,
                                            "Async Capable": false,
                                            "Scan Direction": "Forward",
                                            "Index Name": "nation_pkey",
                                            "Relation Name": "nation",
                                            "Alias": "nation",
                                            "Startup Cost": 0.14,
                                            "Total Cost": 3.5,
                                            "Plan Rows": 1,
                                            "Plan Width": 4,
                                            "Index Cond": "(n_nationkey = customer.c_nationkey)"
                                          }
                                        ]
                                      },
                                      {
                                        "Node Type": "Seq Scan",
                                        "Parent Relationship": "Inner",
                                        "Parallel Aware": false,
                                        "Async Capable": false,
                                        "Relation Name": "partsupp",
                                        "Alias": "partsupp",
                                        "Startup Cost": 0.0,
                                        "Total Cost": 25560.0,
                                        "Plan Rows": 800000,
                                        "Plan Width": 130
                                      }
                                    ]
                                  }
                                ]
                              }
                            ]
                          }
                        ]
                      }
                    ]
                  }
                ]
              }
            ]
          }
        ]
      }
    },
    "optimal_engine": "postgres",
    "speedup_ratio": 12.203291488346826
  },
  {
    "timestamp": "2025-09-12T10:34:22.210115",
    "dataset": "tpch_sf1",
    "query_type": "AP",
    "query_index": 333,
    "query_text": "SELECT COUNT(*), STDDEV(\"customer\".\"c_custkey\"), STDDEV(\"orders\".\"o_orderkey\"), MAX(\"orders\".\"o_shippriority\") FROM \"customer\" JOIN \"orders\" ON \"customer\".\"c_custkey\" = \"orders\".\"o_custkey\" GROUP BY \"orders\".\"o_orderpriority\" HAVING AVG(1) > 40 ORDER BY \"orders\".\"o_orderpriority\";",
    "postgres_time_ms": 355.607641977258,
    "duckdb_time_ms": 347.4842009600252,
    "log_time_difference": 0.023108794675524427,
    "postgres_plan": {
      "Plan": {
        "Node Type": "Custom Scan",
        "Custom Plan Provider": "DuckDBScan",
        "Parallel Aware": false,
        "Async Capable": false,
        "Startup Cost": 0.0,
        "Total Cost": 0.0,
        "Plan Rows": 0,
        "Plan Width": 0,
        "DuckDB Execution Plan": [
          {
            "name": "ORDER_BY",
            "children": [
              {
                "name": "PROJECTION",
                "children": [
                  {
                    "name": "PROJECTION",
                    "children": [
                      {
                        "name": "FILTER",
                        "children": [
                          {
                            "name": "HASH_GROUP_BY",
                            "children": [
                              {
                                "name": "PROJECTION",
                                "children": [
                                  {
                                    "name": "HASH_JOIN",
                                    "children": [
                                      {
                                        "name": "PGDUCKDB_POSTGRES_SCAN ",
                                        "children": [],
                                        "extra_info": {
                                          "Table": "orders",
                                          "Projections": [
                                            "o_custkey",
                                            "o_orderpriority",
                                            "o_orderkey",
                                            "o_shippriority"
                                          ],
                                          "Estimated Cardinality": "1500000"
                                        }
                                      },
                                      {
                                        "name": "PGDUCKDB_POSTGRES_SCAN ",
                                        "children": [],
                                        "extra_info": {
                                          "Table": "customer",
                                          "Projections": "c_custkey",
                                          "Estimated Cardinality": "150000"
                                        }
                                      }
                                    ],
                                    "extra_info": {
                                      "Join Type": "INNER",
                                      "Conditions": "o_custkey = c_custkey",
                                      "Estimated Cardinality": "1500000"
                                    }
                                  }
                                ],
                                "extra_info": {
                                  "Projections": [
                                    "o_orderpriority",
                                    "1",
                                    "CAST(c_custkey AS DOUBLE)",
                                    "CAST(o_orderkey AS DOUBLE)",
                                    "o_shippriority"
                                  ],
                                  "Estimated Cardinality": "1500000"
                                }
                              }
                            ],
                            "extra_info": {
                              "Groups": "#0",
                              "Aggregates": [
                                "avg(#1)",
                                "count_star()",
                                "stddev(#2)",
                                "stddev(#3)",
                                "max(#4)"
                              ],
                              "Estimated Cardinality": "948180"
                            }
                          }
                        ],
                        "extra_info": {
                          "Expression": "(avg(1) > 40.0)",
                          "Estimated Cardinality": "189636"
                        }
                      }
                    ],
                    "extra_info": {
                      "Projections": [
                        "#0",
                        "#2",
                        "#3",
                        "#4",
                        "#5"
                      ],
                      "Estimated Cardinality": "189636"
                    }
                  }
                ],
                "extra_info": {
                  "Projections": [
                    "count",
                    "stddev",
                    "stddev",
                    "max",
                    "o_orderpriority"
                  ],
                  "Estimated Cardinality": "189636"
                }
              }
            ],
            "extra_info": {
              "Order By": "#4 ASC"
            }
          }
        ]
      }
    },
    "optimal_engine": "duckdb",
    "speedup_ratio": 1.0233778715544175
  },
  {
    "timestamp": "2025-09-12T10:36:00.979670",
    "dataset": "tpch_sf1",
    "query_type": "AP",
    "query_index": 337,
    "query_text": "SELECT AVG(\"orders\".\"o_custkey\"), COUNT(*), AVG(\"orders\".\"o_custkey\"), \"orders\".\"o_clerk\", \"orders\".\"o_comment\" FROM \"orders\" WHERE \"orders\".\"o_totalprice\" = 126762.51861931803 AND \"orders\".\"o_comment\" LIKE '%a%' GROUP BY \"orders\".\"o_comment\", \"orders\".\"o_clerk\", \"orders\".\"o_orderpriority\" HAVING COUNT(*) >= 19;",
    "postgres_time_ms": 466.66931197978556,
    "duckdb_time_ms": 482.00861999066547,
    "log_time_difference": -0.03234110224146207,
    "postgres_plan": {
      "Plan": {
        "Node Type": "Custom Scan",
        "Custom Plan Provider": "DuckDBScan",
        "Parallel Aware": false,
        "Async Capable": false,
        "Startup Cost": 0.0,
        "Total Cost": 0.0,
        "Plan Rows": 0,
        "Plan Width": 0,
        "DuckDB Execution Plan": [
          {
            "name": "PROJECTION",
            "children": [
              {
                "name": "PROJECTION",
                "children": [
                  {
                    "name": "FILTER",
                    "children": [
                      {
                        "name": "HASH_GROUP_BY",
                        "children": [
                          {
                            "name": "PROJECTION",
                            "children": [
                              {
                                "name": "PROJECTION",
                                "children": [
                                  {
                                    "name": "FILTER",
                                    "children": [
                                      {
                                        "name": "PGDUCKDB_POSTGRES_SCAN ",
                                        "children": [],
                                        "extra_info": {
                                          "Table": "orders",
                                          "Projections": [
                                            "o_totalprice",
                                            "o_comment",
                                            "o_clerk",
                                            "o_orderpriority",
                                            "o_custkey"
                                          ],
                                          "Filters": "like_escape(o_comment, '%a%', '\\')",
                                          "Estimated Cardinality": "300000"
                                        }
                                      }
                                    ],
                                    "extra_info": {
                                      "Expression": "(CAST(o_totalprice AS DECIMAL(24,11)) = 126762.51861931803)",
                                      "Estimated Cardinality": "60000"
                                    }
                                  }
                                ],
                                "extra_info": {
                                  "Projections": [
                                    "#1",
                                    "#2",
                                    "#3",
                                    "#4"
                                  ],
                                  "Estimated Cardinality": "60000"
                                }
                              }
                            ],
                            "extra_info": {
                              "Projections": [
                                "o_comment",
                                "o_clerk",
                                "o_orderpriority",
                                "o_custkey"
                              ],
                              "Estimated Cardinality": "60000"
                            }
                          }
                        ],
                        "extra_info": {
                          "Groups": [
                            "#0",
                            "#1",
                            "#2"
                          ],
                          "Aggregates": [
                            "count_star()",
                            "avg(#3)"
                          ],
                          "Estimated Cardinality": "59855"
                        }
                      }
                    ],
                    "extra_info": {
                      "Expression": "(count_star() >= 19)",
                      "Estimated Cardinality": "11971"
                    }
                  }
                ],
                "extra_info": {
                  "Projections": [
                    "#0",
                    "#1",
                    "#3",
                    "#4"
                  ],
                  "Estimated Cardinality": "11971"
                }
              }
            ],
            "extra_info": {
              "Projections": [
                "avg",
                "count",
                "avg",
                "o_clerk",
                "o_comment"
              ],
              "Estimated Cardinality": "11971"
            }
          }
        ]
      }
    },
    "optimal_engine": "postgres",
    "speedup_ratio": 1.0328697594144445
  },
  {
    "timestamp": "2025-09-12T10:37:05.784463",
    "dataset": "tpch_sf1",
    "query_type": "AP",
    "query_index": 339,
    "query_text": "SELECT MIN(\"nation\".\"n_regionkey\"), SUM(\"nation\".\"n_regionkey\"), VARIANCE(\"nation\".\"n_nationkey\"), STDDEV(\"nation\".\"n_nationkey\"), STDDEV(\"nation\".\"n_regionkey\") FROM \"nation\" WHERE \"nation\".\"n_nationkey\" < 2 GROUP BY \"nation\".\"n_regionkey\", \"nation\".\"n_regionkey\", \"nation\".\"n_nationkey\" HAVING AVG(1) = 87 ORDER BY COUNT(*) ASC;",
    "postgres_time_ms": 15.741764043923467,
    "duckdb_time_ms": 13.622917991597205,
    "log_time_difference": 0.14456378973948053,
    "postgres_plan": {
      "Plan": {
        "Node Type": "Custom Scan",
        "Custom Plan Provider": "DuckDBScan",
        "Parallel Aware": false,
        "Async Capable": false,
        "Startup Cost": 0.0,
        "Total Cost": 0.0,
        "Plan Rows": 0,
        "Plan Width": 0,
        "DuckDB Execution Plan": [
          {
            "name": "ORDER_BY",
            "children": [
              {
                "name": "PROJECTION",
                "children": [
                  {
                    "name": "FILTER",
                    "children": [
                      {
                        "name": "HASH_GROUP_BY",
                        "children": [
                          {
                            "name": "PROJECTION",
                            "children": [
                              {
                                "name": "PROJECTION",
                                "children": [
                                  {
                                    "name": "PGDUCKDB_POSTGRES_SCAN ",
                                    "children": [],
                                    "extra_info": {
                                      "Table": "nation",
                                      "Projections": [
                                        "n_nationkey",
                                        "n_regionkey"
                                      ],
                                      "Filters": "n_nationkey<2",
                                      "Estimated Cardinality": "34"
                                    }
                                  }
                                ],
                                "extra_info": {
                                  "Projections": [
                                    "n_regionkey",
                                    "n_nationkey",
                                    "CAST(n_nationkey AS DOUBLE)"
                                  ],
                                  "Estimated Cardinality": "34"
                                }
                              }
                            ],
                            "extra_info": {
                              "Projections": [
                                "n_regionkey",
                                "n_nationkey",
                                "1",
                                "n_regionkey",
                                "n_regionkey",
                                "#2",
                                "#2",
                                "CAST(n_regionkey AS DOUBLE)"
                              ],
                              "Estimated Cardinality": "34"
                            }
                          }
                        ],
                        "extra_info": {
                          "Groups": [
                            "#0",
                            "#1"
                          ],
                          "Aggregates": [
                            "avg(#2)",
                            "min(#3)",
                            "sum(#4)",
                            "variance(#5)",
                            "stddev(#6)",
                            "stddev(#7)",
                            "count_star()"
                          ],
                          "Estimated Cardinality": "33"
                        }
                      }
                    ],
                    "extra_info": {
                      "Expression": "(avg(1) = 87.0)",
                      "Estimated Cardinality": "6"
                    }
                  }
                ],
                "extra_info": {
                  "Projections": [
                    "#3",
                    "#4",
                    "#5",
                    "#6",
                    "#7",
                    "#8"
                  ],
                  "Estimated Cardinality": "6"
                }
              }
            ],
            "extra_info": {
              "Order By": "#5 ASC"
            }
          }
        ]
      }
    },
    "optimal_engine": "duckdb",
    "speedup_ratio": 1.1555354039151666
  },
  {
    "timestamp": "2025-09-12T10:38:47.062265",
    "dataset": "tpch_sf1",
    "query_type": "AP",
    "query_index": 348,
    "query_text": "SELECT MIN(\"part\".\"p_partkey\"), VARIANCE(\"customer\".\"c_acctbal\") FROM \"supplier\" CROSS JOIN \"customer\" CROSS JOIN \"part\" INNER JOIN \"orders\" ON \"customer\".\"c_custkey\" = \"orders\".\"o_custkey\" WHERE \"customer\".\"c_address\" LIKE '%u%' AND \"part\".\"p_comment\" LIKE '%i%' AND \"customer\".\"c_custkey\" >= 150000 LIMIT 100;",
    "postgres_time_ms": 70.98914199741557,
    "duckdb_time_ms": 95.97059403313324,
    "log_time_difference": -0.3015148966572992,
    "postgres_plan": {
      "Plan": {
        "Node Type": "Custom Scan",
        "Custom Plan Provider": "DuckDBScan",
        "Parallel Aware": false,
        "Async Capable": false,
        "Startup Cost": 0.0,
        "Total Cost": 0.0,
        "Plan Rows": 0,
        "Plan Width": 0,
        "DuckDB Execution Plan": [
          {
            "name": "STREAMING_LIMIT",
            "children": [
              {
                "name": "UNGROUPED_AGGREGATE",
                "children": [
                  {
                    "name": "PROJECTION",
                    "children": [
                      {
                        "name": "CROSS_PRODUCT",
                        "children": [
                          {
                            "name": "CROSS_PRODUCT",
                            "children": [
                              {
                                "name": "HASH_JOIN",
                                "children": [
                                  {
                                    "name": "PGDUCKDB_POSTGRES_SCAN ",
                                    "children": [],
                                    "extra_info": {
                                      "Table": "orders",
                                      "Projections": "o_custkey",
                                      "Filters": "o_custkey>=150000",
                                      "Estimated Cardinality": "300000"
                                    }
                                  },
                                  {
                                    "name": "PGDUCKDB_POSTGRES_SCAN ",
                                    "children": [],
                                    "extra_info": {
                                      "Table": "customer",
                                      "Projections": [
                                        "c_custkey",
                                        "c_acctbal"
                                      ],
                                      "Filters": [
                                        "c_custkey>=150000",
                                        "like_escape(c_address, '%u%', '\\')"
                                      ],
                                      "Estimated Cardinality": "30000"
                                    }
                                  }
                                ],
                                "extra_info": {
                                  "Join Type": "INNER",
                                  "Conditions": "o_custkey = c_custkey",
                                  "Estimated Cardinality": "60000"
                                }
                              },
                              {
                                "name": "PGDUCKDB_POSTGRES_SCAN ",
                                "children": [],
                                "extra_info": {
                                  "Table": "part",
                                  "Projections": "p_partkey",
                                  "Filters": "like_escape(p_comment, '%i%', '\\')",
                                  "Estimated Cardinality": "40000"
                                }
                              }
                            ],
                            "extra_info": {}
                          },
                          {
                            "name": "PGDUCKDB_POSTGRES_SCAN ",
                            "children": [],
                            "extra_info": {
                              "Table": "supplier",
                              "Projections": "",
                              "Estimated Cardinality": "10000"
                            }
                          }
                        ],
                        "extra_info": {}
                      }
                    ],
                    "extra_info": {
                      "Projections": [
                        "p_partkey",
                        "CAST(c_acctbal AS DOUBLE)"
                      ],
                      "Estimated Cardinality": "60000"
                    }
                  }
                ],
                "extra_info": {
                  "Aggregates": [
                    "min(#0)",
                    "variance(#1)"
                  ]
                }
              }
            ],
            "extra_info": {}
          }
        ]
      }
    },
    "optimal_engine": "postgres",
    "speedup_ratio": 1.3519052538573735
  },
  {
    "timestamp": "2025-09-12T10:39:47.496686",
    "dataset": "tpch_sf1",
    "query_type": "AP",
    "query_index": 350,
    "query_text": "SELECT COUNT(*), COUNT(*) FROM \"partsupp\" WHERE \"partsupp\".\"ps_comment\" != 'about the accounts. careful platelets are across the furiously bold packages. quickly ironic packages wake. instructions believe slyly careful requests. fluffily final p' LIMIT 100;",
    "postgres_time_ms": 206.75255300011486,
    "duckdb_time_ms": 212.15264196507633,
    "log_time_difference": -0.025783342784128218,
    "postgres_plan": {
      "Plan": {
        "Node Type": "Custom Scan",
        "Custom Plan Provider": "DuckDBScan",
        "Parallel Aware": false,
        "Async Capable": false,
        "Startup Cost": 0.0,
        "Total Cost": 0.0,
        "Plan Rows": 0,
        "Plan Width": 0,
        "DuckDB Execution Plan": [
          {
            "name": "PROJECTION",
            "children": [
              {
                "name": "STREAMING_LIMIT",
                "children": [
                  {
                    "name": "UNGROUPED_AGGREGATE",
                    "children": [
                      {
                        "name": "PGDUCKDB_POSTGRES_SCAN ",
                        "children": [],
                        "extra_info": {
                          "Table": "partsupp",
                          "Projections": "",
                          "Filters": "ps_comment!='about the accounts. careful platelets are across the furiously bold packages. quickly ironic packages wake. instructions believe slyly careful requests. fluffily final p'",
                          "Estimated Cardinality": "160000"
                        }
                      }
                    ],
                    "extra_info": {
                      "Aggregates": "count_star()"
                    }
                  }
                ],
                "extra_info": {}
              }
            ],
            "extra_info": {
              "Projections": [
                "count",
                "count"
              ],
              "Estimated Cardinality": "0"
            }
          }
        ]
      }
    },
    "optimal_engine": "postgres",
    "speedup_ratio": 1.0261186083876723
  },
  {
    "timestamp": "2025-09-12T10:40:49.356109",
    "dataset": "tpch_sf1",
    "query_type": "AP",
    "query_index": 353,
    "query_text": "SELECT MAX(\"lineitem\".\"l_partkey\") FROM \"lineitem\" CROSS JOIN \"supplier\" WHERE \"supplier\".\"s_name\" = 'Supplier#000003823       ' AND \"lineitem\".\"l_shipinstruct\" = 'COLLECT COD              ';",
    "postgres_time_ms": 928.8892020122148,
    "duckdb_time_ms": 892.8232240141369,
    "log_time_difference": 0.039600861987597775,
    "postgres_plan": {
      "Plan": {
        "Node Type": "Custom Scan",
        "Custom Plan Provider": "DuckDBScan",
        "Parallel Aware": false,
        "Async Capable": false,
        "Startup Cost": 0.0,
        "Total Cost": 0.0,
        "Plan Rows": 0,
        "Plan Width": 0,
        "DuckDB Execution Plan": [
          {
            "name": "UNGROUPED_AGGREGATE",
            "children": [
              {
                "name": "PROJECTION",
                "children": [
                  {
                    "name": "CROSS_PRODUCT",
                    "children": [
                      {
                        "name": "PGDUCKDB_POSTGRES_SCAN ",
                        "children": [],
                        "extra_info": {
                          "Table": "lineitem",
                          "Projections": "l_partkey",
                          "Filters": "l_shipinstruct='COLLECT COD              '",
                          "Estimated Cardinality": "1200198"
                        }
                      },
                      {
                        "name": "PGDUCKDB_POSTGRES_SCAN ",
                        "children": [],
                        "extra_info": {
                          "Table": "supplier",
                          "Projections": "",
                          "Filters": "s_name='Supplier#000003823       '",
                          "Estimated Cardinality": "2000"
                        }
                      }
                    ],
                    "extra_info": {}
                  }
                ],
                "extra_info": {
                  "Projections": "l_partkey",
                  "Estimated Cardinality": "2400396000"
                }
              }
            ],
            "extra_info": {
              "Aggregates": "max(#0)"
            }
          }
        ]
      }
    },
    "optimal_engine": "duckdb",
    "speedup_ratio": 1.0403954299440432
  },
  {
    "timestamp": "2025-09-12T10:40:49.638730",
    "dataset": "tpch_sf1",
    "query_type": "AP",
    "query_index": 354,
    "query_text": "SELECT COUNT(*), VARIANCE(\"lineitem\".\"l_suppkey\"), COUNT(*), STDDEV(\"lineitem\".\"l_extendedprice\"), AVG(\"lineitem\".\"l_linenumber\") FROM \"lineitem\" JOIN \"partsupp\" ON \"lineitem\".\"l_partkey\" = \"partsupp\".\"ps_partkey\" WHERE \"partsupp\".\"ps_supplycost\" >= 1.0 AND \"lineitem\".\"l_orderkey\" = 2164848;",
    "postgres_time_ms": 0.832906982395798,
    "duckdb_time_ms": 238.01150202052668,
    "log_time_difference": -5.655152309162804,
    "postgres_plan": {
      "Plan": {
        "Node Type": "Aggregate",
        "Strategy": "Plain",
        "Partial Mode": "Simple",
        "Parallel Aware": false,
        "Async Capable": false,
        "Startup Cost": 137.47,
        "Total Cost": 137.48,
        "Plan Rows": 1,
        "Plan Width": 112,
        "Plans": [
          {
            "Node Type": "Nested Loop",
            "Parent Relationship": "Outer",
            "Parallel Aware": false,
            "Async Capable": false,
            "Join Type": "Inner",
            "Startup Cost": 0.86,
            "Total Cost": 136.88,
            "Plan Rows": 59,
            "Plan Width": 16,
            "Inner Unique": false,
            "Plans": [
              {
                "Node Type": "Index Scan",
                "Parent Relationship": "Outer",
                "Parallel Aware": false,
                "Async Capable": false,
                "Scan Direction": "Forward",
                "Index Name": "idx_lineitem_order",
                "Relation Name": "lineitem",
                "Alias": "lineitem",
                "Startup Cost": 0.43,
                "Total Cost": 8.7,
                "Plan Rows": 15,
                "Plan Width": 20,
                "Index Cond": "(l_orderkey = 2164848)"
              },
              {
                "Node Type": "Index Scan",
                "Parent Relationship": "Inner",
                "Parallel Aware": false,
                "Async Capable": false,
                "Scan Direction": "Forward",
                "Index Name": "idx_partsupp_part",
                "Relation Name": "partsupp",
                "Alias": "partsupp",
                "Startup Cost": 0.42,
                "Total Cost": 8.51,
                "Plan Rows": 4,
                "Plan Width": 4,
                "Index Cond": "(ps_partkey = lineitem.l_partkey)",
                "Filter": "(ps_supplycost >= 1.0)"
              }
            ]
          }
        ]
      }
    },
    "optimal_engine": "postgres",
    "speedup_ratio": 285.76000327900175
  },
  {
    "timestamp": "2025-09-12T10:40:49.666531",
    "dataset": "tpch_sf1",
    "query_type": "AP",
    "query_index": 355,
    "query_text": "SELECT VARIANCE(\"supplier\".\"s_suppkey\"), AVG(\"supplier\".\"s_acctbal\"), SUM(\"supplier\".\"s_suppkey\") FROM \"supplier\" WHERE \"supplier\".\"s_acctbal\" > -372.67543119641834 ORDER BY COUNT(*) DESC LIMIT 100;",
    "postgres_time_ms": 4.952770017553121,
    "duckdb_time_ms": 21.00698003778234,
    "log_time_difference": -1.4449077456791883,
    "postgres_plan": {
      "Plan": {
        "Node Type": "Limit",
        "Parallel Aware": false,
        "Async Capable": false,
        "Startup Cost": 442.35,
        "Total Cost": 442.36,
        "Plan Rows": 1,
        "Plan Width": 80,
        "Plans": [
          {
            "Node Type": "Sort",
            "Parent Relationship": "Outer",
            "Parallel Aware": false,
            "Async Capable": false,
            "Startup Cost": 442.35,
            "Total Cost": 442.36,
            "Plan Rows": 1,
            "Plan Width": 80,
            "Sort Key": [
              "(count(*)) DESC"
            ],
            "Plans": [
              {
                "Node Type": "Aggregate",
                "Strategy": "Plain",
                "Partial Mode": "Simple",
                "Parent Relationship": "Outer",
                "Parallel Aware": false,
                "Async Capable": false,
                "Startup Cost": 442.33,
                "Total Cost": 442.34,
                "Plan Rows": 1,
                "Plan Width": 80,
                "Plans": [
                  {
                    "Node Type": "Seq Scan",
                    "Parent Relationship": "Outer",
                    "Parallel Aware": false,
                    "Async Capable": false,
                    "Relation Name": "supplier",
                    "Alias": "supplier",
                    "Startup Cost": 0.0,
                    "Total Cost": 348.0,
                    "Plan Rows": 9433,
                    "Plan Width": 10,
                    "Filter": "(s_acctbal > '-372.67543119641834'::numeric)"
                  }
                ]
              }
            ]
          }
        ]
      }
    },
    "optimal_engine": "postgres",
    "speedup_ratio": 4.241460831682365
  },
  {
    "timestamp": "2025-09-12T10:40:50.269408",
    "dataset": "tpch_sf1",
    "query_type": "AP",
    "query_index": 358,
    "query_text": "SELECT STDDEV(\"supplier\".\"s_acctbal\"), MAX(\"customer\".\"c_acctbal\"), MAX(\"part\".\"p_partkey\"), AVG(\"supplier\".\"s_nationkey\") FROM \"part\" CROSS JOIN \"customer\" CROSS JOIN \"supplier\" WHERE \"supplier\".\"s_nationkey\" = 17 AND \"customer\".\"c_nationkey\" < 12 AND \"supplier\".\"s_phone\" LIKE '%a%' AND \"supplier\".\"s_name\" LIKE '%i%' GROUP BY \"part\".\"p_type\", \"part\".\"p_name\", \"customer\".\"c_phone\";",
    "postgres_time_ms": 498.9325960050337,
    "duckdb_time_ms": 101.02288000052795,
    "log_time_difference": 1.5971239826365684,
    "postgres_plan": {
      "Plan": {
        "Node Type": "Aggregate",
        "Strategy": "Sorted",
        "Partial Mode": "Simple",
        "Parallel Aware": false,
        "Async Capable": false,
        "Startup Cost": 27082.12,
        "Total Cost": 2718951730.86,
        "Plan Rows": 14350000000,
        "Plan Width": 170,
        "Group Key": [
          "part.p_type",
          "part.p_name",
          "customer.c_phone"
        ],
        "Plans": [
          {
            "Node Type": "Incremental Sort",
            "Parent Relationship": "Outer",
            "Parallel Aware": false,
            "Async Capable": false,
            "Startup Cost": 27082.12,
            "Total Cost": 2252576730.86,
            "Plan Rows": 14350000000,
            "Plan Width": 90,
            "Sort Key": [
              "part.p_type",
              "part.p_name",
              "customer.c_phone"
            ],
            "Presorted Key": [
              "part.p_type",
              "part.p_name"
            ],
            "Plans": [
              {
                "Node Type": "Nested Loop",
                "Parent Relationship": "Outer",
                "Parallel Aware": false,
                "Async Capable": false,
                "Join Type": "Inner",
                "Startup Cost": 16716.21,
                "Total Cost": 179420636.44,
                "Plan Rows": 14350000000,
                "Plan Width": 90,
                "Inner Unique": false,
                "Plans": [
                  {
                    "Node Type": "Gather Merge",
                    "Parent Relationship": "Outer",
                    "Parallel Aware": false,
                    "Async Capable": false,
                    "Startup Cost": 15908.41,
                    "Total Cost": 39201.71,
                    "Plan Rows": 200000,
                    "Plan Width": 58,
                    "Workers Planned": 2,
                    "Plans": [
                      {
                        "Node Type": "Sort",
                        "Parent Relationship": "Outer",
                        "Parallel Aware": false,
                        "Async Capable": false,
                        "Startup Cost": 14908.39,
                        "Total Cost": 15116.72,
                        "Plan Rows": 83333,
                        "Plan Width": 58,
                        "Sort Key": [
                          "part.p_type",
                          "part.p_name"
                        ],
                        "Plans": [
                          {
                            "Node Type": "Seq Scan",
                            "Parent Relationship": "Outer",
                            "Parallel Aware": true,
                            "Async Capable": false,
                            "Relation Name": "part",
                            "Alias": "part",
                            "Startup Cost": 0.0,
                            "Total Cost": 4961.33,
                            "Plan Rows": 83333,
                            "Plan Width": 58
                          }
                        ]
                      }
                    ]
                  },
                  {
                    "Node Type": "Materialize",
                    "Parent Relationship": "Inner",
                    "Parallel Aware": false,
                    "Async Capable": false,
                    "Startup Cost": 807.8,
                    "Total Cost": 6614.11,
                    "Plan Rows": 71750,
                    "Plan Width": 32,
                    "Plans": [
                      {
                        "Node Type": "Nested Loop",
                        "Parent Relationship": "Outer",
                        "Parallel Aware": false,
                        "Async Capable": false,
                        "Join Type": "Inner",
                        "Startup Cost": 807.8,
                        "Total Cost": 6255.36,
                        "Plan Rows": 71750,
                        "Plan Width": 32,
                        "Inner Unique": false,
                        "Plans": [
                          {
                            "Node Type": "Bitmap Heap Scan",
                            "Parent Relationship": "Outer",
                            "Parallel Aware": false,
                            "Async Capable": false,
                            "Relation Name": "supplier",
                            "Alias": "supplier",
                            "Startup Cost": 7.44,
                            "Total Cost": 240.63,
                            "Plan Rows": 1,
                            "Plan Width": 10,
                            "Recheck Cond": "(s_nationkey = 17)",
                            "Filter": "((s_phone ~~ '%a%'::text) AND (s_name ~~ '%i%'::text))",
                            "Plans": [
                              {
                                "Node Type": "Bitmap Index Scan",
                                "Parent Relationship": "Outer",
                                "Parallel Aware": false,
                                "Async Capable": false,
                                "Index Name": "idx_supplier_nation",
                                "Startup Cost": 0.0,
                                "Total Cost": 7.44,
                                "Plan Rows": 421,
                                "Plan Width": 0,
                                "Index Cond": "(s_nationkey = 17)"
                              }
                            ]
                          },
                          {
                            "Node Type": "Bitmap Heap Scan",
                            "Parent Relationship": "Inner",
                            "Parallel Aware": false,
                            "Async Capable": false,
                            "Relation Name": "customer",
                            "Alias": "customer",
                            "Startup Cost": 800.36,
                            "Total Cost": 5297.23,
                            "Plan Rows": 71750,
                            "Plan Width": 22,
                            "Recheck Cond": "(c_nationkey < 12)",
                            "Plans": [
                              {
                                "Node Type": "Bitmap Index Scan",
                                "Parent Relationship": "Outer",
                                "Parallel Aware": false,
                                "Async Capable": false,
                                "Index Name": "idx_customer_nation",
                                "Startup Cost": 0.0,
                                "Total Cost": 782.42,
                                "Plan Rows": 71750,
                                "Plan Width": 0,
                                "Index Cond": "(c_nationkey < 12)"
                              }
                            ]
                          }
                        ]
                      }
                    ]
                  }
                ]
              }
            ]
          }
        ]
      }
    },
    "optimal_engine": "duckdb",
    "speedup_ratio": 4.9388078819612575
  },
  {
    "timestamp": "2025-09-12T10:40:52.080892",
    "dataset": "tpch_sf1",
    "query_type": "AP",
    "query_index": 369,
    "query_text": "SELECT SUM(\"partsupp\".\"ps_partkey\"), COUNT(*), AVG(\"lineitem\".\"l_quantity\"), STDDEV(\"lineitem\".\"l_tax\") FROM \"region\" CROSS JOIN \"orders\" LEFT JOIN \"lineitem\" ON \"orders\".\"o_orderkey\" = \"lineitem\".\"l_orderkey\" LEFT JOIN \"partsupp\" ON \"lineitem\".\"l_partkey\" = \"partsupp\".\"ps_partkey\" JOIN \"supplier\" ON \"partsupp\".\"ps_suppkey\" = \"supplier\".\"s_suppkey\" WHERE \"partsupp\".\"ps_supplycost\" < 1000.0 AND \"orders\".\"o_clerk\" LIKE '%u%' ORDER BY COUNT(*) DESC;",
    "postgres_time_ms": 119.53615595120937,
    "duckdb_time_ms": 1682.0171129656956,
    "log_time_difference": -2.64413012878752,
    "postgres_plan": {
      "Plan": {
        "Node Type": "Sort",
        "Parallel Aware": false,
        "Async Capable": false,
        "Startup Cost": 45061.2,
        "Total Cost": 45061.21,
        "Plan Rows": 1,
        "Plan Width": 80,
        "Sort Key": [
          "(count(*)) DESC"
        ],
        "Plans": [
          {
            "Node Type": "Aggregate",
            "Strategy": "Plain",
            "Partial Mode": "Simple",
            "Parent Relationship": "Outer",
            "Parallel Aware": false,
            "Async Capable": false,
            "Startup Cost": 45061.18,
            "Total Cost": 45061.19,
            "Plan Rows": 1,
            "Plan Width": 80,
            "Plans": [
              {
                "Node Type": "Nested Loop",
                "Parent Relationship": "Outer",
                "Parallel Aware": false,
                "Async Capable": false,
                "Join Type": "Inner",
                "Startup Cost": 1001.14,
                "Total Cost": 41108.91,
                "Plan Rows": 395227,
                "Plan Width": 13,
                "Inner Unique": false,
                "Plans": [
                  {
                    "Node Type": "Gather",
                    "Parent Relationship": "Outer",
                    "Parallel Aware": false,
                    "Async Capable": false,
                    "Startup Cost": 1001.14,
                    "Total Cost": 36158.28,
                    "Plan Rows": 2324,
                    "Plan Width": 13,
                    "Workers Planned": 2,
                    "Single Copy": false,
                    "Plans": [
                      {
                        "Node Type": "Nested Loop",
                        "Parent Relationship": "Outer",
                        "Parallel Aware": false,
                        "Async Capable": false,
                        "Join Type": "Inner",
                        "Startup Cost": 1.14,
                        "Total Cost": 34925.88,
                        "Plan Rows": 968,
                        "Plan Width": 13,
                        "Inner Unique": true,
                        "Plans": [
                          {
                            "Node Type": "Nested Loop",
                            "Parent Relationship": "Outer",
                            "Parallel Aware": false,
                            "Async Capable": false,
                            "Join Type": "Inner",
                            "Startup Cost": 0.86,
                            "Total Cost": 34632.92,
                            "Plan Rows": 968,
                            "Plan Width": 17,
                            "Inner Unique": false,
                            "Plans": [
                              {
                                "Node Type": "Nested Loop",
                                "Parent Relationship": "Outer",
                                "Parallel Aware": false,
                                "Async Capable": false,
                                "Join Type": "Inner",
                                "Startup Cost": 0.43,
                                "Total Cost": 34495.21,
                                "Plan Rows": 247,
                                "Plan Width": 13,
                                "Inner Unique": false,
                                "Plans": [
                                  {
                                    "Node Type": "Seq Scan",
                                    "Parent Relationship": "Outer",
                                    "Parallel Aware": true,
                                    "Async Capable": false,
                                    "Relation Name": "orders",
                                    "Alias": "orders",
                                    "Startup Cost": 0.0,
                                    "Total Cost": 33948.5,
                                    "Plan Rows": 62,
                                    "Plan Width": 4,
                                    "Filter": "(o_clerk ~~ '%u%'::text)"
                                  },
                                  {
                                    "Node Type": "Index Scan",
                                    "Parent Relationship": "Inner",
                                    "Parallel Aware": false,
                                    "Async Capable": false,
                                    "Scan Direction": "Forward",
                                    "Index Name": "idx_lineitem_order",
                                    "Relation Name": "lineitem",
                                    "Alias": "lineitem",
                                    "Startup Cost": 0.43,
                                    "Total Cost": 8.67,
                                    "Plan Rows": 15,
                                    "Plan Width": 17,
                                    "Index Cond": "(l_orderkey = orders.o_orderkey)"
                                  }
                                ]
                              },
                              {
                                "Node Type": "Index Scan",
                                "Parent Relationship": "Inner",
                                "Parallel Aware": false,
                                "Async Capable": false,
                                "Scan Direction": "Forward",
                                "Index Name": "idx_partsupp_part",
                                "Relation Name": "partsupp",
                                "Alias": "partsupp",
                                "Startup Cost": 0.42,
                                "Total Cost": 0.52,
                                "Plan Rows": 4,
                                "Plan Width": 8,
                                "Index Cond": "(ps_partkey = lineitem.l_partkey)",
                                "Filter": "(ps_supplycost < 1000.0)"
                              }
                            ]
                          },
                          {
                            "Node Type": "Index Only Scan",
                            "Parent Relationship": "Inner",
                            "Parallel Aware": false,
                            "Async Capable": false,
                            "Scan Direction": "Forward",
                            "Index Name": "supplier_pkey",
                            "Relation Name": "supplier",
                            "Alias": "supplier",
                            "Startup Cost": 0.29,
                            "Total Cost": 0.3,
                            "Plan Rows": 1,
                            "Plan Width": 4,
                            "Index Cond": "(s_suppkey = partsupp.ps_suppkey)"
                          }
                        ]
                      }
                    ]
                  },
                  {
                    "Node Type": "Materialize",
                    "Parent Relationship": "Inner",
                    "Parallel Aware": false,
                    "Async Capable": false,
                    "Startup Cost": 0.0,
                    "Total Cost": 12.55,
                    "Plan Rows": 170,
                    "Plan Width": 0,
                    "Plans": [
                      {
                        "Node Type": "Seq Scan",
                        "Parent Relationship": "Outer",
                        "Parallel Aware": false,
                        "Async Capable": false,
                        "Relation Name": "region",
                        "Alias": "region",
                        "Startup Cost": 0.0,
                        "Total Cost": 11.7,
                        "Plan Rows": 170,
                        "Plan Width": 0
                      }
                    ]
                  }
                ]
              }
            ]
          }
        ]
      }
    },
    "optimal_engine": "postgres",
    "speedup_ratio": 14.071199626431339
  },
  {
    "timestamp": "2025-09-12T10:41:26.829120",
    "dataset": "tpch_sf1",
    "query_type": "AP",
    "query_index": 371,
    "query_text": "SELECT VARIANCE(\"supplier\".\"s_acctbal\"), STDDEV(\"lineitem\".\"l_tax\"), COUNT(*) FROM \"lineitem\" CROSS JOIN \"supplier\" WHERE \"supplier\".\"s_suppkey\" < 1714 AND \"lineitem\".\"l_quantity\" = 50.0 GROUP BY \"supplier\".\"s_name\", \"supplier\".\"s_address\", \"supplier\".\"s_address\" ORDER BY \"supplier\".\"s_name\", \"supplier\".\"s_address\", \"supplier\".\"s_address\" ASC LIMIT 100;",
    "postgres_time_ms": 30000,
    "duckdb_time_ms": 4741.706989996601,
    "log_time_difference": 1.8448001863125671,
    "postgres_plan": null,
    "optimal_engine": "duckdb",
    "speedup_ratio": 6.326835475766398
  },
  {
    "timestamp": "2025-09-12T10:41:34.868977",
    "dataset": "tpch_sf1",
    "query_type": "AP",
    "query_index": 372,
    "query_text": "SELECT MAX(\"partsupp\".\"ps_supplycost\"), VARIANCE(\"partsupp\".\"ps_availqty\"), \"partsupp\".\"ps_comment\" FROM \"partsupp\" GROUP BY \"partsupp\".\"ps_comment\";",
    "postgres_time_ms": 5736.752327007707,
    "duckdb_time_ms": 2131.13470596727,
    "log_time_difference": 0.9902386898400282,
    "postgres_plan": {
      "Plan": {
        "Node Type": "Aggregate",
        "Strategy": "Sorted",
        "Partial Mode": "Finalize",
        "Parallel Aware": false,
        "Async Capable": false,
        "Startup Cost": 75259.5,
        "Total Cost": 176375.95,
        "Plan Rows": 800000,
        "Plan Width": 190,
        "Group Key": [
          "ps_comment"
        ],
        "Plans": [
          {
            "Node Type": "Gather Merge",
            "Parent Relationship": "Outer",
            "Parallel Aware": false,
            "Async Capable": false,
            "Startup Cost": 75259.5,
            "Total Cost": 159709.29,
            "Plan Rows": 666666,
            "Plan Width": 190,
            "Workers Planned": 2,
            "Plans": [
              {
                "Node Type": "Aggregate",
                "Strategy": "Sorted",
                "Partial Mode": "Partial",
                "Parent Relationship": "Outer",
                "Parallel Aware": false,
                "Async Capable": false,
                "Startup Cost": 74259.48,
                "Total Cost": 81759.47,
                "Plan Rows": 333333,
                "Plan Width": 190,
                "Group Key": [
                  "ps_comment"
                ],
                "Plans": [
                  {
                    "Node Type": "Sort",
                    "Parent Relationship": "Outer",
                    "Parallel Aware": false,
                    "Async Capable": false,
                    "Startup Cost": 74259.48,
                    "Total Cost": 75092.81,
                    "Plan Rows": 333333,
                    "Plan Width": 136,
                    "Sort Key": [
                      "ps_comment"
                    ],
                    "Plans": [
                      {
                        "Node Type": "Seq Scan",
                        "Parent Relationship": "Outer",
                        "Parallel Aware": true,
                        "Async Capable": false,
                        "Relation Name": "partsupp",
                        "Alias": "partsupp",
                        "Startup Cost": 0.0,
                        "Total Cost": 20893.33,
                        "Plan Rows": 333333,
                        "Plan Width": 136
                      }
                    ]
                  }
                ]
              }
            ]
          }
        ]
      }
    },
    "optimal_engine": "duckdb",
    "speedup_ratio": 2.691876919344681
  },
  {
    "timestamp": "2025-09-12T10:41:34.980507",
    "dataset": "tpch_sf1",
    "query_type": "AP",
    "query_index": 373,
    "query_text": "SELECT MAX(\"customer\".\"c_custkey\") FROM \"customer\" INNER JOIN \"nation\" ON \"customer\".\"c_nationkey\" = \"nation\".\"n_nationkey\" WHERE \"customer\".\"c_custkey\" > 1 AND \"customer\".\"c_custkey\" IS NOT NULL GROUP BY \"nation\".\"n_name\", \"nation\".\"n_name\" ORDER BY \"nation\".\"n_name\", \"nation\".\"n_name\" LIMIT 10;",
    "postgres_time_ms": 41.98737599654123,
    "duckdb_time_ms": 66.95488502737135,
    "log_time_difference": -0.46665003319157894,
    "postgres_plan": {
      "Plan": {
        "Node Type": "Limit",
        "Parallel Aware": false,
        "Async Capable": false,
        "Startup Cost": 5883.75,
        "Total Cost": 5886.29,
        "Plan Rows": 10,
        "Plan Width": 108,
        "Plans": [
          {
            "Node Type": "Aggregate",
            "Strategy": "Sorted",
            "Partial Mode": "Finalize",
            "Parent Relationship": "Outer",
            "Parallel Aware": false,
            "Async Capable": false,
            "Startup Cost": 5883.75,
            "Total Cost": 5926.82,
            "Plan Rows": 170,
            "Plan Width": 108,
            "Group Key": [
              "nation.n_name"
            ],
            "Plans": [
              {
                "Node Type": "Gather Merge",
                "Parent Relationship": "Outer",
                "Parallel Aware": false,
                "Async Capable": false,
                "Startup Cost": 5883.75,
                "Total Cost": 5923.42,
                "Plan Rows": 340,
                "Plan Width": 108,
                "Workers Planned": 2,
                "Plans": [
                  {
                    "Node Type": "Sort",
                    "Parent Relationship": "Outer",
                    "Parallel Aware": false,
                    "Async Capable": false,
                    "Startup Cost": 4883.73,
                    "Total Cost": 4884.15,
                    "Plan Rows": 170,
                    "Plan Width": 108,
                    "Sort Key": [
                      "nation.n_name"
                    ],
                    "Plans": [
                      {
                        "Node Type": "Aggregate",
                        "Strategy": "Hashed",
                        "Partial Mode": "Partial",
                        "Parent Relationship": "Outer",
                        "Parallel Aware": false,
                        "Async Capable": false,
                        "Startup Cost": 4875.73,
                        "Total Cost": 4877.43,
                        "Plan Rows": 170,
                        "Plan Width": 108,
                        "Group Key": [
                          "nation.n_name"
                        ],
                        "Planned Partitions": 0,
                        "Plans": [
                          {
                            "Node Type": "Hash Join",
                            "Parent Relationship": "Outer",
                            "Parallel Aware": false,
                            "Async Capable": false,
                            "Join Type": "Inner",
                            "Startup Cost": 13.82,
                            "Total Cost": 4563.23,
                            "Plan Rows": 62500,
                            "Plan Width": 108,
                            "Inner Unique": true,
                            "Hash Cond": "(customer.c_nationkey = nation.n_nationkey)",
                            "Plans": [
                              {
                                "Node Type": "Seq Scan",
                                "Parent Relationship": "Outer",
                                "Parallel Aware": true,
                                "Async Capable": false,
                                "Relation Name": "customer",
                                "Alias": "customer",
                                "Startup Cost": 0.0,
                                "Total Cost": 4381.25,
                                "Plan Rows": 62500,
                                "Plan Width": 8,
                                "Filter": "(c_custkey > 1)"
                              },
                              {
                                "Node Type": "Hash",
                                "Parent Relationship": "Inner",
                                "Parallel Aware": false,
                                "Async Capable": false,
                                "Startup Cost": 11.7,
                                "Total Cost": 11.7,
                                "Plan Rows": 170,
                                "Plan Width": 108,
                                "Plans": [
                                  {
                                    "Node Type": "Seq Scan",
                                    "Parent Relationship": "Outer",
                                    "Parallel Aware": false,
                                    "Async Capable": false,
                                    "Relation Name": "nation",
                                    "Alias": "nation",
                                    "Startup Cost": 0.0,
                                    "Total Cost": 11.7,
                                    "Plan Rows": 170,
                                    "Plan Width": 108
                                  }
                                ]
                              }
                            ]
                          }
                        ]
                      }
                    ]
                  }
                ]
              }
            ]
          }
        ]
      }
    },
    "optimal_engine": "postgres",
    "speedup_ratio": 1.5946432335492184
  },
  {
    "timestamp": "2025-09-12T10:41:35.031448",
    "dataset": "tpch_sf1",
    "query_type": "AP",
    "query_index": 374,
    "query_text": "SELECT COUNT(*), VARIANCE(\"supplier\".\"s_nationkey\"), MIN(\"supplier\".\"s_suppkey\") FROM \"supplier\" GROUP BY \"supplier\".\"s_name\", \"supplier\".\"s_name\";",
    "postgres_time_ms": 19.727503007743508,
    "duckdb_time_ms": 28.550086019095033,
    "log_time_difference": -0.36964619514795694,
    "postgres_plan": {
      "Plan": {
        "Node Type": "Aggregate",
        "Strategy": "Hashed",
        "Partial Mode": "Simple",
        "Parallel Aware": false,
        "Async Capable": false,
        "Startup Cost": 423.0,
        "Total Cost": 548.0,
        "Plan Rows": 10000,
        "Plan Width": 70,
        "Group Key": [
          "s_name"
        ],
        "Planned Partitions": 0,
        "Plans": [
          {
            "Node Type": "Seq Scan",
            "Parent Relationship": "Outer",
            "Parallel Aware": false,
            "Async Capable": false,
            "Relation Name": "supplier",
            "Alias": "supplier",
            "Startup Cost": 0.0,
            "Total Cost": 323.0,
            "Plan Rows": 10000,
            "Plan Width": 34
          }
        ]
      }
    },
    "optimal_engine": "postgres",
    "speedup_ratio": 1.4472224897336705
  },
  {
    "timestamp": "2025-09-12T10:41:35.118408",
    "dataset": "tpch_sf1",
    "query_type": "AP",
    "query_index": 377,
    "query_text": "SELECT MIN(\"part\".\"p_size\") FROM \"part\" CROSS JOIN \"nation\" LEFT JOIN \"region\" ON \"nation\".\"n_regionkey\" = \"region\".\"r_regionkey\" WHERE \"nation\".\"n_name\" LIKE '%a%' AND \"region\".\"r_regionkey\" < 0 AND \"part\".\"p_type\" != 'ECONOMY BRUSHED BRASS' ORDER BY COUNT(*) ASC;",
    "postgres_time_ms": 48.75438701128587,
    "duckdb_time_ms": 35.34536197548732,
    "log_time_difference": 0.32162800259188645,
    "postgres_plan": {
      "Plan": {
        "Node Type": "Sort",
        "Parallel Aware": false,
        "Async Capable": false,
        "Startup Cost": 204830.9,
        "Total Cost": 204830.9,
        "Plan Rows": 1,
        "Plan Width": 12,
        "Sort Key": [
          "(count(*))"
        ],
        "Plans": [
          {
            "Node Type": "Aggregate",
            "Strategy": "Plain",
            "Partial Mode": "Simple",
            "Parent Relationship": "Outer",
            "Parallel Aware": false,
            "Async Capable": false,
            "Startup Cost": 204830.88,
            "Total Cost": 204830.89,
            "Plan Rows": 1,
            "Plan Width": 12,
            "Plans": [
              {
                "Node Type": "Nested Loop",
                "Parent Relationship": "Outer",
                "Parallel Aware": false,
                "Async Capable": false,
                "Join Type": "Inner",
                "Startup Cost": 12.84,
                "Total Cost": 148208.79,
                "Plan Rows": 11324418,
                "Plan Width": 4,
                "Inner Unique": false,
                "Plans": [
                  {
                    "Node Type": "Seq Scan",
                    "Parent Relationship": "Outer",
                    "Parallel Aware": false,
                    "Async Capable": false,
                    "Relation Name": "part",
                    "Alias": "part",
                    "Startup Cost": 0.0,
                    "Total Cost": 6628.0,
                    "Plan Rows": 198674,
                    "Plan Width": 4,
                    "Filter": "((p_type)::text <> 'ECONOMY BRUSHED BRASS'::text)"
                  },
                  {
                    "Node Type": "Materialize",
                    "Parent Relationship": "Inner",
                    "Parallel Aware": false,
                    "Async Capable": false,
                    "Startup Cost": 12.84,
                    "Total Cost": 25.7,
                    "Plan Rows": 57,
                    "Plan Width": 0,
                    "Plans": [
                      {
                        "Node Type": "Hash Join",
                        "Parent Relationship": "Outer",
                        "Parallel Aware": false,
                        "Async Capable": false,
                        "Join Type": "Inner",
                        "Startup Cost": 12.84,
                        "Total Cost": 25.42,
                        "Plan Rows": 57,
                        "Plan Width": 0,
                        "Inner Unique": true,
                        "Hash Cond": "(nation.n_regionkey = region.r_regionkey)",
                        "Plans": [
                          {
                            "Node Type": "Seq Scan",
                            "Parent Relationship": "Outer",
                            "Parallel Aware": false,
                            "Async Capable": false,
                            "Relation Name": "nation",
                            "Alias": "nation",
                            "Startup Cost": 0.0,
                            "Total Cost": 12.12,
                            "Plan Rows": 170,
                            "Plan Width": 4,
                            "Filter": "(n_name ~~ '%a%'::text)"
                          },
                          {
                            "Node Type": "Hash",
                            "Parent Relationship": "Inner",
                            "Parallel Aware": false,
                            "Async Capable": false,
                            "Startup Cost": 12.12,
                            "Total Cost": 12.12,
                            "Plan Rows": 57,
                            "Plan Width": 4,
                            "Plans": [
                              {
                                "Node Type": "Seq Scan",
                                "Parent Relationship": "Outer",
                                "Parallel Aware": false,
                                "Async Capable": false,
                                "Relation Name": "region",
                                "Alias": "region",
                                "Startup Cost": 0.0,
                                "Total Cost": 12.12,
                                "Plan Rows": 57,
                                "Plan Width": 4,
                                "Filter": "(r_regionkey < 0)"
                              }
                            ]
                          }
                        ]
                      }
                    ]
                  }
                ]
              }
            ]
          }
        ]
      }
    },
    "optimal_engine": "duckdb",
    "speedup_ratio": 1.3793715578609143
  },
  {
    "timestamp": "2025-09-12T10:42:08.098775",
    "dataset": "tpch_sf1",
    "query_type": "AP",
    "query_index": 386,
    "query_text": "SELECT STDDEV(\"partsupp\".\"ps_partkey\"), MIN(\"partsupp\".\"ps_partkey\"), SUM(\"region\".\"r_regionkey\"), MAX(\"region\".\"r_regionkey\"), STDDEV(\"partsupp\".\"ps_partkey\") FROM \"partsupp\" CROSS JOIN \"region\" WHERE \"partsupp\".\"ps_availqty\" = 1 GROUP BY \"partsupp\".\"ps_comment\", \"region\".\"r_comment\";",
    "postgres_time_ms": 156.48401202633977,
    "duckdb_time_ms": 389.66910395538434,
    "log_time_difference": -0.9123440824031752,
    "postgres_plan": {
      "Plan": {
        "Node Type": "Custom Scan",
        "Custom Plan Provider": "DuckDBScan",
        "Parallel Aware": false,
        "Async Capable": false,
        "Startup Cost": 0.0,
        "Total Cost": 0.0,
        "Plan Rows": 0,
        "Plan Width": 0,
        "DuckDB Execution Plan": [
          {
            "name": "PROJECTION",
            "children": [
              {
                "name": "HASH_GROUP_BY",
                "children": [
                  {
                    "name": "PROJECTION",
                    "children": [
                      {
                        "name": "CROSS_PRODUCT",
                        "children": [
                          {
                            "name": "PGDUCKDB_POSTGRES_SCAN ",
                            "children": [],
                            "extra_info": {
                              "Table": "partsupp",
                              "Projections": [
                                "ps_comment",
                                "ps_partkey"
                              ],
                              "Filters": "ps_availqty=1",
                              "Estimated Cardinality": "160000"
                            }
                          },
                          {
                            "name": "PGDUCKDB_POSTGRES_SCAN ",
                            "children": [],
                            "extra_info": {
                              "Table": "region",
                              "Projections": [
                                "r_comment",
                                "r_regionkey"
                              ],
                              "Estimated Cardinality": "170"
                            }
                          }
                        ],
                        "extra_info": {}
                      }
                    ],
                    "extra_info": {
                      "Projections": [
                        "ps_comment",
                        "r_comment",
                        "CAST(ps_partkey AS DOUBLE)",
                        "ps_partkey",
                        "r_regionkey",
                        "r_regionkey"
                      ],
                      "Estimated Cardinality": "27200000"
                    }
                  }
                ],
                "extra_info": {
                  "Groups": [
                    "#0",
                    "#1"
                  ],
                  "Aggregates": [
                    "stddev(#2)",
                    "min(#3)",
                    "sum(#4)",
                    "max(#5)"
                  ],
                  "Estimated Cardinality": "27199391"
                }
              }
            ],
            "extra_info": {
              "Projections": [
                "stddev",
                "min",
                "sum",
                "max",
                "stddev"
              ],
              "Estimated Cardinality": "27199391"
            }
          }
        ]
      }
    },
    "optimal_engine": "postgres",
    "speedup_ratio": 2.490152820786537
  },
  {
    "timestamp": "2025-09-12T10:42:08.867311",
    "dataset": "tpch_sf1",
    "query_type": "AP",
    "query_index": 387,
    "query_text": "SELECT SUM(\"part\".\"p_size\"), SUM(\"lineitem\".\"l_extendedprice\"), COUNT(*), MIN(\"lineitem\".\"l_discount\"), COUNT(*) FROM \"partsupp\" LEFT JOIN \"part\" ON \"partsupp\".\"ps_partkey\" = \"part\".\"p_partkey\" INNER JOIN \"lineitem\" ON \"partsupp\".\"ps_partkey\" = \"lineitem\".\"l_partkey\" CROSS JOIN \"region\" WHERE \"lineitem\".\"l_suppkey\" = 1 AND \"partsupp\".\"ps_suppkey\" < 4260 GROUP BY \"region\".\"r_name\", \"part\".\"p_brand\" HAVING SUM(1) < 80 LIMIT 10;",
    "postgres_time_ms": 160.38011002819985,
    "duckdb_time_ms": 544.0996380057186,
    "log_time_difference": -1.2215857027577584,
    "postgres_plan": {
      "Plan": {
        "Node Type": "Limit",
        "Parallel Aware": false,
        "Async Capable": false,
        "Startup Cost": 92982.76,
        "Total Cost": 92983.21,
        "Plan Rows": 10,
        "Plan Width": 203,
        "Plans": [
          {
            "Node Type": "Aggregate",
            "Strategy": "Hashed",
            "Partial Mode": "Simple",
            "Parent Relationship": "Outer",
            "Parallel Aware": false,
            "Async Capable": false,
            "Startup Cost": 92982.76,
            "Total Cost": 93046.51,
            "Plan Rows": 1417,
            "Plan Width": 203,
            "Group Key": [
              "region.r_name",
              "part.p_brand"
            ],
            "Filter": "(sum(1) < 80)",
            "Planned Partitions": 0,
            "Plans": [
              {
                "Node Type": "Nested Loop",
                "Parent Relationship": "Outer",
                "Parallel Aware": false,
                "Async Capable": false,
                "Join Type": "Inner",
                "Startup Cost": 1.28,
                "Total Cost": 89978.01,
                "Plan Rows": 171700,
                "Plan Width": 131,
                "Inner Unique": false,
                "Plans": [
                  {
                    "Node Type": "Nested Loop",
                    "Parent Relationship": "Outer",
                    "Parallel Aware": false,
                    "Async Capable": false,
                    "Join Type": "Left",
                    "Startup Cost": 1.28,
                    "Total Cost": 87819.64,
                    "Plan Rows": 1010,
                    "Plan Width": 27,
                    "Inner Unique": true,
                    "Plans": [
                      {
                        "Node Type": "Nested Loop",
                        "Parent Relationship": "Outer",
                        "Parallel Aware": false,
                        "Async Capable": false,
                        "Join Type": "Inner",
                        "Startup Cost": 0.86,
                        "Total Cost": 87322.63,
                        "Plan Rows": 1010,
                        "Plan Width": 16,
                        "Inner Unique": false,
                        "Plans": [
                          {
                            "Node Type": "Index Scan",
                            "Parent Relationship": "Outer",
                            "Parallel Aware": false,
                            "Async Capable": false,
                            "Scan Direction": "Forward",
                            "Index Name": "idx_lineitem_part_supp",
                            "Relation Name": "lineitem",
                            "Alias": "lineitem",
                            "Startup Cost": 0.43,
                            "Total Cost": 84905.88,
                            "Plan Rows": 600,
                            "Plan Width": 16,
                            "Index Cond": "(l_suppkey = 1)"
                          },
                          {
                            "Node Type": "Index Only Scan",
                            "Parent Relationship": "Inner",
                            "Parallel Aware": false,
                            "Async Capable": false,
                            "Scan Direction": "Forward",
                            "Index Name": "partsupp_pkey",
                            "Relation Name": "partsupp",
                            "Alias": "partsupp",
                            "Startup Cost": 0.42,
                            "Total Cost": 4.01,
                            "Plan Rows": 2,
                            "Plan Width": 4,
                            "Index Cond": "((ps_partkey = lineitem.l_partkey) AND (ps_suppkey < 4260))"
                          }
                        ]
                      },
                      {
                        "Node Type": "Index Scan",
                        "Parent Relationship": "Inner",
                        "Parallel Aware": false,
                        "Async Capable": false,
                        "Scan Direction": "Forward",
                        "Index Name": "part_pkey",
                        "Relation Name": "part",
                        "Alias": "part",
                        "Startup Cost": 0.42,
                        "Total Cost": 0.49,
                        "Plan Rows": 1,
                        "Plan Width": 19,
                        "Index Cond": "(p_partkey = partsupp.ps_partkey)"
                      }
                    ]
                  },
                  {
                    "Node Type": "Materialize",
                    "Parent Relationship": "Inner",
                    "Parallel Aware": false,
                    "Async Capable": false,
                    "Startup Cost": 0.0,
                    "Total Cost": 12.55,
                    "Plan Rows": 170,
                    "Plan Width": 104,
                    "Plans": [
                      {
                        "Node Type": "Seq Scan",
                        "Parent Relationship": "Outer",
                        "Parallel Aware": false,
                        "Async Capable": false,
                        "Relation Name": "region",
                        "Alias": "region",
                        "Startup Cost": 0.0,
                        "Total Cost": 11.7,
                        "Plan Rows": 170,
                        "Plan Width": 104
                      }
                    ]
                  }
                ]
              }
            ]
          }
        ]
      }
    },
    "optimal_engine": "postgres",
    "speedup_ratio": 3.39256306726594
  },
  {
    "timestamp": "2025-09-12T10:43:09.022271",
    "dataset": "tpch_sf1",
    "query_type": "AP",
    "query_index": 393,
    "query_text": "SELECT STDDEV(\"partsupp\".\"ps_suppkey\") FROM \"part\" LEFT JOIN \"partsupp\" ON \"part\".\"p_partkey\" = \"partsupp\".\"ps_partkey\" INNER JOIN \"supplier\" ON \"partsupp\".\"ps_suppkey\" = \"supplier\".\"s_suppkey\" CROSS JOIN \"orders\" WHERE \"supplier\".\"s_name\" != 'Supplier#000008765       ' AND \"supplier\".\"s_name\" IS NULL AND \"partsupp\".\"ps_suppkey\" > 5419 GROUP BY \"partsupp\".\"ps_comment\", \"partsupp\".\"ps_comment\", \"orders\".\"o_orderstatus\" HAVING COUNT(*) < 31;",
    "postgres_time_ms": 68.2486179866828,
    "duckdb_time_ms": 68.97753803059459,
    "log_time_difference": -0.01062373122982135,
    "postgres_plan": {
      "Plan": {
        "Node Type": "Custom Scan",
        "Custom Plan Provider": "DuckDBScan",
        "Parallel Aware": false,
        "Async Capable": false,
        "Startup Cost": 0.0,
        "Total Cost": 0.0,
        "Plan Rows": 0,
        "Plan Width": 0,
        "DuckDB Execution Plan": [
          {
            "name": "PROJECTION",
            "children": [
              {
                "name": "FILTER",
                "children": [
                  {
                    "name": "HASH_GROUP_BY",
                    "children": [
                      {
                        "name": "PROJECTION",
                        "children": [
                          {
                            "name": "HASH_JOIN",
                            "children": [
                              {
                                "name": "PGDUCKDB_POSTGRES_SCAN ",
                                "children": [],
                                "extra_info": {
                                  "Table": "part",
                                  "Projections": "p_partkey",
                                  "Estimated Cardinality": "200000"
                                }
                              },
                              {
                                "name": "CROSS_PRODUCT",
                                "children": [
                                  {
                                    "name": "PGDUCKDB_POSTGRES_SCAN ",
                                    "children": [],
                                    "extra_info": {
                                      "Table": "orders",
                                      "Projections": "o_orderstatus",
                                      "Estimated Cardinality": "1500000"
                                    }
                                  },
                                  {
                                    "name": "HASH_JOIN",
                                    "children": [
                                      {
                                        "name": "PGDUCKDB_POSTGRES_SCAN ",
                                        "children": [],
                                        "extra_info": {
                                          "Table": "partsupp",
                                          "Projections": [
                                            "ps_partkey",
                                            "ps_suppkey",
                                            "ps_comment"
                                          ],
                                          "Filters": "ps_suppkey>5419",
                                          "Estimated Cardinality": "160000"
                                        }
                                      },
                                      {
                                        "name": "PGDUCKDB_POSTGRES_SCAN ",
                                        "children": [],
                                        "extra_info": {
                                          "Table": "supplier",
                                          "Projections": "s_suppkey",
                                          "Filters": [
                                            "s_suppkey>5419",
                                            "s_name!='Supplier#000008765       ' AND (s_name IS NULL)"
                                          ],
                                          "Estimated Cardinality": "2000"
                                        }
                                      }
                                    ],
                                    "extra_info": {
                                      "Join Type": "INNER",
                                      "Conditions": "ps_suppkey = s_suppkey",
                                      "Estimated Cardinality": "32000"
                                    }
                                  }
                                ],
                                "extra_info": {}
                              }
                            ],
                            "extra_info": {
                              "Join Type": "INNER",
                              "Conditions": "p_partkey = ps_partkey",
                              "Estimated Cardinality": "32000"
                            }
                          }
                        ],
                        "extra_info": {
                          "Projections": [
                            "ps_comment",
                            "o_orderstatus",
                            "CAST(ps_suppkey AS DOUBLE)"
                          ],
                          "Estimated Cardinality": "32000"
                        }
                      }
                    ],
                    "extra_info": {
                      "Groups": [
                        "#0",
                        "#1"
                      ],
                      "Aggregates": [
                        "count_star()",
                        "stddev(#2)"
                      ],
                      "Estimated Cardinality": "31999"
                    }
                  }
                ],
                "extra_info": {
                  "Expression": "(count_star() < 31)",
                  "Estimated Cardinality": "6399"
                }
              }
            ],
            "extra_info": {
              "Projections": "#3",
              "Estimated Cardinality": "6399"
            }
          }
        ]
      }
    },
    "optimal_engine": "postgres",
    "speedup_ratio": 1.0106803634332056
  },
  {
    "timestamp": "2025-09-12T10:45:43.555137",
    "dataset": "tpch_sf1",
    "query_type": "AP",
    "query_index": 403,
    "query_text": "SELECT MAX(\"lineitem\".\"l_extendedprice\") FROM \"region\" CROSS JOIN \"lineitem\" WHERE \"region\".\"r_name\" LIKE '%u%' AND \"lineitem\".\"l_shipdate\" IS NOT NULL AND \"lineitem\".\"l_suppkey\" != 1 GROUP BY \"region\".\"r_regionkey\", \"lineitem\".\"l_linestatus\" LIMIT 100;",
    "postgres_time_ms": 28.641961980611086,
    "duckdb_time_ms": 28.367829974740744,
    "log_time_difference": 0.00961708890001349,
    "postgres_plan": {
      "Plan": {
        "Node Type": "Custom Scan",
        "Custom Plan Provider": "DuckDBScan",
        "Parallel Aware": false,
        "Async Capable": false,
        "Startup Cost": 0.0,
        "Total Cost": 0.0,
        "Plan Rows": 0,
        "Plan Width": 0,
        "DuckDB Execution Plan": [
          {
            "name": "PROJECTION",
            "children": [
              {
                "name": "STREAMING_LIMIT",
                "children": [
                  {
                    "name": "HASH_GROUP_BY",
                    "children": [
                      {
                        "name": "PROJECTION",
                        "children": [
                          {
                            "name": "CROSS_PRODUCT",
                            "children": [
                              {
                                "name": "PGDUCKDB_POSTGRES_SCAN ",
                                "children": [],
                                "extra_info": {
                                  "Table": "lineitem",
                                  "Projections": [
                                    "l_linestatus",
                                    "l_extendedprice"
                                  ],
                                  "Filters": [
                                    "(l_shipdate IS NOT NULL)",
                                    "l_suppkey!=1"
                                  ],
                                  "Estimated Cardinality": "1200198"
                                }
                              },
                              {
                                "name": "PGDUCKDB_POSTGRES_SCAN ",
                                "children": [],
                                "extra_info": {
                                  "Table": "region",
                                  "Projections": "r_regionkey",
                                  "Filters": "like_escape(r_name, '%u%', '\\')",
                                  "Estimated Cardinality": "34"
                                }
                              }
                            ],
                            "extra_info": {}
                          }
                        ],
                        "extra_info": {
                          "Projections": [
                            "r_regionkey",
                            "l_linestatus",
                            "l_extendedprice"
                          ],
                          "Estimated Cardinality": "40806732"
                        }
                      }
                    ],
                    "extra_info": {
                      "Groups": [
                        "#0",
                        "#1"
                      ],
                      "Aggregates": "max(#2)",
                      "Estimated Cardinality": "39959574"
                    }
                  }
                ],
                "extra_info": {}
              }
            ],
            "extra_info": {
              "Projections": "max",
              "Estimated Cardinality": "0"
            }
          }
        ]
      }
    },
    "optimal_engine": "duckdb",
    "speedup_ratio": 1.0096634817014356
  },
  {
    "timestamp": "2025-09-12T10:45:43.601388",
    "dataset": "tpch_sf1",
    "query_type": "AP",
    "query_index": 404,
    "query_text": "SELECT SUM(\"customer\".\"c_custkey\") FROM \"customer\" CROSS JOIN \"part\" LEFT JOIN \"nation\" ON \"customer\".\"c_nationkey\" = \"nation\".\"n_nationkey\" WHERE \"customer\".\"c_acctbal\" <= 3473.88758493814 AND \"customer\".\"c_acctbal\" IS NULL AND \"nation\".\"n_comment\" != ' pending excuses haggle furiously deposits. pending, express pinto beans wake fluffily past t' ORDER BY COUNT(*) ASC;",
    "postgres_time_ms": 0.47270499635487795,
    "duckdb_time_ms": 44.20794401085004,
    "log_time_difference": -4.538188273103406,
    "postgres_plan": {
      "Plan": {
        "Node Type": "Sort",
        "Parallel Aware": false,
        "Async Capable": false,
        "Startup Cost": 0.02,
        "Total Cost": 0.03,
        "Plan Rows": 1,
        "Plan Width": 16,
        "Sort Key": [
          "(count(*))"
        ],
        "Plans": [
          {
            "Node Type": "Aggregate",
            "Strategy": "Plain",
            "Partial Mode": "Simple",
            "Parent Relationship": "Outer",
            "Parallel Aware": false,
            "Async Capable": false,
            "Startup Cost": 0.0,
            "Total Cost": 0.01,
            "Plan Rows": 1,
            "Plan Width": 16,
            "Plans": [
              {
                "Node Type": "Result",
                "Parent Relationship": "Outer",
                "Parallel Aware": false,
                "Async Capable": false,
                "Startup Cost": 0.0,
                "Total Cost": 0.0,
                "Plan Rows": 0,
                "Plan Width": 0,
                "One-Time Filter": "false"
              }
            ]
          }
        ]
      }
    },
    "optimal_engine": "postgres",
    "speedup_ratio": 93.52121164731973
  },
  {
    "timestamp": "2025-09-12T10:46:50.966663",
    "dataset": "tpch_sf1",
    "query_type": "AP",
    "query_index": 407,
    "query_text": "SELECT VARIANCE(\"partsupp\".\"ps_partkey\"), STDDEV(\"partsupp\".\"ps_suppkey\"), VARIANCE(\"partsupp\".\"ps_availqty\"), MAX(\"partsupp\".\"ps_suppkey\") FROM \"partsupp\" WHERE \"partsupp\".\"ps_comment\" = ' about the accounts. final ideas cajole furiously after the ironic deposits. quickly ironi' AND \"partsupp\".\"ps_availqty\" > 9999 OR \"partsupp\".\"ps_comment\" = ' about the accounts cajole carefully slyly bold platelets. carefully even ideas integrate. blithe' GROUP BY \"partsupp\".\"ps_comment\", \"partsupp\".\"ps_comment\", \"partsupp\".\"ps_comment\";",
    "postgres_time_ms": 598.1230719480664,
    "duckdb_time_ms": 572.4389699753374,
    "log_time_difference": 0.04389041162595651,
    "postgres_plan": {
      "Plan": {
        "Node Type": "Custom Scan",
        "Custom Plan Provider": "DuckDBScan",
        "Parallel Aware": false,
        "Async Capable": false,
        "Startup Cost": 0.0,
        "Total Cost": 0.0,
        "Plan Rows": 0,
        "Plan Width": 0,
        "DuckDB Execution Plan": [
          {
            "name": "PROJECTION",
            "children": [
              {
                "name": "HASH_GROUP_BY",
                "children": [
                  {
                    "name": "PROJECTION",
                    "children": [
                      {
                        "name": "FILTER",
                        "children": [
                          {
                            "name": "PGDUCKDB_POSTGRES_SCAN ",
                            "children": [],
                            "extra_info": {
                              "Table": "partsupp",
                              "Projections": [
                                "ps_comment",
                                "ps_availqty",
                                "ps_partkey",
                                "ps_suppkey"
                              ],
                              "Estimated Cardinality": "800000"
                            }
                          }
                        ],
                        "extra_info": {
                          "Expression": "((ps_comment = ' about the accounts cajole carefully slyly bold platelets. carefully even ideas integrate. blithe') OR ((ps_availqty > 9999) AND (ps_comment = ' about the accounts. final ideas cajole furiously after the ironic deposits. quickly ironi')))",
                          "Estimated Cardinality": "160000"
                        }
                      }
                    ],
                    "extra_info": {
                      "Projections": [
                        "ps_comment",
                        "CAST(ps_partkey AS DOUBLE)",
                        "CAST(ps_suppkey AS DOUBLE)",
                        "CAST(ps_availqty AS DOUBLE)",
                        "ps_suppkey"
                      ],
                      "Estimated Cardinality": "160000"
                    }
                  }
                ],
                "extra_info": {
                  "Groups": "#0",
                  "Aggregates": [
                    "variance(#1)",
                    "stddev(#2)",
                    "variance(#3)",
                    "max(#4)"
                  ],
                  "Estimated Cardinality": "145015"
                }
              }
            ],
            "extra_info": {
              "Projections": [
                "variance",
                "stddev",
                "variance",
                "max"
              ],
              "Estimated Cardinality": "145015"
            }
          }
        ]
      }
    },
    "optimal_engine": "duckdb",
    "speedup_ratio": 1.0448678432459544
  }
]